$ clingo-lpx --strict -n10 ./model-tdur.lp ../axioms/fdec-tdur.lp ../axioms/fdec-show.lp -c maxstep=6 -c maxtime=1000 | ../utils/replace_assignments.sh | ../utils/make-readable.sh


clingo-lpx version 1.3.0
Reading from ./model-tdur.lp ...
Solving...
Answer: 1
(Time: 0.041s)
happens(fade_in_end,20)
happens(fade_in_end,40)
happens(fade_out_end,30)
happens(turn_light_off,45)
happens(turn_light_on,10)
holdsAt(fading_in,(10,"< S =<",20))
holdsAt(fading_in,(30,"< S =<",40))
holdsAt(fading_out,(20,"< S =<",30))
holdsAt(fading_out,(40,"< S =<",45))
holdsAt(light_on,(10,"< S =<",20))
holdsAt(light_on,(20,"< S =<",30))
holdsAt(light_on,(30,"< S =<",40))
holdsAt(light_on,(40,"< S =<",45))
releasedAt(brightness,(10,"< S =<",20))
releasedAt(brightness,(20,"< S =<",30))
releasedAt(brightness,(30,"< S =<",40))
releasedAt(brightness,(40,"< S =<",45))
fholdsAt(brightness,0,(0,"< S =<",10))
fholdsAt(brightness,10,(10,"< S =<",20))
fholdsAt(brightness,0,(20,"< S =<",30))
fholdsAt(brightness,10,(30,"< S =<",40))
fholdsAt(brightness,5,(40,"< S =<",45))
fholdsAt(brightness,0,(45,"< S =<",1000))
Assignment: [leftovers]
(brightness,0)=0
timeDiff(0,0)=0
timeDiff(0,1)=10
timeDiff(0,2)=20
timeDiff(0,3)=30
timeDiff(0,4)=40
timeDiff(0,5)=45
timeDiff(0,6)=1000
timeDiff(1,1)=0
timeDiff(1,2)=10
timeDiff(1,3)=20
timeDiff(1,4)=30
timeDiff(1,5)=35
timeDiff(1,6)=990
timeDiff(2,2)=0
timeDiff(2,3)=10
timeDiff(2,4)=20
timeDiff(2,5)=25
timeDiff(2,6)=980
timeDiff(3,3)=0
timeDiff(3,4)=10
timeDiff(3,5)=15
timeDiff(3,6)=970
timeDiff(4,4)=0
timeDiff(4,5)=5
timeDiff(4,6)=960
timeDiff(5,5)=0
timeDiff(5,6)=955
timeDiff(6,6)=0
SATISFIABLE

Models       : 1
Calls        : 1
Time         : 0.041s (Solving: 0.00s 1st Model: 0.00s Unsat: 0.00s)
CPU Time     : 0.026s

Command exited with non-zero status 30

  real      0:00.05
  real [s]  0.05
  user [s]  0.02
  sys  [s]  0.01
  mem  [KB] 9344
  avgm [KB] 0
