clingcon version 5.2.1
Reading from ../axioms/fdec_dur.lp ...
Solving...
Answer: 1
(Time: 0.058s)
happens(trainTo(southKen),10)
happens(trainTo(victoria),6)
happens(walkTo(herneHill),1)
happens(walkTo(work),12)
holdsAt(at(herneHill),(1,"< S =<",6))
holdsAt(at(home),(0,"< S =<",1))
holdsAt(at(southKen),(10,"< S =<",12))
holdsAt(at(victoria),(6,"< S =<",10))
holdsAt(at(work),(12,"< S =<",15))
holdsAt(train(herneHill,victoria),(0,"< S =<",1))
holdsAt(train(herneHill,victoria),(1,"< S =<",6))
holdsAt(train(herneHill,victoria),(6,"< S =<",10))
holdsAt(train(herneHill,victoria),(10,"< S =<",12))
holdsAt(train(herneHill,victoria),(12,"< S =<",15))
holdsAt(train(victoria,southKen),(0,"< S =<",1))
holdsAt(train(victoria,southKen),(1,"< S =<",6))
holdsAt(train(victoria,southKen),(6,"< S =<",10))
holdsAt(train(victoria,southKen),(10,"< S =<",12))
holdsAt(train(victoria,southKen),(12,"< S =<",15))
happens3(goToWork,1,12)
happens3(trainTo(southKen),10,10)
happens3(trainTo(victoria),6,6)
happens3(walkTo(herneHill),1,1)
happens3(walkTo(work),12,12)
Assignment: [leftovers]
timeDiff(0,0)=0
timeDiff(0,1)=1
timeDiff(0,2)=6
timeDiff(0,3)=10
timeDiff(0,4)=12
timeDiff(0,5)=15
timeDiff(1,1)=0
timeDiff(1,2)=5
timeDiff(1,3)=9
timeDiff(1,4)=11
timeDiff(1,5)=14
timeDiff(2,2)=0
timeDiff(2,3)=4
timeDiff(2,4)=6
timeDiff(2,5)=9
timeDiff(3,3)=0
timeDiff(3,4)=2
timeDiff(3,5)=5
timeDiff(4,4)=0
timeDiff(4,5)=3
timeDiff(5,5)=0
SATISFIABLE

Models       : 1
Calls        : 1
Time         : 0.058s (Solving: 0.00s 1st Model: 0.00s Unsat: 0.00s)
CPU Time     : 0.038s
