clingcon version 5.2.1
Reading from ../axioms/fdec.lp ...
Solving...
Answer: 1
(Time: 0.045s)
happens(overflow,15)
happens(tapOn,0)
holdsAt(filling,(0,"< S =<",15))
holdsAt(spilling,(15,"< S =<",25))
releasedAt(height,(0,"< S =<",15))
fholdsAt(height,15,(15,"< S =<",25))
fholdsAtC(height,(0,"->",15),(0,"< S =<",15),eq(off1(0),"*",koef1(0),"+",koef2(1),"*",base(0),"+",inc(1),"*",dur(15,"-",0)))
Assignment: [leftovers]
timeDiff(0,0)=0
timeDiff(0,1)=15
timeDiff(0,2)=25
timeDiff(1,1)=0
timeDiff(1,2)=10
timeDiff(2,2)=0
SATISFIABLE

Models       : 1
Calls        : 1
Time         : 0.045s (Solving: 0.00s 1st Model: 0.00s Unsat: 0.00s)
CPU Time     : 0.021s
