$ python ../fdec-incr.py --con ./HotAirBalloon40-ea.lp


Looking for the right number of steps: 1 2 FOUND
clingcon version 5.2.1
Reading from ...omparison/hybrid-clingo/axioms/fdec.lp ...
Solving...
Answer: 1 (Time: 0.048s)
maxStep(2)
happens(turnOffHeater(nathan,balloon),20)
happens(turnOnHeater(nathan,balloon),0)
holdsAt(heaterOn(balloon),(0<T=<20))
releasedAt(height(balloon),(0<T=<20))
releasedAt(height(balloon),(20<T=<40))
fholdsAtC(height(balloon)=(0->20),(0<T=<20),eq(((1,0),1)))
fholdsAtC(height(balloon)=(20->0),(20<T=<40),eq(((1,20),-1)))
Assignment:
(obs,0)=0 (obs,20)=20 (time,0)=0 (time,1)=20 (time,2)=40 (height(balloon),0)=0 (height(balloon),1)=20 (height(balloon),2)=0
SATISFIABLE

Models       : 1
Calls        : 1
Time         : 0.048s (Solving: 0.00s 1st Model: 0.00s Unsat: 0.00s)
CPU Time     : 0.028s


Command exited with non-zero status 30

  real      0:00.37
  real [s]  0.37
  user [s]  0.23
  sys  [s]  0.05
  mem  [KB] 18432
  avgm [KB] 0
