clingcon version 5.2.1
Reading from ../axioms/fdec.lp ...
Solving...
Answer: 1
(Time: 0.045s)
happens(toss,10)
happens(toss,20)
happens(toss,30)
holdsAt(heads,(0,"< S =<",10))
holdsAt(itsHeads,(30,"< S =<",40))
releasedAt(itsHeads,(0,"< S =<",10))
releasedAt(itsHeads,(10,"< S =<",20))
releasedAt(itsHeads,(20,"< S =<",30))
releasedAt(itsHeads,(30,"< S =<",40))
Assignment: [leftovers]
timeDiff(0,0)=0
timeDiff(0,1)=10
timeDiff(0,2)=20
timeDiff(0,3)=30
timeDiff(0,4)=40
timeDiff(1,1)=0
timeDiff(1,2)=10
timeDiff(1,3)=20
timeDiff(1,4)=30
timeDiff(2,2)=0
timeDiff(2,3)=10
timeDiff(2,4)=20
timeDiff(3,3)=0
timeDiff(3,4)=10
timeDiff(4,4)=0
Answer: 2
(Time: 0.045s)
happens(toss,10)
happens(toss,20)
happens(toss,30)
holdsAt(heads,(0,"< S =<",10))
holdsAt(heads,(30,"< S =<",40))
holdsAt(itsHeads,(20,"< S =<",30))
holdsAt(itsHeads,(30,"< S =<",40))
releasedAt(itsHeads,(0,"< S =<",10))
releasedAt(itsHeads,(10,"< S =<",20))
releasedAt(itsHeads,(20,"< S =<",30))
releasedAt(itsHeads,(30,"< S =<",40))
Assignment: [leftovers]
timeDiff(0,0)=0
timeDiff(0,1)=10
timeDiff(0,2)=20
timeDiff(0,3)=30
timeDiff(0,4)=40
timeDiff(1,1)=0
timeDiff(1,2)=10
timeDiff(1,3)=20
timeDiff(1,4)=30
timeDiff(2,2)=0
timeDiff(2,3)=10
timeDiff(2,4)=20
timeDiff(3,3)=0
timeDiff(3,4)=10
timeDiff(4,4)=0
Answer: 3
(Time: 0.045s)
happens(toss,10)
happens(toss,20)
happens(toss,30)
holdsAt(heads,(0,"< S =<",10))
holdsAt(heads,(10,"< S =<",20))
holdsAt(itsHeads,(0,"< S =<",10))
holdsAt(itsHeads,(30,"< S =<",40))
releasedAt(itsHeads,(0,"< S =<",10))
releasedAt(itsHeads,(10,"< S =<",20))
releasedAt(itsHeads,(20,"< S =<",30))
releasedAt(itsHeads,(30,"< S =<",40))
Assignment: [leftovers]
timeDiff(0,0)=0
timeDiff(0,1)=10
timeDiff(0,2)=20
timeDiff(0,3)=30
timeDiff(0,4)=40
timeDiff(1,1)=0
timeDiff(1,2)=10
timeDiff(1,3)=20
timeDiff(1,4)=30
timeDiff(2,2)=0
timeDiff(2,3)=10
timeDiff(2,4)=20
timeDiff(3,3)=0
timeDiff(3,4)=10
timeDiff(4,4)=0
Answer: 4
(Time: 0.045s)
happens(toss,10)
happens(toss,20)
happens(toss,30)
holdsAt(heads,(0,"< S =<",10))
holdsAt(heads,(10,"< S =<",20))
holdsAt(heads,(30,"< S =<",40))
holdsAt(itsHeads,(0,"< S =<",10))
holdsAt(itsHeads,(20,"< S =<",30))
holdsAt(itsHeads,(30,"< S =<",40))
releasedAt(itsHeads,(0,"< S =<",10))
releasedAt(itsHeads,(10,"< S =<",20))
releasedAt(itsHeads,(20,"< S =<",30))
releasedAt(itsHeads,(30,"< S =<",40))
Assignment: [leftovers]
timeDiff(0,0)=0
timeDiff(0,1)=10
timeDiff(0,2)=20
timeDiff(0,3)=30
timeDiff(0,4)=40
timeDiff(1,1)=0
timeDiff(1,2)=10
timeDiff(1,3)=20
timeDiff(1,4)=30
timeDiff(2,2)=0
timeDiff(2,3)=10
timeDiff(2,4)=20
timeDiff(3,3)=0
timeDiff(3,4)=10
timeDiff(4,4)=0
Answer: 5
(Time: 0.045s)
happens(toss,10)
happens(toss,20)
happens(toss,30)
holdsAt(heads,(0,"< S =<",10))
holdsAt(heads,(20,"< S =<",30))
holdsAt(itsHeads,(10,"< S =<",20))
holdsAt(itsHeads,(30,"< S =<",40))
releasedAt(itsHeads,(0,"< S =<",10))
releasedAt(itsHeads,(10,"< S =<",20))
releasedAt(itsHeads,(20,"< S =<",30))
releasedAt(itsHeads,(30,"< S =<",40))
Assignment: [leftovers]
timeDiff(0,0)=0
timeDiff(0,1)=10
timeDiff(0,2)=20
timeDiff(0,3)=30
timeDiff(0,4)=40
timeDiff(1,1)=0
timeDiff(1,2)=10
timeDiff(1,3)=20
timeDiff(1,4)=30
timeDiff(2,2)=0
timeDiff(2,3)=10
timeDiff(2,4)=20
timeDiff(3,3)=0
timeDiff(3,4)=10
timeDiff(4,4)=0
Answer: 6
(Time: 0.045s)
happens(toss,10)
happens(toss,20)
happens(toss,30)
holdsAt(heads,(0,"< S =<",10))
holdsAt(heads,(10,"< S =<",20))
holdsAt(heads,(20,"< S =<",30))
holdsAt(itsHeads,(0,"< S =<",10))
holdsAt(itsHeads,(10,"< S =<",20))
holdsAt(itsHeads,(30,"< S =<",40))
releasedAt(itsHeads,(0,"< S =<",10))
releasedAt(itsHeads,(10,"< S =<",20))
releasedAt(itsHeads,(20,"< S =<",30))
releasedAt(itsHeads,(30,"< S =<",40))
Assignment: [leftovers]
timeDiff(0,0)=0
timeDiff(0,1)=10
timeDiff(0,2)=20
timeDiff(0,3)=30
timeDiff(0,4)=40
timeDiff(1,1)=0
timeDiff(1,2)=10
timeDiff(1,3)=20
timeDiff(1,4)=30
timeDiff(2,2)=0
timeDiff(2,3)=10
timeDiff(2,4)=20
timeDiff(3,3)=0
timeDiff(3,4)=10
timeDiff(4,4)=0
Answer: 7
(Time: 0.045s)
happens(toss,10)
happens(toss,20)
happens(toss,30)
holdsAt(heads,(0,"< S =<",10))
holdsAt(heads,(20,"< S =<",30))
holdsAt(heads,(30,"< S =<",40))
holdsAt(itsHeads,(10,"< S =<",20))
holdsAt(itsHeads,(20,"< S =<",30))
holdsAt(itsHeads,(30,"< S =<",40))
releasedAt(itsHeads,(0,"< S =<",10))
releasedAt(itsHeads,(10,"< S =<",20))
releasedAt(itsHeads,(20,"< S =<",30))
releasedAt(itsHeads,(30,"< S =<",40))
Assignment: [leftovers]
timeDiff(0,0)=0
timeDiff(0,1)=10
timeDiff(0,2)=20
timeDiff(0,3)=30
timeDiff(0,4)=40
timeDiff(1,1)=0
timeDiff(1,2)=10
timeDiff(1,3)=20
timeDiff(1,4)=30
timeDiff(2,2)=0
timeDiff(2,3)=10
timeDiff(2,4)=20
timeDiff(3,3)=0
timeDiff(3,4)=10
timeDiff(4,4)=0
Answer: 8
(Time: 0.045s)
happens(toss,10)
happens(toss,20)
happens(toss,30)
holdsAt(heads,(0,"< S =<",10))
holdsAt(heads,(10,"< S =<",20))
holdsAt(heads,(20,"< S =<",30))
holdsAt(heads,(30,"< S =<",40))
holdsAt(itsHeads,(0,"< S =<",10))
holdsAt(itsHeads,(10,"< S =<",20))
holdsAt(itsHeads,(20,"< S =<",30))
holdsAt(itsHeads,(30,"< S =<",40))
releasedAt(itsHeads,(0,"< S =<",10))
releasedAt(itsHeads,(10,"< S =<",20))
releasedAt(itsHeads,(20,"< S =<",30))
releasedAt(itsHeads,(30,"< S =<",40))
Assignment: [leftovers]
timeDiff(0,0)=0
timeDiff(0,1)=10
timeDiff(0,2)=20
timeDiff(0,3)=30
timeDiff(0,4)=40
timeDiff(1,1)=0
timeDiff(1,2)=10
timeDiff(1,3)=20
timeDiff(1,4)=30
timeDiff(2,2)=0
timeDiff(2,3)=10
timeDiff(2,4)=20
timeDiff(3,3)=0
timeDiff(3,4)=10
timeDiff(4,4)=0
SATISFIABLE

Models       : 8
Calls        : 1
Time         : 0.046s (Solving: 0.00s 1st Model: 0.00s Unsat: 0.00s)
CPU Time     : 0.022s
