$ python ../fdec-incr.py --con ./KitchenSink_M5-ea.lp


Looking for the right number of steps: 1 2 FOUND
clingcon version 5.2.1
Reading from ...omparison/hybrid-clingo/axioms/fdec.lp ...
Solving...
Answer: 1 (Time: 0.041s)
maxStep(2)
happens(overflow,4)
happens(tapOn,0)
holdsAt(filling,(0<T=<4))
holdsAt(spilling,(4<T=<5))
releasedAt(height,(0<T=<4))
fholdsAt(height=4,(4<T=<5))
fholdsAtC(height=(0->4),(0<T=<4),eq(((1,0),1)))
Assignment:
(height,0)=0 (height,1)=4 (height,2)=4 (obs,0)=0 (time,0)=0 (time,1)=4 (time,2)=5
SATISFIABLE

Models       : 1
Calls        : 1
Time         : 0.041s (Solving: 0.00s 1st Model: 0.00s Unsat: 0.00s)
CPU Time     : 0.026s


Command exited with non-zero status 30

  real      0:00.36
  real [s]  0.36
  user [s]  0.22
  sys  [s]  0.05
  mem  [KB] 18304
  avgm [KB] 0
