$ python ../fdec-incr.py --con ./StolenCar40-ea.lp  --project


Looking for the right number of steps: 1 2 FOUND
clingcon version 5.2.1
Reading from ...omparison/hybrid-clingo/axioms/fdec.lp ...
Solving...
Answer: 1 (Time: 0.044s)
maxStep(2)
happens(park,20)
happens(steal,21)
holdsAt(carParked,(20<T=<21))
-holdsAt(carParked,(0<T=<20))
-holdsAt(carParked,(21<T=<40))
-releasedAt(carParked,(0<T=<20))
-releasedAt(carParked,(20<T=<21))
-releasedAt(carParked,(21<T=<40))
Assignment:
(obs,0)=0 (obs,20)=20 (obs,40)=40 (time,0)=20 (time,1)=21 (time,2)=40
SATISFIABLE

Models       : 1
Calls        : 1
Time         : 0.044s (Solving: 0.00s 1st Model: 0.00s Unsat: 0.00s)
CPU Time     : 0.026s


Command exited with non-zero status 30

  real      0:00.36
  real [s]  0.36
  user [s]  0.22
  sys  [s]  0.06
  mem  [KB] 18176
  avgm [KB] 0
