$ python ../fdec-incr.py --con ./BusRide40-ea.lp


Looking for the right number of steps: 1 2 FOUND
clingcon version 5.2.1
Reading from ...omparison/hybrid-clingo/axioms/fdec.lp ...
Solving...
Answer: 1 (Time: 0.041s)
maxStep(2)
happens(board,35)
happens(boardRed,35)
happens(buy,24)
holdsAt(hasTicket,(24<T=<35))
holdsAt(hasTicket,(35<T=<40))
holdsAt(onRed,(35<T=<40))
Assignment:
(obs,0)=0 (obs,24)=24 (obs,35)=35 (obs,38)=38 (time,0)=24 (time,1)=35 (time,2)=40
SATISFIABLE

Models       : 1
Calls        : 1
Time         : 0.042s (Solving: 0.00s 1st Model: 0.00s Unsat: 0.00s)
CPU Time     : 0.027s


Command exited with non-zero status 30

  real      0:00.35
  real [s]  0.35
  user [s]  0.19
  sys  [s]  0.08
  mem  [KB] 18176
  avgm [KB] 0
