$ python ../fdec-incr.py --con ./RussianTurkey4-ea.lp


Looking for the right number of steps: 1 2 3 FOUND
clingcon version 5.2.1
Reading from ...omparison/hybrid-clingo/axioms/fdec.lp ...
Solving...
Answer: 1 (Time: 0.041s)
maxStep(3)
happens(load,1)
happens(shoot,3)
happens(spin,2)
holdsAt(alive,(0<T=<1))
holdsAt(alive,(1<T=<2))
holdsAt(alive,(2<T=<3))
holdsAt(loaded,(1<T=<2))
holdsAt(loaded,(2<T=<3))
releasedAt(loaded,(2<T=<3))
-holdsAt(alive,(3<T=<4))
-holdsAt(loaded,(0<T=<1))
-holdsAt(loaded,(3<T=<4))
-releasedAt(alive,(0<T=<1))
-releasedAt(alive,(1<T=<2))
-releasedAt(alive,(2<T=<3))
-releasedAt(alive,(3<T=<4))
-releasedAt(loaded,(0<T=<1))
-releasedAt(loaded,(1<T=<2))
-releasedAt(loaded,(3<T=<4))
Assignment:
(obs,0)=0 (obs,1)=1 (obs,2)=2 (obs,3)=3 (time,0)=1 (time,1)=2 (time,2)=3 (time,3)=4
Answer: 2 (Time: 0.042s)
maxStep(3)
happens(load,1)
happens(shoot,3)
happens(spin,2)
holdsAt(alive,(0<T=<1))
holdsAt(alive,(1<T=<2))
holdsAt(alive,(2<T=<3))
holdsAt(alive,(3<T=<4))
holdsAt(loaded,(1<T=<2))
releasedAt(loaded,(2<T=<3))
-holdsAt(loaded,(0<T=<1))
-holdsAt(loaded,(2<T=<3))
-holdsAt(loaded,(3<T=<4))
-releasedAt(alive,(0<T=<1))
-releasedAt(alive,(1<T=<2))
-releasedAt(alive,(2<T=<3))
-releasedAt(alive,(3<T=<4))
-releasedAt(loaded,(0<T=<1))
-releasedAt(loaded,(1<T=<2))
-releasedAt(loaded,(3<T=<4))
Assignment:
(obs,0)=0 (obs,1)=1 (obs,2)=2 (obs,3)=3 (time,0)=1 (time,1)=2 (time,2)=3 (time,3)=4
SATISFIABLE

Models       : 2
Calls        : 1
Time         : 0.043s (Solving: 0.00s 1st Model: 0.00s Unsat: 0.00s)
CPU Time     : 0.027s


Command exited with non-zero status 30

  real      0:00.50
  real [s]  0.50
  user [s]  0.29
  sys  [s]  0.10
  mem  [KB] 18176
  avgm [KB] 0
