$ python ../fdec-incr.py --con ../axioms/causal.lp ./ThielscherCircuit1-ea.lp


Looking for the right number of steps: 1 FOUND
clingcon version 5.2.1
Reading from ...omparison/hybrid-clingo/axioms/fdec.lp ...
Solving...
Answer: 1 (Time: 0.053s)
maxStep(1)
happens(close1,0)
happens(closeRelay,0)
happens(open2,0)
holdsAt(relay,(0<T=<1))
holdsAt(switch1,(0<T=<1))
holdsAt(switch3,(0<T=<1))
-holdsAt(light,(0<T=<1))
-holdsAt(switch2,(0<T=<1))
-releasedAt(light,(0<T=<1))
-releasedAt(relay,(0<T=<1))
-releasedAt(switch1,(0<T=<1))
-releasedAt(switch2,(0<T=<1))
-releasedAt(switch3,(0<T=<1))
Assignment:
(obs,0)=0 (time,0)=0 (time,1)=1
SATISFIABLE

Models       : 1
Calls        : 1
Time         : 0.054s (Solving: 0.00s 1st Model: 0.00s Unsat: 0.00s)
CPU Time     : 0.029s


Command exited with non-zero status 30

  real      0:00.23
  real [s]  0.23
  user [s]  0.12
  sys  [s]  0.05
  mem  [KB] 18292
  avgm [KB] 0
