clingcon version 5.2.1
Reading from ../axioms/fdec.lp ...
Solving...
Answer: 1
(Time: 0.041s)
happens(park,0)
happens(steal,1)
holdsAt(carParked,(0,"< S =<",1))
-holdsAt(carParked,(1,"< S =<",2))
-releasedAt(carParked,(0,"< S =<",1))
-releasedAt(carParked,(1,"< S =<",2))
Assignment: [leftovers]
timeDiff(0,0)=0
timeDiff(0,1)=1
timeDiff(0,2)=2
timeDiff(1,1)=0
timeDiff(1,2)=1
timeDiff(2,2)=0
SATISFIABLE

Models       : 1
Calls        : 1
Time         : 0.041s (Solving: 0.00s 1st Model: 0.00s Unsat: 0.00s)
CPU Time     : 0.019s
