$ python ../fdec-incr.py --con ./Yale3-ea.lp


Looking for the right number of steps: 1 2 3 FOUND
clingcon version 5.2.1
Reading from ...omparison/hybrid-clingo/axioms/fdec.lp ...
Solving...
Answer: 1 (Time: 0.041s)
maxStep(3)
happens(load,0)
happens(shoot,2)
happens(sneeze,1)
holdsAt(alive,(0<T=<1))
holdsAt(alive,(1<T=<2))
holdsAt(loaded,(0<T=<1))
holdsAt(loaded,(1<T=<2))
-holdsAt(alive,(2<T=<3))
-holdsAt(loaded,(2<T=<3))
-releasedAt(alive,(0<T=<1))
-releasedAt(alive,(1<T=<2))
-releasedAt(alive,(2<T=<3))
-releasedAt(loaded,(0<T=<1))
-releasedAt(loaded,(1<T=<2))
-releasedAt(loaded,(2<T=<3))
Assignment:
(obs,0)=0 (obs,1)=1 (obs,2)=2 (time,0)=0 (time,1)=1 (time,2)=2 (time,3)=3
SATISFIABLE

Models       : 1
Calls        : 1
Time         : 0.042s (Solving: 0.00s 1st Model: 0.00s Unsat: 0.00s)
CPU Time     : 0.026s


Command exited with non-zero status 30

  real      0:00.51
  real [s]  0.51
  user [s]  0.27
  sys  [s]  0.11
  mem  [KB] 18296
  avgm [KB] 0
