clingcon version 5.2.1
Reading from ../axioms/fdec.lp ...
Solving...
Answer: 1
(Time: 0.041s)
happens(load,10)
happens(shoot,35)
happens(sneeze,20)
holdsAt(alive,(0,"< S =<",10))
holdsAt(alive,(10,"< S =<",20))
holdsAt(alive,(20,"< S =<",35))
holdsAt(dead,(35,"< S =<",40))
holdsAt(loaded,(10,"< S =<",20))
holdsAt(loaded,(20,"< S =<",35))
releasedAt(dead,(0,"< S =<",10))
releasedAt(dead,(10,"< S =<",20))
releasedAt(dead,(20,"< S =<",35))
releasedAt(dead,(35,"< S =<",40))
-holdsAt(alive,(35,"< S =<",40))
-holdsAt(dead,(0,"< S =<",10))
-holdsAt(dead,(10,"< S =<",20))
-holdsAt(dead,(20,"< S =<",35))
-holdsAt(loaded,(0,"< S =<",10))
-holdsAt(loaded,(35,"< S =<",40))
-releasedAt(alive,(0,"< S =<",10))
-releasedAt(alive,(10,"< S =<",20))
-releasedAt(alive,(20,"< S =<",35))
-releasedAt(alive,(35,"< S =<",40))
-releasedAt(loaded,(0,"< S =<",10))
-releasedAt(loaded,(10,"< S =<",20))
-releasedAt(loaded,(20,"< S =<",35))
-releasedAt(loaded,(35,"< S =<",40))
Assignment: [leftovers]
timeDiff(0,0)=0
timeDiff(0,1)=10
timeDiff(0,2)=20
timeDiff(0,3)=35
timeDiff(0,4)=40
timeDiff(1,1)=0
timeDiff(1,2)=10
timeDiff(1,3)=25
timeDiff(1,4)=30
timeDiff(2,2)=0
timeDiff(2,3)=15
timeDiff(2,4)=20
timeDiff(3,3)=0
timeDiff(3,4)=5
timeDiff(4,4)=0
SATISFIABLE

Models       : 1
Calls        : 1
Time         : 0.041s (Solving: 0.00s 1st Model: 0.00s Unsat: 0.00s)
CPU Time     : 0.021s
