clingo-lpx version 1.3.0
Reading from ../axioms/fdec.lp ...
Solving...
Answer: 1
(Time: 0.034s)
happens(hitGround(apple),15)
happens(drop(nathan,apple),12)
holdsAt(falling(apple),(12,"< S =<",15))
releasedAt(height(apple),(12,"< S =<",15))
fholdsAt(height(apple),3,(0,"< S =<",12))
fholdsAt(height(apple),0,(15,"< S =<",20))
fholdsAtC(height(apple),(3,"->",0),(12,"< S =<",15),eq(off1(0),"*",koef1(0),"+",koef2(1),"*",base(3),"+",inc(-1),"*",dur(15,"-",12)))
Assignment: [leftovers]
(height(apple),0)=3
timeDiff(0,0)=0
timeDiff(0,1)=12
timeDiff(0,2)=15
timeDiff(0,3)=20
timeDiff(1,1)=0
timeDiff(1,2)=3
timeDiff(1,3)=8
timeDiff(2,2)=0
timeDiff(2,3)=5
timeDiff(3,3)=0
SATISFIABLE

Models       : 1
Calls        : 1
Time         : 0.035s (Solving: 0.00s 1st Model: 0.00s Unsat: 0.00s)
CPU Time     : 0.019s
