clingo-lpx version 1.3.0
Reading from ../axioms/fdec.lp ...
Solving...
Answer: 1
(Time: 0.032s)
happens(hitGround(apple),35)
happens(drop(nathan,apple),0)
holdsAt(falling(apple),(0,"< S =<",35))
releasedAt(height(apple),(0,"< S =<",35))
fholdsAt(height(apple),0,(35,"< S =<",40))
fholdsAtC(height(apple),(35,"->",0),(0,"< S =<",35),eq(off1(0),"*",koef1(0),"+",koef2(1),"*",base(35),"+",inc(-1),"*",dur(35,"-",0)))
Assignment: [leftovers]
timeDiff(0,0)=0
timeDiff(0,1)=35
timeDiff(0,2)=40
timeDiff(1,1)=0
timeDiff(1,2)=5
timeDiff(2,2)=0
SATISFIABLE

Models       : 1
Calls        : 1
Time         : 0.032s (Solving: 0.00s 1st Model: 0.00s Unsat: 0.00s)
CPU Time     : 0.017s
