clingo-lpx version 1.3.0
Reading from ../axioms/fdec.lp ...
Solving...
Answer: 1
(Time: 0.033s)
happens(hitGround(apple),21)
happens(drop(nathan,apple),18)
holdsAt(falling(apple),(18,"< S =<",21))
releasedAt(height(apple),(18,"< S =<",21))
fholdsAt(height(apple),3,(0,"< S =<",18))
fholdsAt(height(apple),0,(21,"< S =<",25))
fholdsAtC(height(apple),(3,"->",0),(18,"< S =<",21),eq(off1(0),"*",koef1(0),"+",koef2(1),"*",base(3),"+",inc(-1),"*",dur(21,"-",18)))
Assignment: [leftovers]
(height(apple),0)=3
timeDiff(0,0)=0
timeDiff(0,1)=18
timeDiff(0,2)=21
timeDiff(0,3)=25
timeDiff(1,1)=0
timeDiff(1,2)=3
timeDiff(1,3)=7
timeDiff(2,2)=0
timeDiff(2,3)=4
timeDiff(3,3)=0
SATISFIABLE

Models       : 1
Calls        : 1
Time         : 0.034s (Solving: 0.00s 1st Model: 0.00s Unsat: 0.00s)
CPU Time     : 0.019s
