clingo-lpx version 1.3.0
Reading from ../axioms/fdec.lp ...
Solving...
Answer: 1
(Time: 0.034s)
happens(feed(fred),25)
holdsAt(happy(fred),(25,"< S =<",40))
holdsAt(hungry(fred),(0,"< S =<",25))
releasedAt(happy(fred),(0,"< S =<",25))
releasedAt(happy(fred),(25,"< S =<",40))
Assignment: [leftovers]
timeDiff(0,0)=0
timeDiff(0,1)=25
timeDiff(0,2)=40
timeDiff(1,1)=0
timeDiff(1,2)=15
timeDiff(2,2)=0
SATISFIABLE

Models       : 1
Calls        : 1
Time         : 0.034s (Solving: 0.00s 1st Model: 0.00s Unsat: 0.00s)
CPU Time     : 0.017s
