clingo-lpx version 1.3.0
Reading from ../axioms/fdec.lp ...
Solving...
Answer: 1
(Time: 0.033s)
happens(turnOffHeater(nathan,balloon),8)
happens(turnOnHeater(nathan,balloon),0)
holdsAt(heaterOn(balloon),(0,"< S =<",8))
releasedAt(height(balloon),(0,"< S =<",8))
releasedAt(height(balloon),(8,"< S =<",20))
fholdsAtC(height(balloon),(0,"->",8),(0,"< S =<",8),eq(off1(0),"*",koef1(0),"+",koef2(1),"*",base(0),"+",inc(1),"*",dur(8,"-",0)))
fholdsAtC(height(balloon),(8,"->",-4),(8,"< S =<",20),eq(off1(0),"*",koef1(0),"+",koef2(1),"*",base(8),"+",inc(-1),"*",dur(20,"-",8)))
Assignment: [leftovers]
timeDiff(0,0)=0
timeDiff(0,1)=8
timeDiff(0,2)=20
timeDiff(1,1)=0
timeDiff(1,2)=12
timeDiff(2,2)=0
SATISFIABLE

Models       : 1
Calls        : 1
Time         : 0.033s (Solving: 0.00s 1st Model: 0.00s Unsat: 0.00s)
CPU Time     : 0.017s
