clingo-lpx version 1.3.0
Reading from ../axioms/fdec.lp ...
Solving...
Answer: 1
(Time: 0.040s)
happens(board,35)
happens(boardRed,35)
happens(buy,24)
holdsAt(hasTicket,(24,"< S =<",35))
holdsAt(hasTicket,(35,"< S =<",38))
holdsAt(hasTicket,(38,"< S =<",40))
holdsAt(onRed,(35,"< S =<",38))
holdsAt(onRed,(38,"< S =<",40))
Assignment: [leftovers]
time(0)=0
timeDiff(0,0)=0
timeDiff(0,1)=24
timeDiff(0,2)=35
timeDiff(0,3)=38
timeDiff(0,4)=40
timeDiff(1,1)=0
timeDiff(1,2)=11
timeDiff(1,3)=14
timeDiff(1,4)=16
timeDiff(2,2)=0
timeDiff(2,3)=3
timeDiff(2,4)=5
timeDiff(3,3)=0
timeDiff(3,4)=2
timeDiff(4,4)=0
SATISFIABLE

Models       : 1
Calls        : 1
Time         : 0.040s (Solving: 0.00s 1st Model: 0.00s Unsat: 0.00s)
CPU Time     : 0.018s
