clingo-lpx version 1.3.0
Reading from ../axioms/fdec.lp ...
Solving...
Answer: 1
(Time: 0.043s)
happens(close1,0)
happens(closeRelay,0)
happens(open2,0)
holdsAt(relay,(0,"< S =<",1))
holdsAt(switch1,(0,"< S =<",1))
holdsAt(switch3,(0,"< S =<",1))
-holdsAt(light,(0,"< S =<",1))
-holdsAt(switch2,(0,"< S =<",1))
-releasedAt(light,(0,"< S =<",1))
-releasedAt(relay,(0,"< S =<",1))
-releasedAt(switch1,(0,"< S =<",1))
-releasedAt(switch2,(0,"< S =<",1))
-releasedAt(switch3,(0,"< S =<",1))
Assignment: [leftovers]
timeDiff(0,0)=0
timeDiff(0,1)=1
timeDiff(1,1)=0
SATISFIABLE

Models       : 1
Calls        : 1
Time         : 0.044s (Solving: 0.00s 1st Model: 0.00s Unsat: 0.00s)
CPU Time     : 0.018s
