$ python ../fdec-incr.py --no_axioms ../axioms/fdec_dur.lp ../axioms/fdec_dur-show.lp ./Commuter15-ea.lp


Looking for the right number of steps: 1 2 3 4 FOUND
clingo-lpx version 1.3.0
Reading from ../axioms/fdec_dur.lp ...
Solving...
Answer: 1 (Time: 0.050s)
maxStep(4)
happens(trainTo(southKen),10)
happens(trainTo(victoria),6)
happens(walkTo(herneHill),1)
happens(walkTo(work),12)
holdsAt(at(herneHill),(0<S=<1))
holdsAt(at(herneHill),(1<S=<6))
holdsAt(at(southKen),(10<S=<12))
holdsAt(at(victoria),(6<S=<10))
holdsAt(at(work),(12<S=<15))
holdsAt(train(herneHill,victoria),(0<S=<1))
holdsAt(train(herneHill,victoria),(1<S=<6))
holdsAt(train(herneHill,victoria),(6<S=<10))
holdsAt(train(herneHill,victoria),(10<S=<12))
holdsAt(train(herneHill,victoria),(12<S=<15))
holdsAt(train(victoria,southKen),(0<S=<1))
holdsAt(train(victoria,southKen),(1<S=<6))
holdsAt(train(victoria,southKen),(6<S=<10))
holdsAt(train(victoria,southKen),(10<S=<12))
holdsAt(train(victoria,southKen),(12<S=<15))
happens3(goToWork,1,12)
happens3(trainTo(southKen),10,10)
happens3(trainTo(victoria),6,6)
happens3(walkTo(herneHill),1,1)
happens3(walkTo(work),12,12)
Assignment:
(obs,0)=0 (time,0)=1 (time,1)=6 (time,2)=10 (time,3)=12 (time,4)=15
SATISFIABLE

Models       : 1
Calls        : 1
Time         : 0.051s (Solving: 0.00s 1st Model: 0.00s Unsat: 0.00s)
CPU Time     : 0.035s


Command exited with non-zero status 30

  real      0:00.66
  real [s]  0.66
  user [s]  0.37
  sys  [s]  0.14
  mem  [KB] 18944
  avgm [KB] 0
