clingo-lpx version 1.3.0
Reading from ../axioms/fdec.lp ...
Solving...
Answer: 1
(Time: 0.038s)
happens(hitGround(apple),3)
happens(drop(nathan,apple),0)
holdsAt(falling(apple),(0,"< S =<",3))
releasedAt(height(apple),(0,"< S =<",3))
fholdsAt(height(apple),0,(3,"< S =<",5))
fholdsAtC(height(apple),(3,"->",0),(0,"< S =<",3),eq(off1(0),"*",koef1(0),"+",koef2(1),"*",base(3),"+",inc(-1),"*",dur(3,"-",0)))
Assignment: [leftovers]
timeDiff(0,0)=0
timeDiff(0,1)=3
timeDiff(0,2)=5
timeDiff(1,1)=0
timeDiff(1,2)=2
timeDiff(2,2)=0
SATISFIABLE

Models       : 1
Calls        : 1
Time         : 0.038s (Solving: 0.00s 1st Model: 0.00s Unsat: 0.00s)
CPU Time     : 0.018s
