clingo-lpx version 1.3.0
Reading from ../axioms/fdec.lp ...
Solving...
Answer: 1
(Time: 0.037s)
happens(pull,15)
happens(pull,35)
happens(push,15)
happens(push,35)
holdsAt(spinning,(15,"< S =<",35))
holdsAt(spinning,(35,"< S =<",40))
Assignment: [leftovers]
time(0)=0
timeDiff(0,0)=0
timeDiff(0,1)=15
timeDiff(0,2)=35
timeDiff(0,3)=40
timeDiff(1,1)=0
timeDiff(1,2)=20
timeDiff(1,3)=25
timeDiff(2,2)=0
timeDiff(2,3)=5
timeDiff(3,3)=0
SATISFIABLE

Models       : 1
Calls        : 1
Time         : 0.038s (Solving: 0.00s 1st Model: 0.00s Unsat: 0.00s)
CPU Time     : 0.018s
