$ python ../fdec-incr.py ./HotAirBalloon20-ea.lp


Looking for the right number of steps: 1 2 FOUND
clingo-lpx version 1.3.0
Reading from ...omparison/hybrid-clingo/axioms/fdec.lp ...
Solving...
Answer: 1 (Time: 0.038s)
maxStep(2)
happens(turnOffHeater(nathan,balloon),8)
happens(turnOnHeater(nathan,balloon),0)
holdsAt(heaterOn(balloon),(0<T=<8))
releasedAt(height(balloon),(0<T=<8))
releasedAt(height(balloon),(8<T=<20))
fholdsAtC(height(balloon)=(0->8),(0<T=<8),eq(((1,0),1)))
fholdsAtC(height(balloon)=(8->-4),(8<T=<20),eq(((1,8),-1)))
Assignment:
(obs,0)=0 (obs,8)=8 (time,0)=0 (time,1)=8 (time,2)=20 (height(balloon),0)=0 (height(balloon),1)=8 (height(balloon),2)=-4
SATISFIABLE

Models       : 1
Calls        : 1
Time         : 0.039s (Solving: 0.00s 1st Model: 0.00s Unsat: 0.00s)
CPU Time     : 0.024s


Command exited with non-zero status 30

  real      0:00.37
  real [s]  0.37
  user [s]  0.19
  sys  [s]  0.08
  mem  [KB] 18304
  avgm [KB] 0
