$ python ../fdec-incr.py ./DeadOrAlive40-ea.lp


Looking for the right number of steps: 1 2 3 FOUND
clingo-lpx version 1.3.0
Reading from ...omparison/hybrid-clingo/axioms/fdec.lp ...
Solving...
Answer: 1 (Time: 0.043s)
maxStep(3)
happens(load,10)
happens(shoot,35)
happens(sneeze,20)
holdsAt(alive,(0<T=<10))
holdsAt(alive,(10<T=<20))
holdsAt(alive,(20<T=<35))
holdsAt(dead,(35<T=<40))
holdsAt(loaded,(10<T=<20))
holdsAt(loaded,(20<T=<35))
releasedAt(dead,(0<T=<10))
releasedAt(dead,(10<T=<20))
releasedAt(dead,(20<T=<35))
releasedAt(dead,(35<T=<40))
-holdsAt(alive,(35<T=<40))
-holdsAt(dead,(0<T=<10))
-holdsAt(dead,(10<T=<20))
-holdsAt(dead,(20<T=<35))
-holdsAt(loaded,(0<T=<10))
-holdsAt(loaded,(35<T=<40))
-releasedAt(alive,(0<T=<10))
-releasedAt(alive,(10<T=<20))
-releasedAt(alive,(20<T=<35))
-releasedAt(alive,(35<T=<40))
-releasedAt(loaded,(0<T=<10))
-releasedAt(loaded,(10<T=<20))
-releasedAt(loaded,(20<T=<35))
-releasedAt(loaded,(35<T=<40))
Assignment:
(obs,0)=0 (obs,10)=10 (obs,20)=20 (obs,35)=35 (time,0)=10 (time,1)=20 (time,2)=35 (time,3)=40
SATISFIABLE

Models       : 1
Calls        : 1
Time         : 0.044s (Solving: 0.00s 1st Model: 0.00s Unsat: 0.00s)
CPU Time     : 0.025s


Command exited with non-zero status 30

  real      0:00.51
  real [s]  0.51
  user [s]  0.27
  sys  [s]  0.11
  mem  [KB] 18176
  avgm [KB] 0
