$ python ../fdec-incr.py ./ChessBoard40-ea.lp


Looking for the right number of steps: 1 FOUND
clingo-lpx version 1.3.0
Reading from ...omparison/hybrid-clingo/axioms/fdec.lp ...
Solving...
Answer: 1 (Time: 0.036s)
maxStep(1)
happens(throw,35)
holdsAt(itsBlack,(35<T=<40))
holdsAt(itsWhite,(0<T=<35))
holdsAt(itsWhite,(35<T=<40))
holdsAt(onWhite,(35<T=<40))
releasedAt(itsBlack,(0<T=<35))
releasedAt(itsBlack,(35<T=<40))
releasedAt(itsWhite,(0<T=<35))
releasedAt(itsWhite,(35<T=<40))
Assignment:
(obs,0)=0 (obs,35)=35 (obs,40)=40 (time,0)=35 (time,1)=40
Answer: 2 (Time: 0.036s)
maxStep(1)
happens(throw,35)
holdsAt(itsBlack,(0<T=<35))
holdsAt(itsBlack,(35<T=<40))
holdsAt(itsWhite,(35<T=<40))
holdsAt(onBlack,(35<T=<40))
releasedAt(itsBlack,(0<T=<35))
releasedAt(itsBlack,(35<T=<40))
releasedAt(itsWhite,(0<T=<35))
releasedAt(itsWhite,(35<T=<40))
Assignment:
(obs,0)=0 (obs,35)=35 (obs,40)=40 (time,0)=35 (time,1)=40
Answer: 3 (Time: 0.037s)
maxStep(1)
happens(throw,35)
holdsAt(itsBlack,(0<T=<35))
holdsAt(itsBlack,(35<T=<40))
holdsAt(itsWhite,(0<T=<35))
holdsAt(itsWhite,(35<T=<40))
holdsAt(onBlack,(35<T=<40))
holdsAt(onWhite,(35<T=<40))
releasedAt(itsBlack,(0<T=<35))
releasedAt(itsBlack,(35<T=<40))
releasedAt(itsWhite,(0<T=<35))
releasedAt(itsWhite,(35<T=<40))
Assignment:
(obs,0)=0 (obs,35)=35 (obs,40)=40 (time,0)=35 (time,1)=40
SATISFIABLE

Models       : 3
Calls        : 1
Time         : 0.037s (Solving: 0.00s 1st Model: 0.00s Unsat: 0.00s)
CPU Time     : 0.022s


Command exited with non-zero status 30

  real      0:00.23
  real [s]  0.23
  user [s]  0.10
  sys  [s]  0.06
  mem  [KB] 18176
  avgm [KB] 0
