$ python ../fdec-incr.py ./ChessBoard2-ea.lp


Looking for the right number of steps: 1 FOUND
clingo-lpx version 1.3.0
Reading from ...omparison/hybrid-clingo/axioms/fdec.lp ...
Solving...
Answer: 1 (Time: 0.033s)
maxStep(1)
happens(throw,1)
holdsAt(itsBlack,(1<T=<2))
holdsAt(itsWhite,(0<T=<1))
holdsAt(itsWhite,(1<T=<2))
holdsAt(onWhite,(1<T=<2))
releasedAt(itsBlack,(0<T=<1))
releasedAt(itsBlack,(1<T=<2))
releasedAt(itsWhite,(0<T=<1))
releasedAt(itsWhite,(1<T=<2))
Assignment:
(obs,0)=0 (obs,1)=1 (obs,2)=2 (time,0)=1 (time,1)=2
Answer: 2 (Time: 0.034s)
maxStep(1)
happens(throw,1)
holdsAt(itsBlack,(0<T=<1))
holdsAt(itsBlack,(1<T=<2))
holdsAt(itsWhite,(1<T=<2))
holdsAt(onBlack,(1<T=<2))
releasedAt(itsBlack,(0<T=<1))
releasedAt(itsBlack,(1<T=<2))
releasedAt(itsWhite,(0<T=<1))
releasedAt(itsWhite,(1<T=<2))
Assignment:
(obs,0)=0 (obs,1)=1 (obs,2)=2 (time,0)=1 (time,1)=2
Answer: 3 (Time: 0.034s)
maxStep(1)
happens(throw,1)
holdsAt(itsBlack,(0<T=<1))
holdsAt(itsBlack,(1<T=<2))
holdsAt(itsWhite,(0<T=<1))
holdsAt(itsWhite,(1<T=<2))
holdsAt(onBlack,(1<T=<2))
holdsAt(onWhite,(1<T=<2))
releasedAt(itsBlack,(0<T=<1))
releasedAt(itsBlack,(1<T=<2))
releasedAt(itsWhite,(0<T=<1))
releasedAt(itsWhite,(1<T=<2))
Assignment:
(obs,0)=0 (obs,1)=1 (obs,2)=2 (time,0)=1 (time,1)=2
SATISFIABLE

Models       : 3
Calls        : 1
Time         : 0.035s (Solving: 0.00s 1st Model: 0.00s Unsat: 0.00s)
CPU Time     : 0.023s


Command exited with non-zero status 30

  real      0:00.21
  real [s]  0.21
  user [s]  0.13
  sys  [s]  0.04
  mem  [KB] 18176
  avgm [KB] 0
