$ python ../fdec-incr.py ./Telephone40-ea.lp


Looking for the right number of steps: 1 2 3 FOUND
clingo-lpx version 1.3.0
Reading from ...omparison/hybrid-clingo/axioms/fdec.lp ...
Solving...
Answer: 1 (Time: 0.048s)
maxStep(3)
happens(pickUp(agent1,phone1),0)
happens(pickUp(agent2,phone2),32)
happens(dial(agent1,phone1,phone2),8)
holdsAt(dialTone(phone1),(0<T=<8))
holdsAt(idle(phone2),(0<T=<8))
holdsAt(connected(phone1,phone2),(32<T=<40))
holdsAt(ringing(phone1,phone2),(8<T=<32))
Assignment:
(obs,0)=0 (obs,8)=8 (obs,32)=32 (time,0)=0 (time,1)=8 (time,2)=32 (time,3)=40
SATISFIABLE

Models       : 1
Calls        : 1
Time         : 0.049s (Solving: 0.00s 1st Model: 0.00s Unsat: 0.00s)
CPU Time     : 0.032s


Command exited with non-zero status 30

  real      0:00.52
  real [s]  0.52
  user [s]  0.29
  sys  [s]  0.10
  mem  [KB] 18688
  avgm [KB] 0
