$ python ../fdec-incr.py ./BusRide2-ea.lp


Looking for the right number of steps: 1 2 FOUND
clingo-lpx version 1.3.0
Reading from ...omparison/hybrid-clingo/axioms/fdec.lp ...
Solving...
Answer: 1 (Time: 0.038s)
maxStep(2)
happens(board,1)
happens(boardRed,1)
happens(buy,0)
holdsAt(hasTicket,(0<T=<1))
holdsAt(hasTicket,(1<T=<2))
holdsAt(onRed,(1<T=<2))
Assignment:
(obs,0)=0 (obs,1)=1 (obs,2)=2 (time,0)=0 (time,1)=1 (time,2)=2
SATISFIABLE

Models       : 1
Calls        : 1
Time         : 0.039s (Solving: 0.00s 1st Model: 0.00s Unsat: 0.00s)
CPU Time     : 0.024s


Command exited with non-zero status 30

  real      0:00.35
  real [s]  0.35
  user [s]  0.19
  sys  [s]  0.08
  mem  [KB] 18176
  avgm [KB] 0
