$ python ../fdec-incr.py ./FallingObjectWithEvents20-ea.lp


Looking for the right number of steps: 1 2 FOUND
clingo-lpx version 1.3.0
Reading from ...omparison/hybrid-clingo/axioms/fdec.lp ...
Solving...
Answer: 1 (Time: 0.045s)
maxStep(2)
happens(hitGround(apple),15)
happens(drop(nathan,apple),12)
holdsAt(falling(apple),(12<T=<15))
releasedAt(height(apple),(12<T=<15))
fholdsAt(height(apple)=3,(0<T=<12))
fholdsAt(height(apple)=0,(15<T=<20))
fholdsAtC(height(apple)=(3->0),(12<T=<15),eq(((1,3),-1)))
Assignment:
(obs,0)=0 (obs,12)=12 (time,0)=12 (time,1)=15 (time,2)=20 (height(apple),0)=3 (height(apple),1)=0 (height(apple),2)=0
SATISFIABLE

Models       : 1
Calls        : 1
Time         : 0.045s (Solving: 0.00s 1st Model: 0.00s Unsat: 0.00s)
CPU Time     : 0.027s


Command exited with non-zero status 30

  real      0:00.36
  real [s]  0.36
  user [s]  0.22
  sys  [s]  0.05
  mem  [KB] 18432
  avgm [KB] 0
