$ python ../fdec-incr.py ./KitchenSink_M40-ea.lp


Looking for the right number of steps: 1 2 FOUND
clingo-lpx version 1.3.0
Reading from ...omparison/hybrid-clingo/axioms/fdec.lp ...
Solving...
Answer: 1 (Time: 0.037s)
maxStep(2)
happens(overflow,25)
happens(tapOn,0)
holdsAt(filling,(0<T=<25))
holdsAt(spilling,(25<T=<40))
releasedAt(height,(0<T=<25))
fholdsAt(height=25,(25<T=<40))
fholdsAtC(height=(0->25),(0<T=<25),eq(((1,0),1)))
Assignment:
(height,0)=0 (height,1)=25 (height,2)=25 (obs,0)=0 (time,0)=0 (time,1)=25 (time,2)=40
SATISFIABLE

Models       : 1
Calls        : 1
Time         : 0.037s (Solving: 0.00s 1st Model: 0.00s Unsat: 0.00s)
CPU Time     : 0.023s


Command exited with non-zero status 30

  real      0:00.35
  real [s]  0.35
  user [s]  0.18
  sys  [s]  0.08
  mem  [KB] 18176
  avgm [KB] 0
