clingo-lpx version 1.3.0
Reading from ../axioms/fdec.lp ...
Solving...
Answer: 1
(Time: 0.037s)
happens(turnOffHeater(nathan,balloon),2)
happens(turnOnHeater(nathan,balloon),0)
holdsAt(heaterOn(balloon),(0,"< S =<",2))
releasedAt(height(balloon),(0,"< S =<",2))
releasedAt(height(balloon),(2,"< S =<",3))
fholdsAtC(height(balloon),(0,"->",2),(0,"< S =<",2),eq(off1(0),"*",koef1(0),"+",koef2(1),"*",base(0),"+",inc(1),"*",dur(2,"-",0)))
fholdsAtC(height(balloon),(2,"->",1),(2,"< S =<",3),eq(off1(0),"*",koef1(0),"+",koef2(1),"*",base(2),"+",inc(-1),"*",dur(3,"-",2)))
Assignment: [leftovers]
timeDiff(0,0)=0
timeDiff(0,1)=2
timeDiff(0,2)=3
timeDiff(1,1)=0
timeDiff(1,2)=1
timeDiff(2,2)=0
SATISFIABLE

Models       : 1
Calls        : 1
Time         : 0.037s (Solving: 0.00s 1st Model: 0.00s Unsat: 0.00s)
CPU Time     : 0.017s
