$ python ../fdec-incr.py ./StolenCar2-ea.lp


Looking for the right number of steps: 1 2 FOUND
clingo-lpx version 1.3.0
Reading from ...omparison/hybrid-clingo/axioms/fdec.lp ...
Solving...
Answer: 1 (Time: 0.042s)
maxStep(2)
happens(park,0)
happens(steal,e)
holdsAt(carParked,(0<T=<e))
-holdsAt(carParked,(e<T=<2))
-releasedAt(carParked,(0<T=<e))
-releasedAt(carParked,(e<T=<2))
Assignment:
(obs,0)=0 (obs,2)=2 (time,0)=0 (time,1)=e (time,2)=2
SATISFIABLE

Models       : 1
Calls        : 1
Time         : 0.043s (Solving: 0.00s 1st Model: 0.00s Unsat: 0.00s)
CPU Time     : 0.025s


Command exited with non-zero status 30

  real      0:00.37
  real [s]  0.37
  user [s]  0.21
  sys  [s]  0.08
  mem  [KB] 18176
  avgm [KB] 0
