$ python ../fdec-incr.py ./StolenCar40-ea.lp


Looking for the right number of steps: 1 2 FOUND
clingo-lpx version 1.3.0
Reading from ...omparison/hybrid-clingo/axioms/fdec.lp ...
Solving...
Answer: 1 (Time: 0.042s)
maxStep(2)
happens(park,20)
happens(steal,20+e)
holdsAt(carParked,(20<T=<20+e))
-holdsAt(carParked,(0<T=<20))
-holdsAt(carParked,(20+e<T=<40))
-releasedAt(carParked,(0<T=<20))
-releasedAt(carParked,(20<T=<20+e))
-releasedAt(carParked,(20+e<T=<40))
Assignment:
(obs,0)=0 (obs,20)=20 (obs,40)=40 (time,0)=20 (time,1)=20+e (time,2)=40
SATISFIABLE

Models       : 1
Calls        : 1
Time         : 0.042s (Solving: 0.00s 1st Model: 0.00s Unsat: 0.00s)
CPU Time     : 0.023s


Command exited with non-zero status 30

  real      0:00.35
  real [s]  0.35
  user [s]  0.19
  sys  [s]  0.07
  mem  [KB] 18176
  avgm [KB] 0
