$ python ../fdec-incr.py ./StuffyRoom2-ea.lp


Looking for the right number of steps: 1 2 FOUND
clingo-lpx version 1.3.0
Reading from ...omparison/hybrid-clingo/axioms/fdec.lp ...
Solving...
Answer: 1 (Time: 0.038s)
maxStep(2)
happens(close2,1)
happens(start,0)
holdsAt(blocked1,(0<T=<1))
holdsAt(blocked1,(1<T=<40))
holdsAt(blocked2,(1<T=<40))
holdsAt(stuffy,(1<T=<40))
releasedAt(stuffy,(0<T=<1))
releasedAt(stuffy,(1<T=<40))
Assignment:
(obs,0)=0 (obs,1)=1 (time,0)=0 (time,1)=1 (time,2)=40
SATISFIABLE

Models       : 1
Calls        : 1
Time         : 0.038s (Solving: 0.00s 1st Model: 0.00s Unsat: 0.00s)
CPU Time     : 0.023s


Command exited with non-zero status 30

  real      0:00.34
  real [s]  0.34
  user [s]  0.17
  sys  [s]  0.09
  mem  [KB] 18176
  avgm [KB] 0
