$ python ../fdec-incr.py ./FallingObjectWithEvents25-ea.lp


Looking for the right number of steps: 1 2 FOUND
clingo-lpx version 1.3.0
Reading from ...omparison/hybrid-clingo/axioms/fdec.lp ...
Solving...
Answer: 1 (Time: 0.044s)
maxStep(2)
happens(hitGround(apple),21)
happens(drop(nathan,apple),18)
holdsAt(falling(apple),(18<T=<21))
releasedAt(height(apple),(18<T=<21))
fholdsAt(height(apple)=3,(0<T=<18))
fholdsAt(height(apple)=0,(21<T=<25))
fholdsAtC(height(apple)=(3->0),(18<T=<21),eq(((1,3),-1)))
Assignment:
(obs,0)=0 (obs,18)=18 (time,0)=18 (time,1)=21 (time,2)=25 (height(apple),0)=3 (height(apple),1)=0 (height(apple),2)=0
SATISFIABLE

Models       : 1
Calls        : 1
Time         : 0.044s (Solving: 0.00s 1st Model: 0.00s Unsat: 0.00s)
CPU Time     : 0.026s


Command exited with non-zero status 30

  real      0:00.40
  real [s]  0.40
  user [s]  0.21
  sys  [s]  0.09
  mem  [KB] 18304
  avgm [KB] 0
