clingo-lpx version 1.3.0
Reading from ../axioms/fdec.lp ...
Solving...
Answer: 1
(Time: 0.040s)
happens(shoot,25)
holdsAt(alive,(0,"< S =<",25))
holdsAt(loaded,(0,"< S =<",25))
holdsAt(loaded,(25,"< S =<",37))
holdsAt(loaded,(37,"< S =<",40))
holdsAt(walking,(0,"< S =<",25))
-holdsAt(alive,(25,"< S =<",37))
-holdsAt(alive,(37,"< S =<",40))
-holdsAt(walking,(25,"< S =<",37))
-holdsAt(walking,(37,"< S =<",40))
-releasedAt(alive,(0,"< S =<",25))
-releasedAt(alive,(25,"< S =<",37))
-releasedAt(alive,(37,"< S =<",40))
-releasedAt(loaded,(0,"< S =<",25))
-releasedAt(loaded,(25,"< S =<",37))
-releasedAt(loaded,(37,"< S =<",40))
-releasedAt(walking,(0,"< S =<",25))
-releasedAt(walking,(25,"< S =<",37))
-releasedAt(walking,(37,"< S =<",40))
Assignment: [leftovers]
timeDiff(0,0)=0
timeDiff(0,1)=25
timeDiff(0,2)=37
timeDiff(0,3)=40
timeDiff(1,1)=0
timeDiff(1,2)=12
timeDiff(1,3)=15
timeDiff(2,2)=0
timeDiff(2,3)=3
timeDiff(3,3)=0
SATISFIABLE

Models       : 1
Calls        : 1
Time         : 0.040s (Solving: 0.00s 1st Model: 0.00s Unsat: 0.00s)
CPU Time     : 0.017s
