$ python ../fdec-incr.py ./Happy40-ea.lp


Looking for the right number of steps: 1 FOUND
clingo-lpx version 1.3.0
Reading from ...omparison/hybrid-clingo/axioms/fdec.lp ...
Solving...
Answer: 1 (Time: 0.037s)
maxStep(1)
happens(feed(fred),25)
holdsAt(happy(fred),(25<T=<40))
holdsAt(hungry(fred),(0<T=<25))
releasedAt(happy(fred),(0<T=<25))
releasedAt(happy(fred),(25<T=<40))
Assignment:
(obs,0)=0 (obs,25)=25 (time,0)=25 (time,1)=40
SATISFIABLE

Models       : 1
Calls        : 1
Time         : 0.038s (Solving: 0.00s 1st Model: 0.00s Unsat: 0.00s)
CPU Time     : 0.022s


Command exited with non-zero status 30

  real      0:00.21
  real [s]  0.21
  user [s]  0.11
  sys  [s]  0.05
  mem  [KB] 18176
  avgm [KB] 0
