clingo-lpx version 1.3.0
Reading from ../axioms/fdec.lp ...
Solving...
Answer: 1
(Time: 0.040s)
happens(load,0)
happens(shoot,2)
happens(sneeze,1)
holdsAt(alive,(0,"< S =<",1))
holdsAt(alive,(1,"< S =<",2))
holdsAt(loaded,(0,"< S =<",1))
holdsAt(loaded,(1,"< S =<",2))
-holdsAt(alive,(2,"< S =<",3))
-holdsAt(loaded,(2,"< S =<",3))
-releasedAt(alive,(0,"< S =<",1))
-releasedAt(alive,(1,"< S =<",2))
-releasedAt(alive,(2,"< S =<",3))
-releasedAt(loaded,(0,"< S =<",1))
-releasedAt(loaded,(1,"< S =<",2))
-releasedAt(loaded,(2,"< S =<",3))
Assignment: [leftovers]
timeDiff(0,0)=0
timeDiff(0,1)=1
timeDiff(0,2)=2
timeDiff(0,3)=3
timeDiff(1,1)=0
timeDiff(1,2)=1
timeDiff(1,3)=2
timeDiff(2,2)=0
timeDiff(2,3)=1
timeDiff(3,3)=0
SATISFIABLE

Models       : 1
Calls        : 1
Time         : 0.041s (Solving: 0.00s 1st Model: 0.00s Unsat: 0.00s)
CPU Time     : 0.017s
