clingo-lpx version 1.3.0
Reading from ../axioms/fdec.lp ...
Solving...
Answer: 1
(Time: 0.032s)
happens(close2,20)
happens(start,10)
holdsAt(blocked1,(10,"< S =<",20))
holdsAt(blocked1,(20,"< S =<",40))
holdsAt(blocked2,(20,"< S =<",40))
holdsAt(stuffy,(20,"< S =<",40))
releasedAt(stuffy,(0,"< S =<",10))
releasedAt(stuffy,(10,"< S =<",20))
releasedAt(stuffy,(20,"< S =<",40))
Assignment: [leftovers]
timeDiff(0,0)=0
timeDiff(0,1)=10
timeDiff(0,2)=20
timeDiff(0,3)=40
timeDiff(1,1)=0
timeDiff(1,2)=10
timeDiff(1,3)=30
timeDiff(2,2)=0
timeDiff(2,3)=20
timeDiff(3,3)=0
SATISFIABLE

Models       : 1
Calls        : 1
Time         : 0.032s (Solving: 0.00s 1st Model: 0.00s Unsat: 0.00s)
CPU Time     : 0.017s
