clingo-lpx version 1.3.0
Reading from ../axioms/fdec.lp ...
Solving...
Answer: 1
(Time: 0.032s)
happens(pull,5)
happens(pull,10)
happens(push,5)
happens(push,10)
holdsAt(spinning,(5,"< S =<",10))
holdsAt(spinning,(10,"< S =<",12))
Assignment: [leftovers]
time(0)=0
timeDiff(0,0)=0
timeDiff(0,1)=5
timeDiff(0,2)=10
timeDiff(0,3)=12
timeDiff(1,1)=0
timeDiff(1,2)=5
timeDiff(1,3)=7
timeDiff(2,2)=0
timeDiff(2,3)=2
timeDiff(3,3)=0
SATISFIABLE

Models       : 1
Calls        : 1
Time         : 0.032s (Solving: 0.00s 1st Model: 0.00s Unsat: 0.00s)
CPU Time     : 0.017s
