$ python ../fdec-incr.py ./model.lp --maxtime 1000


Looking for the right number of steps: 1 2 FOUND
clingo-lpx version 1.3.0
Reading from ...omparison/hybrid-clingo/axioms/fdec.lp ...
Solving...
Answer: 1 (Time: 0.037s)
maxStep(2)
happens(turn_light_off,25)
happens(turn_light_on,10)
holdsAt(light_on,(10<T=<25))
-holdsAt(light_on,(0<T=<10))
-holdsAt(light_on,(25<T=<1000))
-releasedAt(light_on,(0<T=<10))
-releasedAt(light_on,(10<T=<25))
-releasedAt(light_on,(25<T=<1000))
Assignment:
(obs,10)=10 (obs,25)=25 (time,0)=10 (time,1)=25 (time,2)=1000
SATISFIABLE

Models       : 1
Calls        : 1
Time         : 0.037s (Solving: 0.00s 1st Model: 0.00s Unsat: 0.00s)
CPU Time     : 0.022s


Command exited with non-zero status 30

  real      0:00.47
  real [s]  0.47
  user [s]  0.19
  sys  [s]  0.09
  mem  [KB] 18176
  avgm [KB] 0
