$ clingo-lpx --strict -n0 ../axioms/fdec-ffholds.lp -c maxstep=14 -c maxtime=1000 ./model-fixed2.lp -c disablelaststep=1 | ../utils/replace_assignments.sh | ../utils/make-readable.sh


clingo-lpx version 1.3.0
Reading from ../axioms/fdec-ffholds.lp ...
Solving...
Answer: 1
(Time: 0.319s)
happens(switch_left,25/2)
happens(switch_left,145/8)
happens(switch_left,161/8)
happens(switch_left,177/8)
happens(switch_right,65/4)
happens(switch_right,153/8)
happens(switch_right,169/8)
happens(aux__endMinDurLeftFilling(3),27/2)
happens(aux__endMinDurLeftFilling(7),153/8)
happens(aux__endMinDurLeftFilling(11),169/8)
happens(aux__endMinDurRightFilling(1),11)
happens(aux__endMinDurRightFilling(5),69/4)
happens(aux__endMinDurRightFilling(9),161/8)
happens(aux__endMinDurRightFilling(13),177/8)
happens(start(right),10)
holdsAt(left_filling,(25/2,"< T =<",27/2))
holdsAt(left_filling,(27/2,"< T =<",65/4))
holdsAt(left_filling,(145/8,"< T =<",305/16))
holdsAt(left_filling,(305/16,"< T =<",153/8))
holdsAt(left_filling,(161/8,"< T =<",329/16))
holdsAt(left_filling,(329/16,"< T =<",169/8))
holdsAt(right_filling,(10,"< T =<",11))
holdsAt(right_filling,(11,"< T =<",25/2))
holdsAt(right_filling,(65/4,"< T =<",69/4))
holdsAt(right_filling,(69/4,"< T =<",145/8))
holdsAt(right_filling,(153/8,"< T =<",157/8))
holdsAt(right_filling,(157/8,"< T =<",161/8))
holdsAt(right_filling,(169/8,"< T =<",177/8))
releasedAt(water_left,(10,"< T =<",11))
releasedAt(water_left,(11,"< T =<",25/2))
releasedAt(water_left,(25/2,"< T =<",27/2))
releasedAt(water_left,(27/2,"< T =<",65/4))
releasedAt(water_left,(65/4,"< T =<",69/4))
releasedAt(water_left,(69/4,"< T =<",145/8))
releasedAt(water_left,(145/8,"< T =<",305/16))
releasedAt(water_left,(305/16,"< T =<",153/8))
releasedAt(water_left,(153/8,"< T =<",157/8))
releasedAt(water_left,(157/8,"< T =<",161/8))
releasedAt(water_left,(161/8,"< T =<",329/16))
releasedAt(water_left,(329/16,"< T =<",169/8))
releasedAt(water_left,(169/8,"< T =<",177/8))
releasedAt(water_right,(10,"< T =<",11))
releasedAt(water_right,(11,"< T =<",25/2))
releasedAt(water_right,(25/2,"< T =<",27/2))
releasedAt(water_right,(27/2,"< T =<",65/4))
releasedAt(water_right,(65/4,"< T =<",69/4))
releasedAt(water_right,(69/4,"< T =<",145/8))
releasedAt(water_right,(145/8,"< T =<",305/16))
releasedAt(water_right,(305/16,"< T =<",153/8))
releasedAt(water_right,(153/8,"< T =<",157/8))
releasedAt(water_right,(157/8,"< T =<",161/8))
releasedAt(water_right,(161/8,"< T =<",329/16))
releasedAt(water_right,(329/16,"< T =<",169/8))
releasedAt(water_right,(169/8,"< T =<",177/8))
fholdsAt(water_left,100,(0,"< T =<",10))
fholdsAt(water_right,100,(0,"< T =<",10))
fholdsAtC(water_left,(100,"->",80),(10,"< T =<",11),eq(off2(0),"+",koef(1),"*",(base(100),"+",off1(0)),"+",inc(-20),"*",dur(11,"-",10)))
fholdsAtC(water_left,(80,"->",50),(11,"< T =<",25/2),eq(off2(0),"+",koef(1),"*",(base(100),"+",off1(0)),"+",inc(-20),"*",dur(25/2,"-",10)))
fholdsAtC(water_left,(50,"->",60),(25/2,"< T =<",27/2),eq(off2(0),"+",koef(1),"*",(base(50),"+",off1(0)),"+",inc(10),"*",dur(27/2,"-",25/2)))
fholdsAtC(water_left,(60,"->",175/2),(27/2,"< T =<",65/4),eq(off2(0),"+",koef(1),"*",(base(50),"+",off1(0)),"+",inc(10),"*",dur(65/4,"-",25/2)))
fholdsAtC(water_left,(175/2,"->",135/2),(65/4,"< T =<",69/4),eq(off2(0),"+",koef(1),"*",(base(175/2),"+",off1(0)),"+",inc(-20),"*",dur(69/4,"-",65/4)))
fholdsAtC(water_left,(135/2,"->",50),(69/4,"< T =<",145/8),eq(off2(0),"+",koef(1),"*",(base(175/2),"+",off1(0)),"+",inc(-20),"*",dur(145/8,"-",65/4)))
fholdsAtC(water_left,(50,"->",475/8),(145/8,"< T =<",305/16),eq(off2(0),"+",koef(1),"*",(base(50),"+",off1(0)),"+",inc(10),"*",dur(305/16,"-",145/8)))
fholdsAtC(water_left,(475/8,"->",60),(305/16,"< T =<",153/8),eq(off2(0),"+",koef(1),"*",(base(50),"+",off1(0)),"+",inc(10),"*",dur(153/8,"-",145/8)))
fholdsAtC(water_left,(60,"->",50),(153/8,"< T =<",157/8),eq(off2(0),"+",koef(1),"*",(base(60),"+",off1(0)),"+",inc(-20),"*",dur(157/8,"-",153/8)))
fholdsAtC(water_left,(50,"->",40),(157/8,"< T =<",161/8),eq(off2(0),"+",koef(1),"*",(base(60),"+",off1(0)),"+",inc(-20),"*",dur(161/8,"-",153/8)))
fholdsAtC(water_left,(40,"->",355/8),(161/8,"< T =<",329/16),eq(off2(0),"+",koef(1),"*",(base(40),"+",off1(0)),"+",inc(10),"*",dur(329/16,"-",161/8)))
fholdsAtC(water_left,(355/8,"->",50),(329/16,"< T =<",169/8),eq(off2(0),"+",koef(1),"*",(base(40),"+",off1(0)),"+",inc(10),"*",dur(169/8,"-",161/8)))
fholdsAtC(water_left,(50,"->",30),(169/8,"< T =<",177/8),eq(off2(0),"+",koef(1),"*",(base(50),"+",off1(0)),"+",inc(-20),"*",dur(177/8,"-",169/8)))
fholdsAtC(water_right,(100,"->",110),(10,"< T =<",11),eq(off2(0),"+",koef(1),"*",(base(100),"+",off1(0)),"+",inc(10),"*",dur(11,"-",10)))
fholdsAtC(water_right,(110,"->",125),(11,"< T =<",25/2),eq(off2(0),"+",koef(1),"*",(base(100),"+",off1(0)),"+",inc(10),"*",dur(25/2,"-",10)))
fholdsAtC(water_right,(125,"->",105),(25/2,"< T =<",27/2),eq(off2(0),"+",koef(1),"*",(base(125),"+",off1(0)),"+",inc(-20),"*",dur(27/2,"-",25/2)))
fholdsAtC(water_right,(105,"->",50),(27/2,"< T =<",65/4),eq(off2(0),"+",koef(1),"*",(base(125),"+",off1(0)),"+",inc(-20),"*",dur(65/4,"-",25/2)))
fholdsAtC(water_right,(50,"->",60),(65/4,"< T =<",69/4),eq(off2(0),"+",koef(1),"*",(base(50),"+",off1(0)),"+",inc(10),"*",dur(69/4,"-",65/4)))
fholdsAtC(water_right,(60,"->",275/4),(69/4,"< T =<",145/8),eq(off2(0),"+",koef(1),"*",(base(50),"+",off1(0)),"+",inc(10),"*",dur(145/8,"-",65/4)))
fholdsAtC(water_right,(275/4,"->",50),(145/8,"< T =<",305/16),eq(off2(0),"+",koef(1),"*",(base(275/4),"+",off1(0)),"+",inc(-20),"*",dur(305/16,"-",145/8)))
fholdsAtC(water_right,(50,"->",195/4),(305/16,"< T =<",153/8),eq(off2(0),"+",koef(1),"*",(base(275/4),"+",off1(0)),"+",inc(-20),"*",dur(153/8,"-",145/8)))
fholdsAtC(water_right,(195/4,"->",215/4),(153/8,"< T =<",157/8),eq(off2(0),"+",koef(1),"*",(base(195/4),"+",off1(0)),"+",inc(10),"*",dur(157/8,"-",153/8)))
fholdsAtC(water_right,(215/4,"->",235/4),(157/8,"< T =<",161/8),eq(off2(0),"+",koef(1),"*",(base(195/4),"+",off1(0)),"+",inc(10),"*",dur(161/8,"-",153/8)))
fholdsAtC(water_right,(235/4,"->",50),(161/8,"< T =<",329/16),eq(off2(0),"+",koef(1),"*",(base(235/4),"+",off1(0)),"+",inc(-20),"*",dur(329/16,"-",161/8)))
fholdsAtC(water_right,(50,"->",155/4),(329/16,"< T =<",169/8),eq(off2(0),"+",koef(1),"*",(base(235/4),"+",off1(0)),"+",inc(-20),"*",dur(169/8,"-",161/8)))
fholdsAtC(water_right,(155/4,"->",195/4),(169/8,"< T =<",177/8),eq(off2(0),"+",koef(1),"*",(base(155/4),"+",off1(0)),"+",inc(10),"*",dur(177/8,"-",169/8)))
Assignment: [leftovers]
fholdsAt(water_left,0)=100
fholdsAt(water_right,0)=100
SATISFIABLE

Models       : 1
Calls        : 1
Time         : 0.320s (Solving: 0.22s 1st Model: 0.22s Unsat: 0.00s)
CPU Time     : 0.303s

Command exited with non-zero status 30

  real      0:00.33
  real [s]  0.33
  user [s]  0.28
  sys  [s]  0.02
  mem  [KB] 13304
  avgm [KB] 0
