$ clingo-lpx --strict -n0 ../axioms/fdec-tdur.lp ../axioms/fdec-show.lp -c maxstep=5 -c maxtime=19 ./model-tdur.lp | ../utils/replace_assignments.sh | ../utils/make-readable.sh


clingo-lpx version 1.3.0
Reading from ../axioms/fdec-tdur.lp ...
Solving...
Answer: 1
(Time: 0.042s)
happens(switch_left,25/2)
happens(switch_left,145/8)
happens(switch_right,65/4)
happens(start(right),10)
holdsAt(left_filling,(25/2,"< T =<",65/4))
holdsAt(left_filling,(145/8,"< T =<",19))
holdsAt(right_filling,(10,"< T =<",25/2))
holdsAt(right_filling,(65/4,"< T =<",145/8))
releasedAt(water_left,(10,"< T =<",25/2))
releasedAt(water_left,(25/2,"< T =<",65/4))
releasedAt(water_left,(65/4,"< T =<",145/8))
releasedAt(water_left,(145/8,"< T =<",19))
releasedAt(water_right,(10,"< T =<",25/2))
releasedAt(water_right,(25/2,"< T =<",65/4))
releasedAt(water_right,(65/4,"< T =<",145/8))
releasedAt(water_right,(145/8,"< T =<",19))
fholdsAt(water_left,100,(0,"< T =<",10))
fholdsAt(water_left,50,(10,"< T =<",25/2))
fholdsAt(water_left,175/2,(25/2,"< T =<",65/4))
fholdsAt(water_left,50,(65/4,"< T =<",145/8))
fholdsAt(water_left,235/4,(145/8,"< T =<",19))
fholdsAt(water_right,100,(0,"< T =<",10))
fholdsAt(water_right,125,(10,"< T =<",25/2))
fholdsAt(water_right,50,(25/2,"< T =<",65/4))
fholdsAt(water_right,275/4,(65/4,"< T =<",145/8))
fholdsAt(water_right,205/4,(145/8,"< T =<",19))
Assignment: [leftovers]
fholdsAt(water_left,0)=100
fholdsAt(water_right,0)=100
timeDiff(0,0)=0
timeDiff(0,1)=10
timeDiff(0,2)=25/2
timeDiff(0,3)=65/4
timeDiff(0,4)=145/8
timeDiff(0,5)=19
timeDiff(1,1)=0
timeDiff(1,2)=5/2
timeDiff(1,3)=25/4
timeDiff(1,4)=65/8
timeDiff(1,5)=9
timeDiff(2,2)=0
timeDiff(2,3)=15/4
timeDiff(2,4)=45/8
timeDiff(2,5)=13/2
timeDiff(3,3)=0
timeDiff(3,4)=15/8
timeDiff(3,5)=11/4
timeDiff(4,4)=0
timeDiff(4,5)=7/8
timeDiff(5,5)=0
SATISFIABLE

Models       : 1
Calls        : 1
Time         : 0.042s (Solving: 0.00s 1st Model: 0.00s Unsat: 0.00s)
CPU Time     : 0.024s

Command exited with non-zero status 30

  real      0:00.05
  real [s]  0.05
  user [s]  0.01
  sys  [s]  0.01
  mem  [KB] 9216
  avgm [KB] 0
