$ clingo-lpx --strict -n0 ../axioms/fdec.lp ../axioms/fdec-show.lp -c maxstep=8 -c maxtime=22 ./model-fixed.lp | ../utils/replace_assignments.sh | ../utils/make-readable.sh


clingo-lpx version 1.3.0
Reading from ../axioms/fdec.lp ...
Solving...
Answer: 1
(Time: 0.093s)
happens(switch_left,25/2)
happens(switch_left,145/8)
happens(switch_left,161/8)
happens(switch_right,65/4)
happens(switch_right,153/8)
happens(switch_right,169/8)
happens(start(right),10)
holdsAt(left_filling,(25/2,"< T =<",65/4))
holdsAt(left_filling,(145/8,"< T =<",153/8))
holdsAt(left_filling,(161/8,"< T =<",169/8))
holdsAt(right_filling,(10,"< T =<",25/2))
holdsAt(right_filling,(65/4,"< T =<",145/8))
holdsAt(right_filling,(153/8,"< T =<",161/8))
holdsAt(right_filling,(169/8,"< T =<",22))
releasedAt(water_left,(10,"< T =<",25/2))
releasedAt(water_left,(25/2,"< T =<",65/4))
releasedAt(water_left,(65/4,"< T =<",145/8))
releasedAt(water_left,(145/8,"< T =<",153/8))
releasedAt(water_left,(153/8,"< T =<",161/8))
releasedAt(water_left,(161/8,"< T =<",169/8))
releasedAt(water_left,(169/8,"< T =<",22))
releasedAt(water_right,(10,"< T =<",25/2))
releasedAt(water_right,(25/2,"< T =<",65/4))
releasedAt(water_right,(65/4,"< T =<",145/8))
releasedAt(water_right,(145/8,"< T =<",153/8))
releasedAt(water_right,(153/8,"< T =<",161/8))
releasedAt(water_right,(161/8,"< T =<",169/8))
releasedAt(water_right,(169/8,"< T =<",22))
fholdsAt(water_left,100,(0,"< T =<",10))
fholdsAt(water_right,100,(0,"< T =<",10))
fholdsAtC(water_left,(100,"->",50),(10,"< T =<",25/2),eq(off1(0),"*",koef1(1),"+",koef2(1),"*",base(100),"+",inc(-20),"*",dur(25/2,"-",10)))
fholdsAtC(water_left,(50,"->",175/2),(25/2,"< T =<",65/4),eq(off1(0),"*",koef1(1),"+",koef2(1),"*",base(50),"+",inc(10),"*",dur(65/4,"-",25/2)))
fholdsAtC(water_left,(175/2,"->",50),(65/4,"< T =<",145/8),eq(off1(0),"*",koef1(1),"+",koef2(1),"*",base(175/2),"+",inc(-20),"*",dur(145/8,"-",65/4)))
fholdsAtC(water_left,(50,"->",60),(145/8,"< T =<",153/8),eq(off1(0),"*",koef1(1),"+",koef2(1),"*",base(50),"+",inc(10),"*",dur(153/8,"-",145/8)))
fholdsAtC(water_left,(60,"->",40),(153/8,"< T =<",161/8),eq(off1(0),"*",koef1(1),"+",koef2(1),"*",base(60),"+",inc(-20),"*",dur(161/8,"-",153/8)))
fholdsAtC(water_left,(40,"->",50),(161/8,"< T =<",169/8),eq(off1(0),"*",koef1(1),"+",koef2(1),"*",base(40),"+",inc(10),"*",dur(169/8,"-",161/8)))
fholdsAtC(water_left,(50,"->",65/2),(169/8,"< T =<",22),eq(off1(0),"*",koef1(1),"+",koef2(1),"*",base(50),"+",inc(-20),"*",dur(22,"-",169/8)))
fholdsAtC(water_right,(100,"->",125),(10,"< T =<",25/2),eq(off1(0),"*",koef1(1),"+",koef2(1),"*",base(100),"+",inc(10),"*",dur(25/2,"-",10)))
fholdsAtC(water_right,(125,"->",50),(25/2,"< T =<",65/4),eq(off1(0),"*",koef1(1),"+",koef2(1),"*",base(125),"+",inc(-20),"*",dur(65/4,"-",25/2)))
fholdsAtC(water_right,(50,"->",275/4),(65/4,"< T =<",145/8),eq(off1(0),"*",koef1(1),"+",koef2(1),"*",base(50),"+",inc(10),"*",dur(145/8,"-",65/4)))
fholdsAtC(water_right,(275/4,"->",195/4),(145/8,"< T =<",153/8),eq(off1(0),"*",koef1(1),"+",koef2(1),"*",base(275/4),"+",inc(-20),"*",dur(153/8,"-",145/8)))
fholdsAtC(water_right,(195/4,"->",235/4),(153/8,"< T =<",161/8),eq(off1(0),"*",koef1(1),"+",koef2(1),"*",base(195/4),"+",inc(10),"*",dur(161/8,"-",153/8)))
fholdsAtC(water_right,(235/4,"->",155/4),(161/8,"< T =<",169/8),eq(off1(0),"*",koef1(1),"+",koef2(1),"*",base(235/4),"+",inc(-20),"*",dur(169/8,"-",161/8)))
fholdsAtC(water_right,(155/4,"->",95/2),(169/8,"< T =<",22),eq(off1(0),"*",koef1(1),"+",koef2(1),"*",base(155/4),"+",inc(10),"*",dur(22,"-",169/8)))
Assignment: [leftovers]
fholdsAt(water_left,0)=100
fholdsAt(water_right,0)=100
SATISFIABLE

Models       : 1
Calls        : 1
Time         : 0.094s (Solving: 0.04s 1st Model: 0.04s Unsat: 0.00s)
CPU Time     : 0.075s

Command exited with non-zero status 30

  real      0:00.10
  real [s]  0.10
  user [s]  0.07
  sys  [s]  0.00
  mem  [KB] 10240
  avgm [KB] 0
