$ clingo-lpx --strict -n0 ../axioms/fdec.lp -c maxstep=6 -c maxtime=1000 ./model.lp -c disablelaststep=1 | ../utils/replace_assignments.sh | ../utils/make-readable.sh


clingo-lpx version 1.3.0
Reading from ../axioms/fdec.lp ...
Solving...
Answer: 1
(Time: 0.042s)
happens(switch_left,25/2)
happens(switch_left,145/8)
happens(switch_left,625/32)
happens(switch_right,65/4)
happens(switch_right,305/16)
happens(start(right),10)
holdsAt(left_filling,(25/2,"< T =<",65/4))
holdsAt(left_filling,(145/8,"< T =<",305/16))
holdsAt(right_filling,(10,"< T =<",25/2))
holdsAt(right_filling,(65/4,"< T =<",145/8))
holdsAt(right_filling,(305/16,"< T =<",625/32))
releasedAt(water_left,(10,"< T =<",25/2))
releasedAt(water_left,(25/2,"< T =<",65/4))
releasedAt(water_left,(65/4,"< T =<",145/8))
releasedAt(water_left,(145/8,"< T =<",305/16))
releasedAt(water_left,(305/16,"< T =<",625/32))
releasedAt(water_right,(10,"< T =<",25/2))
releasedAt(water_right,(25/2,"< T =<",65/4))
releasedAt(water_right,(65/4,"< T =<",145/8))
releasedAt(water_right,(145/8,"< T =<",305/16))
releasedAt(water_right,(305/16,"< T =<",625/32))
fholdsAt(water_left,100,(0,"< T =<",10))
fholdsAt(water_right,100,(0,"< T =<",10))
fholdsAtC(water_left,(100,"->",50),(10,"< T =<",25/2),eq(off2(0),"+",koef(1),"*",(base(100),"+",off1(0)),"+",inc(-20),"*",dur(25/2,"-",10)))
fholdsAtC(water_left,(50,"->",175/2),(25/2,"< T =<",65/4),eq(off2(0),"+",koef(1),"*",(base(50),"+",off1(0)),"+",inc(10),"*",dur(65/4,"-",25/2)))
fholdsAtC(water_left,(175/2,"->",50),(65/4,"< T =<",145/8),eq(off2(0),"+",koef(1),"*",(base(175/2),"+",off1(0)),"+",inc(-20),"*",dur(145/8,"-",65/4)))
fholdsAtC(water_left,(50,"->",475/8),(145/8,"< T =<",305/16),eq(off2(0),"+",koef(1),"*",(base(50),"+",off1(0)),"+",inc(10),"*",dur(305/16,"-",145/8)))
fholdsAtC(water_left,(475/8,"->",50),(305/16,"< T =<",625/32),eq(off2(0),"+",koef(1),"*",(base(475/8),"+",off1(0)),"+",inc(-20),"*",dur(625/32,"-",305/16)))
fholdsAtC(water_right,(100,"->",125),(10,"< T =<",25/2),eq(off2(0),"+",koef(1),"*",(base(100),"+",off1(0)),"+",inc(10),"*",dur(25/2,"-",10)))
fholdsAtC(water_right,(125,"->",50),(25/2,"< T =<",65/4),eq(off2(0),"+",koef(1),"*",(base(125),"+",off1(0)),"+",inc(-20),"*",dur(65/4,"-",25/2)))
fholdsAtC(water_right,(50,"->",275/4),(65/4,"< T =<",145/8),eq(off2(0),"+",koef(1),"*",(base(50),"+",off1(0)),"+",inc(10),"*",dur(145/8,"-",65/4)))
fholdsAtC(water_right,(275/4,"->",50),(145/8,"< T =<",305/16),eq(off2(0),"+",koef(1),"*",(base(275/4),"+",off1(0)),"+",inc(-20),"*",dur(305/16,"-",145/8)))
fholdsAtC(water_right,(50,"->",875/16),(305/16,"< T =<",625/32),eq(off2(0),"+",koef(1),"*",(base(50),"+",off1(0)),"+",inc(10),"*",dur(625/32,"-",305/16)))
Assignment: [leftovers]
fholdsAt(water_left,0)=100
fholdsAt(water_right,0)=100
SATISFIABLE

Models       : 1
Calls        : 1
Time         : 0.042s (Solving: 0.00s 1st Model: 0.00s Unsat: 0.00s)
CPU Time     : 0.026s

Command exited with non-zero status 30

  real      0:00.05
  real [s]  0.05
  user [s]  0.02
  sys  [s]  0.01
  mem  [KB] 9344
  avgm [KB] 0
