$ clingo-lpx --strict -n0 ../axioms/fdec.lp ../axioms/fdec-show.lp -c maxstep=5 -c maxtime=19 ./model.lp | ../utils/replace_assignments.sh | ../utils/make-readable.sh


clingo-lpx version 1.3.0
Reading from ../axioms/fdec.lp ...
Solving...
Answer: 1
(Time: 0.039s)
happens(switch_left,25/2)
happens(switch_left,145/8)
happens(switch_right,65/4)
happens(start(right),10)
holdsAt(left_filling,(25/2,"< S =<",65/4))
holdsAt(left_filling,(145/8,"< S =<",19))
holdsAt(right_filling,(10,"< S =<",25/2))
holdsAt(right_filling,(65/4,"< S =<",145/8))
releasedAt(water_left,(10,"< S =<",25/2))
releasedAt(water_left,(25/2,"< S =<",65/4))
releasedAt(water_left,(65/4,"< S =<",145/8))
releasedAt(water_left,(145/8,"< S =<",19))
releasedAt(water_right,(10,"< S =<",25/2))
releasedAt(water_right,(25/2,"< S =<",65/4))
releasedAt(water_right,(65/4,"< S =<",145/8))
releasedAt(water_right,(145/8,"< S =<",19))
fholdsAt(water_left,100,(0,"< S =<",10))
fholdsAt(water_right,100,(0,"< S =<",10))
fholdsAtC(water_left,(100,"->",50),(10,"< S =<",25/2),eq(off1(0),"*",koef1(1),"+",koef2(1),"*",base(100),"+",inc(-20),"*",dur(25/2,"-",10)))
fholdsAtC(water_left,(50,"->",175/2),(25/2,"< S =<",65/4),eq(off1(0),"*",koef1(1),"+",koef2(1),"*",base(50),"+",inc(10),"*",dur(65/4,"-",25/2)))
fholdsAtC(water_left,(175/2,"->",50),(65/4,"< S =<",145/8),eq(off1(0),"*",koef1(1),"+",koef2(1),"*",base(175/2),"+",inc(-20),"*",dur(145/8,"-",65/4)))
fholdsAtC(water_left,(50,"->",235/4),(145/8,"< S =<",19),eq(off1(0),"*",koef1(1),"+",koef2(1),"*",base(50),"+",inc(10),"*",dur(19,"-",145/8)))
fholdsAtC(water_right,(100,"->",125),(10,"< S =<",25/2),eq(off1(0),"*",koef1(1),"+",koef2(1),"*",base(100),"+",inc(10),"*",dur(25/2,"-",10)))
fholdsAtC(water_right,(125,"->",50),(25/2,"< S =<",65/4),eq(off1(0),"*",koef1(1),"+",koef2(1),"*",base(125),"+",inc(-20),"*",dur(65/4,"-",25/2)))
fholdsAtC(water_right,(50,"->",275/4),(65/4,"< S =<",145/8),eq(off1(0),"*",koef1(1),"+",koef2(1),"*",base(50),"+",inc(10),"*",dur(145/8,"-",65/4)))
fholdsAtC(water_right,(275/4,"->",205/4),(145/8,"< S =<",19),eq(off1(0),"*",koef1(1),"+",koef2(1),"*",base(275/4),"+",inc(-20),"*",dur(19,"-",145/8)))
Assignment: [leftovers]
(water_left,0)=100
(water_right,0)=100
timeDiff(0,0)=0
timeDiff(0,1)=10
timeDiff(0,2)=25/2
timeDiff(0,3)=65/4
timeDiff(0,4)=145/8
timeDiff(0,5)=19
timeDiff(1,1)=0
timeDiff(1,2)=5/2
timeDiff(1,3)=25/4
timeDiff(1,4)=65/8
timeDiff(1,5)=9
timeDiff(2,2)=0
timeDiff(2,3)=15/4
timeDiff(2,4)=45/8
timeDiff(2,5)=13/2
timeDiff(3,3)=0
timeDiff(3,4)=15/8
timeDiff(3,5)=11/4
timeDiff(4,4)=0
timeDiff(4,5)=7/8
timeDiff(5,5)=0
SATISFIABLE

Models       : 1
Calls        : 1
Time         : 0.039s (Solving: 0.00s 1st Model: 0.00s Unsat: 0.00s)
CPU Time     : 0.025s

Command exited with non-zero status 30

  real      0:00.05
  real [s]  0.05
  user [s]  0.02
  sys  [s]  0.01
  mem  [KB] 9472
  avgm [KB] 0
