$ clingo-lpx --strict -n0 ../axioms/fdec-tdur.lp ../axioms/fdec-show.lp -c maxstep=8 -c maxtime=22 ./model-fixed-tdur.lp | ../utils/replace_assignments.sh | ../utils/make-readable.sh


clingo-lpx version 1.3.0
Reading from ../axioms/fdec-tdur.lp ...
Solving...
Answer: 1
(Time: 0.086s)
happens(switch_left,25/2)
happens(switch_left,145/8)
happens(switch_left,161/8)
happens(switch_right,65/4)
happens(switch_right,153/8)
happens(switch_right,169/8)
happens(start(right),10)
holdsAt(left_filling,(25/2,"< S =<",65/4))
holdsAt(left_filling,(145/8,"< S =<",153/8))
holdsAt(left_filling,(161/8,"< S =<",169/8))
holdsAt(right_filling,(10,"< S =<",25/2))
holdsAt(right_filling,(65/4,"< S =<",145/8))
holdsAt(right_filling,(153/8,"< S =<",161/8))
holdsAt(right_filling,(169/8,"< S =<",22))
releasedAt(water_left,(10,"< S =<",25/2))
releasedAt(water_left,(25/2,"< S =<",65/4))
releasedAt(water_left,(65/4,"< S =<",145/8))
releasedAt(water_left,(145/8,"< S =<",153/8))
releasedAt(water_left,(153/8,"< S =<",161/8))
releasedAt(water_left,(161/8,"< S =<",169/8))
releasedAt(water_left,(169/8,"< S =<",22))
releasedAt(water_right,(10,"< S =<",25/2))
releasedAt(water_right,(25/2,"< S =<",65/4))
releasedAt(water_right,(65/4,"< S =<",145/8))
releasedAt(water_right,(145/8,"< S =<",153/8))
releasedAt(water_right,(153/8,"< S =<",161/8))
releasedAt(water_right,(161/8,"< S =<",169/8))
releasedAt(water_right,(169/8,"< S =<",22))
fholdsAt(water_left,100,(0,"< S =<",10))
fholdsAt(water_left,50,(10,"< S =<",25/2))
fholdsAt(water_left,175/2,(25/2,"< S =<",65/4))
fholdsAt(water_left,50,(65/4,"< S =<",145/8))
fholdsAt(water_left,60,(145/8,"< S =<",153/8))
fholdsAt(water_left,40,(153/8,"< S =<",161/8))
fholdsAt(water_left,50,(161/8,"< S =<",169/8))
fholdsAt(water_left,65/2,(169/8,"< S =<",22))
fholdsAt(water_right,100,(0,"< S =<",10))
fholdsAt(water_right,125,(10,"< S =<",25/2))
fholdsAt(water_right,50,(25/2,"< S =<",65/4))
fholdsAt(water_right,275/4,(65/4,"< S =<",145/8))
fholdsAt(water_right,195/4,(145/8,"< S =<",153/8))
fholdsAt(water_right,235/4,(153/8,"< S =<",161/8))
fholdsAt(water_right,155/4,(161/8,"< S =<",169/8))
fholdsAt(water_right,95/2,(169/8,"< S =<",22))
Assignment: [leftovers]
(water_left,0)=100
(water_right,0)=100
timeDiff(0,0)=0
timeDiff(0,1)=10
timeDiff(0,2)=25/2
timeDiff(0,3)=65/4
timeDiff(0,4)=145/8
timeDiff(0,5)=153/8
timeDiff(0,6)=161/8
timeDiff(0,7)=169/8
timeDiff(0,8)=22
timeDiff(1,1)=0
timeDiff(1,2)=5/2
timeDiff(1,3)=25/4
timeDiff(1,4)=65/8
timeDiff(1,5)=73/8
timeDiff(1,6)=81/8
timeDiff(1,7)=89/8
timeDiff(1,8)=12
timeDiff(2,2)=0
timeDiff(2,3)=15/4
timeDiff(2,4)=45/8
timeDiff(2,5)=53/8
timeDiff(2,6)=61/8
timeDiff(2,7)=69/8
timeDiff(2,8)=19/2
timeDiff(3,3)=0
timeDiff(3,4)=15/8
timeDiff(3,5)=23/8
timeDiff(3,6)=31/8
timeDiff(3,7)=39/8
timeDiff(3,8)=23/4
timeDiff(4,4)=0
timeDiff(4,5)=1
timeDiff(4,6)=2
timeDiff(4,7)=3
timeDiff(4,8)=31/8
timeDiff(5,5)=0
timeDiff(5,6)=1
timeDiff(5,7)=2
timeDiff(5,8)=23/8
timeDiff(6,6)=0
timeDiff(6,7)=1
timeDiff(6,8)=15/8
timeDiff(7,7)=0
timeDiff(7,8)=7/8
timeDiff(8,8)=0
SATISFIABLE

Models       : 1
Calls        : 1
Time         : 0.086s (Solving: 0.04s 1st Model: 0.03s Unsat: 0.00s)
CPU Time     : 0.070s

Command exited with non-zero status 30

  real      0:00.09
  real [s]  0.09
  user [s]  0.06
  sys  [s]  0.01
  mem  [KB] 10112
  avgm [KB] 0
