$ clingo-lpx --strict -n0 ../axioms/fdec.lp -c maxstep=11 -c maxtime=1000 ./model-fixed.lp -c disablelaststep=1 | ../utils/replace_assignments.sh | ../utils/make-readable.sh


clingo-lpx version 1.3.0
Reading from ../axioms/fdec.lp ...
Solving...
Answer: 1
(Time: 1.628s)
happens(switch_left,25/2)
happens(switch_left,145/8)
happens(switch_left,161/8)
happens(switch_left,177/8)
happens(switch_right,65/4)
happens(switch_right,153/8)
happens(switch_right,169/8)
happens(start(right),10)
holdsAt(left_filling,(25/2,"< T =<",65/4))
holdsAt(left_filling,(145/8,"< T =<",305/16))
holdsAt(left_filling,(305/16,"< T =<",153/8))
holdsAt(left_filling,(161/8,"< T =<",329/16))
holdsAt(left_filling,(329/16,"< T =<",169/8))
holdsAt(right_filling,(10,"< T =<",25/2))
holdsAt(right_filling,(65/4,"< T =<",145/8))
holdsAt(right_filling,(153/8,"< T =<",157/8))
holdsAt(right_filling,(157/8,"< T =<",161/8))
holdsAt(right_filling,(169/8,"< T =<",177/8))
releasedAt(water_left,(10,"< T =<",25/2))
releasedAt(water_left,(25/2,"< T =<",65/4))
releasedAt(water_left,(65/4,"< T =<",145/8))
releasedAt(water_left,(145/8,"< T =<",305/16))
releasedAt(water_left,(305/16,"< T =<",153/8))
releasedAt(water_left,(153/8,"< T =<",157/8))
releasedAt(water_left,(157/8,"< T =<",161/8))
releasedAt(water_left,(161/8,"< T =<",329/16))
releasedAt(water_left,(329/16,"< T =<",169/8))
releasedAt(water_left,(169/8,"< T =<",177/8))
releasedAt(water_right,(10,"< T =<",25/2))
releasedAt(water_right,(25/2,"< T =<",65/4))
releasedAt(water_right,(65/4,"< T =<",145/8))
releasedAt(water_right,(145/8,"< T =<",305/16))
releasedAt(water_right,(305/16,"< T =<",153/8))
releasedAt(water_right,(153/8,"< T =<",157/8))
releasedAt(water_right,(157/8,"< T =<",161/8))
releasedAt(water_right,(161/8,"< T =<",329/16))
releasedAt(water_right,(329/16,"< T =<",169/8))
releasedAt(water_right,(169/8,"< T =<",177/8))
fholdsAt(water_left,100,(0,"< T =<",10))
fholdsAt(water_right,100,(0,"< T =<",10))
fholdsAtC(water_left,(100,"->",50),(10,"< T =<",25/2),eq(off2(0),"+",koef(1),"*",(base(100),"+",off1(0)),"+",inc(-20),"*",dur(25/2,"-",10)))
fholdsAtC(water_left,(50,"->",175/2),(25/2,"< T =<",65/4),eq(off2(0),"+",koef(1),"*",(base(50),"+",off1(0)),"+",inc(10),"*",dur(65/4,"-",25/2)))
fholdsAtC(water_left,(175/2,"->",50),(65/4,"< T =<",145/8),eq(off2(0),"+",koef(1),"*",(base(175/2),"+",off1(0)),"+",inc(-20),"*",dur(145/8,"-",65/4)))
fholdsAtC(water_left,(50,"->",475/8),(145/8,"< T =<",305/16),eq(off2(0),"+",koef(1),"*",(base(50),"+",off1(0)),"+",inc(10),"*",dur(305/16,"-",145/8)))
fholdsAtC(water_left,(475/8,"->",60),(305/16,"< T =<",153/8),eq(off2(0),"+",koef(1),"*",(base(50),"+",off1(0)),"+",inc(10),"*",dur(153/8,"-",145/8)))
fholdsAtC(water_left,(60,"->",50),(153/8,"< T =<",157/8),eq(off2(0),"+",koef(1),"*",(base(60),"+",off1(0)),"+",inc(-20),"*",dur(157/8,"-",153/8)))
fholdsAtC(water_left,(50,"->",40),(157/8,"< T =<",161/8),eq(off2(0),"+",koef(1),"*",(base(60),"+",off1(0)),"+",inc(-20),"*",dur(161/8,"-",153/8)))
fholdsAtC(water_left,(40,"->",355/8),(161/8,"< T =<",329/16),eq(off2(0),"+",koef(1),"*",(base(40),"+",off1(0)),"+",inc(10),"*",dur(329/16,"-",161/8)))
fholdsAtC(water_left,(355/8,"->",50),(329/16,"< T =<",169/8),eq(off2(0),"+",koef(1),"*",(base(40),"+",off1(0)),"+",inc(10),"*",dur(169/8,"-",161/8)))
fholdsAtC(water_left,(50,"->",30),(169/8,"< T =<",177/8),eq(off2(0),"+",koef(1),"*",(base(50),"+",off1(0)),"+",inc(-20),"*",dur(177/8,"-",169/8)))
fholdsAtC(water_right,(100,"->",125),(10,"< T =<",25/2),eq(off2(0),"+",koef(1),"*",(base(100),"+",off1(0)),"+",inc(10),"*",dur(25/2,"-",10)))
fholdsAtC(water_right,(125,"->",50),(25/2,"< T =<",65/4),eq(off2(0),"+",koef(1),"*",(base(125),"+",off1(0)),"+",inc(-20),"*",dur(65/4,"-",25/2)))
fholdsAtC(water_right,(50,"->",275/4),(65/4,"< T =<",145/8),eq(off2(0),"+",koef(1),"*",(base(50),"+",off1(0)),"+",inc(10),"*",dur(145/8,"-",65/4)))
fholdsAtC(water_right,(275/4,"->",50),(145/8,"< T =<",305/16),eq(off2(0),"+",koef(1),"*",(base(275/4),"+",off1(0)),"+",inc(-20),"*",dur(305/16,"-",145/8)))
fholdsAtC(water_right,(50,"->",195/4),(305/16,"< T =<",153/8),eq(off2(0),"+",koef(1),"*",(base(275/4),"+",off1(0)),"+",inc(-20),"*",dur(153/8,"-",145/8)))
fholdsAtC(water_right,(195/4,"->",215/4),(153/8,"< T =<",157/8),eq(off2(0),"+",koef(1),"*",(base(195/4),"+",off1(0)),"+",inc(10),"*",dur(157/8,"-",153/8)))
fholdsAtC(water_right,(215/4,"->",235/4),(157/8,"< T =<",161/8),eq(off2(0),"+",koef(1),"*",(base(195/4),"+",off1(0)),"+",inc(10),"*",dur(161/8,"-",153/8)))
fholdsAtC(water_right,(235/4,"->",50),(161/8,"< T =<",329/16),eq(off2(0),"+",koef(1),"*",(base(235/4),"+",off1(0)),"+",inc(-20),"*",dur(329/16,"-",161/8)))
fholdsAtC(water_right,(50,"->",155/4),(329/16,"< T =<",169/8),eq(off2(0),"+",koef(1),"*",(base(235/4),"+",off1(0)),"+",inc(-20),"*",dur(169/8,"-",161/8)))
fholdsAtC(water_right,(155/4,"->",195/4),(169/8,"< T =<",177/8),eq(off2(0),"+",koef(1),"*",(base(155/4),"+",off1(0)),"+",inc(10),"*",dur(177/8,"-",169/8)))
Assignment: [leftovers]
aux__leftFillDurAtStep(0,1)=0
aux__leftFillDurAtStep(0,2)=0
aux__leftFillDurAtStep(0,3)=0
aux__leftFillDurAtStep(0,4)=0
aux__leftFillDurAtStep(0,5)=0
aux__leftFillDurAtStep(0,6)=0
aux__leftFillDurAtStep(0,7)=0
aux__leftFillDurAtStep(0,8)=0
aux__leftFillDurAtStep(0,9)=0
aux__leftFillDurAtStep(0,10)=0
aux__leftFillDurAtStep(0,11)=0
aux__leftFillDurAtStep(1,2)=0
aux__leftFillDurAtStep(1,3)=0
aux__leftFillDurAtStep(1,4)=0
aux__leftFillDurAtStep(1,5)=0
aux__leftFillDurAtStep(1,6)=0
aux__leftFillDurAtStep(1,7)=0
aux__leftFillDurAtStep(1,8)=0
aux__leftFillDurAtStep(1,9)=0
aux__leftFillDurAtStep(1,10)=0
aux__leftFillDurAtStep(1,11)=0
aux__leftFillDurAtStep(2,3)=15/4
aux__leftFillDurAtStep(2,4)=0
aux__leftFillDurAtStep(2,5)=0
aux__leftFillDurAtStep(2,6)=0
aux__leftFillDurAtStep(2,7)=0
aux__leftFillDurAtStep(2,8)=0
aux__leftFillDurAtStep(2,9)=0
aux__leftFillDurAtStep(2,10)=0
aux__leftFillDurAtStep(2,11)=0
aux__leftFillDurAtStep(3,4)=0
aux__leftFillDurAtStep(3,5)=0
aux__leftFillDurAtStep(3,6)=0
aux__leftFillDurAtStep(3,7)=0
aux__leftFillDurAtStep(3,8)=0
aux__leftFillDurAtStep(3,9)=0
aux__leftFillDurAtStep(3,10)=0
aux__leftFillDurAtStep(3,11)=0
aux__leftFillDurAtStep(4,5)=15/16
aux__leftFillDurAtStep(4,6)=1
aux__leftFillDurAtStep(4,7)=0
aux__leftFillDurAtStep(4,8)=0
aux__leftFillDurAtStep(4,9)=0
aux__leftFillDurAtStep(4,10)=0
aux__leftFillDurAtStep(4,11)=0
aux__leftFillDurAtStep(5,6)=0
aux__leftFillDurAtStep(5,7)=0
aux__leftFillDurAtStep(5,8)=0
aux__leftFillDurAtStep(5,9)=0
aux__leftFillDurAtStep(5,10)=0
aux__leftFillDurAtStep(5,11)=0
aux__leftFillDurAtStep(6,7)=0
aux__leftFillDurAtStep(6,8)=0
aux__leftFillDurAtStep(6,9)=0
aux__leftFillDurAtStep(6,10)=0
aux__leftFillDurAtStep(6,11)=0
aux__leftFillDurAtStep(7,8)=0
aux__leftFillDurAtStep(7,9)=0
aux__leftFillDurAtStep(7,10)=0
aux__leftFillDurAtStep(7,11)=0
aux__leftFillDurAtStep(8,9)=7/16
aux__leftFillDurAtStep(8,10)=1
aux__leftFillDurAtStep(8,11)=0
aux__leftFillDurAtStep(9,10)=0
aux__leftFillDurAtStep(9,11)=0
aux__leftFillDurAtStep(10,11)=0
aux__rightFillDurAtStep(0,1)=0
aux__rightFillDurAtStep(0,2)=0
aux__rightFillDurAtStep(0,3)=0
aux__rightFillDurAtStep(0,4)=0
aux__rightFillDurAtStep(0,5)=0
aux__rightFillDurAtStep(0,6)=0
aux__rightFillDurAtStep(0,7)=0
aux__rightFillDurAtStep(0,8)=0
aux__rightFillDurAtStep(0,9)=0
aux__rightFillDurAtStep(0,10)=0
aux__rightFillDurAtStep(0,11)=0
aux__rightFillDurAtStep(1,2)=5/2
aux__rightFillDurAtStep(1,3)=0
aux__rightFillDurAtStep(1,4)=0
aux__rightFillDurAtStep(1,5)=0
aux__rightFillDurAtStep(1,6)=0
aux__rightFillDurAtStep(1,7)=0
aux__rightFillDurAtStep(1,8)=0
aux__rightFillDurAtStep(1,9)=0
aux__rightFillDurAtStep(1,10)=0
aux__rightFillDurAtStep(1,11)=0
aux__rightFillDurAtStep(2,3)=0
aux__rightFillDurAtStep(2,4)=0
aux__rightFillDurAtStep(2,5)=0
aux__rightFillDurAtStep(2,6)=0
aux__rightFillDurAtStep(2,7)=0
aux__rightFillDurAtStep(2,8)=0
aux__rightFillDurAtStep(2,9)=0
aux__rightFillDurAtStep(2,10)=0
aux__rightFillDurAtStep(2,11)=0
aux__rightFillDurAtStep(3,4)=15/8
aux__rightFillDurAtStep(3,5)=0
aux__rightFillDurAtStep(3,6)=0
aux__rightFillDurAtStep(3,7)=0
aux__rightFillDurAtStep(3,8)=0
aux__rightFillDurAtStep(3,9)=0
aux__rightFillDurAtStep(3,10)=0
aux__rightFillDurAtStep(3,11)=0
aux__rightFillDurAtStep(4,5)=0
aux__rightFillDurAtStep(4,6)=0
aux__rightFillDurAtStep(4,7)=0
aux__rightFillDurAtStep(4,8)=0
aux__rightFillDurAtStep(4,9)=0
aux__rightFillDurAtStep(4,10)=0
aux__rightFillDurAtStep(4,11)=0
aux__rightFillDurAtStep(5,6)=0
aux__rightFillDurAtStep(5,7)=0
aux__rightFillDurAtStep(5,8)=0
aux__rightFillDurAtStep(5,9)=0
aux__rightFillDurAtStep(5,10)=0
aux__rightFillDurAtStep(5,11)=0
aux__rightFillDurAtStep(6,7)=1/2
aux__rightFillDurAtStep(6,8)=1
aux__rightFillDurAtStep(6,9)=0
aux__rightFillDurAtStep(6,10)=0
aux__rightFillDurAtStep(6,11)=0
aux__rightFillDurAtStep(7,8)=0
aux__rightFillDurAtStep(7,9)=0
aux__rightFillDurAtStep(7,10)=0
aux__rightFillDurAtStep(7,11)=0
aux__rightFillDurAtStep(8,9)=0
aux__rightFillDurAtStep(8,10)=0
aux__rightFillDurAtStep(8,11)=0
aux__rightFillDurAtStep(9,10)=0
aux__rightFillDurAtStep(9,11)=0
aux__rightFillDurAtStep(10,11)=1
fholdsAt(water_left,0)=100
fholdsAt(water_right,0)=100
SATISFIABLE

Models       : 1
Calls        : 1
Time         : 1.629s (Solving: 1.55s 1st Model: 1.55s Unsat: 0.00s)
CPU Time     : 1.613s

Command exited with non-zero status 30

  real      0:01.64
  real [s]  1.64
  user [s]  1.61
  sys  [s]  0.01
  mem  [KB] 12276
  avgm [KB] 0
