$ clingo-lpx --strict -n0 ../axioms/fdec.lp ../axioms/fdec-show.lp -c maxstep=50 -c maxtime=1000 ./model.lp -c disablelaststep=1 | ../utils/replace_assignments.sh | ../utils/make-readable.sh


clingo-lpx version 1.3.0
Reading from ../axioms/fdec.lp ...
Solving...
Answer: 1
(Time: 18.681s)
happens(switch_left,25/2)
happens(switch_left,145/8)
happens(switch_left,625/32)
happens(switch_left,2545/128)
happens(switch_left,10225/512)
happens(switch_left,40945/2048)
happens(switch_left,163825/8192)
happens(switch_left,655345/32768)
happens(switch_left,2621425/131072)
happens(switch_left,10485745/524288)
happens(switch_left,41943025/2097152)
happens(switch_left,167772145/8388608)
happens(switch_left,671088625/33554432)
happens(switch_left,2684354545/134217728)
happens(switch_left,10737418225/536870912)
happens(switch_left,42949672945/2147483648)
happens(switch_left,171798691825/8589934592)
happens(switch_left,687194767345/34359738368)
happens(switch_left,2748779069425/137438953472)
happens(switch_left,10995116277745/549755813888)
happens(switch_left,43980465111025/2199023255552)
happens(switch_left,175921860444145/8796093022208)
happens(switch_left,703687441776625/35184372088832)
happens(switch_left,2814749767106545/140737488355328)
happens(switch_left,11258999068426225/562949953421312)
happens(switch_right,65/4)
happens(switch_right,305/16)
happens(switch_right,1265/64)
happens(switch_right,5105/256)
happens(switch_right,20465/1024)
happens(switch_right,81905/4096)
happens(switch_right,327665/16384)
happens(switch_right,1310705/65536)
happens(switch_right,5242865/262144)
happens(switch_right,20971505/1048576)
happens(switch_right,83886065/4194304)
happens(switch_right,335544305/16777216)
happens(switch_right,1342177265/67108864)
happens(switch_right,5368709105/268435456)
happens(switch_right,21474836465/1073741824)
happens(switch_right,85899345905/4294967296)
happens(switch_right,343597383665/17179869184)
happens(switch_right,1374389534705/68719476736)
happens(switch_right,5497558138865/274877906944)
happens(switch_right,21990232555505/1099511627776)
happens(switch_right,87960930222065/4398046511104)
happens(switch_right,351843720888305/17592186044416)
happens(switch_right,1407374883553265/70368744177664)
happens(switch_right,5629499534213105/281474976710656)
happens(start(right),10)
holdsAt(left_filling,(25/2,"< T =<",65/4))
holdsAt(left_filling,(145/8,"< T =<",305/16))
holdsAt(left_filling,(625/32,"< T =<",1265/64))
holdsAt(left_filling,(2545/128,"< T =<",5105/256))
holdsAt(left_filling,(10225/512,"< T =<",20465/1024))
holdsAt(left_filling,(40945/2048,"< T =<",81905/4096))
holdsAt(left_filling,(163825/8192,"< T =<",327665/16384))
holdsAt(left_filling,(655345/32768,"< T =<",1310705/65536))
holdsAt(left_filling,(2621425/131072,"< T =<",5242865/262144))
holdsAt(left_filling,(10485745/524288,"< T =<",20971505/1048576))
holdsAt(left_filling,(41943025/2097152,"< T =<",83886065/4194304))
holdsAt(left_filling,(167772145/8388608,"< T =<",335544305/16777216))
holdsAt(left_filling,(671088625/33554432,"< T =<",1342177265/67108864))
holdsAt(left_filling,(2684354545/134217728,"< T =<",5368709105/268435456))
holdsAt(left_filling,(10737418225/536870912,"< T =<",21474836465/1073741824))
holdsAt(left_filling,(42949672945/2147483648,"< T =<",85899345905/4294967296))
holdsAt(left_filling,(171798691825/8589934592,"< T =<",343597383665/17179869184))
holdsAt(left_filling,(687194767345/34359738368,"< T =<",1374389534705/68719476736))
holdsAt(left_filling,(2748779069425/137438953472,"< T =<",5497558138865/274877906944))
holdsAt(left_filling,(10995116277745/549755813888,"< T =<",21990232555505/1099511627776))
holdsAt(left_filling,(43980465111025/2199023255552,"< T =<",87960930222065/4398046511104))
holdsAt(left_filling,(175921860444145/8796093022208,"< T =<",351843720888305/17592186044416))
holdsAt(left_filling,(703687441776625/35184372088832,"< T =<",1407374883553265/70368744177664))
holdsAt(left_filling,(2814749767106545/140737488355328,"< T =<",5629499534213105/281474976710656))
holdsAt(right_filling,(10,"< T =<",25/2))
holdsAt(right_filling,(65/4,"< T =<",145/8))
holdsAt(right_filling,(305/16,"< T =<",625/32))
holdsAt(right_filling,(1265/64,"< T =<",2545/128))
holdsAt(right_filling,(5105/256,"< T =<",10225/512))
holdsAt(right_filling,(20465/1024,"< T =<",40945/2048))
holdsAt(right_filling,(81905/4096,"< T =<",163825/8192))
holdsAt(right_filling,(327665/16384,"< T =<",655345/32768))
holdsAt(right_filling,(1310705/65536,"< T =<",2621425/131072))
holdsAt(right_filling,(5242865/262144,"< T =<",10485745/524288))
holdsAt(right_filling,(20971505/1048576,"< T =<",41943025/2097152))
holdsAt(right_filling,(83886065/4194304,"< T =<",167772145/8388608))
holdsAt(right_filling,(335544305/16777216,"< T =<",671088625/33554432))
holdsAt(right_filling,(1342177265/67108864,"< T =<",2684354545/134217728))
holdsAt(right_filling,(5368709105/268435456,"< T =<",10737418225/536870912))
holdsAt(right_filling,(21474836465/1073741824,"< T =<",42949672945/2147483648))
holdsAt(right_filling,(85899345905/4294967296,"< T =<",171798691825/8589934592))
holdsAt(right_filling,(343597383665/17179869184,"< T =<",687194767345/34359738368))
holdsAt(right_filling,(1374389534705/68719476736,"< T =<",2748779069425/137438953472))
holdsAt(right_filling,(5497558138865/274877906944,"< T =<",10995116277745/549755813888))
holdsAt(right_filling,(21990232555505/1099511627776,"< T =<",43980465111025/2199023255552))
holdsAt(right_filling,(87960930222065/4398046511104,"< T =<",175921860444145/8796093022208))
holdsAt(right_filling,(351843720888305/17592186044416,"< T =<",703687441776625/35184372088832))
holdsAt(right_filling,(1407374883553265/70368744177664,"< T =<",2814749767106545/140737488355328))
holdsAt(right_filling,(5629499534213105/281474976710656,"< T =<",11258999068426225/562949953421312))
releasedAt(water_left,(10,"< T =<",25/2))
releasedAt(water_left,(25/2,"< T =<",65/4))
releasedAt(water_left,(65/4,"< T =<",145/8))
releasedAt(water_left,(145/8,"< T =<",305/16))
releasedAt(water_left,(305/16,"< T =<",625/32))
releasedAt(water_left,(625/32,"< T =<",1265/64))
releasedAt(water_left,(1265/64,"< T =<",2545/128))
releasedAt(water_left,(2545/128,"< T =<",5105/256))
releasedAt(water_left,(5105/256,"< T =<",10225/512))
releasedAt(water_left,(10225/512,"< T =<",20465/1024))
releasedAt(water_left,(20465/1024,"< T =<",40945/2048))
releasedAt(water_left,(40945/2048,"< T =<",81905/4096))
releasedAt(water_left,(81905/4096,"< T =<",163825/8192))
releasedAt(water_left,(163825/8192,"< T =<",327665/16384))
releasedAt(water_left,(327665/16384,"< T =<",655345/32768))
releasedAt(water_left,(655345/32768,"< T =<",1310705/65536))
releasedAt(water_left,(1310705/65536,"< T =<",2621425/131072))
releasedAt(water_left,(2621425/131072,"< T =<",5242865/262144))
releasedAt(water_left,(5242865/262144,"< T =<",10485745/524288))
releasedAt(water_left,(10485745/524288,"< T =<",20971505/1048576))
releasedAt(water_left,(20971505/1048576,"< T =<",41943025/2097152))
releasedAt(water_left,(41943025/2097152,"< T =<",83886065/4194304))
releasedAt(water_left,(83886065/4194304,"< T =<",167772145/8388608))
releasedAt(water_left,(167772145/8388608,"< T =<",335544305/16777216))
releasedAt(water_left,(335544305/16777216,"< T =<",671088625/33554432))
releasedAt(water_left,(671088625/33554432,"< T =<",1342177265/67108864))
releasedAt(water_left,(1342177265/67108864,"< T =<",2684354545/134217728))
releasedAt(water_left,(2684354545/134217728,"< T =<",5368709105/268435456))
releasedAt(water_left,(5368709105/268435456,"< T =<",10737418225/536870912))
releasedAt(water_left,(10737418225/536870912,"< T =<",21474836465/1073741824))
releasedAt(water_left,(21474836465/1073741824,"< T =<",42949672945/2147483648))
releasedAt(water_left,(42949672945/2147483648,"< T =<",85899345905/4294967296))
releasedAt(water_left,(85899345905/4294967296,"< T =<",171798691825/8589934592))
releasedAt(water_left,(171798691825/8589934592,"< T =<",343597383665/17179869184))
releasedAt(water_left,(343597383665/17179869184,"< T =<",687194767345/34359738368))
releasedAt(water_left,(687194767345/34359738368,"< T =<",1374389534705/68719476736))
releasedAt(water_left,(1374389534705/68719476736,"< T =<",2748779069425/137438953472))
releasedAt(water_left,(2748779069425/137438953472,"< T =<",5497558138865/274877906944))
releasedAt(water_left,(5497558138865/274877906944,"< T =<",10995116277745/549755813888))
releasedAt(water_left,(10995116277745/549755813888,"< T =<",21990232555505/1099511627776))
releasedAt(water_left,(21990232555505/1099511627776,"< T =<",43980465111025/2199023255552))
releasedAt(water_left,(43980465111025/2199023255552,"< T =<",87960930222065/4398046511104))
releasedAt(water_left,(87960930222065/4398046511104,"< T =<",175921860444145/8796093022208))
releasedAt(water_left,(175921860444145/8796093022208,"< T =<",351843720888305/17592186044416))
releasedAt(water_left,(351843720888305/17592186044416,"< T =<",703687441776625/35184372088832))
releasedAt(water_left,(703687441776625/35184372088832,"< T =<",1407374883553265/70368744177664))
releasedAt(water_left,(1407374883553265/70368744177664,"< T =<",2814749767106545/140737488355328))
releasedAt(water_left,(2814749767106545/140737488355328,"< T =<",5629499534213105/281474976710656))
releasedAt(water_left,(5629499534213105/281474976710656,"< T =<",11258999068426225/562949953421312))
releasedAt(water_right,(10,"< T =<",25/2))
releasedAt(water_right,(25/2,"< T =<",65/4))
releasedAt(water_right,(65/4,"< T =<",145/8))
releasedAt(water_right,(145/8,"< T =<",305/16))
releasedAt(water_right,(305/16,"< T =<",625/32))
releasedAt(water_right,(625/32,"< T =<",1265/64))
releasedAt(water_right,(1265/64,"< T =<",2545/128))
releasedAt(water_right,(2545/128,"< T =<",5105/256))
releasedAt(water_right,(5105/256,"< T =<",10225/512))
releasedAt(water_right,(10225/512,"< T =<",20465/1024))
releasedAt(water_right,(20465/1024,"< T =<",40945/2048))
releasedAt(water_right,(40945/2048,"< T =<",81905/4096))
releasedAt(water_right,(81905/4096,"< T =<",163825/8192))
releasedAt(water_right,(163825/8192,"< T =<",327665/16384))
releasedAt(water_right,(327665/16384,"< T =<",655345/32768))
releasedAt(water_right,(655345/32768,"< T =<",1310705/65536))
releasedAt(water_right,(1310705/65536,"< T =<",2621425/131072))
releasedAt(water_right,(2621425/131072,"< T =<",5242865/262144))
releasedAt(water_right,(5242865/262144,"< T =<",10485745/524288))
releasedAt(water_right,(10485745/524288,"< T =<",20971505/1048576))
releasedAt(water_right,(20971505/1048576,"< T =<",41943025/2097152))
releasedAt(water_right,(41943025/2097152,"< T =<",83886065/4194304))
releasedAt(water_right,(83886065/4194304,"< T =<",167772145/8388608))
releasedAt(water_right,(167772145/8388608,"< T =<",335544305/16777216))
releasedAt(water_right,(335544305/16777216,"< T =<",671088625/33554432))
releasedAt(water_right,(671088625/33554432,"< T =<",1342177265/67108864))
releasedAt(water_right,(1342177265/67108864,"< T =<",2684354545/134217728))
releasedAt(water_right,(2684354545/134217728,"< T =<",5368709105/268435456))
releasedAt(water_right,(5368709105/268435456,"< T =<",10737418225/536870912))
releasedAt(water_right,(10737418225/536870912,"< T =<",21474836465/1073741824))
releasedAt(water_right,(21474836465/1073741824,"< T =<",42949672945/2147483648))
releasedAt(water_right,(42949672945/2147483648,"< T =<",85899345905/4294967296))
releasedAt(water_right,(85899345905/4294967296,"< T =<",171798691825/8589934592))
releasedAt(water_right,(171798691825/8589934592,"< T =<",343597383665/17179869184))
releasedAt(water_right,(343597383665/17179869184,"< T =<",687194767345/34359738368))
releasedAt(water_right,(687194767345/34359738368,"< T =<",1374389534705/68719476736))
releasedAt(water_right,(1374389534705/68719476736,"< T =<",2748779069425/137438953472))
releasedAt(water_right,(2748779069425/137438953472,"< T =<",5497558138865/274877906944))
releasedAt(water_right,(5497558138865/274877906944,"< T =<",10995116277745/549755813888))
releasedAt(water_right,(10995116277745/549755813888,"< T =<",21990232555505/1099511627776))
releasedAt(water_right,(21990232555505/1099511627776,"< T =<",43980465111025/2199023255552))
releasedAt(water_right,(43980465111025/2199023255552,"< T =<",87960930222065/4398046511104))
releasedAt(water_right,(87960930222065/4398046511104,"< T =<",175921860444145/8796093022208))
releasedAt(water_right,(175921860444145/8796093022208,"< T =<",351843720888305/17592186044416))
releasedAt(water_right,(351843720888305/17592186044416,"< T =<",703687441776625/35184372088832))
releasedAt(water_right,(703687441776625/35184372088832,"< T =<",1407374883553265/70368744177664))
releasedAt(water_right,(1407374883553265/70368744177664,"< T =<",2814749767106545/140737488355328))
releasedAt(water_right,(2814749767106545/140737488355328,"< T =<",5629499534213105/281474976710656))
releasedAt(water_right,(5629499534213105/281474976710656,"< T =<",11258999068426225/562949953421312))
fholdsAt(water_left,100,(0,"< T =<",10))
fholdsAt(water_right,100,(0,"< T =<",10))
fholdsAtC(water_left,(100,"->",50),(10,"< T =<",25/2),eq(off1(0),"*",koef1(1),"+",koef2(1),"*",base(100),"+",inc(-20),"*",dur(25/2,"-",10)))
fholdsAtC(water_left,(50,"->",175/2),(25/2,"< T =<",65/4),eq(off1(0),"*",koef1(1),"+",koef2(1),"*",base(50),"+",inc(10),"*",dur(65/4,"-",25/2)))
fholdsAtC(water_left,(175/2,"->",50),(65/4,"< T =<",145/8),eq(off1(0),"*",koef1(1),"+",koef2(1),"*",base(175/2),"+",inc(-20),"*",dur(145/8,"-",65/4)))
fholdsAtC(water_left,(50,"->",475/8),(145/8,"< T =<",305/16),eq(off1(0),"*",koef1(1),"+",koef2(1),"*",base(50),"+",inc(10),"*",dur(305/16,"-",145/8)))
fholdsAtC(water_left,(475/8,"->",50),(305/16,"< T =<",625/32),eq(off1(0),"*",koef1(1),"+",koef2(1),"*",base(475/8),"+",inc(-20),"*",dur(625/32,"-",305/16)))
fholdsAtC(water_left,(50,"->",1675/32),(625/32,"< T =<",1265/64),eq(off1(0),"*",koef1(1),"+",koef2(1),"*",base(50),"+",inc(10),"*",dur(1265/64,"-",625/32)))
fholdsAtC(water_left,(1675/32,"->",50),(1265/64,"< T =<",2545/128),eq(off1(0),"*",koef1(1),"+",koef2(1),"*",base(1675/32),"+",inc(-20),"*",dur(2545/128,"-",1265/64)))
fholdsAtC(water_left,(50,"->",6475/128),(2545/128,"< T =<",5105/256),eq(off1(0),"*",koef1(1),"+",koef2(1),"*",base(50),"+",inc(10),"*",dur(5105/256,"-",2545/128)))
fholdsAtC(water_left,(6475/128,"->",50),(5105/256,"< T =<",10225/512),eq(off1(0),"*",koef1(1),"+",koef2(1),"*",base(6475/128),"+",inc(-20),"*",dur(10225/512,"-",5105/256)))
fholdsAtC(water_left,(50,"->",25675/512),(10225/512,"< T =<",20465/1024),eq(off1(0),"*",koef1(1),"+",koef2(1),"*",base(50),"+",inc(10),"*",dur(20465/1024,"-",10225/512)))
fholdsAtC(water_left,(25675/512,"->",50),(20465/1024,"< T =<",40945/2048),eq(off1(0),"*",koef1(1),"+",koef2(1),"*",base(25675/512),"+",inc(-20),"*",dur(40945/2048,"-",20465/1024)))
fholdsAtC(water_left,(50,"->",102475/2048),(40945/2048,"< T =<",81905/4096),eq(off1(0),"*",koef1(1),"+",koef2(1),"*",base(50),"+",inc(10),"*",dur(81905/4096,"-",40945/2048)))
fholdsAtC(water_left,(102475/2048,"->",50),(81905/4096,"< T =<",163825/8192),eq(off1(0),"*",koef1(1),"+",koef2(1),"*",base(102475/2048),"+",inc(-20),"*",dur(163825/8192,"-",81905/4096)))
fholdsAtC(water_left,(50,"->",409675/8192),(163825/8192,"< T =<",327665/16384),eq(off1(0),"*",koef1(1),"+",koef2(1),"*",base(50),"+",inc(10),"*",dur(327665/16384,"-",163825/8192)))
fholdsAtC(water_left,(409675/8192,"->",50),(327665/16384,"< T =<",655345/32768),eq(off1(0),"*",koef1(1),"+",koef2(1),"*",base(409675/8192),"+",inc(-20),"*",dur(655345/32768,"-",327665/16384)))
fholdsAtC(water_left,(50,"->",1638475/32768),(655345/32768,"< T =<",1310705/65536),eq(off1(0),"*",koef1(1),"+",koef2(1),"*",base(50),"+",inc(10),"*",dur(1310705/65536,"-",655345/32768)))
fholdsAtC(water_left,(1638475/32768,"->",50),(1310705/65536,"< T =<",2621425/131072),eq(off1(0),"*",koef1(1),"+",koef2(1),"*",base(1638475/32768),"+",inc(-20),"*",dur(2621425/131072,"-",1310705/65536)))
fholdsAtC(water_left,(50,"->",6553675/131072),(2621425/131072,"< T =<",5242865/262144),eq(off1(0),"*",koef1(1),"+",koef2(1),"*",base(50),"+",inc(10),"*",dur(5242865/262144,"-",2621425/131072)))
fholdsAtC(water_left,(6553675/131072,"->",50),(5242865/262144,"< T =<",10485745/524288),eq(off1(0),"*",koef1(1),"+",koef2(1),"*",base(6553675/131072),"+",inc(-20),"*",dur(10485745/524288,"-",5242865/262144)))
fholdsAtC(water_left,(50,"->",26214475/524288),(10485745/524288,"< T =<",20971505/1048576),eq(off1(0),"*",koef1(1),"+",koef2(1),"*",base(50),"+",inc(10),"*",dur(20971505/1048576,"-",10485745/524288)))
fholdsAtC(water_left,(26214475/524288,"->",50),(20971505/1048576,"< T =<",41943025/2097152),eq(off1(0),"*",koef1(1),"+",koef2(1),"*",base(26214475/524288),"+",inc(-20),"*",dur(41943025/2097152,"-",20971505/1048576)))
fholdsAtC(water_left,(50,"->",104857675/2097152),(41943025/2097152,"< T =<",83886065/4194304),eq(off1(0),"*",koef1(1),"+",koef2(1),"*",base(50),"+",inc(10),"*",dur(83886065/4194304,"-",41943025/2097152)))
fholdsAtC(water_left,(104857675/2097152,"->",50),(83886065/4194304,"< T =<",167772145/8388608),eq(off1(0),"*",koef1(1),"+",koef2(1),"*",base(104857675/2097152),"+",inc(-20),"*",dur(167772145/8388608,"-",83886065/4194304)))
fholdsAtC(water_left,(50,"->",419430475/8388608),(167772145/8388608,"< T =<",335544305/16777216),eq(off1(0),"*",koef1(1),"+",koef2(1),"*",base(50),"+",inc(10),"*",dur(335544305/16777216,"-",167772145/8388608)))
fholdsAtC(water_left,(419430475/8388608,"->",50),(335544305/16777216,"< T =<",671088625/33554432),eq(off1(0),"*",koef1(1),"+",koef2(1),"*",base(419430475/8388608),"+",inc(-20),"*",dur(671088625/33554432,"-",335544305/16777216)))
fholdsAtC(water_left,(50,"->",1677721675/33554432),(671088625/33554432,"< T =<",1342177265/67108864),eq(off1(0),"*",koef1(1),"+",koef2(1),"*",base(50),"+",inc(10),"*",dur(1342177265/67108864,"-",671088625/33554432)))
fholdsAtC(water_left,(1677721675/33554432,"->",50),(1342177265/67108864,"< T =<",2684354545/134217728),eq(off1(0),"*",koef1(1),"+",koef2(1),"*",base(1677721675/33554432),"+",inc(-20),"*",dur(2684354545/134217728,"-",1342177265/67108864)))
fholdsAtC(water_left,(50,"->",6710886475/134217728),(2684354545/134217728,"< T =<",5368709105/268435456),eq(off1(0),"*",koef1(1),"+",koef2(1),"*",base(50),"+",inc(10),"*",dur(5368709105/268435456,"-",2684354545/134217728)))
fholdsAtC(water_left,(6710886475/134217728,"->",50),(5368709105/268435456,"< T =<",10737418225/536870912),eq(off1(0),"*",koef1(1),"+",koef2(1),"*",base(6710886475/134217728),"+",inc(-20),"*",dur(10737418225/536870912,"-",5368709105/268435456)))
fholdsAtC(water_left,(50,"->",26843545675/536870912),(10737418225/536870912,"< T =<",21474836465/1073741824),eq(off1(0),"*",koef1(1),"+",koef2(1),"*",base(50),"+",inc(10),"*",dur(21474836465/1073741824,"-",10737418225/536870912)))
fholdsAtC(water_left,(26843545675/536870912,"->",50),(21474836465/1073741824,"< T =<",42949672945/2147483648),eq(off1(0),"*",koef1(1),"+",koef2(1),"*",base(26843545675/536870912),"+",inc(-20),"*",dur(42949672945/2147483648,"-",21474836465/1073741824)))
fholdsAtC(water_left,(50,"->",107374182475/2147483648),(42949672945/2147483648,"< T =<",85899345905/4294967296),eq(off1(0),"*",koef1(1),"+",koef2(1),"*",base(50),"+",inc(10),"*",dur(85899345905/4294967296,"-",42949672945/2147483648)))
fholdsAtC(water_left,(107374182475/2147483648,"->",50),(85899345905/4294967296,"< T =<",171798691825/8589934592),eq(off1(0),"*",koef1(1),"+",koef2(1),"*",base(107374182475/2147483648),"+",inc(-20),"*",dur(171798691825/8589934592,"-",85899345905/4294967296)))
fholdsAtC(water_left,(50,"->",429496729675/8589934592),(171798691825/8589934592,"< T =<",343597383665/17179869184),eq(off1(0),"*",koef1(1),"+",koef2(1),"*",base(50),"+",inc(10),"*",dur(343597383665/17179869184,"-",171798691825/8589934592)))
fholdsAtC(water_left,(429496729675/8589934592,"->",50),(343597383665/17179869184,"< T =<",687194767345/34359738368),eq(off1(0),"*",koef1(1),"+",koef2(1),"*",base(429496729675/8589934592),"+",inc(-20),"*",dur(687194767345/34359738368,"-",343597383665/17179869184)))
fholdsAtC(water_left,(50,"->",1717986918475/34359738368),(687194767345/34359738368,"< T =<",1374389534705/68719476736),eq(off1(0),"*",koef1(1),"+",koef2(1),"*",base(50),"+",inc(10),"*",dur(1374389534705/68719476736,"-",687194767345/34359738368)))
fholdsAtC(water_left,(1717986918475/34359738368,"->",50),(1374389534705/68719476736,"< T =<",2748779069425/137438953472),eq(off1(0),"*",koef1(1),"+",koef2(1),"*",base(1717986918475/34359738368),"+",inc(-20),"*",dur(2748779069425/137438953472,"-",1374389534705/68719476736)))
fholdsAtC(water_left,(50,"->",6871947673675/137438953472),(2748779069425/137438953472,"< T =<",5497558138865/274877906944),eq(off1(0),"*",koef1(1),"+",koef2(1),"*",base(50),"+",inc(10),"*",dur(5497558138865/274877906944,"-",2748779069425/137438953472)))
fholdsAtC(water_left,(6871947673675/137438953472,"->",50),(5497558138865/274877906944,"< T =<",10995116277745/549755813888),eq(off1(0),"*",koef1(1),"+",koef2(1),"*",base(6871947673675/137438953472),"+",inc(-20),"*",dur(10995116277745/549755813888,"-",5497558138865/274877906944)))
fholdsAtC(water_left,(50,"->",27487790694475/549755813888),(10995116277745/549755813888,"< T =<",21990232555505/1099511627776),eq(off1(0),"*",koef1(1),"+",koef2(1),"*",base(50),"+",inc(10),"*",dur(21990232555505/1099511627776,"-",10995116277745/549755813888)))
fholdsAtC(water_left,(27487790694475/549755813888,"->",50),(21990232555505/1099511627776,"< T =<",43980465111025/2199023255552),eq(off1(0),"*",koef1(1),"+",koef2(1),"*",base(27487790694475/549755813888),"+",inc(-20),"*",dur(43980465111025/2199023255552,"-",21990232555505/1099511627776)))
fholdsAtC(water_left,(50,"->",109951162777675/2199023255552),(43980465111025/2199023255552,"< T =<",87960930222065/4398046511104),eq(off1(0),"*",koef1(1),"+",koef2(1),"*",base(50),"+",inc(10),"*",dur(87960930222065/4398046511104,"-",43980465111025/2199023255552)))
fholdsAtC(water_left,(109951162777675/2199023255552,"->",50),(87960930222065/4398046511104,"< T =<",175921860444145/8796093022208),eq(off1(0),"*",koef1(1),"+",koef2(1),"*",base(109951162777675/2199023255552),"+",inc(-20),"*",dur(175921860444145/8796093022208,"-",87960930222065/4398046511104)))
fholdsAtC(water_left,(50,"->",439804651110475/8796093022208),(175921860444145/8796093022208,"< T =<",351843720888305/17592186044416),eq(off1(0),"*",koef1(1),"+",koef2(1),"*",base(50),"+",inc(10),"*",dur(351843720888305/17592186044416,"-",175921860444145/8796093022208)))
fholdsAtC(water_left,(439804651110475/8796093022208,"->",50),(351843720888305/17592186044416,"< T =<",703687441776625/35184372088832),eq(off1(0),"*",koef1(1),"+",koef2(1),"*",base(439804651110475/8796093022208),"+",inc(-20),"*",dur(703687441776625/35184372088832,"-",351843720888305/17592186044416)))
fholdsAtC(water_left,(50,"->",1759218604441675/35184372088832),(703687441776625/35184372088832,"< T =<",1407374883553265/70368744177664),eq(off1(0),"*",koef1(1),"+",koef2(1),"*",base(50),"+",inc(10),"*",dur(1407374883553265/70368744177664,"-",703687441776625/35184372088832)))
fholdsAtC(water_left,(1759218604441675/35184372088832,"->",50),(1407374883553265/70368744177664,"< T =<",2814749767106545/140737488355328),eq(off1(0),"*",koef1(1),"+",koef2(1),"*",base(1759218604441675/35184372088832),"+",inc(-20),"*",dur(2814749767106545/140737488355328,"-",1407374883553265/70368744177664)))
fholdsAtC(water_left,(50,"->",7036874417766475/140737488355328),(2814749767106545/140737488355328,"< T =<",5629499534213105/281474976710656),eq(off1(0),"*",koef1(1),"+",koef2(1),"*",base(50),"+",inc(10),"*",dur(5629499534213105/281474976710656,"-",2814749767106545/140737488355328)))
fholdsAtC(water_left,(7036874417766475/140737488355328,"->",50),(5629499534213105/281474976710656,"< T =<",11258999068426225/562949953421312),eq(off1(0),"*",koef1(1),"+",koef2(1),"*",base(7036874417766475/140737488355328),"+",inc(-20),"*",dur(11258999068426225/562949953421312,"-",5629499534213105/281474976710656)))
fholdsAtC(water_right,(100,"->",125),(10,"< T =<",25/2),eq(off1(0),"*",koef1(1),"+",koef2(1),"*",base(100),"+",inc(10),"*",dur(25/2,"-",10)))
fholdsAtC(water_right,(125,"->",50),(25/2,"< T =<",65/4),eq(off1(0),"*",koef1(1),"+",koef2(1),"*",base(125),"+",inc(-20),"*",dur(65/4,"-",25/2)))
fholdsAtC(water_right,(50,"->",275/4),(65/4,"< T =<",145/8),eq(off1(0),"*",koef1(1),"+",koef2(1),"*",base(50),"+",inc(10),"*",dur(145/8,"-",65/4)))
fholdsAtC(water_right,(275/4,"->",50),(145/8,"< T =<",305/16),eq(off1(0),"*",koef1(1),"+",koef2(1),"*",base(275/4),"+",inc(-20),"*",dur(305/16,"-",145/8)))
fholdsAtC(water_right,(50,"->",875/16),(305/16,"< T =<",625/32),eq(off1(0),"*",koef1(1),"+",koef2(1),"*",base(50),"+",inc(10),"*",dur(625/32,"-",305/16)))
fholdsAtC(water_right,(875/16,"->",50),(625/32,"< T =<",1265/64),eq(off1(0),"*",koef1(1),"+",koef2(1),"*",base(875/16),"+",inc(-20),"*",dur(1265/64,"-",625/32)))
fholdsAtC(water_right,(50,"->",3275/64),(1265/64,"< T =<",2545/128),eq(off1(0),"*",koef1(1),"+",koef2(1),"*",base(50),"+",inc(10),"*",dur(2545/128,"-",1265/64)))
fholdsAtC(water_right,(3275/64,"->",50),(2545/128,"< T =<",5105/256),eq(off1(0),"*",koef1(1),"+",koef2(1),"*",base(3275/64),"+",inc(-20),"*",dur(5105/256,"-",2545/128)))
fholdsAtC(water_right,(50,"->",12875/256),(5105/256,"< T =<",10225/512),eq(off1(0),"*",koef1(1),"+",koef2(1),"*",base(50),"+",inc(10),"*",dur(10225/512,"-",5105/256)))
fholdsAtC(water_right,(12875/256,"->",50),(10225/512,"< T =<",20465/1024),eq(off1(0),"*",koef1(1),"+",koef2(1),"*",base(12875/256),"+",inc(-20),"*",dur(20465/1024,"-",10225/512)))
fholdsAtC(water_right,(50,"->",51275/1024),(20465/1024,"< T =<",40945/2048),eq(off1(0),"*",koef1(1),"+",koef2(1),"*",base(50),"+",inc(10),"*",dur(40945/2048,"-",20465/1024)))
fholdsAtC(water_right,(51275/1024,"->",50),(40945/2048,"< T =<",81905/4096),eq(off1(0),"*",koef1(1),"+",koef2(1),"*",base(51275/1024),"+",inc(-20),"*",dur(81905/4096,"-",40945/2048)))
fholdsAtC(water_right,(50,"->",204875/4096),(81905/4096,"< T =<",163825/8192),eq(off1(0),"*",koef1(1),"+",koef2(1),"*",base(50),"+",inc(10),"*",dur(163825/8192,"-",81905/4096)))
fholdsAtC(water_right,(204875/4096,"->",50),(163825/8192,"< T =<",327665/16384),eq(off1(0),"*",koef1(1),"+",koef2(1),"*",base(204875/4096),"+",inc(-20),"*",dur(327665/16384,"-",163825/8192)))
fholdsAtC(water_right,(50,"->",819275/16384),(327665/16384,"< T =<",655345/32768),eq(off1(0),"*",koef1(1),"+",koef2(1),"*",base(50),"+",inc(10),"*",dur(655345/32768,"-",327665/16384)))
fholdsAtC(water_right,(819275/16384,"->",50),(655345/32768,"< T =<",1310705/65536),eq(off1(0),"*",koef1(1),"+",koef2(1),"*",base(819275/16384),"+",inc(-20),"*",dur(1310705/65536,"-",655345/32768)))
fholdsAtC(water_right,(50,"->",3276875/65536),(1310705/65536,"< T =<",2621425/131072),eq(off1(0),"*",koef1(1),"+",koef2(1),"*",base(50),"+",inc(10),"*",dur(2621425/131072,"-",1310705/65536)))
fholdsAtC(water_right,(3276875/65536,"->",50),(2621425/131072,"< T =<",5242865/262144),eq(off1(0),"*",koef1(1),"+",koef2(1),"*",base(3276875/65536),"+",inc(-20),"*",dur(5242865/262144,"-",2621425/131072)))
fholdsAtC(water_right,(50,"->",13107275/262144),(5242865/262144,"< T =<",10485745/524288),eq(off1(0),"*",koef1(1),"+",koef2(1),"*",base(50),"+",inc(10),"*",dur(10485745/524288,"-",5242865/262144)))
fholdsAtC(water_right,(13107275/262144,"->",50),(10485745/524288,"< T =<",20971505/1048576),eq(off1(0),"*",koef1(1),"+",koef2(1),"*",base(13107275/262144),"+",inc(-20),"*",dur(20971505/1048576,"-",10485745/524288)))
fholdsAtC(water_right,(50,"->",52428875/1048576),(20971505/1048576,"< T =<",41943025/2097152),eq(off1(0),"*",koef1(1),"+",koef2(1),"*",base(50),"+",inc(10),"*",dur(41943025/2097152,"-",20971505/1048576)))
fholdsAtC(water_right,(52428875/1048576,"->",50),(41943025/2097152,"< T =<",83886065/4194304),eq(off1(0),"*",koef1(1),"+",koef2(1),"*",base(52428875/1048576),"+",inc(-20),"*",dur(83886065/4194304,"-",41943025/2097152)))
fholdsAtC(water_right,(50,"->",209715275/4194304),(83886065/4194304,"< T =<",167772145/8388608),eq(off1(0),"*",koef1(1),"+",koef2(1),"*",base(50),"+",inc(10),"*",dur(167772145/8388608,"-",83886065/4194304)))
fholdsAtC(water_right,(209715275/4194304,"->",50),(167772145/8388608,"< T =<",335544305/16777216),eq(off1(0),"*",koef1(1),"+",koef2(1),"*",base(209715275/4194304),"+",inc(-20),"*",dur(335544305/16777216,"-",167772145/8388608)))
fholdsAtC(water_right,(50,"->",838860875/16777216),(335544305/16777216,"< T =<",671088625/33554432),eq(off1(0),"*",koef1(1),"+",koef2(1),"*",base(50),"+",inc(10),"*",dur(671088625/33554432,"-",335544305/16777216)))
fholdsAtC(water_right,(838860875/16777216,"->",50),(671088625/33554432,"< T =<",1342177265/67108864),eq(off1(0),"*",koef1(1),"+",koef2(1),"*",base(838860875/16777216),"+",inc(-20),"*",dur(1342177265/67108864,"-",671088625/33554432)))
fholdsAtC(water_right,(50,"->",3355443275/67108864),(1342177265/67108864,"< T =<",2684354545/134217728),eq(off1(0),"*",koef1(1),"+",koef2(1),"*",base(50),"+",inc(10),"*",dur(2684354545/134217728,"-",1342177265/67108864)))
fholdsAtC(water_right,(3355443275/67108864,"->",50),(2684354545/134217728,"< T =<",5368709105/268435456),eq(off1(0),"*",koef1(1),"+",koef2(1),"*",base(3355443275/67108864),"+",inc(-20),"*",dur(5368709105/268435456,"-",2684354545/134217728)))
fholdsAtC(water_right,(50,"->",13421772875/268435456),(5368709105/268435456,"< T =<",10737418225/536870912),eq(off1(0),"*",koef1(1),"+",koef2(1),"*",base(50),"+",inc(10),"*",dur(10737418225/536870912,"-",5368709105/268435456)))
fholdsAtC(water_right,(13421772875/268435456,"->",50),(10737418225/536870912,"< T =<",21474836465/1073741824),eq(off1(0),"*",koef1(1),"+",koef2(1),"*",base(13421772875/268435456),"+",inc(-20),"*",dur(21474836465/1073741824,"-",10737418225/536870912)))
fholdsAtC(water_right,(50,"->",53687091275/1073741824),(21474836465/1073741824,"< T =<",42949672945/2147483648),eq(off1(0),"*",koef1(1),"+",koef2(1),"*",base(50),"+",inc(10),"*",dur(42949672945/2147483648,"-",21474836465/1073741824)))
fholdsAtC(water_right,(53687091275/1073741824,"->",50),(42949672945/2147483648,"< T =<",85899345905/4294967296),eq(off1(0),"*",koef1(1),"+",koef2(1),"*",base(53687091275/1073741824),"+",inc(-20),"*",dur(85899345905/4294967296,"-",42949672945/2147483648)))
fholdsAtC(water_right,(50,"->",214748364875/4294967296),(85899345905/4294967296,"< T =<",171798691825/8589934592),eq(off1(0),"*",koef1(1),"+",koef2(1),"*",base(50),"+",inc(10),"*",dur(171798691825/8589934592,"-",85899345905/4294967296)))
fholdsAtC(water_right,(214748364875/4294967296,"->",50),(171798691825/8589934592,"< T =<",343597383665/17179869184),eq(off1(0),"*",koef1(1),"+",koef2(1),"*",base(214748364875/4294967296),"+",inc(-20),"*",dur(343597383665/17179869184,"-",171798691825/8589934592)))
fholdsAtC(water_right,(50,"->",858993459275/17179869184),(343597383665/17179869184,"< T =<",687194767345/34359738368),eq(off1(0),"*",koef1(1),"+",koef2(1),"*",base(50),"+",inc(10),"*",dur(687194767345/34359738368,"-",343597383665/17179869184)))
fholdsAtC(water_right,(858993459275/17179869184,"->",50),(687194767345/34359738368,"< T =<",1374389534705/68719476736),eq(off1(0),"*",koef1(1),"+",koef2(1),"*",base(858993459275/17179869184),"+",inc(-20),"*",dur(1374389534705/68719476736,"-",687194767345/34359738368)))
fholdsAtC(water_right,(50,"->",3435973836875/68719476736),(1374389534705/68719476736,"< T =<",2748779069425/137438953472),eq(off1(0),"*",koef1(1),"+",koef2(1),"*",base(50),"+",inc(10),"*",dur(2748779069425/137438953472,"-",1374389534705/68719476736)))
fholdsAtC(water_right,(3435973836875/68719476736,"->",50),(2748779069425/137438953472,"< T =<",5497558138865/274877906944),eq(off1(0),"*",koef1(1),"+",koef2(1),"*",base(3435973836875/68719476736),"+",inc(-20),"*",dur(5497558138865/274877906944,"-",2748779069425/137438953472)))
fholdsAtC(water_right,(50,"->",13743895347275/274877906944),(5497558138865/274877906944,"< T =<",10995116277745/549755813888),eq(off1(0),"*",koef1(1),"+",koef2(1),"*",base(50),"+",inc(10),"*",dur(10995116277745/549755813888,"-",5497558138865/274877906944)))
fholdsAtC(water_right,(13743895347275/274877906944,"->",50),(10995116277745/549755813888,"< T =<",21990232555505/1099511627776),eq(off1(0),"*",koef1(1),"+",koef2(1),"*",base(13743895347275/274877906944),"+",inc(-20),"*",dur(21990232555505/1099511627776,"-",10995116277745/549755813888)))
fholdsAtC(water_right,(50,"->",54975581388875/1099511627776),(21990232555505/1099511627776,"< T =<",43980465111025/2199023255552),eq(off1(0),"*",koef1(1),"+",koef2(1),"*",base(50),"+",inc(10),"*",dur(43980465111025/2199023255552,"-",21990232555505/1099511627776)))
fholdsAtC(water_right,(54975581388875/1099511627776,"->",50),(43980465111025/2199023255552,"< T =<",87960930222065/4398046511104),eq(off1(0),"*",koef1(1),"+",koef2(1),"*",base(54975581388875/1099511627776),"+",inc(-20),"*",dur(87960930222065/4398046511104,"-",43980465111025/2199023255552)))
fholdsAtC(water_right,(50,"->",219902325555275/4398046511104),(87960930222065/4398046511104,"< T =<",175921860444145/8796093022208),eq(off1(0),"*",koef1(1),"+",koef2(1),"*",base(50),"+",inc(10),"*",dur(175921860444145/8796093022208,"-",87960930222065/4398046511104)))
fholdsAtC(water_right,(219902325555275/4398046511104,"->",50),(175921860444145/8796093022208,"< T =<",351843720888305/17592186044416),eq(off1(0),"*",koef1(1),"+",koef2(1),"*",base(219902325555275/4398046511104),"+",inc(-20),"*",dur(351843720888305/17592186044416,"-",175921860444145/8796093022208)))
fholdsAtC(water_right,(50,"->",879609302220875/17592186044416),(351843720888305/17592186044416,"< T =<",703687441776625/35184372088832),eq(off1(0),"*",koef1(1),"+",koef2(1),"*",base(50),"+",inc(10),"*",dur(703687441776625/35184372088832,"-",351843720888305/17592186044416)))
fholdsAtC(water_right,(879609302220875/17592186044416,"->",50),(703687441776625/35184372088832,"< T =<",1407374883553265/70368744177664),eq(off1(0),"*",koef1(1),"+",koef2(1),"*",base(879609302220875/17592186044416),"+",inc(-20),"*",dur(1407374883553265/70368744177664,"-",703687441776625/35184372088832)))
fholdsAtC(water_right,(50,"->",3518437208883275/70368744177664),(1407374883553265/70368744177664,"< T =<",2814749767106545/140737488355328),eq(off1(0),"*",koef1(1),"+",koef2(1),"*",base(50),"+",inc(10),"*",dur(2814749767106545/140737488355328,"-",1407374883553265/70368744177664)))
fholdsAtC(water_right,(3518437208883275/70368744177664,"->",50),(2814749767106545/140737488355328,"< T =<",5629499534213105/281474976710656),eq(off1(0),"*",koef1(1),"+",koef2(1),"*",base(3518437208883275/70368744177664),"+",inc(-20),"*",dur(5629499534213105/281474976710656,"-",2814749767106545/140737488355328)))
fholdsAtC(water_right,(50,"->",14073748835532875/281474976710656),(5629499534213105/281474976710656,"< T =<",11258999068426225/562949953421312),eq(off1(0),"*",koef1(1),"+",koef2(1),"*",base(50),"+",inc(10),"*",dur(11258999068426225/562949953421312,"-",5629499534213105/281474976710656)))
Assignment: [leftovers]
fholdsAt(water_left,0)=100
fholdsAt(water_right,0)=100
timeDiff(0,0)=0
timeDiff(0,1)=10
timeDiff(0,2)=25/2
timeDiff(0,3)=65/4
timeDiff(0,4)=145/8
timeDiff(0,5)=305/16
timeDiff(0,6)=625/32
timeDiff(0,7)=1265/64
timeDiff(0,8)=2545/128
timeDiff(0,9)=5105/256
timeDiff(0,10)=10225/512
timeDiff(0,11)=20465/1024
timeDiff(0,12)=40945/2048
timeDiff(0,13)=81905/4096
timeDiff(0,14)=163825/8192
timeDiff(0,15)=327665/16384
timeDiff(0,16)=655345/32768
timeDiff(0,17)=1310705/65536
timeDiff(0,18)=2621425/131072
timeDiff(0,19)=5242865/262144
timeDiff(0,20)=10485745/524288
timeDiff(0,21)=20971505/1048576
timeDiff(0,22)=41943025/2097152
timeDiff(0,23)=83886065/4194304
timeDiff(0,24)=167772145/8388608
timeDiff(0,25)=335544305/16777216
timeDiff(0,26)=671088625/33554432
timeDiff(0,27)=1342177265/67108864
timeDiff(0,28)=2684354545/134217728
timeDiff(0,29)=5368709105/268435456
timeDiff(0,30)=10737418225/536870912
timeDiff(0,31)=21474836465/1073741824
timeDiff(0,32)=42949672945/2147483648
timeDiff(0,33)=85899345905/4294967296
timeDiff(0,34)=171798691825/8589934592
timeDiff(0,35)=343597383665/17179869184
timeDiff(0,36)=687194767345/34359738368
timeDiff(0,37)=1374389534705/68719476736
timeDiff(0,38)=2748779069425/137438953472
timeDiff(0,39)=5497558138865/274877906944
timeDiff(0,40)=10995116277745/549755813888
timeDiff(0,41)=21990232555505/1099511627776
timeDiff(0,42)=43980465111025/2199023255552
timeDiff(0,43)=87960930222065/4398046511104
timeDiff(0,44)=175921860444145/8796093022208
timeDiff(0,45)=351843720888305/17592186044416
timeDiff(0,46)=703687441776625/35184372088832
timeDiff(0,47)=1407374883553265/70368744177664
timeDiff(0,48)=2814749767106545/140737488355328
timeDiff(0,49)=5629499534213105/281474976710656
timeDiff(0,50)=11258999068426225/562949953421312
timeDiff(1,1)=0
timeDiff(1,2)=5/2
timeDiff(1,3)=25/4
timeDiff(1,4)=65/8
timeDiff(1,5)=145/16
timeDiff(1,6)=305/32
timeDiff(1,7)=625/64
timeDiff(1,8)=1265/128
timeDiff(1,9)=2545/256
timeDiff(1,10)=5105/512
timeDiff(1,11)=10225/1024
timeDiff(1,12)=20465/2048
timeDiff(1,13)=40945/4096
timeDiff(1,14)=81905/8192
timeDiff(1,15)=163825/16384
timeDiff(1,16)=327665/32768
timeDiff(1,17)=655345/65536
timeDiff(1,18)=1310705/131072
timeDiff(1,19)=2621425/262144
timeDiff(1,20)=5242865/524288
timeDiff(1,21)=10485745/1048576
timeDiff(1,22)=20971505/2097152
timeDiff(1,23)=41943025/4194304
timeDiff(1,24)=83886065/8388608
timeDiff(1,25)=167772145/16777216
timeDiff(1,26)=335544305/33554432
timeDiff(1,27)=671088625/67108864
timeDiff(1,28)=1342177265/134217728
timeDiff(1,29)=2684354545/268435456
timeDiff(1,30)=5368709105/536870912
timeDiff(1,31)=10737418225/1073741824
timeDiff(1,32)=21474836465/2147483648
timeDiff(1,33)=42949672945/4294967296
timeDiff(1,34)=85899345905/8589934592
timeDiff(1,35)=171798691825/17179869184
timeDiff(1,36)=343597383665/34359738368
timeDiff(1,37)=687194767345/68719476736
timeDiff(1,38)=1374389534705/137438953472
timeDiff(1,39)=2748779069425/274877906944
timeDiff(1,40)=5497558138865/549755813888
timeDiff(1,41)=10995116277745/1099511627776
timeDiff(1,42)=21990232555505/2199023255552
timeDiff(1,43)=43980465111025/4398046511104
timeDiff(1,44)=87960930222065/8796093022208
timeDiff(1,45)=175921860444145/17592186044416
timeDiff(1,46)=351843720888305/35184372088832
timeDiff(1,47)=703687441776625/70368744177664
timeDiff(1,48)=1407374883553265/140737488355328
timeDiff(1,49)=2814749767106545/281474976710656
timeDiff(1,50)=5629499534213105/562949953421312
timeDiff(2,2)=0
timeDiff(2,3)=15/4
timeDiff(2,4)=45/8
timeDiff(2,5)=105/16
timeDiff(2,6)=225/32
timeDiff(2,7)=465/64
timeDiff(2,8)=945/128
timeDiff(2,9)=1905/256
timeDiff(2,10)=3825/512
timeDiff(2,11)=7665/1024
timeDiff(2,12)=15345/2048
timeDiff(2,13)=30705/4096
timeDiff(2,14)=61425/8192
timeDiff(2,15)=122865/16384
timeDiff(2,16)=245745/32768
timeDiff(2,17)=491505/65536
timeDiff(2,18)=983025/131072
timeDiff(2,19)=1966065/262144
timeDiff(2,20)=3932145/524288
timeDiff(2,21)=7864305/1048576
timeDiff(2,22)=15728625/2097152
timeDiff(2,23)=31457265/4194304
timeDiff(2,24)=62914545/8388608
timeDiff(2,25)=125829105/16777216
timeDiff(2,26)=251658225/33554432
timeDiff(2,27)=503316465/67108864
timeDiff(2,28)=1006632945/134217728
timeDiff(2,29)=2013265905/268435456
timeDiff(2,30)=4026531825/536870912
timeDiff(2,31)=8053063665/1073741824
timeDiff(2,32)=16106127345/2147483648
timeDiff(2,33)=32212254705/4294967296
timeDiff(2,34)=64424509425/8589934592
timeDiff(2,35)=128849018865/17179869184
timeDiff(2,36)=257698037745/34359738368
timeDiff(2,37)=515396075505/68719476736
timeDiff(2,38)=1030792151025/137438953472
timeDiff(2,39)=2061584302065/274877906944
timeDiff(2,40)=4123168604145/549755813888
timeDiff(2,41)=8246337208305/1099511627776
timeDiff(2,42)=16492674416625/2199023255552
timeDiff(2,43)=32985348833265/4398046511104
timeDiff(2,44)=65970697666545/8796093022208
timeDiff(2,45)=131941395333105/17592186044416
timeDiff(2,46)=263882790666225/35184372088832
timeDiff(2,47)=527765581332465/70368744177664
timeDiff(2,48)=1055531162664945/140737488355328
timeDiff(2,49)=2111062325329905/281474976710656
timeDiff(2,50)=4222124650659825/562949953421312
timeDiff(3,3)=0
timeDiff(3,4)=15/8
timeDiff(3,5)=45/16
timeDiff(3,6)=105/32
timeDiff(3,7)=225/64
timeDiff(3,8)=465/128
timeDiff(3,9)=945/256
timeDiff(3,10)=1905/512
timeDiff(3,11)=3825/1024
timeDiff(3,12)=7665/2048
timeDiff(3,13)=15345/4096
timeDiff(3,14)=30705/8192
timeDiff(3,15)=61425/16384
timeDiff(3,16)=122865/32768
timeDiff(3,17)=245745/65536
timeDiff(3,18)=491505/131072
timeDiff(3,19)=983025/262144
timeDiff(3,20)=1966065/524288
timeDiff(3,21)=3932145/1048576
timeDiff(3,22)=7864305/2097152
timeDiff(3,23)=15728625/4194304
timeDiff(3,24)=31457265/8388608
timeDiff(3,25)=62914545/16777216
timeDiff(3,26)=125829105/33554432
timeDiff(3,27)=251658225/67108864
timeDiff(3,28)=503316465/134217728
timeDiff(3,29)=1006632945/268435456
timeDiff(3,30)=2013265905/536870912
timeDiff(3,31)=4026531825/1073741824
timeDiff(3,32)=8053063665/2147483648
timeDiff(3,33)=16106127345/4294967296
timeDiff(3,34)=32212254705/8589934592
timeDiff(3,35)=64424509425/17179869184
timeDiff(3,36)=128849018865/34359738368
timeDiff(3,37)=257698037745/68719476736
timeDiff(3,38)=515396075505/137438953472
timeDiff(3,39)=1030792151025/274877906944
timeDiff(3,40)=2061584302065/549755813888
timeDiff(3,41)=4123168604145/1099511627776
timeDiff(3,42)=8246337208305/2199023255552
timeDiff(3,43)=16492674416625/4398046511104
timeDiff(3,44)=32985348833265/8796093022208
timeDiff(3,45)=65970697666545/17592186044416
timeDiff(3,46)=131941395333105/35184372088832
timeDiff(3,47)=263882790666225/70368744177664
timeDiff(3,48)=527765581332465/140737488355328
timeDiff(3,49)=1055531162664945/281474976710656
timeDiff(3,50)=2111062325329905/562949953421312
timeDiff(4,4)=0
timeDiff(4,5)=15/16
timeDiff(4,6)=45/32
timeDiff(4,7)=105/64
timeDiff(4,8)=225/128
timeDiff(4,9)=465/256
timeDiff(4,10)=945/512
timeDiff(4,11)=1905/1024
timeDiff(4,12)=3825/2048
timeDiff(4,13)=7665/4096
timeDiff(4,14)=15345/8192
timeDiff(4,15)=30705/16384
timeDiff(4,16)=61425/32768
timeDiff(4,17)=122865/65536
timeDiff(4,18)=245745/131072
timeDiff(4,19)=491505/262144
timeDiff(4,20)=983025/524288
timeDiff(4,21)=1966065/1048576
timeDiff(4,22)=3932145/2097152
timeDiff(4,23)=7864305/4194304
timeDiff(4,24)=15728625/8388608
timeDiff(4,25)=31457265/16777216
timeDiff(4,26)=62914545/33554432
timeDiff(4,27)=125829105/67108864
timeDiff(4,28)=251658225/134217728
timeDiff(4,29)=503316465/268435456
timeDiff(4,30)=1006632945/536870912
timeDiff(4,31)=2013265905/1073741824
timeDiff(4,32)=4026531825/2147483648
timeDiff(4,33)=8053063665/4294967296
timeDiff(4,34)=16106127345/8589934592
timeDiff(4,35)=32212254705/17179869184
timeDiff(4,36)=64424509425/34359738368
timeDiff(4,37)=128849018865/68719476736
timeDiff(4,38)=257698037745/137438953472
timeDiff(4,39)=515396075505/274877906944
timeDiff(4,40)=1030792151025/549755813888
timeDiff(4,41)=2061584302065/1099511627776
timeDiff(4,42)=4123168604145/2199023255552
timeDiff(4,43)=8246337208305/4398046511104
timeDiff(4,44)=16492674416625/8796093022208
timeDiff(4,45)=32985348833265/17592186044416
timeDiff(4,46)=65970697666545/35184372088832
timeDiff(4,47)=131941395333105/70368744177664
timeDiff(4,48)=263882790666225/140737488355328
timeDiff(4,49)=527765581332465/281474976710656
timeDiff(4,50)=1055531162664945/562949953421312
timeDiff(5,5)=0
timeDiff(5,6)=15/32
timeDiff(5,7)=45/64
timeDiff(5,8)=105/128
timeDiff(5,9)=225/256
timeDiff(5,10)=465/512
timeDiff(5,11)=945/1024
timeDiff(5,12)=1905/2048
timeDiff(5,13)=3825/4096
timeDiff(5,14)=7665/8192
timeDiff(5,15)=15345/16384
timeDiff(5,16)=30705/32768
timeDiff(5,17)=61425/65536
timeDiff(5,18)=122865/131072
timeDiff(5,19)=245745/262144
timeDiff(5,20)=491505/524288
timeDiff(5,21)=983025/1048576
timeDiff(5,22)=1966065/2097152
timeDiff(5,23)=3932145/4194304
timeDiff(5,24)=7864305/8388608
timeDiff(5,25)=15728625/16777216
timeDiff(5,26)=31457265/33554432
timeDiff(5,27)=62914545/67108864
timeDiff(5,28)=125829105/134217728
timeDiff(5,29)=251658225/268435456
timeDiff(5,30)=503316465/536870912
timeDiff(5,31)=1006632945/1073741824
timeDiff(5,32)=2013265905/2147483648
timeDiff(5,33)=4026531825/4294967296
timeDiff(5,34)=8053063665/8589934592
timeDiff(5,35)=16106127345/17179869184
timeDiff(5,36)=32212254705/34359738368
timeDiff(5,37)=64424509425/68719476736
timeDiff(5,38)=128849018865/137438953472
timeDiff(5,39)=257698037745/274877906944
timeDiff(5,40)=515396075505/549755813888
timeDiff(5,41)=1030792151025/1099511627776
timeDiff(5,42)=2061584302065/2199023255552
timeDiff(5,43)=4123168604145/4398046511104
timeDiff(5,44)=8246337208305/8796093022208
timeDiff(5,45)=16492674416625/17592186044416
timeDiff(5,46)=32985348833265/35184372088832
timeDiff(5,47)=65970697666545/70368744177664
timeDiff(5,48)=131941395333105/140737488355328
timeDiff(5,49)=263882790666225/281474976710656
timeDiff(5,50)=527765581332465/562949953421312
timeDiff(6,6)=0
timeDiff(6,7)=15/64
timeDiff(6,8)=45/128
timeDiff(6,9)=105/256
timeDiff(6,10)=225/512
timeDiff(6,11)=465/1024
timeDiff(6,12)=945/2048
timeDiff(6,13)=1905/4096
timeDiff(6,14)=3825/8192
timeDiff(6,15)=7665/16384
timeDiff(6,16)=15345/32768
timeDiff(6,17)=30705/65536
timeDiff(6,18)=61425/131072
timeDiff(6,19)=122865/262144
timeDiff(6,20)=245745/524288
timeDiff(6,21)=491505/1048576
timeDiff(6,22)=983025/2097152
timeDiff(6,23)=1966065/4194304
timeDiff(6,24)=3932145/8388608
timeDiff(6,25)=7864305/16777216
timeDiff(6,26)=15728625/33554432
timeDiff(6,27)=31457265/67108864
timeDiff(6,28)=62914545/134217728
timeDiff(6,29)=125829105/268435456
timeDiff(6,30)=251658225/536870912
timeDiff(6,31)=503316465/1073741824
timeDiff(6,32)=1006632945/2147483648
timeDiff(6,33)=2013265905/4294967296
timeDiff(6,34)=4026531825/8589934592
timeDiff(6,35)=8053063665/17179869184
timeDiff(6,36)=16106127345/34359738368
timeDiff(6,37)=32212254705/68719476736
timeDiff(6,38)=64424509425/137438953472
timeDiff(6,39)=128849018865/274877906944
timeDiff(6,40)=257698037745/549755813888
timeDiff(6,41)=515396075505/1099511627776
timeDiff(6,42)=1030792151025/2199023255552
timeDiff(6,43)=2061584302065/4398046511104
timeDiff(6,44)=4123168604145/8796093022208
timeDiff(6,45)=8246337208305/17592186044416
timeDiff(6,46)=16492674416625/35184372088832
timeDiff(6,47)=32985348833265/70368744177664
timeDiff(6,48)=65970697666545/140737488355328
timeDiff(6,49)=131941395333105/281474976710656
timeDiff(6,50)=263882790666225/562949953421312
timeDiff(7,7)=0
timeDiff(7,8)=15/128
timeDiff(7,9)=45/256
timeDiff(7,10)=105/512
timeDiff(7,11)=225/1024
timeDiff(7,12)=465/2048
timeDiff(7,13)=945/4096
timeDiff(7,14)=1905/8192
timeDiff(7,15)=3825/16384
timeDiff(7,16)=7665/32768
timeDiff(7,17)=15345/65536
timeDiff(7,18)=30705/131072
timeDiff(7,19)=61425/262144
timeDiff(7,20)=122865/524288
timeDiff(7,21)=245745/1048576
timeDiff(7,22)=491505/2097152
timeDiff(7,23)=983025/4194304
timeDiff(7,24)=1966065/8388608
timeDiff(7,25)=3932145/16777216
timeDiff(7,26)=7864305/33554432
timeDiff(7,27)=15728625/67108864
timeDiff(7,28)=31457265/134217728
timeDiff(7,29)=62914545/268435456
timeDiff(7,30)=125829105/536870912
timeDiff(7,31)=251658225/1073741824
timeDiff(7,32)=503316465/2147483648
timeDiff(7,33)=1006632945/4294967296
timeDiff(7,34)=2013265905/8589934592
timeDiff(7,35)=4026531825/17179869184
timeDiff(7,36)=8053063665/34359738368
timeDiff(7,37)=16106127345/68719476736
timeDiff(7,38)=32212254705/137438953472
timeDiff(7,39)=64424509425/274877906944
timeDiff(7,40)=128849018865/549755813888
timeDiff(7,41)=257698037745/1099511627776
timeDiff(7,42)=515396075505/2199023255552
timeDiff(7,43)=1030792151025/4398046511104
timeDiff(7,44)=2061584302065/8796093022208
timeDiff(7,45)=4123168604145/17592186044416
timeDiff(7,46)=8246337208305/35184372088832
timeDiff(7,47)=16492674416625/70368744177664
timeDiff(7,48)=32985348833265/140737488355328
timeDiff(7,49)=65970697666545/281474976710656
timeDiff(7,50)=131941395333105/562949953421312
timeDiff(8,8)=0
timeDiff(8,9)=15/256
timeDiff(8,10)=45/512
timeDiff(8,11)=105/1024
timeDiff(8,12)=225/2048
timeDiff(8,13)=465/4096
timeDiff(8,14)=945/8192
timeDiff(8,15)=1905/16384
timeDiff(8,16)=3825/32768
timeDiff(8,17)=7665/65536
timeDiff(8,18)=15345/131072
timeDiff(8,19)=30705/262144
timeDiff(8,20)=61425/524288
timeDiff(8,21)=122865/1048576
timeDiff(8,22)=245745/2097152
timeDiff(8,23)=491505/4194304
timeDiff(8,24)=983025/8388608
timeDiff(8,25)=1966065/16777216
timeDiff(8,26)=3932145/33554432
timeDiff(8,27)=7864305/67108864
timeDiff(8,28)=15728625/134217728
timeDiff(8,29)=31457265/268435456
timeDiff(8,30)=62914545/536870912
timeDiff(8,31)=125829105/1073741824
timeDiff(8,32)=251658225/2147483648
timeDiff(8,33)=503316465/4294967296
timeDiff(8,34)=1006632945/8589934592
timeDiff(8,35)=2013265905/17179869184
timeDiff(8,36)=4026531825/34359738368
timeDiff(8,37)=8053063665/68719476736
timeDiff(8,38)=16106127345/137438953472
timeDiff(8,39)=32212254705/274877906944
timeDiff(8,40)=64424509425/549755813888
timeDiff(8,41)=128849018865/1099511627776
timeDiff(8,42)=257698037745/2199023255552
timeDiff(8,43)=515396075505/4398046511104
timeDiff(8,44)=1030792151025/8796093022208
timeDiff(8,45)=2061584302065/17592186044416
timeDiff(8,46)=4123168604145/35184372088832
timeDiff(8,47)=8246337208305/70368744177664
timeDiff(8,48)=16492674416625/140737488355328
timeDiff(8,49)=32985348833265/281474976710656
timeDiff(8,50)=65970697666545/562949953421312
timeDiff(9,9)=0
timeDiff(9,10)=15/512
timeDiff(9,11)=45/1024
timeDiff(9,12)=105/2048
timeDiff(9,13)=225/4096
timeDiff(9,14)=465/8192
timeDiff(9,15)=945/16384
timeDiff(9,16)=1905/32768
timeDiff(9,17)=3825/65536
timeDiff(9,18)=7665/131072
timeDiff(9,19)=15345/262144
timeDiff(9,20)=30705/524288
timeDiff(9,21)=61425/1048576
timeDiff(9,22)=122865/2097152
timeDiff(9,23)=245745/4194304
timeDiff(9,24)=491505/8388608
timeDiff(9,25)=983025/16777216
timeDiff(9,26)=1966065/33554432
timeDiff(9,27)=3932145/67108864
timeDiff(9,28)=7864305/134217728
timeDiff(9,29)=15728625/268435456
timeDiff(9,30)=31457265/536870912
timeDiff(9,31)=62914545/1073741824
timeDiff(9,32)=125829105/2147483648
timeDiff(9,33)=251658225/4294967296
timeDiff(9,34)=503316465/8589934592
timeDiff(9,35)=1006632945/17179869184
timeDiff(9,36)=2013265905/34359738368
timeDiff(9,37)=4026531825/68719476736
timeDiff(9,38)=8053063665/137438953472
timeDiff(9,39)=16106127345/274877906944
timeDiff(9,40)=32212254705/549755813888
timeDiff(9,41)=64424509425/1099511627776
timeDiff(9,42)=128849018865/2199023255552
timeDiff(9,43)=257698037745/4398046511104
timeDiff(9,44)=515396075505/8796093022208
timeDiff(9,45)=1030792151025/17592186044416
timeDiff(9,46)=2061584302065/35184372088832
timeDiff(9,47)=4123168604145/70368744177664
timeDiff(9,48)=8246337208305/140737488355328
timeDiff(9,49)=16492674416625/281474976710656
timeDiff(9,50)=32985348833265/562949953421312
timeDiff(10,10)=0
timeDiff(10,11)=15/1024
timeDiff(10,12)=45/2048
timeDiff(10,13)=105/4096
timeDiff(10,14)=225/8192
timeDiff(10,15)=465/16384
timeDiff(10,16)=945/32768
timeDiff(10,17)=1905/65536
timeDiff(10,18)=3825/131072
timeDiff(10,19)=7665/262144
timeDiff(10,20)=15345/524288
timeDiff(10,21)=30705/1048576
timeDiff(10,22)=61425/2097152
timeDiff(10,23)=122865/4194304
timeDiff(10,24)=245745/8388608
timeDiff(10,25)=491505/16777216
timeDiff(10,26)=983025/33554432
timeDiff(10,27)=1966065/67108864
timeDiff(10,28)=3932145/134217728
timeDiff(10,29)=7864305/268435456
timeDiff(10,30)=15728625/536870912
timeDiff(10,31)=31457265/1073741824
timeDiff(10,32)=62914545/2147483648
timeDiff(10,33)=125829105/4294967296
timeDiff(10,34)=251658225/8589934592
timeDiff(10,35)=503316465/17179869184
timeDiff(10,36)=1006632945/34359738368
timeDiff(10,37)=2013265905/68719476736
timeDiff(10,38)=4026531825/137438953472
timeDiff(10,39)=8053063665/274877906944
timeDiff(10,40)=16106127345/549755813888
timeDiff(10,41)=32212254705/1099511627776
timeDiff(10,42)=64424509425/2199023255552
timeDiff(10,43)=128849018865/4398046511104
timeDiff(10,44)=257698037745/8796093022208
timeDiff(10,45)=515396075505/17592186044416
timeDiff(10,46)=1030792151025/35184372088832
timeDiff(10,47)=2061584302065/70368744177664
timeDiff(10,48)=4123168604145/140737488355328
timeDiff(10,49)=8246337208305/281474976710656
timeDiff(10,50)=16492674416625/562949953421312
timeDiff(11,11)=0
timeDiff(11,12)=15/2048
timeDiff(11,13)=45/4096
timeDiff(11,14)=105/8192
timeDiff(11,15)=225/16384
timeDiff(11,16)=465/32768
timeDiff(11,17)=945/65536
timeDiff(11,18)=1905/131072
timeDiff(11,19)=3825/262144
timeDiff(11,20)=7665/524288
timeDiff(11,21)=15345/1048576
timeDiff(11,22)=30705/2097152
timeDiff(11,23)=61425/4194304
timeDiff(11,24)=122865/8388608
timeDiff(11,25)=245745/16777216
timeDiff(11,26)=491505/33554432
timeDiff(11,27)=983025/67108864
timeDiff(11,28)=1966065/134217728
timeDiff(11,29)=3932145/268435456
timeDiff(11,30)=7864305/536870912
timeDiff(11,31)=15728625/1073741824
timeDiff(11,32)=31457265/2147483648
timeDiff(11,33)=62914545/4294967296
timeDiff(11,34)=125829105/8589934592
timeDiff(11,35)=251658225/17179869184
timeDiff(11,36)=503316465/34359738368
timeDiff(11,37)=1006632945/68719476736
timeDiff(11,38)=2013265905/137438953472
timeDiff(11,39)=4026531825/274877906944
timeDiff(11,40)=8053063665/549755813888
timeDiff(11,41)=16106127345/1099511627776
timeDiff(11,42)=32212254705/2199023255552
timeDiff(11,43)=64424509425/4398046511104
timeDiff(11,44)=128849018865/8796093022208
timeDiff(11,45)=257698037745/17592186044416
timeDiff(11,46)=515396075505/35184372088832
timeDiff(11,47)=1030792151025/70368744177664
timeDiff(11,48)=2061584302065/140737488355328
timeDiff(11,49)=4123168604145/281474976710656
timeDiff(11,50)=8246337208305/562949953421312
timeDiff(12,12)=0
timeDiff(12,13)=15/4096
timeDiff(12,14)=45/8192
timeDiff(12,15)=105/16384
timeDiff(12,16)=225/32768
timeDiff(12,17)=465/65536
timeDiff(12,18)=945/131072
timeDiff(12,19)=1905/262144
timeDiff(12,20)=3825/524288
timeDiff(12,21)=7665/1048576
timeDiff(12,22)=15345/2097152
timeDiff(12,23)=30705/4194304
timeDiff(12,24)=61425/8388608
timeDiff(12,25)=122865/16777216
timeDiff(12,26)=245745/33554432
timeDiff(12,27)=491505/67108864
timeDiff(12,28)=983025/134217728
timeDiff(12,29)=1966065/268435456
timeDiff(12,30)=3932145/536870912
timeDiff(12,31)=7864305/1073741824
timeDiff(12,32)=15728625/2147483648
timeDiff(12,33)=31457265/4294967296
timeDiff(12,34)=62914545/8589934592
timeDiff(12,35)=125829105/17179869184
timeDiff(12,36)=251658225/34359738368
timeDiff(12,37)=503316465/68719476736
timeDiff(12,38)=1006632945/137438953472
timeDiff(12,39)=2013265905/274877906944
timeDiff(12,40)=4026531825/549755813888
timeDiff(12,41)=8053063665/1099511627776
timeDiff(12,42)=16106127345/2199023255552
timeDiff(12,43)=32212254705/4398046511104
timeDiff(12,44)=64424509425/8796093022208
timeDiff(12,45)=128849018865/17592186044416
timeDiff(12,46)=257698037745/35184372088832
timeDiff(12,47)=515396075505/70368744177664
timeDiff(12,48)=1030792151025/140737488355328
timeDiff(12,49)=2061584302065/281474976710656
timeDiff(12,50)=4123168604145/562949953421312
timeDiff(13,13)=0
timeDiff(13,14)=15/8192
timeDiff(13,15)=45/16384
timeDiff(13,16)=105/32768
timeDiff(13,17)=225/65536
timeDiff(13,18)=465/131072
timeDiff(13,19)=945/262144
timeDiff(13,20)=1905/524288
timeDiff(13,21)=3825/1048576
timeDiff(13,22)=7665/2097152
timeDiff(13,23)=15345/4194304
timeDiff(13,24)=30705/8388608
timeDiff(13,25)=61425/16777216
timeDiff(13,26)=122865/33554432
timeDiff(13,27)=245745/67108864
timeDiff(13,28)=491505/134217728
timeDiff(13,29)=983025/268435456
timeDiff(13,30)=1966065/536870912
timeDiff(13,31)=3932145/1073741824
timeDiff(13,32)=7864305/2147483648
timeDiff(13,33)=15728625/4294967296
timeDiff(13,34)=31457265/8589934592
timeDiff(13,35)=62914545/17179869184
timeDiff(13,36)=125829105/34359738368
timeDiff(13,37)=251658225/68719476736
timeDiff(13,38)=503316465/137438953472
timeDiff(13,39)=1006632945/274877906944
timeDiff(13,40)=2013265905/549755813888
timeDiff(13,41)=4026531825/1099511627776
timeDiff(13,42)=8053063665/2199023255552
timeDiff(13,43)=16106127345/4398046511104
timeDiff(13,44)=32212254705/8796093022208
timeDiff(13,45)=64424509425/17592186044416
timeDiff(13,46)=128849018865/35184372088832
timeDiff(13,47)=257698037745/70368744177664
timeDiff(13,48)=515396075505/140737488355328
timeDiff(13,49)=1030792151025/281474976710656
timeDiff(13,50)=2061584302065/562949953421312
timeDiff(14,14)=0
timeDiff(14,15)=15/16384
timeDiff(14,16)=45/32768
timeDiff(14,17)=105/65536
timeDiff(14,18)=225/131072
timeDiff(14,19)=465/262144
timeDiff(14,20)=945/524288
timeDiff(14,21)=1905/1048576
timeDiff(14,22)=3825/2097152
timeDiff(14,23)=7665/4194304
timeDiff(14,24)=15345/8388608
timeDiff(14,25)=30705/16777216
timeDiff(14,26)=61425/33554432
timeDiff(14,27)=122865/67108864
timeDiff(14,28)=245745/134217728
timeDiff(14,29)=491505/268435456
timeDiff(14,30)=983025/536870912
timeDiff(14,31)=1966065/1073741824
timeDiff(14,32)=3932145/2147483648
timeDiff(14,33)=7864305/4294967296
timeDiff(14,34)=15728625/8589934592
timeDiff(14,35)=31457265/17179869184
timeDiff(14,36)=62914545/34359738368
timeDiff(14,37)=125829105/68719476736
timeDiff(14,38)=251658225/137438953472
timeDiff(14,39)=503316465/274877906944
timeDiff(14,40)=1006632945/549755813888
timeDiff(14,41)=2013265905/1099511627776
timeDiff(14,42)=4026531825/2199023255552
timeDiff(14,43)=8053063665/4398046511104
timeDiff(14,44)=16106127345/8796093022208
timeDiff(14,45)=32212254705/17592186044416
timeDiff(14,46)=64424509425/35184372088832
timeDiff(14,47)=128849018865/70368744177664
timeDiff(14,48)=257698037745/140737488355328
timeDiff(14,49)=515396075505/281474976710656
timeDiff(14,50)=1030792151025/562949953421312
timeDiff(15,15)=0
timeDiff(15,16)=15/32768
timeDiff(15,17)=45/65536
timeDiff(15,18)=105/131072
timeDiff(15,19)=225/262144
timeDiff(15,20)=465/524288
timeDiff(15,21)=945/1048576
timeDiff(15,22)=1905/2097152
timeDiff(15,23)=3825/4194304
timeDiff(15,24)=7665/8388608
timeDiff(15,25)=15345/16777216
timeDiff(15,26)=30705/33554432
timeDiff(15,27)=61425/67108864
timeDiff(15,28)=122865/134217728
timeDiff(15,29)=245745/268435456
timeDiff(15,30)=491505/536870912
timeDiff(15,31)=983025/1073741824
timeDiff(15,32)=1966065/2147483648
timeDiff(15,33)=3932145/4294967296
timeDiff(15,34)=7864305/8589934592
timeDiff(15,35)=15728625/17179869184
timeDiff(15,36)=31457265/34359738368
timeDiff(15,37)=62914545/68719476736
timeDiff(15,38)=125829105/137438953472
timeDiff(15,39)=251658225/274877906944
timeDiff(15,40)=503316465/549755813888
timeDiff(15,41)=1006632945/1099511627776
timeDiff(15,42)=2013265905/2199023255552
timeDiff(15,43)=4026531825/4398046511104
timeDiff(15,44)=8053063665/8796093022208
timeDiff(15,45)=16106127345/17592186044416
timeDiff(15,46)=32212254705/35184372088832
timeDiff(15,47)=64424509425/70368744177664
timeDiff(15,48)=128849018865/140737488355328
timeDiff(15,49)=257698037745/281474976710656
timeDiff(15,50)=515396075505/562949953421312
timeDiff(16,16)=0
timeDiff(16,17)=15/65536
timeDiff(16,18)=45/131072
timeDiff(16,19)=105/262144
timeDiff(16,20)=225/524288
timeDiff(16,21)=465/1048576
timeDiff(16,22)=945/2097152
timeDiff(16,23)=1905/4194304
timeDiff(16,24)=3825/8388608
timeDiff(16,25)=7665/16777216
timeDiff(16,26)=15345/33554432
timeDiff(16,27)=30705/67108864
timeDiff(16,28)=61425/134217728
timeDiff(16,29)=122865/268435456
timeDiff(16,30)=245745/536870912
timeDiff(16,31)=491505/1073741824
timeDiff(16,32)=983025/2147483648
timeDiff(16,33)=1966065/4294967296
timeDiff(16,34)=3932145/8589934592
timeDiff(16,35)=7864305/17179869184
timeDiff(16,36)=15728625/34359738368
timeDiff(16,37)=31457265/68719476736
timeDiff(16,38)=62914545/137438953472
timeDiff(16,39)=125829105/274877906944
timeDiff(16,40)=251658225/549755813888
timeDiff(16,41)=503316465/1099511627776
timeDiff(16,42)=1006632945/2199023255552
timeDiff(16,43)=2013265905/4398046511104
timeDiff(16,44)=4026531825/8796093022208
timeDiff(16,45)=8053063665/17592186044416
timeDiff(16,46)=16106127345/35184372088832
timeDiff(16,47)=32212254705/70368744177664
timeDiff(16,48)=64424509425/140737488355328
timeDiff(16,49)=128849018865/281474976710656
timeDiff(16,50)=257698037745/562949953421312
timeDiff(17,17)=0
timeDiff(17,18)=15/131072
timeDiff(17,19)=45/262144
timeDiff(17,20)=105/524288
timeDiff(17,21)=225/1048576
timeDiff(17,22)=465/2097152
timeDiff(17,23)=945/4194304
timeDiff(17,24)=1905/8388608
timeDiff(17,25)=3825/16777216
timeDiff(17,26)=7665/33554432
timeDiff(17,27)=15345/67108864
timeDiff(17,28)=30705/134217728
timeDiff(17,29)=61425/268435456
timeDiff(17,30)=122865/536870912
timeDiff(17,31)=245745/1073741824
timeDiff(17,32)=491505/2147483648
timeDiff(17,33)=983025/4294967296
timeDiff(17,34)=1966065/8589934592
timeDiff(17,35)=3932145/17179869184
timeDiff(17,36)=7864305/34359738368
timeDiff(17,37)=15728625/68719476736
timeDiff(17,38)=31457265/137438953472
timeDiff(17,39)=62914545/274877906944
timeDiff(17,40)=125829105/549755813888
timeDiff(17,41)=251658225/1099511627776
timeDiff(17,42)=503316465/2199023255552
timeDiff(17,43)=1006632945/4398046511104
timeDiff(17,44)=2013265905/8796093022208
timeDiff(17,45)=4026531825/17592186044416
timeDiff(17,46)=8053063665/35184372088832
timeDiff(17,47)=16106127345/70368744177664
timeDiff(17,48)=32212254705/140737488355328
timeDiff(17,49)=64424509425/281474976710656
timeDiff(17,50)=128849018865/562949953421312
timeDiff(18,18)=0
timeDiff(18,19)=15/262144
timeDiff(18,20)=45/524288
timeDiff(18,21)=105/1048576
timeDiff(18,22)=225/2097152
timeDiff(18,23)=465/4194304
timeDiff(18,24)=945/8388608
timeDiff(18,25)=1905/16777216
timeDiff(18,26)=3825/33554432
timeDiff(18,27)=7665/67108864
timeDiff(18,28)=15345/134217728
timeDiff(18,29)=30705/268435456
timeDiff(18,30)=61425/536870912
timeDiff(18,31)=122865/1073741824
timeDiff(18,32)=245745/2147483648
timeDiff(18,33)=491505/4294967296
timeDiff(18,34)=983025/8589934592
timeDiff(18,35)=1966065/17179869184
timeDiff(18,36)=3932145/34359738368
timeDiff(18,37)=7864305/68719476736
timeDiff(18,38)=15728625/137438953472
timeDiff(18,39)=31457265/274877906944
timeDiff(18,40)=62914545/549755813888
timeDiff(18,41)=125829105/1099511627776
timeDiff(18,42)=251658225/2199023255552
timeDiff(18,43)=503316465/4398046511104
timeDiff(18,44)=1006632945/8796093022208
timeDiff(18,45)=2013265905/17592186044416
timeDiff(18,46)=4026531825/35184372088832
timeDiff(18,47)=8053063665/70368744177664
timeDiff(18,48)=16106127345/140737488355328
timeDiff(18,49)=32212254705/281474976710656
timeDiff(18,50)=64424509425/562949953421312
timeDiff(19,19)=0
timeDiff(19,20)=15/524288
timeDiff(19,21)=45/1048576
timeDiff(19,22)=105/2097152
timeDiff(19,23)=225/4194304
timeDiff(19,24)=465/8388608
timeDiff(19,25)=945/16777216
timeDiff(19,26)=1905/33554432
timeDiff(19,27)=3825/67108864
timeDiff(19,28)=7665/134217728
timeDiff(19,29)=15345/268435456
timeDiff(19,30)=30705/536870912
timeDiff(19,31)=61425/1073741824
timeDiff(19,32)=122865/2147483648
timeDiff(19,33)=245745/4294967296
timeDiff(19,34)=491505/8589934592
timeDiff(19,35)=983025/17179869184
timeDiff(19,36)=1966065/34359738368
timeDiff(19,37)=3932145/68719476736
timeDiff(19,38)=7864305/137438953472
timeDiff(19,39)=15728625/274877906944
timeDiff(19,40)=31457265/549755813888
timeDiff(19,41)=62914545/1099511627776
timeDiff(19,42)=125829105/2199023255552
timeDiff(19,43)=251658225/4398046511104
timeDiff(19,44)=503316465/8796093022208
timeDiff(19,45)=1006632945/17592186044416
timeDiff(19,46)=2013265905/35184372088832
timeDiff(19,47)=4026531825/70368744177664
timeDiff(19,48)=8053063665/140737488355328
timeDiff(19,49)=16106127345/281474976710656
timeDiff(19,50)=32212254705/562949953421312
timeDiff(20,20)=0
timeDiff(20,21)=15/1048576
timeDiff(20,22)=45/2097152
timeDiff(20,23)=105/4194304
timeDiff(20,24)=225/8388608
timeDiff(20,25)=465/16777216
timeDiff(20,26)=945/33554432
timeDiff(20,27)=1905/67108864
timeDiff(20,28)=3825/134217728
timeDiff(20,29)=7665/268435456
timeDiff(20,30)=15345/536870912
timeDiff(20,31)=30705/1073741824
timeDiff(20,32)=61425/2147483648
timeDiff(20,33)=122865/4294967296
timeDiff(20,34)=245745/8589934592
timeDiff(20,35)=491505/17179869184
timeDiff(20,36)=983025/34359738368
timeDiff(20,37)=1966065/68719476736
timeDiff(20,38)=3932145/137438953472
timeDiff(20,39)=7864305/274877906944
timeDiff(20,40)=15728625/549755813888
timeDiff(20,41)=31457265/1099511627776
timeDiff(20,42)=62914545/2199023255552
timeDiff(20,43)=125829105/4398046511104
timeDiff(20,44)=251658225/8796093022208
timeDiff(20,45)=503316465/17592186044416
timeDiff(20,46)=1006632945/35184372088832
timeDiff(20,47)=2013265905/70368744177664
timeDiff(20,48)=4026531825/140737488355328
timeDiff(20,49)=8053063665/281474976710656
timeDiff(20,50)=16106127345/562949953421312
timeDiff(21,21)=0
timeDiff(21,22)=15/2097152
timeDiff(21,23)=45/4194304
timeDiff(21,24)=105/8388608
timeDiff(21,25)=225/16777216
timeDiff(21,26)=465/33554432
timeDiff(21,27)=945/67108864
timeDiff(21,28)=1905/134217728
timeDiff(21,29)=3825/268435456
timeDiff(21,30)=7665/536870912
timeDiff(21,31)=15345/1073741824
timeDiff(21,32)=30705/2147483648
timeDiff(21,33)=61425/4294967296
timeDiff(21,34)=122865/8589934592
timeDiff(21,35)=245745/17179869184
timeDiff(21,36)=491505/34359738368
timeDiff(21,37)=983025/68719476736
timeDiff(21,38)=1966065/137438953472
timeDiff(21,39)=3932145/274877906944
timeDiff(21,40)=7864305/549755813888
timeDiff(21,41)=15728625/1099511627776
timeDiff(21,42)=31457265/2199023255552
timeDiff(21,43)=62914545/4398046511104
timeDiff(21,44)=125829105/8796093022208
timeDiff(21,45)=251658225/17592186044416
timeDiff(21,46)=503316465/35184372088832
timeDiff(21,47)=1006632945/70368744177664
timeDiff(21,48)=2013265905/140737488355328
timeDiff(21,49)=4026531825/281474976710656
timeDiff(21,50)=8053063665/562949953421312
timeDiff(22,22)=0
timeDiff(22,23)=15/4194304
timeDiff(22,24)=45/8388608
timeDiff(22,25)=105/16777216
timeDiff(22,26)=225/33554432
timeDiff(22,27)=465/67108864
timeDiff(22,28)=945/134217728
timeDiff(22,29)=1905/268435456
timeDiff(22,30)=3825/536870912
timeDiff(22,31)=7665/1073741824
timeDiff(22,32)=15345/2147483648
timeDiff(22,33)=30705/4294967296
timeDiff(22,34)=61425/8589934592
timeDiff(22,35)=122865/17179869184
timeDiff(22,36)=245745/34359738368
timeDiff(22,37)=491505/68719476736
timeDiff(22,38)=983025/137438953472
timeDiff(22,39)=1966065/274877906944
timeDiff(22,40)=3932145/549755813888
timeDiff(22,41)=7864305/1099511627776
timeDiff(22,42)=15728625/2199023255552
timeDiff(22,43)=31457265/4398046511104
timeDiff(22,44)=62914545/8796093022208
timeDiff(22,45)=125829105/17592186044416
timeDiff(22,46)=251658225/35184372088832
timeDiff(22,47)=503316465/70368744177664
timeDiff(22,48)=1006632945/140737488355328
timeDiff(22,49)=2013265905/281474976710656
timeDiff(22,50)=4026531825/562949953421312
timeDiff(23,23)=0
timeDiff(23,24)=15/8388608
timeDiff(23,25)=45/16777216
timeDiff(23,26)=105/33554432
timeDiff(23,27)=225/67108864
timeDiff(23,28)=465/134217728
timeDiff(23,29)=945/268435456
timeDiff(23,30)=1905/536870912
timeDiff(23,31)=3825/1073741824
timeDiff(23,32)=7665/2147483648
timeDiff(23,33)=15345/4294967296
timeDiff(23,34)=30705/8589934592
timeDiff(23,35)=61425/17179869184
timeDiff(23,36)=122865/34359738368
timeDiff(23,37)=245745/68719476736
timeDiff(23,38)=491505/137438953472
timeDiff(23,39)=983025/274877906944
timeDiff(23,40)=1966065/549755813888
timeDiff(23,41)=3932145/1099511627776
timeDiff(23,42)=7864305/2199023255552
timeDiff(23,43)=15728625/4398046511104
timeDiff(23,44)=31457265/8796093022208
timeDiff(23,45)=62914545/17592186044416
timeDiff(23,46)=125829105/35184372088832
timeDiff(23,47)=251658225/70368744177664
timeDiff(23,48)=503316465/140737488355328
timeDiff(23,49)=1006632945/281474976710656
timeDiff(23,50)=2013265905/562949953421312
timeDiff(24,24)=0
timeDiff(24,25)=15/16777216
timeDiff(24,26)=45/33554432
timeDiff(24,27)=105/67108864
timeDiff(24,28)=225/134217728
timeDiff(24,29)=465/268435456
timeDiff(24,30)=945/536870912
timeDiff(24,31)=1905/1073741824
timeDiff(24,32)=3825/2147483648
timeDiff(24,33)=7665/4294967296
timeDiff(24,34)=15345/8589934592
timeDiff(24,35)=30705/17179869184
timeDiff(24,36)=61425/34359738368
timeDiff(24,37)=122865/68719476736
timeDiff(24,38)=245745/137438953472
timeDiff(24,39)=491505/274877906944
timeDiff(24,40)=983025/549755813888
timeDiff(24,41)=1966065/1099511627776
timeDiff(24,42)=3932145/2199023255552
timeDiff(24,43)=7864305/4398046511104
timeDiff(24,44)=15728625/8796093022208
timeDiff(24,45)=31457265/17592186044416
timeDiff(24,46)=62914545/35184372088832
timeDiff(24,47)=125829105/70368744177664
timeDiff(24,48)=251658225/140737488355328
timeDiff(24,49)=503316465/281474976710656
timeDiff(24,50)=1006632945/562949953421312
timeDiff(25,25)=0
timeDiff(25,26)=15/33554432
timeDiff(25,27)=45/67108864
timeDiff(25,28)=105/134217728
timeDiff(25,29)=225/268435456
timeDiff(25,30)=465/536870912
timeDiff(25,31)=945/1073741824
timeDiff(25,32)=1905/2147483648
timeDiff(25,33)=3825/4294967296
timeDiff(25,34)=7665/8589934592
timeDiff(25,35)=15345/17179869184
timeDiff(25,36)=30705/34359738368
timeDiff(25,37)=61425/68719476736
timeDiff(25,38)=122865/137438953472
timeDiff(25,39)=245745/274877906944
timeDiff(25,40)=491505/549755813888
timeDiff(25,41)=983025/1099511627776
timeDiff(25,42)=1966065/2199023255552
timeDiff(25,43)=3932145/4398046511104
timeDiff(25,44)=7864305/8796093022208
timeDiff(25,45)=15728625/17592186044416
timeDiff(25,46)=31457265/35184372088832
timeDiff(25,47)=62914545/70368744177664
timeDiff(25,48)=125829105/140737488355328
timeDiff(25,49)=251658225/281474976710656
timeDiff(25,50)=503316465/562949953421312
timeDiff(26,26)=0
timeDiff(26,27)=15/67108864
timeDiff(26,28)=45/134217728
timeDiff(26,29)=105/268435456
timeDiff(26,30)=225/536870912
timeDiff(26,31)=465/1073741824
timeDiff(26,32)=945/2147483648
timeDiff(26,33)=1905/4294967296
timeDiff(26,34)=3825/8589934592
timeDiff(26,35)=7665/17179869184
timeDiff(26,36)=15345/34359738368
timeDiff(26,37)=30705/68719476736
timeDiff(26,38)=61425/137438953472
timeDiff(26,39)=122865/274877906944
timeDiff(26,40)=245745/549755813888
timeDiff(26,41)=491505/1099511627776
timeDiff(26,42)=983025/2199023255552
timeDiff(26,43)=1966065/4398046511104
timeDiff(26,44)=3932145/8796093022208
timeDiff(26,45)=7864305/17592186044416
timeDiff(26,46)=15728625/35184372088832
timeDiff(26,47)=31457265/70368744177664
timeDiff(26,48)=62914545/140737488355328
timeDiff(26,49)=125829105/281474976710656
timeDiff(26,50)=251658225/562949953421312
timeDiff(27,27)=0
timeDiff(27,28)=15/134217728
timeDiff(27,29)=45/268435456
timeDiff(27,30)=105/536870912
timeDiff(27,31)=225/1073741824
timeDiff(27,32)=465/2147483648
timeDiff(27,33)=945/4294967296
timeDiff(27,34)=1905/8589934592
timeDiff(27,35)=3825/17179869184
timeDiff(27,36)=7665/34359738368
timeDiff(27,37)=15345/68719476736
timeDiff(27,38)=30705/137438953472
timeDiff(27,39)=61425/274877906944
timeDiff(27,40)=122865/549755813888
timeDiff(27,41)=245745/1099511627776
timeDiff(27,42)=491505/2199023255552
timeDiff(27,43)=983025/4398046511104
timeDiff(27,44)=1966065/8796093022208
timeDiff(27,45)=3932145/17592186044416
timeDiff(27,46)=7864305/35184372088832
timeDiff(27,47)=15728625/70368744177664
timeDiff(27,48)=31457265/140737488355328
timeDiff(27,49)=62914545/281474976710656
timeDiff(27,50)=125829105/562949953421312
timeDiff(28,28)=0
timeDiff(28,29)=15/268435456
timeDiff(28,30)=45/536870912
timeDiff(28,31)=105/1073741824
timeDiff(28,32)=225/2147483648
timeDiff(28,33)=465/4294967296
timeDiff(28,34)=945/8589934592
timeDiff(28,35)=1905/17179869184
timeDiff(28,36)=3825/34359738368
timeDiff(28,37)=7665/68719476736
timeDiff(28,38)=15345/137438953472
timeDiff(28,39)=30705/274877906944
timeDiff(28,40)=61425/549755813888
timeDiff(28,41)=122865/1099511627776
timeDiff(28,42)=245745/2199023255552
timeDiff(28,43)=491505/4398046511104
timeDiff(28,44)=983025/8796093022208
timeDiff(28,45)=1966065/17592186044416
timeDiff(28,46)=3932145/35184372088832
timeDiff(28,47)=7864305/70368744177664
timeDiff(28,48)=15728625/140737488355328
timeDiff(28,49)=31457265/281474976710656
timeDiff(28,50)=62914545/562949953421312
timeDiff(29,29)=0
timeDiff(29,30)=15/536870912
timeDiff(29,31)=45/1073741824
timeDiff(29,32)=105/2147483648
timeDiff(29,33)=225/4294967296
timeDiff(29,34)=465/8589934592
timeDiff(29,35)=945/17179869184
timeDiff(29,36)=1905/34359738368
timeDiff(29,37)=3825/68719476736
timeDiff(29,38)=7665/137438953472
timeDiff(29,39)=15345/274877906944
timeDiff(29,40)=30705/549755813888
timeDiff(29,41)=61425/1099511627776
timeDiff(29,42)=122865/2199023255552
timeDiff(29,43)=245745/4398046511104
timeDiff(29,44)=491505/8796093022208
timeDiff(29,45)=983025/17592186044416
timeDiff(29,46)=1966065/35184372088832
timeDiff(29,47)=3932145/70368744177664
timeDiff(29,48)=7864305/140737488355328
timeDiff(29,49)=15728625/281474976710656
timeDiff(29,50)=31457265/562949953421312
timeDiff(30,30)=0
timeDiff(30,31)=15/1073741824
timeDiff(30,32)=45/2147483648
timeDiff(30,33)=105/4294967296
timeDiff(30,34)=225/8589934592
timeDiff(30,35)=465/17179869184
timeDiff(30,36)=945/34359738368
timeDiff(30,37)=1905/68719476736
timeDiff(30,38)=3825/137438953472
timeDiff(30,39)=7665/274877906944
timeDiff(30,40)=15345/549755813888
timeDiff(30,41)=30705/1099511627776
timeDiff(30,42)=61425/2199023255552
timeDiff(30,43)=122865/4398046511104
timeDiff(30,44)=245745/8796093022208
timeDiff(30,45)=491505/17592186044416
timeDiff(30,46)=983025/35184372088832
timeDiff(30,47)=1966065/70368744177664
timeDiff(30,48)=3932145/140737488355328
timeDiff(30,49)=7864305/281474976710656
timeDiff(30,50)=15728625/562949953421312
timeDiff(31,31)=0
timeDiff(31,32)=15/2147483648
timeDiff(31,33)=45/4294967296
timeDiff(31,34)=105/8589934592
timeDiff(31,35)=225/17179869184
timeDiff(31,36)=465/34359738368
timeDiff(31,37)=945/68719476736
timeDiff(31,38)=1905/137438953472
timeDiff(31,39)=3825/274877906944
timeDiff(31,40)=7665/549755813888
timeDiff(31,41)=15345/1099511627776
timeDiff(31,42)=30705/2199023255552
timeDiff(31,43)=61425/4398046511104
timeDiff(31,44)=122865/8796093022208
timeDiff(31,45)=245745/17592186044416
timeDiff(31,46)=491505/35184372088832
timeDiff(31,47)=983025/70368744177664
timeDiff(31,48)=1966065/140737488355328
timeDiff(31,49)=3932145/281474976710656
timeDiff(31,50)=7864305/562949953421312
timeDiff(32,32)=0
timeDiff(32,33)=15/4294967296
timeDiff(32,34)=45/8589934592
timeDiff(32,35)=105/17179869184
timeDiff(32,36)=225/34359738368
timeDiff(32,37)=465/68719476736
timeDiff(32,38)=945/137438953472
timeDiff(32,39)=1905/274877906944
timeDiff(32,40)=3825/549755813888
timeDiff(32,41)=7665/1099511627776
timeDiff(32,42)=15345/2199023255552
timeDiff(32,43)=30705/4398046511104
timeDiff(32,44)=61425/8796093022208
timeDiff(32,45)=122865/17592186044416
timeDiff(32,46)=245745/35184372088832
timeDiff(32,47)=491505/70368744177664
timeDiff(32,48)=983025/140737488355328
timeDiff(32,49)=1966065/281474976710656
timeDiff(32,50)=3932145/562949953421312
timeDiff(33,33)=0
timeDiff(33,34)=15/8589934592
timeDiff(33,35)=45/17179869184
timeDiff(33,36)=105/34359738368
timeDiff(33,37)=225/68719476736
timeDiff(33,38)=465/137438953472
timeDiff(33,39)=945/274877906944
timeDiff(33,40)=1905/549755813888
timeDiff(33,41)=3825/1099511627776
timeDiff(33,42)=7665/2199023255552
timeDiff(33,43)=15345/4398046511104
timeDiff(33,44)=30705/8796093022208
timeDiff(33,45)=61425/17592186044416
timeDiff(33,46)=122865/35184372088832
timeDiff(33,47)=245745/70368744177664
timeDiff(33,48)=491505/140737488355328
timeDiff(33,49)=983025/281474976710656
timeDiff(33,50)=1966065/562949953421312
timeDiff(34,34)=0
timeDiff(34,35)=15/17179869184
timeDiff(34,36)=45/34359738368
timeDiff(34,37)=105/68719476736
timeDiff(34,38)=225/137438953472
timeDiff(34,39)=465/274877906944
timeDiff(34,40)=945/549755813888
timeDiff(34,41)=1905/1099511627776
timeDiff(34,42)=3825/2199023255552
timeDiff(34,43)=7665/4398046511104
timeDiff(34,44)=15345/8796093022208
timeDiff(34,45)=30705/17592186044416
timeDiff(34,46)=61425/35184372088832
timeDiff(34,47)=122865/70368744177664
timeDiff(34,48)=245745/140737488355328
timeDiff(34,49)=491505/281474976710656
timeDiff(34,50)=983025/562949953421312
timeDiff(35,35)=0
timeDiff(35,36)=15/34359738368
timeDiff(35,37)=45/68719476736
timeDiff(35,38)=105/137438953472
timeDiff(35,39)=225/274877906944
timeDiff(35,40)=465/549755813888
timeDiff(35,41)=945/1099511627776
timeDiff(35,42)=1905/2199023255552
timeDiff(35,43)=3825/4398046511104
timeDiff(35,44)=7665/8796093022208
timeDiff(35,45)=15345/17592186044416
timeDiff(35,46)=30705/35184372088832
timeDiff(35,47)=61425/70368744177664
timeDiff(35,48)=122865/140737488355328
timeDiff(35,49)=245745/281474976710656
timeDiff(35,50)=491505/562949953421312
timeDiff(36,36)=0
timeDiff(36,37)=15/68719476736
timeDiff(36,38)=45/137438953472
timeDiff(36,39)=105/274877906944
timeDiff(36,40)=225/549755813888
timeDiff(36,41)=465/1099511627776
timeDiff(36,42)=945/2199023255552
timeDiff(36,43)=1905/4398046511104
timeDiff(36,44)=3825/8796093022208
timeDiff(36,45)=7665/17592186044416
timeDiff(36,46)=15345/35184372088832
timeDiff(36,47)=30705/70368744177664
timeDiff(36,48)=61425/140737488355328
timeDiff(36,49)=122865/281474976710656
timeDiff(36,50)=245745/562949953421312
timeDiff(37,37)=0
timeDiff(37,38)=15/137438953472
timeDiff(37,39)=45/274877906944
timeDiff(37,40)=105/549755813888
timeDiff(37,41)=225/1099511627776
timeDiff(37,42)=465/2199023255552
timeDiff(37,43)=945/4398046511104
timeDiff(37,44)=1905/8796093022208
timeDiff(37,45)=3825/17592186044416
timeDiff(37,46)=7665/35184372088832
timeDiff(37,47)=15345/70368744177664
timeDiff(37,48)=30705/140737488355328
timeDiff(37,49)=61425/281474976710656
timeDiff(37,50)=122865/562949953421312
timeDiff(38,38)=0
timeDiff(38,39)=15/274877906944
timeDiff(38,40)=45/549755813888
timeDiff(38,41)=105/1099511627776
timeDiff(38,42)=225/2199023255552
timeDiff(38,43)=465/4398046511104
timeDiff(38,44)=945/8796093022208
timeDiff(38,45)=1905/17592186044416
timeDiff(38,46)=3825/35184372088832
timeDiff(38,47)=7665/70368744177664
timeDiff(38,48)=15345/140737488355328
timeDiff(38,49)=30705/281474976710656
timeDiff(38,50)=61425/562949953421312
timeDiff(39,39)=0
timeDiff(39,40)=15/549755813888
timeDiff(39,41)=45/1099511627776
timeDiff(39,42)=105/2199023255552
timeDiff(39,43)=225/4398046511104
timeDiff(39,44)=465/8796093022208
timeDiff(39,45)=945/17592186044416
timeDiff(39,46)=1905/35184372088832
timeDiff(39,47)=3825/70368744177664
timeDiff(39,48)=7665/140737488355328
timeDiff(39,49)=15345/281474976710656
timeDiff(39,50)=30705/562949953421312
timeDiff(40,40)=0
timeDiff(40,41)=15/1099511627776
timeDiff(40,42)=45/2199023255552
timeDiff(40,43)=105/4398046511104
timeDiff(40,44)=225/8796093022208
timeDiff(40,45)=465/17592186044416
timeDiff(40,46)=945/35184372088832
timeDiff(40,47)=1905/70368744177664
timeDiff(40,48)=3825/140737488355328
timeDiff(40,49)=7665/281474976710656
timeDiff(40,50)=15345/562949953421312
timeDiff(41,41)=0
timeDiff(41,42)=15/2199023255552
timeDiff(41,43)=45/4398046511104
timeDiff(41,44)=105/8796093022208
timeDiff(41,45)=225/17592186044416
timeDiff(41,46)=465/35184372088832
timeDiff(41,47)=945/70368744177664
timeDiff(41,48)=1905/140737488355328
timeDiff(41,49)=3825/281474976710656
timeDiff(41,50)=7665/562949953421312
timeDiff(42,42)=0
timeDiff(42,43)=15/4398046511104
timeDiff(42,44)=45/8796093022208
timeDiff(42,45)=105/17592186044416
timeDiff(42,46)=225/35184372088832
timeDiff(42,47)=465/70368744177664
timeDiff(42,48)=945/140737488355328
timeDiff(42,49)=1905/281474976710656
timeDiff(42,50)=3825/562949953421312
timeDiff(43,43)=0
timeDiff(43,44)=15/8796093022208
timeDiff(43,45)=45/17592186044416
timeDiff(43,46)=105/35184372088832
timeDiff(43,47)=225/70368744177664
timeDiff(43,48)=465/140737488355328
timeDiff(43,49)=945/281474976710656
timeDiff(43,50)=1905/562949953421312
timeDiff(44,44)=0
timeDiff(44,45)=15/17592186044416
timeDiff(44,46)=45/35184372088832
timeDiff(44,47)=105/70368744177664
timeDiff(44,48)=225/140737488355328
timeDiff(44,49)=465/281474976710656
timeDiff(44,50)=945/562949953421312
timeDiff(45,45)=0
timeDiff(45,46)=15/35184372088832
timeDiff(45,47)=45/70368744177664
timeDiff(45,48)=105/140737488355328
timeDiff(45,49)=225/281474976710656
timeDiff(45,50)=465/562949953421312
timeDiff(46,46)=0
timeDiff(46,47)=15/70368744177664
timeDiff(46,48)=45/140737488355328
timeDiff(46,49)=105/281474976710656
timeDiff(46,50)=225/562949953421312
timeDiff(47,47)=0
timeDiff(47,48)=15/140737488355328
timeDiff(47,49)=45/281474976710656
timeDiff(47,50)=105/562949953421312
timeDiff(48,48)=0
timeDiff(48,49)=15/281474976710656
timeDiff(48,50)=45/562949953421312
timeDiff(49,49)=0
timeDiff(49,50)=15/562949953421312
timeDiff(50,50)=0
SATISFIABLE

Models       : 1
Calls        : 1
Time         : 18.731s (Solving: 17.23s 1st Model: 17.18s Unsat: 0.05s)
CPU Time     : 18.685s

Command exited with non-zero status 30

  real      0:18.89
  real [s]  18.89
  user [s]  18.45
  sys  [s]  0.39
  mem  [KB] 155816
  avgm [KB] 0
