$ python ../fdec-incr.py --maxtime 19 ./model.lp


Looking for the right number of steps: 1 2 3 4 FOUND
clingo-lpx version 1.3.0
Reading from ...omparison/hybrid-clingo/axioms/fdec.lp ...
Solving...
Answer: 1 (Time: 0.056s)
maxStep(4)
happens(switch_left,25/2)
happens(switch_left,145/8)
happens(switch_right,65/4)
happens(start(right),10)
holdsAt(left_filling,(25/2<S=<65/4))
holdsAt(left_filling,(145/8<S=<19))
holdsAt(right_filling,(10<S=<25/2))
holdsAt(right_filling,(65/4<S=<145/8))
fholdsAtC(water_left,(100->50),(10<S=<25/2),((1,100),-20))
fholdsAtC(water_left,(50->175/2),(25/2<S=<65/4),((1,50),10))
fholdsAtC(water_left,(175/2->50),(65/4<S=<145/8),((1,175/2),-20))
fholdsAtC(water_left,(50->235/4),(145/8<S=<19),((1,50),10))
fholdsAtC(water_right,(100->125),(10<S=<25/2),((1,100),10))
fholdsAtC(water_right,(125->50),(25/2<S=<65/4),((1,125),-20))
fholdsAtC(water_right,(50->275/4),(65/4<S=<145/8),((1,50),10))
fholdsAtC(water_right,(275/4->205/4),(145/8<S=<19),((1,275/4),-20))
Assignment:
(obs,10)=10 (time,0)=10 (time,1)=25/2 (time,2)=65/4 (time,3)=145/8 (time,4)=19 (water_left,0)=100 (water_left,1)=50 (water_left,2)=175/2 (water_left,3)=50 (water_left,4)=235/4 (water_right,0)=100 (water_right,1)=125 (water_right,2)=50 (water_right,3)=275/4 (water_right,4)=205/4
SATISFIABLE

Models       : 1
Calls        : 1
Time         : 0.057s (Solving: 0.00s 1st Model: 0.00s Unsat: 0.00s)
CPU Time     : 0.037s


Command exited with non-zero status 30

  real      0:00.67
  real [s]  0.67
  user [s]  0.38
  sys  [s]  0.13
  mem  [KB] 18432
  avgm [KB] 0
