$ clingo-lpx --strict -n10 ./model.lp ../axioms/fdec.lp ../axioms/fdec-show.lp -c maxstep=3 -c maxtime=1000 		| ../utils/replace_assignments.sh | ../utils/make-readable.sh


clingo-lpx version 1.3.0
Reading from ./model.lp ...
Solving...
Answer: 1
(Time: 0.033s)
happens(transfer(account1,account2,2),10)
happens(transfer(account1,account2,4),20)
fholdsAt(balance(account1),10,(0,"< T =<",10))
fholdsAt(balance(account1),8,(10,"< T =<",20))
fholdsAt(balance(account1),4,(20,"< T =<",1000))
fholdsAt(balance(account2),10,(0,"< T =<",10))
fholdsAt(balance(account2),12,(10,"< T =<",20))
fholdsAt(balance(account2),16,(20,"< T =<",1000))
Assignment: [leftovers]
fholdsAt(balance(account1),0)=10
fholdsAt(balance(account2),0)=10
SATISFIABLE

Models       : 1
Calls        : 1
Time         : 0.033s (Solving: 0.00s 1st Model: 0.00s Unsat: 0.00s)
CPU Time     : 0.017s

Command exited with non-zero status 30

  real      0:00.04
  real [s]  0.04
  user [s]  0.00
  sys  [s]  0.01
  mem  [KB] 9088
  avgm [KB] 0
