$ clingcon -n0 ../axioms/fdec.lp ../axioms/fdec-show.lp -c maxstep=6 -c maxtime=15 ./model-con-fixed.lp | ../utils/replace_assignments.sh | ../utils/make-readable.sh


clingcon version 5.2.1
Reading from ../axioms/fdec.lp ...
Solving...
Answer: 1
(Time: 0.051s)
happens(turn_light_off,11)
happens(turn_light_off,13)
happens(turn_light_off,15)
happens(turn_light_on,10)
happens(turn_light_on,12)
happens(turn_light_on,14)
holdsAt(light_on,(10,"< S =<",11))
holdsAt(light_on,(12,"< S =<",13))
holdsAt(light_on,(14,"< S =<",15))
Assignment: [leftovers]
time(0)=0
timeDiff(0,0)=0
timeDiff(0,1)=10
timeDiff(0,2)=11
timeDiff(0,3)=12
timeDiff(0,4)=13
timeDiff(0,5)=14
timeDiff(0,6)=15
timeDiff(1,1)=0
timeDiff(1,2)=1
timeDiff(1,3)=2
timeDiff(1,4)=3
timeDiff(1,5)=4
timeDiff(1,6)=5
timeDiff(2,2)=0
timeDiff(2,3)=1
timeDiff(2,4)=2
timeDiff(2,5)=3
timeDiff(2,6)=4
timeDiff(3,3)=0
timeDiff(3,4)=1
timeDiff(3,5)=2
timeDiff(3,6)=3
timeDiff(4,4)=0
timeDiff(4,5)=1
timeDiff(4,6)=2
timeDiff(5,5)=0
timeDiff(5,6)=1
timeDiff(6,6)=0
SATISFIABLE

Models       : 1
Calls        : 1
Time         : 0.051s (Solving: 0.00s 1st Model: 0.00s Unsat: 0.00s)
CPU Time     : 0.028s

Command exited with non-zero status 30

  real      0:00.08
  real [s]  0.08
  user [s]  0.01
  sys  [s]  0.02
  mem  [KB] 9344
  avgm [KB] 0
