$ clingcon -n0 ../axioms/fdec.lp ../axioms/fdec-show.lp -c maxstep=50 -c maxtime=59 ./model-con-fixed.lp | ../utils/make-readable.sh


clingcon version 5.2.1
Reading from ../axioms/fdec.lp ...
Solving...
Answer: 1
(Time: 0.415s)
happens(turn_light_off,time(2))
happens(turn_light_off,time(4))
happens(turn_light_off,time(6))
happens(turn_light_off,time(8))
happens(turn_light_off,time(10))
happens(turn_light_off,time(12))
happens(turn_light_off,time(14))
happens(turn_light_off,time(16))
happens(turn_light_off,time(18))
happens(turn_light_off,time(20))
happens(turn_light_off,time(22))
happens(turn_light_off,time(24))
happens(turn_light_off,time(26))
happens(turn_light_off,time(28))
happens(turn_light_off,time(30))
happens(turn_light_off,time(32))
happens(turn_light_off,time(34))
happens(turn_light_off,time(36))
happens(turn_light_off,time(38))
happens(turn_light_off,time(40))
happens(turn_light_off,time(42))
happens(turn_light_off,time(44))
happens(turn_light_off,time(46))
happens(turn_light_off,time(48))
happens(turn_light_off,time(50))
happens(turn_light_on,time(1))
happens(turn_light_on,time(3))
happens(turn_light_on,time(5))
happens(turn_light_on,time(7))
happens(turn_light_on,time(9))
happens(turn_light_on,time(11))
happens(turn_light_on,time(13))
happens(turn_light_on,time(15))
happens(turn_light_on,time(17))
happens(turn_light_on,time(19))
happens(turn_light_on,time(21))
happens(turn_light_on,time(23))
happens(turn_light_on,time(25))
happens(turn_light_on,time(27))
happens(turn_light_on,time(29))
happens(turn_light_on,time(31))
happens(turn_light_on,time(33))
happens(turn_light_on,time(35))
happens(turn_light_on,time(37))
happens(turn_light_on,time(39))
happens(turn_light_on,time(41))
happens(turn_light_on,time(43))
happens(turn_light_on,time(45))
happens(turn_light_on,time(47))
happens(turn_light_on,time(49))
holdsAt(light_on,(time(1),"< S =<",time(2)))
holdsAt(light_on,(time(3),"< S =<",time(4)))
holdsAt(light_on,(time(5),"< S =<",time(6)))
holdsAt(light_on,(time(7),"< S =<",time(8)))
holdsAt(light_on,(time(9),"< S =<",time(10)))
holdsAt(light_on,(time(11),"< S =<",time(12)))
holdsAt(light_on,(time(13),"< S =<",time(14)))
holdsAt(light_on,(time(15),"< S =<",time(16)))
holdsAt(light_on,(time(17),"< S =<",time(18)))
holdsAt(light_on,(time(19),"< S =<",time(20)))
holdsAt(light_on,(time(21),"< S =<",time(22)))
holdsAt(light_on,(time(23),"< S =<",time(24)))
holdsAt(light_on,(time(25),"< S =<",time(26)))
holdsAt(light_on,(time(27),"< S =<",time(28)))
holdsAt(light_on,(time(29),"< S =<",time(30)))
holdsAt(light_on,(time(31),"< S =<",time(32)))
holdsAt(light_on,(time(33),"< S =<",time(34)))
holdsAt(light_on,(time(35),"< S =<",time(36)))
holdsAt(light_on,(time(37),"< S =<",time(38)))
holdsAt(light_on,(time(39),"< S =<",time(40)))
holdsAt(light_on,(time(41),"< S =<",time(42)))
holdsAt(light_on,(time(43),"< S =<",time(44)))
holdsAt(light_on,(time(45),"< S =<",time(46)))
holdsAt(light_on,(time(47),"< S =<",time(48)))
holdsAt(light_on,(time(49),"< S =<",time(50)))
Assignment:
time(0)=0
time(1)=10
time(2)=11
time(3)=12
time(4)=13
time(5)=14
time(6)=15
time(7)=16
time(8)=17
time(9)=18
time(10)=19
time(11)=20
time(12)=21
time(13)=22
time(14)=23
time(15)=24
time(16)=25
time(17)=26
time(18)=27
time(19)=28
time(20)=29
time(21)=30
time(22)=31
time(23)=32
time(24)=33
time(25)=34
time(26)=35
time(27)=36
time(28)=37
time(29)=38
time(30)=39
time(31)=40
time(32)=41
time(33)=42
time(34)=43
time(35)=44
time(36)=45
time(37)=46
time(38)=47
time(39)=48
time(40)=49
time(41)=50
time(42)=51
time(43)=52
time(44)=53
time(45)=54
time(46)=55
time(47)=56
time(48)=57
time(49)=58
time(50)=59
timeDiff(0,0)=0
timeDiff(0,1)=10
timeDiff(0,2)=11
timeDiff(0,3)=12
timeDiff(0,4)=13
timeDiff(0,5)=14
timeDiff(0,6)=15
timeDiff(0,7)=16
timeDiff(0,8)=17
timeDiff(0,9)=18
timeDiff(0,10)=19
timeDiff(0,11)=20
timeDiff(0,12)=21
timeDiff(0,13)=22
timeDiff(0,14)=23
timeDiff(0,15)=24
timeDiff(0,16)=25
timeDiff(0,17)=26
timeDiff(0,18)=27
timeDiff(0,19)=28
timeDiff(0,20)=29
timeDiff(0,21)=30
timeDiff(0,22)=31
timeDiff(0,23)=32
timeDiff(0,24)=33
timeDiff(0,25)=34
timeDiff(0,26)=35
timeDiff(0,27)=36
timeDiff(0,28)=37
timeDiff(0,29)=38
timeDiff(0,30)=39
timeDiff(0,31)=40
timeDiff(0,32)=41
timeDiff(0,33)=42
timeDiff(0,34)=43
timeDiff(0,35)=44
timeDiff(0,36)=45
timeDiff(0,37)=46
timeDiff(0,38)=47
timeDiff(0,39)=48
timeDiff(0,40)=49
timeDiff(0,41)=50
timeDiff(0,42)=51
timeDiff(0,43)=52
timeDiff(0,44)=53
timeDiff(0,45)=54
timeDiff(0,46)=55
timeDiff(0,47)=56
timeDiff(0,48)=57
timeDiff(0,49)=58
timeDiff(0,50)=59
timeDiff(1,1)=0
timeDiff(1,2)=1
timeDiff(1,3)=2
timeDiff(1,4)=3
timeDiff(1,5)=4
timeDiff(1,6)=5
timeDiff(1,7)=6
timeDiff(1,8)=7
timeDiff(1,9)=8
timeDiff(1,10)=9
timeDiff(1,11)=10
timeDiff(1,12)=11
timeDiff(1,13)=12
timeDiff(1,14)=13
timeDiff(1,15)=14
timeDiff(1,16)=15
timeDiff(1,17)=16
timeDiff(1,18)=17
timeDiff(1,19)=18
timeDiff(1,20)=19
timeDiff(1,21)=20
timeDiff(1,22)=21
timeDiff(1,23)=22
timeDiff(1,24)=23
timeDiff(1,25)=24
timeDiff(1,26)=25
timeDiff(1,27)=26
timeDiff(1,28)=27
timeDiff(1,29)=28
timeDiff(1,30)=29
timeDiff(1,31)=30
timeDiff(1,32)=31
timeDiff(1,33)=32
timeDiff(1,34)=33
timeDiff(1,35)=34
timeDiff(1,36)=35
timeDiff(1,37)=36
timeDiff(1,38)=37
timeDiff(1,39)=38
timeDiff(1,40)=39
timeDiff(1,41)=40
timeDiff(1,42)=41
timeDiff(1,43)=42
timeDiff(1,44)=43
timeDiff(1,45)=44
timeDiff(1,46)=45
timeDiff(1,47)=46
timeDiff(1,48)=47
timeDiff(1,49)=48
timeDiff(1,50)=49
timeDiff(2,2)=0
timeDiff(2,3)=1
timeDiff(2,4)=2
timeDiff(2,5)=3
timeDiff(2,6)=4
timeDiff(2,7)=5
timeDiff(2,8)=6
timeDiff(2,9)=7
timeDiff(2,10)=8
timeDiff(2,11)=9
timeDiff(2,12)=10
timeDiff(2,13)=11
timeDiff(2,14)=12
timeDiff(2,15)=13
timeDiff(2,16)=14
timeDiff(2,17)=15
timeDiff(2,18)=16
timeDiff(2,19)=17
timeDiff(2,20)=18
timeDiff(2,21)=19
timeDiff(2,22)=20
timeDiff(2,23)=21
timeDiff(2,24)=22
timeDiff(2,25)=23
timeDiff(2,26)=24
timeDiff(2,27)=25
timeDiff(2,28)=26
timeDiff(2,29)=27
timeDiff(2,30)=28
timeDiff(2,31)=29
timeDiff(2,32)=30
timeDiff(2,33)=31
timeDiff(2,34)=32
timeDiff(2,35)=33
timeDiff(2,36)=34
timeDiff(2,37)=35
timeDiff(2,38)=36
timeDiff(2,39)=37
timeDiff(2,40)=38
timeDiff(2,41)=39
timeDiff(2,42)=40
timeDiff(2,43)=41
timeDiff(2,44)=42
timeDiff(2,45)=43
timeDiff(2,46)=44
timeDiff(2,47)=45
timeDiff(2,48)=46
timeDiff(2,49)=47
timeDiff(2,50)=48
timeDiff(3,3)=0
timeDiff(3,4)=1
timeDiff(3,5)=2
timeDiff(3,6)=3
timeDiff(3,7)=4
timeDiff(3,8)=5
timeDiff(3,9)=6
timeDiff(3,10)=7
timeDiff(3,11)=8
timeDiff(3,12)=9
timeDiff(3,13)=10
timeDiff(3,14)=11
timeDiff(3,15)=12
timeDiff(3,16)=13
timeDiff(3,17)=14
timeDiff(3,18)=15
timeDiff(3,19)=16
timeDiff(3,20)=17
timeDiff(3,21)=18
timeDiff(3,22)=19
timeDiff(3,23)=20
timeDiff(3,24)=21
timeDiff(3,25)=22
timeDiff(3,26)=23
timeDiff(3,27)=24
timeDiff(3,28)=25
timeDiff(3,29)=26
timeDiff(3,30)=27
timeDiff(3,31)=28
timeDiff(3,32)=29
timeDiff(3,33)=30
timeDiff(3,34)=31
timeDiff(3,35)=32
timeDiff(3,36)=33
timeDiff(3,37)=34
timeDiff(3,38)=35
timeDiff(3,39)=36
timeDiff(3,40)=37
timeDiff(3,41)=38
timeDiff(3,42)=39
timeDiff(3,43)=40
timeDiff(3,44)=41
timeDiff(3,45)=42
timeDiff(3,46)=43
timeDiff(3,47)=44
timeDiff(3,48)=45
timeDiff(3,49)=46
timeDiff(3,50)=47
timeDiff(4,4)=0
timeDiff(4,5)=1
timeDiff(4,6)=2
timeDiff(4,7)=3
timeDiff(4,8)=4
timeDiff(4,9)=5
timeDiff(4,10)=6
timeDiff(4,11)=7
timeDiff(4,12)=8
timeDiff(4,13)=9
timeDiff(4,14)=10
timeDiff(4,15)=11
timeDiff(4,16)=12
timeDiff(4,17)=13
timeDiff(4,18)=14
timeDiff(4,19)=15
timeDiff(4,20)=16
timeDiff(4,21)=17
timeDiff(4,22)=18
timeDiff(4,23)=19
timeDiff(4,24)=20
timeDiff(4,25)=21
timeDiff(4,26)=22
timeDiff(4,27)=23
timeDiff(4,28)=24
timeDiff(4,29)=25
timeDiff(4,30)=26
timeDiff(4,31)=27
timeDiff(4,32)=28
timeDiff(4,33)=29
timeDiff(4,34)=30
timeDiff(4,35)=31
timeDiff(4,36)=32
timeDiff(4,37)=33
timeDiff(4,38)=34
timeDiff(4,39)=35
timeDiff(4,40)=36
timeDiff(4,41)=37
timeDiff(4,42)=38
timeDiff(4,43)=39
timeDiff(4,44)=40
timeDiff(4,45)=41
timeDiff(4,46)=42
timeDiff(4,47)=43
timeDiff(4,48)=44
timeDiff(4,49)=45
timeDiff(4,50)=46
timeDiff(5,5)=0
timeDiff(5,6)=1
timeDiff(5,7)=2
timeDiff(5,8)=3
timeDiff(5,9)=4
timeDiff(5,10)=5
timeDiff(5,11)=6
timeDiff(5,12)=7
timeDiff(5,13)=8
timeDiff(5,14)=9
timeDiff(5,15)=10
timeDiff(5,16)=11
timeDiff(5,17)=12
timeDiff(5,18)=13
timeDiff(5,19)=14
timeDiff(5,20)=15
timeDiff(5,21)=16
timeDiff(5,22)=17
timeDiff(5,23)=18
timeDiff(5,24)=19
timeDiff(5,25)=20
timeDiff(5,26)=21
timeDiff(5,27)=22
timeDiff(5,28)=23
timeDiff(5,29)=24
timeDiff(5,30)=25
timeDiff(5,31)=26
timeDiff(5,32)=27
timeDiff(5,33)=28
timeDiff(5,34)=29
timeDiff(5,35)=30
timeDiff(5,36)=31
timeDiff(5,37)=32
timeDiff(5,38)=33
timeDiff(5,39)=34
timeDiff(5,40)=35
timeDiff(5,41)=36
timeDiff(5,42)=37
timeDiff(5,43)=38
timeDiff(5,44)=39
timeDiff(5,45)=40
timeDiff(5,46)=41
timeDiff(5,47)=42
timeDiff(5,48)=43
timeDiff(5,49)=44
timeDiff(5,50)=45
timeDiff(6,6)=0
timeDiff(6,7)=1
timeDiff(6,8)=2
timeDiff(6,9)=3
timeDiff(6,10)=4
timeDiff(6,11)=5
timeDiff(6,12)=6
timeDiff(6,13)=7
timeDiff(6,14)=8
timeDiff(6,15)=9
timeDiff(6,16)=10
timeDiff(6,17)=11
timeDiff(6,18)=12
timeDiff(6,19)=13
timeDiff(6,20)=14
timeDiff(6,21)=15
timeDiff(6,22)=16
timeDiff(6,23)=17
timeDiff(6,24)=18
timeDiff(6,25)=19
timeDiff(6,26)=20
timeDiff(6,27)=21
timeDiff(6,28)=22
timeDiff(6,29)=23
timeDiff(6,30)=24
timeDiff(6,31)=25
timeDiff(6,32)=26
timeDiff(6,33)=27
timeDiff(6,34)=28
timeDiff(6,35)=29
timeDiff(6,36)=30
timeDiff(6,37)=31
timeDiff(6,38)=32
timeDiff(6,39)=33
timeDiff(6,40)=34
timeDiff(6,41)=35
timeDiff(6,42)=36
timeDiff(6,43)=37
timeDiff(6,44)=38
timeDiff(6,45)=39
timeDiff(6,46)=40
timeDiff(6,47)=41
timeDiff(6,48)=42
timeDiff(6,49)=43
timeDiff(6,50)=44
timeDiff(7,7)=0
timeDiff(7,8)=1
timeDiff(7,9)=2
timeDiff(7,10)=3
timeDiff(7,11)=4
timeDiff(7,12)=5
timeDiff(7,13)=6
timeDiff(7,14)=7
timeDiff(7,15)=8
timeDiff(7,16)=9
timeDiff(7,17)=10
timeDiff(7,18)=11
timeDiff(7,19)=12
timeDiff(7,20)=13
timeDiff(7,21)=14
timeDiff(7,22)=15
timeDiff(7,23)=16
timeDiff(7,24)=17
timeDiff(7,25)=18
timeDiff(7,26)=19
timeDiff(7,27)=20
timeDiff(7,28)=21
timeDiff(7,29)=22
timeDiff(7,30)=23
timeDiff(7,31)=24
timeDiff(7,32)=25
timeDiff(7,33)=26
timeDiff(7,34)=27
timeDiff(7,35)=28
timeDiff(7,36)=29
timeDiff(7,37)=30
timeDiff(7,38)=31
timeDiff(7,39)=32
timeDiff(7,40)=33
timeDiff(7,41)=34
timeDiff(7,42)=35
timeDiff(7,43)=36
timeDiff(7,44)=37
timeDiff(7,45)=38
timeDiff(7,46)=39
timeDiff(7,47)=40
timeDiff(7,48)=41
timeDiff(7,49)=42
timeDiff(7,50)=43
timeDiff(8,8)=0
timeDiff(8,9)=1
timeDiff(8,10)=2
timeDiff(8,11)=3
timeDiff(8,12)=4
timeDiff(8,13)=5
timeDiff(8,14)=6
timeDiff(8,15)=7
timeDiff(8,16)=8
timeDiff(8,17)=9
timeDiff(8,18)=10
timeDiff(8,19)=11
timeDiff(8,20)=12
timeDiff(8,21)=13
timeDiff(8,22)=14
timeDiff(8,23)=15
timeDiff(8,24)=16
timeDiff(8,25)=17
timeDiff(8,26)=18
timeDiff(8,27)=19
timeDiff(8,28)=20
timeDiff(8,29)=21
timeDiff(8,30)=22
timeDiff(8,31)=23
timeDiff(8,32)=24
timeDiff(8,33)=25
timeDiff(8,34)=26
timeDiff(8,35)=27
timeDiff(8,36)=28
timeDiff(8,37)=29
timeDiff(8,38)=30
timeDiff(8,39)=31
timeDiff(8,40)=32
timeDiff(8,41)=33
timeDiff(8,42)=34
timeDiff(8,43)=35
timeDiff(8,44)=36
timeDiff(8,45)=37
timeDiff(8,46)=38
timeDiff(8,47)=39
timeDiff(8,48)=40
timeDiff(8,49)=41
timeDiff(8,50)=42
timeDiff(9,9)=0
timeDiff(9,10)=1
timeDiff(9,11)=2
timeDiff(9,12)=3
timeDiff(9,13)=4
timeDiff(9,14)=5
timeDiff(9,15)=6
timeDiff(9,16)=7
timeDiff(9,17)=8
timeDiff(9,18)=9
timeDiff(9,19)=10
timeDiff(9,20)=11
timeDiff(9,21)=12
timeDiff(9,22)=13
timeDiff(9,23)=14
timeDiff(9,24)=15
timeDiff(9,25)=16
timeDiff(9,26)=17
timeDiff(9,27)=18
timeDiff(9,28)=19
timeDiff(9,29)=20
timeDiff(9,30)=21
timeDiff(9,31)=22
timeDiff(9,32)=23
timeDiff(9,33)=24
timeDiff(9,34)=25
timeDiff(9,35)=26
timeDiff(9,36)=27
timeDiff(9,37)=28
timeDiff(9,38)=29
timeDiff(9,39)=30
timeDiff(9,40)=31
timeDiff(9,41)=32
timeDiff(9,42)=33
timeDiff(9,43)=34
timeDiff(9,44)=35
timeDiff(9,45)=36
timeDiff(9,46)=37
timeDiff(9,47)=38
timeDiff(9,48)=39
timeDiff(9,49)=40
timeDiff(9,50)=41
timeDiff(10,10)=0
timeDiff(10,11)=1
timeDiff(10,12)=2
timeDiff(10,13)=3
timeDiff(10,14)=4
timeDiff(10,15)=5
timeDiff(10,16)=6
timeDiff(10,17)=7
timeDiff(10,18)=8
timeDiff(10,19)=9
timeDiff(10,20)=10
timeDiff(10,21)=11
timeDiff(10,22)=12
timeDiff(10,23)=13
timeDiff(10,24)=14
timeDiff(10,25)=15
timeDiff(10,26)=16
timeDiff(10,27)=17
timeDiff(10,28)=18
timeDiff(10,29)=19
timeDiff(10,30)=20
timeDiff(10,31)=21
timeDiff(10,32)=22
timeDiff(10,33)=23
timeDiff(10,34)=24
timeDiff(10,35)=25
timeDiff(10,36)=26
timeDiff(10,37)=27
timeDiff(10,38)=28
timeDiff(10,39)=29
timeDiff(10,40)=30
timeDiff(10,41)=31
timeDiff(10,42)=32
timeDiff(10,43)=33
timeDiff(10,44)=34
timeDiff(10,45)=35
timeDiff(10,46)=36
timeDiff(10,47)=37
timeDiff(10,48)=38
timeDiff(10,49)=39
timeDiff(10,50)=40
timeDiff(11,11)=0
timeDiff(11,12)=1
timeDiff(11,13)=2
timeDiff(11,14)=3
timeDiff(11,15)=4
timeDiff(11,16)=5
timeDiff(11,17)=6
timeDiff(11,18)=7
timeDiff(11,19)=8
timeDiff(11,20)=9
timeDiff(11,21)=10
timeDiff(11,22)=11
timeDiff(11,23)=12
timeDiff(11,24)=13
timeDiff(11,25)=14
timeDiff(11,26)=15
timeDiff(11,27)=16
timeDiff(11,28)=17
timeDiff(11,29)=18
timeDiff(11,30)=19
timeDiff(11,31)=20
timeDiff(11,32)=21
timeDiff(11,33)=22
timeDiff(11,34)=23
timeDiff(11,35)=24
timeDiff(11,36)=25
timeDiff(11,37)=26
timeDiff(11,38)=27
timeDiff(11,39)=28
timeDiff(11,40)=29
timeDiff(11,41)=30
timeDiff(11,42)=31
timeDiff(11,43)=32
timeDiff(11,44)=33
timeDiff(11,45)=34
timeDiff(11,46)=35
timeDiff(11,47)=36
timeDiff(11,48)=37
timeDiff(11,49)=38
timeDiff(11,50)=39
timeDiff(12,12)=0
timeDiff(12,13)=1
timeDiff(12,14)=2
timeDiff(12,15)=3
timeDiff(12,16)=4
timeDiff(12,17)=5
timeDiff(12,18)=6
timeDiff(12,19)=7
timeDiff(12,20)=8
timeDiff(12,21)=9
timeDiff(12,22)=10
timeDiff(12,23)=11
timeDiff(12,24)=12
timeDiff(12,25)=13
timeDiff(12,26)=14
timeDiff(12,27)=15
timeDiff(12,28)=16
timeDiff(12,29)=17
timeDiff(12,30)=18
timeDiff(12,31)=19
timeDiff(12,32)=20
timeDiff(12,33)=21
timeDiff(12,34)=22
timeDiff(12,35)=23
timeDiff(12,36)=24
timeDiff(12,37)=25
timeDiff(12,38)=26
timeDiff(12,39)=27
timeDiff(12,40)=28
timeDiff(12,41)=29
timeDiff(12,42)=30
timeDiff(12,43)=31
timeDiff(12,44)=32
timeDiff(12,45)=33
timeDiff(12,46)=34
timeDiff(12,47)=35
timeDiff(12,48)=36
timeDiff(12,49)=37
timeDiff(12,50)=38
timeDiff(13,13)=0
timeDiff(13,14)=1
timeDiff(13,15)=2
timeDiff(13,16)=3
timeDiff(13,17)=4
timeDiff(13,18)=5
timeDiff(13,19)=6
timeDiff(13,20)=7
timeDiff(13,21)=8
timeDiff(13,22)=9
timeDiff(13,23)=10
timeDiff(13,24)=11
timeDiff(13,25)=12
timeDiff(13,26)=13
timeDiff(13,27)=14
timeDiff(13,28)=15
timeDiff(13,29)=16
timeDiff(13,30)=17
timeDiff(13,31)=18
timeDiff(13,32)=19
timeDiff(13,33)=20
timeDiff(13,34)=21
timeDiff(13,35)=22
timeDiff(13,36)=23
timeDiff(13,37)=24
timeDiff(13,38)=25
timeDiff(13,39)=26
timeDiff(13,40)=27
timeDiff(13,41)=28
timeDiff(13,42)=29
timeDiff(13,43)=30
timeDiff(13,44)=31
timeDiff(13,45)=32
timeDiff(13,46)=33
timeDiff(13,47)=34
timeDiff(13,48)=35
timeDiff(13,49)=36
timeDiff(13,50)=37
timeDiff(14,14)=0
timeDiff(14,15)=1
timeDiff(14,16)=2
timeDiff(14,17)=3
timeDiff(14,18)=4
timeDiff(14,19)=5
timeDiff(14,20)=6
timeDiff(14,21)=7
timeDiff(14,22)=8
timeDiff(14,23)=9
timeDiff(14,24)=10
timeDiff(14,25)=11
timeDiff(14,26)=12
timeDiff(14,27)=13
timeDiff(14,28)=14
timeDiff(14,29)=15
timeDiff(14,30)=16
timeDiff(14,31)=17
timeDiff(14,32)=18
timeDiff(14,33)=19
timeDiff(14,34)=20
timeDiff(14,35)=21
timeDiff(14,36)=22
timeDiff(14,37)=23
timeDiff(14,38)=24
timeDiff(14,39)=25
timeDiff(14,40)=26
timeDiff(14,41)=27
timeDiff(14,42)=28
timeDiff(14,43)=29
timeDiff(14,44)=30
timeDiff(14,45)=31
timeDiff(14,46)=32
timeDiff(14,47)=33
timeDiff(14,48)=34
timeDiff(14,49)=35
timeDiff(14,50)=36
timeDiff(15,15)=0
timeDiff(15,16)=1
timeDiff(15,17)=2
timeDiff(15,18)=3
timeDiff(15,19)=4
timeDiff(15,20)=5
timeDiff(15,21)=6
timeDiff(15,22)=7
timeDiff(15,23)=8
timeDiff(15,24)=9
timeDiff(15,25)=10
timeDiff(15,26)=11
timeDiff(15,27)=12
timeDiff(15,28)=13
timeDiff(15,29)=14
timeDiff(15,30)=15
timeDiff(15,31)=16
timeDiff(15,32)=17
timeDiff(15,33)=18
timeDiff(15,34)=19
timeDiff(15,35)=20
timeDiff(15,36)=21
timeDiff(15,37)=22
timeDiff(15,38)=23
timeDiff(15,39)=24
timeDiff(15,40)=25
timeDiff(15,41)=26
timeDiff(15,42)=27
timeDiff(15,43)=28
timeDiff(15,44)=29
timeDiff(15,45)=30
timeDiff(15,46)=31
timeDiff(15,47)=32
timeDiff(15,48)=33
timeDiff(15,49)=34
timeDiff(15,50)=35
timeDiff(16,16)=0
timeDiff(16,17)=1
timeDiff(16,18)=2
timeDiff(16,19)=3
timeDiff(16,20)=4
timeDiff(16,21)=5
timeDiff(16,22)=6
timeDiff(16,23)=7
timeDiff(16,24)=8
timeDiff(16,25)=9
timeDiff(16,26)=10
timeDiff(16,27)=11
timeDiff(16,28)=12
timeDiff(16,29)=13
timeDiff(16,30)=14
timeDiff(16,31)=15
timeDiff(16,32)=16
timeDiff(16,33)=17
timeDiff(16,34)=18
timeDiff(16,35)=19
timeDiff(16,36)=20
timeDiff(16,37)=21
timeDiff(16,38)=22
timeDiff(16,39)=23
timeDiff(16,40)=24
timeDiff(16,41)=25
timeDiff(16,42)=26
timeDiff(16,43)=27
timeDiff(16,44)=28
timeDiff(16,45)=29
timeDiff(16,46)=30
timeDiff(16,47)=31
timeDiff(16,48)=32
timeDiff(16,49)=33
timeDiff(16,50)=34
timeDiff(17,17)=0
timeDiff(17,18)=1
timeDiff(17,19)=2
timeDiff(17,20)=3
timeDiff(17,21)=4
timeDiff(17,22)=5
timeDiff(17,23)=6
timeDiff(17,24)=7
timeDiff(17,25)=8
timeDiff(17,26)=9
timeDiff(17,27)=10
timeDiff(17,28)=11
timeDiff(17,29)=12
timeDiff(17,30)=13
timeDiff(17,31)=14
timeDiff(17,32)=15
timeDiff(17,33)=16
timeDiff(17,34)=17
timeDiff(17,35)=18
timeDiff(17,36)=19
timeDiff(17,37)=20
timeDiff(17,38)=21
timeDiff(17,39)=22
timeDiff(17,40)=23
timeDiff(17,41)=24
timeDiff(17,42)=25
timeDiff(17,43)=26
timeDiff(17,44)=27
timeDiff(17,45)=28
timeDiff(17,46)=29
timeDiff(17,47)=30
timeDiff(17,48)=31
timeDiff(17,49)=32
timeDiff(17,50)=33
timeDiff(18,18)=0
timeDiff(18,19)=1
timeDiff(18,20)=2
timeDiff(18,21)=3
timeDiff(18,22)=4
timeDiff(18,23)=5
timeDiff(18,24)=6
timeDiff(18,25)=7
timeDiff(18,26)=8
timeDiff(18,27)=9
timeDiff(18,28)=10
timeDiff(18,29)=11
timeDiff(18,30)=12
timeDiff(18,31)=13
timeDiff(18,32)=14
timeDiff(18,33)=15
timeDiff(18,34)=16
timeDiff(18,35)=17
timeDiff(18,36)=18
timeDiff(18,37)=19
timeDiff(18,38)=20
timeDiff(18,39)=21
timeDiff(18,40)=22
timeDiff(18,41)=23
timeDiff(18,42)=24
timeDiff(18,43)=25
timeDiff(18,44)=26
timeDiff(18,45)=27
timeDiff(18,46)=28
timeDiff(18,47)=29
timeDiff(18,48)=30
timeDiff(18,49)=31
timeDiff(18,50)=32
timeDiff(19,19)=0
timeDiff(19,20)=1
timeDiff(19,21)=2
timeDiff(19,22)=3
timeDiff(19,23)=4
timeDiff(19,24)=5
timeDiff(19,25)=6
timeDiff(19,26)=7
timeDiff(19,27)=8
timeDiff(19,28)=9
timeDiff(19,29)=10
timeDiff(19,30)=11
timeDiff(19,31)=12
timeDiff(19,32)=13
timeDiff(19,33)=14
timeDiff(19,34)=15
timeDiff(19,35)=16
timeDiff(19,36)=17
timeDiff(19,37)=18
timeDiff(19,38)=19
timeDiff(19,39)=20
timeDiff(19,40)=21
timeDiff(19,41)=22
timeDiff(19,42)=23
timeDiff(19,43)=24
timeDiff(19,44)=25
timeDiff(19,45)=26
timeDiff(19,46)=27
timeDiff(19,47)=28
timeDiff(19,48)=29
timeDiff(19,49)=30
timeDiff(19,50)=31
timeDiff(20,20)=0
timeDiff(20,21)=1
timeDiff(20,22)=2
timeDiff(20,23)=3
timeDiff(20,24)=4
timeDiff(20,25)=5
timeDiff(20,26)=6
timeDiff(20,27)=7
timeDiff(20,28)=8
timeDiff(20,29)=9
timeDiff(20,30)=10
timeDiff(20,31)=11
timeDiff(20,32)=12
timeDiff(20,33)=13
timeDiff(20,34)=14
timeDiff(20,35)=15
timeDiff(20,36)=16
timeDiff(20,37)=17
timeDiff(20,38)=18
timeDiff(20,39)=19
timeDiff(20,40)=20
timeDiff(20,41)=21
timeDiff(20,42)=22
timeDiff(20,43)=23
timeDiff(20,44)=24
timeDiff(20,45)=25
timeDiff(20,46)=26
timeDiff(20,47)=27
timeDiff(20,48)=28
timeDiff(20,49)=29
timeDiff(20,50)=30
timeDiff(21,21)=0
timeDiff(21,22)=1
timeDiff(21,23)=2
timeDiff(21,24)=3
timeDiff(21,25)=4
timeDiff(21,26)=5
timeDiff(21,27)=6
timeDiff(21,28)=7
timeDiff(21,29)=8
timeDiff(21,30)=9
timeDiff(21,31)=10
timeDiff(21,32)=11
timeDiff(21,33)=12
timeDiff(21,34)=13
timeDiff(21,35)=14
timeDiff(21,36)=15
timeDiff(21,37)=16
timeDiff(21,38)=17
timeDiff(21,39)=18
timeDiff(21,40)=19
timeDiff(21,41)=20
timeDiff(21,42)=21
timeDiff(21,43)=22
timeDiff(21,44)=23
timeDiff(21,45)=24
timeDiff(21,46)=25
timeDiff(21,47)=26
timeDiff(21,48)=27
timeDiff(21,49)=28
timeDiff(21,50)=29
timeDiff(22,22)=0
timeDiff(22,23)=1
timeDiff(22,24)=2
timeDiff(22,25)=3
timeDiff(22,26)=4
timeDiff(22,27)=5
timeDiff(22,28)=6
timeDiff(22,29)=7
timeDiff(22,30)=8
timeDiff(22,31)=9
timeDiff(22,32)=10
timeDiff(22,33)=11
timeDiff(22,34)=12
timeDiff(22,35)=13
timeDiff(22,36)=14
timeDiff(22,37)=15
timeDiff(22,38)=16
timeDiff(22,39)=17
timeDiff(22,40)=18
timeDiff(22,41)=19
timeDiff(22,42)=20
timeDiff(22,43)=21
timeDiff(22,44)=22
timeDiff(22,45)=23
timeDiff(22,46)=24
timeDiff(22,47)=25
timeDiff(22,48)=26
timeDiff(22,49)=27
timeDiff(22,50)=28
timeDiff(23,23)=0
timeDiff(23,24)=1
timeDiff(23,25)=2
timeDiff(23,26)=3
timeDiff(23,27)=4
timeDiff(23,28)=5
timeDiff(23,29)=6
timeDiff(23,30)=7
timeDiff(23,31)=8
timeDiff(23,32)=9
timeDiff(23,33)=10
timeDiff(23,34)=11
timeDiff(23,35)=12
timeDiff(23,36)=13
timeDiff(23,37)=14
timeDiff(23,38)=15
timeDiff(23,39)=16
timeDiff(23,40)=17
timeDiff(23,41)=18
timeDiff(23,42)=19
timeDiff(23,43)=20
timeDiff(23,44)=21
timeDiff(23,45)=22
timeDiff(23,46)=23
timeDiff(23,47)=24
timeDiff(23,48)=25
timeDiff(23,49)=26
timeDiff(23,50)=27
timeDiff(24,24)=0
timeDiff(24,25)=1
timeDiff(24,26)=2
timeDiff(24,27)=3
timeDiff(24,28)=4
timeDiff(24,29)=5
timeDiff(24,30)=6
timeDiff(24,31)=7
timeDiff(24,32)=8
timeDiff(24,33)=9
timeDiff(24,34)=10
timeDiff(24,35)=11
timeDiff(24,36)=12
timeDiff(24,37)=13
timeDiff(24,38)=14
timeDiff(24,39)=15
timeDiff(24,40)=16
timeDiff(24,41)=17
timeDiff(24,42)=18
timeDiff(24,43)=19
timeDiff(24,44)=20
timeDiff(24,45)=21
timeDiff(24,46)=22
timeDiff(24,47)=23
timeDiff(24,48)=24
timeDiff(24,49)=25
timeDiff(24,50)=26
timeDiff(25,25)=0
timeDiff(25,26)=1
timeDiff(25,27)=2
timeDiff(25,28)=3
timeDiff(25,29)=4
timeDiff(25,30)=5
timeDiff(25,31)=6
timeDiff(25,32)=7
timeDiff(25,33)=8
timeDiff(25,34)=9
timeDiff(25,35)=10
timeDiff(25,36)=11
timeDiff(25,37)=12
timeDiff(25,38)=13
timeDiff(25,39)=14
timeDiff(25,40)=15
timeDiff(25,41)=16
timeDiff(25,42)=17
timeDiff(25,43)=18
timeDiff(25,44)=19
timeDiff(25,45)=20
timeDiff(25,46)=21
timeDiff(25,47)=22
timeDiff(25,48)=23
timeDiff(25,49)=24
timeDiff(25,50)=25
timeDiff(26,26)=0
timeDiff(26,27)=1
timeDiff(26,28)=2
timeDiff(26,29)=3
timeDiff(26,30)=4
timeDiff(26,31)=5
timeDiff(26,32)=6
timeDiff(26,33)=7
timeDiff(26,34)=8
timeDiff(26,35)=9
timeDiff(26,36)=10
timeDiff(26,37)=11
timeDiff(26,38)=12
timeDiff(26,39)=13
timeDiff(26,40)=14
timeDiff(26,41)=15
timeDiff(26,42)=16
timeDiff(26,43)=17
timeDiff(26,44)=18
timeDiff(26,45)=19
timeDiff(26,46)=20
timeDiff(26,47)=21
timeDiff(26,48)=22
timeDiff(26,49)=23
timeDiff(26,50)=24
timeDiff(27,27)=0
timeDiff(27,28)=1
timeDiff(27,29)=2
timeDiff(27,30)=3
timeDiff(27,31)=4
timeDiff(27,32)=5
timeDiff(27,33)=6
timeDiff(27,34)=7
timeDiff(27,35)=8
timeDiff(27,36)=9
timeDiff(27,37)=10
timeDiff(27,38)=11
timeDiff(27,39)=12
timeDiff(27,40)=13
timeDiff(27,41)=14
timeDiff(27,42)=15
timeDiff(27,43)=16
timeDiff(27,44)=17
timeDiff(27,45)=18
timeDiff(27,46)=19
timeDiff(27,47)=20
timeDiff(27,48)=21
timeDiff(27,49)=22
timeDiff(27,50)=23
timeDiff(28,28)=0
timeDiff(28,29)=1
timeDiff(28,30)=2
timeDiff(28,31)=3
timeDiff(28,32)=4
timeDiff(28,33)=5
timeDiff(28,34)=6
timeDiff(28,35)=7
timeDiff(28,36)=8
timeDiff(28,37)=9
timeDiff(28,38)=10
timeDiff(28,39)=11
timeDiff(28,40)=12
timeDiff(28,41)=13
timeDiff(28,42)=14
timeDiff(28,43)=15
timeDiff(28,44)=16
timeDiff(28,45)=17
timeDiff(28,46)=18
timeDiff(28,47)=19
timeDiff(28,48)=20
timeDiff(28,49)=21
timeDiff(28,50)=22
timeDiff(29,29)=0
timeDiff(29,30)=1
timeDiff(29,31)=2
timeDiff(29,32)=3
timeDiff(29,33)=4
timeDiff(29,34)=5
timeDiff(29,35)=6
timeDiff(29,36)=7
timeDiff(29,37)=8
timeDiff(29,38)=9
timeDiff(29,39)=10
timeDiff(29,40)=11
timeDiff(29,41)=12
timeDiff(29,42)=13
timeDiff(29,43)=14
timeDiff(29,44)=15
timeDiff(29,45)=16
timeDiff(29,46)=17
timeDiff(29,47)=18
timeDiff(29,48)=19
timeDiff(29,49)=20
timeDiff(29,50)=21
timeDiff(30,30)=0
timeDiff(30,31)=1
timeDiff(30,32)=2
timeDiff(30,33)=3
timeDiff(30,34)=4
timeDiff(30,35)=5
timeDiff(30,36)=6
timeDiff(30,37)=7
timeDiff(30,38)=8
timeDiff(30,39)=9
timeDiff(30,40)=10
timeDiff(30,41)=11
timeDiff(30,42)=12
timeDiff(30,43)=13
timeDiff(30,44)=14
timeDiff(30,45)=15
timeDiff(30,46)=16
timeDiff(30,47)=17
timeDiff(30,48)=18
timeDiff(30,49)=19
timeDiff(30,50)=20
timeDiff(31,31)=0
timeDiff(31,32)=1
timeDiff(31,33)=2
timeDiff(31,34)=3
timeDiff(31,35)=4
timeDiff(31,36)=5
timeDiff(31,37)=6
timeDiff(31,38)=7
timeDiff(31,39)=8
timeDiff(31,40)=9
timeDiff(31,41)=10
timeDiff(31,42)=11
timeDiff(31,43)=12
timeDiff(31,44)=13
timeDiff(31,45)=14
timeDiff(31,46)=15
timeDiff(31,47)=16
timeDiff(31,48)=17
timeDiff(31,49)=18
timeDiff(31,50)=19
timeDiff(32,32)=0
timeDiff(32,33)=1
timeDiff(32,34)=2
timeDiff(32,35)=3
timeDiff(32,36)=4
timeDiff(32,37)=5
timeDiff(32,38)=6
timeDiff(32,39)=7
timeDiff(32,40)=8
timeDiff(32,41)=9
timeDiff(32,42)=10
timeDiff(32,43)=11
timeDiff(32,44)=12
timeDiff(32,45)=13
timeDiff(32,46)=14
timeDiff(32,47)=15
timeDiff(32,48)=16
timeDiff(32,49)=17
timeDiff(32,50)=18
timeDiff(33,33)=0
timeDiff(33,34)=1
timeDiff(33,35)=2
timeDiff(33,36)=3
timeDiff(33,37)=4
timeDiff(33,38)=5
timeDiff(33,39)=6
timeDiff(33,40)=7
timeDiff(33,41)=8
timeDiff(33,42)=9
timeDiff(33,43)=10
timeDiff(33,44)=11
timeDiff(33,45)=12
timeDiff(33,46)=13
timeDiff(33,47)=14
timeDiff(33,48)=15
timeDiff(33,49)=16
timeDiff(33,50)=17
timeDiff(34,34)=0
timeDiff(34,35)=1
timeDiff(34,36)=2
timeDiff(34,37)=3
timeDiff(34,38)=4
timeDiff(34,39)=5
timeDiff(34,40)=6
timeDiff(34,41)=7
timeDiff(34,42)=8
timeDiff(34,43)=9
timeDiff(34,44)=10
timeDiff(34,45)=11
timeDiff(34,46)=12
timeDiff(34,47)=13
timeDiff(34,48)=14
timeDiff(34,49)=15
timeDiff(34,50)=16
timeDiff(35,35)=0
timeDiff(35,36)=1
timeDiff(35,37)=2
timeDiff(35,38)=3
timeDiff(35,39)=4
timeDiff(35,40)=5
timeDiff(35,41)=6
timeDiff(35,42)=7
timeDiff(35,43)=8
timeDiff(35,44)=9
timeDiff(35,45)=10
timeDiff(35,46)=11
timeDiff(35,47)=12
timeDiff(35,48)=13
timeDiff(35,49)=14
timeDiff(35,50)=15
timeDiff(36,36)=0
timeDiff(36,37)=1
timeDiff(36,38)=2
timeDiff(36,39)=3
timeDiff(36,40)=4
timeDiff(36,41)=5
timeDiff(36,42)=6
timeDiff(36,43)=7
timeDiff(36,44)=8
timeDiff(36,45)=9
timeDiff(36,46)=10
timeDiff(36,47)=11
timeDiff(36,48)=12
timeDiff(36,49)=13
timeDiff(36,50)=14
timeDiff(37,37)=0
timeDiff(37,38)=1
timeDiff(37,39)=2
timeDiff(37,40)=3
timeDiff(37,41)=4
timeDiff(37,42)=5
timeDiff(37,43)=6
timeDiff(37,44)=7
timeDiff(37,45)=8
timeDiff(37,46)=9
timeDiff(37,47)=10
timeDiff(37,48)=11
timeDiff(37,49)=12
timeDiff(37,50)=13
timeDiff(38,38)=0
timeDiff(38,39)=1
timeDiff(38,40)=2
timeDiff(38,41)=3
timeDiff(38,42)=4
timeDiff(38,43)=5
timeDiff(38,44)=6
timeDiff(38,45)=7
timeDiff(38,46)=8
timeDiff(38,47)=9
timeDiff(38,48)=10
timeDiff(38,49)=11
timeDiff(38,50)=12
timeDiff(39,39)=0
timeDiff(39,40)=1
timeDiff(39,41)=2
timeDiff(39,42)=3
timeDiff(39,43)=4
timeDiff(39,44)=5
timeDiff(39,45)=6
timeDiff(39,46)=7
timeDiff(39,47)=8
timeDiff(39,48)=9
timeDiff(39,49)=10
timeDiff(39,50)=11
timeDiff(40,40)=0
timeDiff(40,41)=1
timeDiff(40,42)=2
timeDiff(40,43)=3
timeDiff(40,44)=4
timeDiff(40,45)=5
timeDiff(40,46)=6
timeDiff(40,47)=7
timeDiff(40,48)=8
timeDiff(40,49)=9
timeDiff(40,50)=10
timeDiff(41,41)=0
timeDiff(41,42)=1
timeDiff(41,43)=2
timeDiff(41,44)=3
timeDiff(41,45)=4
timeDiff(41,46)=5
timeDiff(41,47)=6
timeDiff(41,48)=7
timeDiff(41,49)=8
timeDiff(41,50)=9
timeDiff(42,42)=0
timeDiff(42,43)=1
timeDiff(42,44)=2
timeDiff(42,45)=3
timeDiff(42,46)=4
timeDiff(42,47)=5
timeDiff(42,48)=6
timeDiff(42,49)=7
timeDiff(42,50)=8
timeDiff(43,43)=0
timeDiff(43,44)=1
timeDiff(43,45)=2
timeDiff(43,46)=3
timeDiff(43,47)=4
timeDiff(43,48)=5
timeDiff(43,49)=6
timeDiff(43,50)=7
timeDiff(44,44)=0
timeDiff(44,45)=1
timeDiff(44,46)=2
timeDiff(44,47)=3
timeDiff(44,48)=4
timeDiff(44,49)=5
timeDiff(44,50)=6
timeDiff(45,45)=0
timeDiff(45,46)=1
timeDiff(45,47)=2
timeDiff(45,48)=3
timeDiff(45,49)=4
timeDiff(45,50)=5
timeDiff(46,46)=0
timeDiff(46,47)=1
timeDiff(46,48)=2
timeDiff(46,49)=3
timeDiff(46,50)=4
timeDiff(47,47)=0
timeDiff(47,48)=1
timeDiff(47,49)=2
timeDiff(47,50)=3
timeDiff(48,48)=0
timeDiff(48,49)=1
timeDiff(48,50)=2
timeDiff(49,49)=0
timeDiff(49,50)=1
timeDiff(50,50)=0
SATISFIABLE

Models       : 1
Calls        : 1
Time         : 0.420s (Solving: 0.04s 1st Model: 0.03s Unsat: 0.01s)
CPU Time     : 0.405s

Command exited with non-zero status 30

  real      0:00.46
  real [s]  0.46
  user [s]  0.35
  sys  [s]  0.08
  mem  [KB] 38564
  avgm [KB] 0
