$ clingo-lpx --strict -n0 ../axioms/fdec.lp ../axioms/fdec-show.lp -c maxstep=6 -c maxtime=15 ./model-fixed.lp | ../utils/replace_assignments.sh | ../utils/make-readable.sh


clingo-lpx version 1.3.0
Reading from ../axioms/fdec.lp ...
Solving...
Answer: 1
(Time: 0.045s)
happens(turn_light_off,111/10)
happens(turn_light_off,133/10)
happens(turn_light_on,10)
happens(turn_light_on,61/5)
happens(turn_light_on,72/5)
holdsAt(light_on,(10,"< S =<",111/10))
holdsAt(light_on,(61/5,"< S =<",133/10))
holdsAt(light_on,(72/5,"< S =<",15))
Assignment: [leftovers]
time(0)=0
timeDiff(0,0)=0
timeDiff(0,1)=10
timeDiff(0,2)=111/10
timeDiff(0,3)=61/5
timeDiff(0,4)=133/10
timeDiff(0,5)=72/5
timeDiff(0,6)=15
timeDiff(1,1)=0
timeDiff(1,2)=11/10
timeDiff(1,3)=11/5
timeDiff(1,4)=33/10
timeDiff(1,5)=22/5
timeDiff(1,6)=5
timeDiff(2,2)=0
timeDiff(2,3)=11/10
timeDiff(2,4)=11/5
timeDiff(2,5)=33/10
timeDiff(2,6)=39/10
timeDiff(3,3)=0
timeDiff(3,4)=11/10
timeDiff(3,5)=11/5
timeDiff(3,6)=14/5
timeDiff(4,4)=0
timeDiff(4,5)=11/10
timeDiff(4,6)=17/10
timeDiff(5,5)=0
timeDiff(5,6)=3/5
timeDiff(6,6)=0
SATISFIABLE

Models       : 1
Calls        : 1
Time         : 0.045s (Solving: 0.00s 1st Model: 0.00s Unsat: 0.00s)
CPU Time     : 0.029s

Command exited with non-zero status 30

  real      0:00.05
  real [s]  0.05
  user [s]  0.02
  sys  [s]  0.01
  mem  [KB] 9344
  avgm [KB] 0
