$ clingo-lpx --strict -n0 ../axioms/fdec.lp ../axioms/fdec-show.lp -c maxstep=50 -c maxtime=63 ./model-fixed.lp | ../utils/make-readable.sh


clingo-lpx version 1.3.0
Reading from ../axioms/fdec.lp ...
Solving...
Answer: 1
(Time: 1.337s)
happens(turn_light_off,time(2))
happens(turn_light_off,time(4))
happens(turn_light_off,time(6))
happens(turn_light_off,time(8))
happens(turn_light_off,time(10))
happens(turn_light_off,time(12))
happens(turn_light_off,time(14))
happens(turn_light_off,time(16))
happens(turn_light_off,time(18))
happens(turn_light_off,time(20))
happens(turn_light_off,time(22))
happens(turn_light_off,time(24))
happens(turn_light_off,time(26))
happens(turn_light_off,time(28))
happens(turn_light_off,time(30))
happens(turn_light_off,time(32))
happens(turn_light_off,time(34))
happens(turn_light_off,time(36))
happens(turn_light_off,time(38))
happens(turn_light_off,time(40))
happens(turn_light_off,time(42))
happens(turn_light_off,time(44))
happens(turn_light_off,time(46))
happens(turn_light_off,time(48))
happens(turn_light_on,time(1))
happens(turn_light_on,time(3))
happens(turn_light_on,time(5))
happens(turn_light_on,time(7))
happens(turn_light_on,time(9))
happens(turn_light_on,time(11))
happens(turn_light_on,time(13))
happens(turn_light_on,time(15))
happens(turn_light_on,time(17))
happens(turn_light_on,time(19))
happens(turn_light_on,time(21))
happens(turn_light_on,time(23))
happens(turn_light_on,time(25))
happens(turn_light_on,time(27))
happens(turn_light_on,time(29))
happens(turn_light_on,time(31))
happens(turn_light_on,time(33))
happens(turn_light_on,time(35))
happens(turn_light_on,time(37))
happens(turn_light_on,time(39))
happens(turn_light_on,time(41))
happens(turn_light_on,time(43))
happens(turn_light_on,time(45))
happens(turn_light_on,time(47))
happens(turn_light_on,time(49))
holdsAt(light_on,(time(1),"< S =<",time(2)))
holdsAt(light_on,(time(3),"< S =<",time(4)))
holdsAt(light_on,(time(5),"< S =<",time(6)))
holdsAt(light_on,(time(7),"< S =<",time(8)))
holdsAt(light_on,(time(9),"< S =<",time(10)))
holdsAt(light_on,(time(11),"< S =<",time(12)))
holdsAt(light_on,(time(13),"< S =<",time(14)))
holdsAt(light_on,(time(15),"< S =<",time(16)))
holdsAt(light_on,(time(17),"< S =<",time(18)))
holdsAt(light_on,(time(19),"< S =<",time(20)))
holdsAt(light_on,(time(21),"< S =<",time(22)))
holdsAt(light_on,(time(23),"< S =<",time(24)))
holdsAt(light_on,(time(25),"< S =<",time(26)))
holdsAt(light_on,(time(27),"< S =<",time(28)))
holdsAt(light_on,(time(29),"< S =<",time(30)))
holdsAt(light_on,(time(31),"< S =<",time(32)))
holdsAt(light_on,(time(33),"< S =<",time(34)))
holdsAt(light_on,(time(35),"< S =<",time(36)))
holdsAt(light_on,(time(37),"< S =<",time(38)))
holdsAt(light_on,(time(39),"< S =<",time(40)))
holdsAt(light_on,(time(41),"< S =<",time(42)))
holdsAt(light_on,(time(43),"< S =<",time(44)))
holdsAt(light_on,(time(45),"< S =<",time(46)))
holdsAt(light_on,(time(47),"< S =<",time(48)))
holdsAt(light_on,(time(49),"< S =<",time(50)))
Assignment:
time(0)=0
time(1)=10
time(2)=111/10
time(3)=61/5
time(4)=133/10
time(5)=72/5
time(6)=31/2
time(7)=83/5
time(8)=177/10
time(9)=94/5
time(10)=199/10
time(11)=21
time(12)=221/10
time(13)=116/5
time(14)=243/10
time(15)=127/5
time(16)=53/2
time(17)=138/5
time(18)=287/10
time(19)=149/5
time(20)=309/10
time(21)=32
time(22)=331/10
time(23)=171/5
time(24)=353/10
time(25)=182/5
time(26)=75/2
time(27)=193/5
time(28)=397/10
time(29)=204/5
time(30)=419/10
time(31)=43
time(32)=441/10
time(33)=226/5
time(34)=463/10
time(35)=237/5
time(36)=97/2
time(37)=248/5
time(38)=507/10
time(39)=259/5
time(40)=529/10
time(41)=54
time(42)=551/10
time(43)=281/5
time(44)=573/10
time(45)=292/5
time(46)=119/2
time(47)=303/5
time(48)=617/10
time(49)=314/5
time(50)=63
timeDiff(0,0)=0
timeDiff(0,1)=10
timeDiff(0,2)=111/10
timeDiff(0,3)=61/5
timeDiff(0,4)=133/10
timeDiff(0,5)=72/5
timeDiff(0,6)=31/2
timeDiff(0,7)=83/5
timeDiff(0,8)=177/10
timeDiff(0,9)=94/5
timeDiff(0,10)=199/10
timeDiff(0,11)=21
timeDiff(0,12)=221/10
timeDiff(0,13)=116/5
timeDiff(0,14)=243/10
timeDiff(0,15)=127/5
timeDiff(0,16)=53/2
timeDiff(0,17)=138/5
timeDiff(0,18)=287/10
timeDiff(0,19)=149/5
timeDiff(0,20)=309/10
timeDiff(0,21)=32
timeDiff(0,22)=331/10
timeDiff(0,23)=171/5
timeDiff(0,24)=353/10
timeDiff(0,25)=182/5
timeDiff(0,26)=75/2
timeDiff(0,27)=193/5
timeDiff(0,28)=397/10
timeDiff(0,29)=204/5
timeDiff(0,30)=419/10
timeDiff(0,31)=43
timeDiff(0,32)=441/10
timeDiff(0,33)=226/5
timeDiff(0,34)=463/10
timeDiff(0,35)=237/5
timeDiff(0,36)=97/2
timeDiff(0,37)=248/5
timeDiff(0,38)=507/10
timeDiff(0,39)=259/5
timeDiff(0,40)=529/10
timeDiff(0,41)=54
timeDiff(0,42)=551/10
timeDiff(0,43)=281/5
timeDiff(0,44)=573/10
timeDiff(0,45)=292/5
timeDiff(0,46)=119/2
timeDiff(0,47)=303/5
timeDiff(0,48)=617/10
timeDiff(0,49)=314/5
timeDiff(0,50)=63
timeDiff(1,1)=0
timeDiff(1,2)=11/10
timeDiff(1,3)=11/5
timeDiff(1,4)=33/10
timeDiff(1,5)=22/5
timeDiff(1,6)=11/2
timeDiff(1,7)=33/5
timeDiff(1,8)=77/10
timeDiff(1,9)=44/5
timeDiff(1,10)=99/10
timeDiff(1,11)=11
timeDiff(1,12)=121/10
timeDiff(1,13)=66/5
timeDiff(1,14)=143/10
timeDiff(1,15)=77/5
timeDiff(1,16)=33/2
timeDiff(1,17)=88/5
timeDiff(1,18)=187/10
timeDiff(1,19)=99/5
timeDiff(1,20)=209/10
timeDiff(1,21)=22
timeDiff(1,22)=231/10
timeDiff(1,23)=121/5
timeDiff(1,24)=253/10
timeDiff(1,25)=132/5
timeDiff(1,26)=55/2
timeDiff(1,27)=143/5
timeDiff(1,28)=297/10
timeDiff(1,29)=154/5
timeDiff(1,30)=319/10
timeDiff(1,31)=33
timeDiff(1,32)=341/10
timeDiff(1,33)=176/5
timeDiff(1,34)=363/10
timeDiff(1,35)=187/5
timeDiff(1,36)=77/2
timeDiff(1,37)=198/5
timeDiff(1,38)=407/10
timeDiff(1,39)=209/5
timeDiff(1,40)=429/10
timeDiff(1,41)=44
timeDiff(1,42)=451/10
timeDiff(1,43)=231/5
timeDiff(1,44)=473/10
timeDiff(1,45)=242/5
timeDiff(1,46)=99/2
timeDiff(1,47)=253/5
timeDiff(1,48)=517/10
timeDiff(1,49)=264/5
timeDiff(1,50)=53
timeDiff(2,2)=0
timeDiff(2,3)=11/10
timeDiff(2,4)=11/5
timeDiff(2,5)=33/10
timeDiff(2,6)=22/5
timeDiff(2,7)=11/2
timeDiff(2,8)=33/5
timeDiff(2,9)=77/10
timeDiff(2,10)=44/5
timeDiff(2,11)=99/10
timeDiff(2,12)=11
timeDiff(2,13)=121/10
timeDiff(2,14)=66/5
timeDiff(2,15)=143/10
timeDiff(2,16)=77/5
timeDiff(2,17)=33/2
timeDiff(2,18)=88/5
timeDiff(2,19)=187/10
timeDiff(2,20)=99/5
timeDiff(2,21)=209/10
timeDiff(2,22)=22
timeDiff(2,23)=231/10
timeDiff(2,24)=121/5
timeDiff(2,25)=253/10
timeDiff(2,26)=132/5
timeDiff(2,27)=55/2
timeDiff(2,28)=143/5
timeDiff(2,29)=297/10
timeDiff(2,30)=154/5
timeDiff(2,31)=319/10
timeDiff(2,32)=33
timeDiff(2,33)=341/10
timeDiff(2,34)=176/5
timeDiff(2,35)=363/10
timeDiff(2,36)=187/5
timeDiff(2,37)=77/2
timeDiff(2,38)=198/5
timeDiff(2,39)=407/10
timeDiff(2,40)=209/5
timeDiff(2,41)=429/10
timeDiff(2,42)=44
timeDiff(2,43)=451/10
timeDiff(2,44)=231/5
timeDiff(2,45)=473/10
timeDiff(2,46)=242/5
timeDiff(2,47)=99/2
timeDiff(2,48)=253/5
timeDiff(2,49)=517/10
timeDiff(2,50)=519/10
timeDiff(3,3)=0
timeDiff(3,4)=11/10
timeDiff(3,5)=11/5
timeDiff(3,6)=33/10
timeDiff(3,7)=22/5
timeDiff(3,8)=11/2
timeDiff(3,9)=33/5
timeDiff(3,10)=77/10
timeDiff(3,11)=44/5
timeDiff(3,12)=99/10
timeDiff(3,13)=11
timeDiff(3,14)=121/10
timeDiff(3,15)=66/5
timeDiff(3,16)=143/10
timeDiff(3,17)=77/5
timeDiff(3,18)=33/2
timeDiff(3,19)=88/5
timeDiff(3,20)=187/10
timeDiff(3,21)=99/5
timeDiff(3,22)=209/10
timeDiff(3,23)=22
timeDiff(3,24)=231/10
timeDiff(3,25)=121/5
timeDiff(3,26)=253/10
timeDiff(3,27)=132/5
timeDiff(3,28)=55/2
timeDiff(3,29)=143/5
timeDiff(3,30)=297/10
timeDiff(3,31)=154/5
timeDiff(3,32)=319/10
timeDiff(3,33)=33
timeDiff(3,34)=341/10
timeDiff(3,35)=176/5
timeDiff(3,36)=363/10
timeDiff(3,37)=187/5
timeDiff(3,38)=77/2
timeDiff(3,39)=198/5
timeDiff(3,40)=407/10
timeDiff(3,41)=209/5
timeDiff(3,42)=429/10
timeDiff(3,43)=44
timeDiff(3,44)=451/10
timeDiff(3,45)=231/5
timeDiff(3,46)=473/10
timeDiff(3,47)=242/5
timeDiff(3,48)=99/2
timeDiff(3,49)=253/5
timeDiff(3,50)=254/5
timeDiff(4,4)=0
timeDiff(4,5)=11/10
timeDiff(4,6)=11/5
timeDiff(4,7)=33/10
timeDiff(4,8)=22/5
timeDiff(4,9)=11/2
timeDiff(4,10)=33/5
timeDiff(4,11)=77/10
timeDiff(4,12)=44/5
timeDiff(4,13)=99/10
timeDiff(4,14)=11
timeDiff(4,15)=121/10
timeDiff(4,16)=66/5
timeDiff(4,17)=143/10
timeDiff(4,18)=77/5
timeDiff(4,19)=33/2
timeDiff(4,20)=88/5
timeDiff(4,21)=187/10
timeDiff(4,22)=99/5
timeDiff(4,23)=209/10
timeDiff(4,24)=22
timeDiff(4,25)=231/10
timeDiff(4,26)=121/5
timeDiff(4,27)=253/10
timeDiff(4,28)=132/5
timeDiff(4,29)=55/2
timeDiff(4,30)=143/5
timeDiff(4,31)=297/10
timeDiff(4,32)=154/5
timeDiff(4,33)=319/10
timeDiff(4,34)=33
timeDiff(4,35)=341/10
timeDiff(4,36)=176/5
timeDiff(4,37)=363/10
timeDiff(4,38)=187/5
timeDiff(4,39)=77/2
timeDiff(4,40)=198/5
timeDiff(4,41)=407/10
timeDiff(4,42)=209/5
timeDiff(4,43)=429/10
timeDiff(4,44)=44
timeDiff(4,45)=451/10
timeDiff(4,46)=231/5
timeDiff(4,47)=473/10
timeDiff(4,48)=242/5
timeDiff(4,49)=99/2
timeDiff(4,50)=497/10
timeDiff(5,5)=0
timeDiff(5,6)=11/10
timeDiff(5,7)=11/5
timeDiff(5,8)=33/10
timeDiff(5,9)=22/5
timeDiff(5,10)=11/2
timeDiff(5,11)=33/5
timeDiff(5,12)=77/10
timeDiff(5,13)=44/5
timeDiff(5,14)=99/10
timeDiff(5,15)=11
timeDiff(5,16)=121/10
timeDiff(5,17)=66/5
timeDiff(5,18)=143/10
timeDiff(5,19)=77/5
timeDiff(5,20)=33/2
timeDiff(5,21)=88/5
timeDiff(5,22)=187/10
timeDiff(5,23)=99/5
timeDiff(5,24)=209/10
timeDiff(5,25)=22
timeDiff(5,26)=231/10
timeDiff(5,27)=121/5
timeDiff(5,28)=253/10
timeDiff(5,29)=132/5
timeDiff(5,30)=55/2
timeDiff(5,31)=143/5
timeDiff(5,32)=297/10
timeDiff(5,33)=154/5
timeDiff(5,34)=319/10
timeDiff(5,35)=33
timeDiff(5,36)=341/10
timeDiff(5,37)=176/5
timeDiff(5,38)=363/10
timeDiff(5,39)=187/5
timeDiff(5,40)=77/2
timeDiff(5,41)=198/5
timeDiff(5,42)=407/10
timeDiff(5,43)=209/5
timeDiff(5,44)=429/10
timeDiff(5,45)=44
timeDiff(5,46)=451/10
timeDiff(5,47)=231/5
timeDiff(5,48)=473/10
timeDiff(5,49)=242/5
timeDiff(5,50)=243/5
timeDiff(6,6)=0
timeDiff(6,7)=11/10
timeDiff(6,8)=11/5
timeDiff(6,9)=33/10
timeDiff(6,10)=22/5
timeDiff(6,11)=11/2
timeDiff(6,12)=33/5
timeDiff(6,13)=77/10
timeDiff(6,14)=44/5
timeDiff(6,15)=99/10
timeDiff(6,16)=11
timeDiff(6,17)=121/10
timeDiff(6,18)=66/5
timeDiff(6,19)=143/10
timeDiff(6,20)=77/5
timeDiff(6,21)=33/2
timeDiff(6,22)=88/5
timeDiff(6,23)=187/10
timeDiff(6,24)=99/5
timeDiff(6,25)=209/10
timeDiff(6,26)=22
timeDiff(6,27)=231/10
timeDiff(6,28)=121/5
timeDiff(6,29)=253/10
timeDiff(6,30)=132/5
timeDiff(6,31)=55/2
timeDiff(6,32)=143/5
timeDiff(6,33)=297/10
timeDiff(6,34)=154/5
timeDiff(6,35)=319/10
timeDiff(6,36)=33
timeDiff(6,37)=341/10
timeDiff(6,38)=176/5
timeDiff(6,39)=363/10
timeDiff(6,40)=187/5
timeDiff(6,41)=77/2
timeDiff(6,42)=198/5
timeDiff(6,43)=407/10
timeDiff(6,44)=209/5
timeDiff(6,45)=429/10
timeDiff(6,46)=44
timeDiff(6,47)=451/10
timeDiff(6,48)=231/5
timeDiff(6,49)=473/10
timeDiff(6,50)=95/2
timeDiff(7,7)=0
timeDiff(7,8)=11/10
timeDiff(7,9)=11/5
timeDiff(7,10)=33/10
timeDiff(7,11)=22/5
timeDiff(7,12)=11/2
timeDiff(7,13)=33/5
timeDiff(7,14)=77/10
timeDiff(7,15)=44/5
timeDiff(7,16)=99/10
timeDiff(7,17)=11
timeDiff(7,18)=121/10
timeDiff(7,19)=66/5
timeDiff(7,20)=143/10
timeDiff(7,21)=77/5
timeDiff(7,22)=33/2
timeDiff(7,23)=88/5
timeDiff(7,24)=187/10
timeDiff(7,25)=99/5
timeDiff(7,26)=209/10
timeDiff(7,27)=22
timeDiff(7,28)=231/10
timeDiff(7,29)=121/5
timeDiff(7,30)=253/10
timeDiff(7,31)=132/5
timeDiff(7,32)=55/2
timeDiff(7,33)=143/5
timeDiff(7,34)=297/10
timeDiff(7,35)=154/5
timeDiff(7,36)=319/10
timeDiff(7,37)=33
timeDiff(7,38)=341/10
timeDiff(7,39)=176/5
timeDiff(7,40)=363/10
timeDiff(7,41)=187/5
timeDiff(7,42)=77/2
timeDiff(7,43)=198/5
timeDiff(7,44)=407/10
timeDiff(7,45)=209/5
timeDiff(7,46)=429/10
timeDiff(7,47)=44
timeDiff(7,48)=451/10
timeDiff(7,49)=231/5
timeDiff(7,50)=232/5
timeDiff(8,8)=0
timeDiff(8,9)=11/10
timeDiff(8,10)=11/5
timeDiff(8,11)=33/10
timeDiff(8,12)=22/5
timeDiff(8,13)=11/2
timeDiff(8,14)=33/5
timeDiff(8,15)=77/10
timeDiff(8,16)=44/5
timeDiff(8,17)=99/10
timeDiff(8,18)=11
timeDiff(8,19)=121/10
timeDiff(8,20)=66/5
timeDiff(8,21)=143/10
timeDiff(8,22)=77/5
timeDiff(8,23)=33/2
timeDiff(8,24)=88/5
timeDiff(8,25)=187/10
timeDiff(8,26)=99/5
timeDiff(8,27)=209/10
timeDiff(8,28)=22
timeDiff(8,29)=231/10
timeDiff(8,30)=121/5
timeDiff(8,31)=253/10
timeDiff(8,32)=132/5
timeDiff(8,33)=55/2
timeDiff(8,34)=143/5
timeDiff(8,35)=297/10
timeDiff(8,36)=154/5
timeDiff(8,37)=319/10
timeDiff(8,38)=33
timeDiff(8,39)=341/10
timeDiff(8,40)=176/5
timeDiff(8,41)=363/10
timeDiff(8,42)=187/5
timeDiff(8,43)=77/2
timeDiff(8,44)=198/5
timeDiff(8,45)=407/10
timeDiff(8,46)=209/5
timeDiff(8,47)=429/10
timeDiff(8,48)=44
timeDiff(8,49)=451/10
timeDiff(8,50)=453/10
timeDiff(9,9)=0
timeDiff(9,10)=11/10
timeDiff(9,11)=11/5
timeDiff(9,12)=33/10
timeDiff(9,13)=22/5
timeDiff(9,14)=11/2
timeDiff(9,15)=33/5
timeDiff(9,16)=77/10
timeDiff(9,17)=44/5
timeDiff(9,18)=99/10
timeDiff(9,19)=11
timeDiff(9,20)=121/10
timeDiff(9,21)=66/5
timeDiff(9,22)=143/10
timeDiff(9,23)=77/5
timeDiff(9,24)=33/2
timeDiff(9,25)=88/5
timeDiff(9,26)=187/10
timeDiff(9,27)=99/5
timeDiff(9,28)=209/10
timeDiff(9,29)=22
timeDiff(9,30)=231/10
timeDiff(9,31)=121/5
timeDiff(9,32)=253/10
timeDiff(9,33)=132/5
timeDiff(9,34)=55/2
timeDiff(9,35)=143/5
timeDiff(9,36)=297/10
timeDiff(9,37)=154/5
timeDiff(9,38)=319/10
timeDiff(9,39)=33
timeDiff(9,40)=341/10
timeDiff(9,41)=176/5
timeDiff(9,42)=363/10
timeDiff(9,43)=187/5
timeDiff(9,44)=77/2
timeDiff(9,45)=198/5
timeDiff(9,46)=407/10
timeDiff(9,47)=209/5
timeDiff(9,48)=429/10
timeDiff(9,49)=44
timeDiff(9,50)=221/5
timeDiff(10,10)=0
timeDiff(10,11)=11/10
timeDiff(10,12)=11/5
timeDiff(10,13)=33/10
timeDiff(10,14)=22/5
timeDiff(10,15)=11/2
timeDiff(10,16)=33/5
timeDiff(10,17)=77/10
timeDiff(10,18)=44/5
timeDiff(10,19)=99/10
timeDiff(10,20)=11
timeDiff(10,21)=121/10
timeDiff(10,22)=66/5
timeDiff(10,23)=143/10
timeDiff(10,24)=77/5
timeDiff(10,25)=33/2
timeDiff(10,26)=88/5
timeDiff(10,27)=187/10
timeDiff(10,28)=99/5
timeDiff(10,29)=209/10
timeDiff(10,30)=22
timeDiff(10,31)=231/10
timeDiff(10,32)=121/5
timeDiff(10,33)=253/10
timeDiff(10,34)=132/5
timeDiff(10,35)=55/2
timeDiff(10,36)=143/5
timeDiff(10,37)=297/10
timeDiff(10,38)=154/5
timeDiff(10,39)=319/10
timeDiff(10,40)=33
timeDiff(10,41)=341/10
timeDiff(10,42)=176/5
timeDiff(10,43)=363/10
timeDiff(10,44)=187/5
timeDiff(10,45)=77/2
timeDiff(10,46)=198/5
timeDiff(10,47)=407/10
timeDiff(10,48)=209/5
timeDiff(10,49)=429/10
timeDiff(10,50)=431/10
timeDiff(11,11)=0
timeDiff(11,12)=11/10
timeDiff(11,13)=11/5
timeDiff(11,14)=33/10
timeDiff(11,15)=22/5
timeDiff(11,16)=11/2
timeDiff(11,17)=33/5
timeDiff(11,18)=77/10
timeDiff(11,19)=44/5
timeDiff(11,20)=99/10
timeDiff(11,21)=11
timeDiff(11,22)=121/10
timeDiff(11,23)=66/5
timeDiff(11,24)=143/10
timeDiff(11,25)=77/5
timeDiff(11,26)=33/2
timeDiff(11,27)=88/5
timeDiff(11,28)=187/10
timeDiff(11,29)=99/5
timeDiff(11,30)=209/10
timeDiff(11,31)=22
timeDiff(11,32)=231/10
timeDiff(11,33)=121/5
timeDiff(11,34)=253/10
timeDiff(11,35)=132/5
timeDiff(11,36)=55/2
timeDiff(11,37)=143/5
timeDiff(11,38)=297/10
timeDiff(11,39)=154/5
timeDiff(11,40)=319/10
timeDiff(11,41)=33
timeDiff(11,42)=341/10
timeDiff(11,43)=176/5
timeDiff(11,44)=363/10
timeDiff(11,45)=187/5
timeDiff(11,46)=77/2
timeDiff(11,47)=198/5
timeDiff(11,48)=407/10
timeDiff(11,49)=209/5
timeDiff(11,50)=42
timeDiff(12,12)=0
timeDiff(12,13)=11/10
timeDiff(12,14)=11/5
timeDiff(12,15)=33/10
timeDiff(12,16)=22/5
timeDiff(12,17)=11/2
timeDiff(12,18)=33/5
timeDiff(12,19)=77/10
timeDiff(12,20)=44/5
timeDiff(12,21)=99/10
timeDiff(12,22)=11
timeDiff(12,23)=121/10
timeDiff(12,24)=66/5
timeDiff(12,25)=143/10
timeDiff(12,26)=77/5
timeDiff(12,27)=33/2
timeDiff(12,28)=88/5
timeDiff(12,29)=187/10
timeDiff(12,30)=99/5
timeDiff(12,31)=209/10
timeDiff(12,32)=22
timeDiff(12,33)=231/10
timeDiff(12,34)=121/5
timeDiff(12,35)=253/10
timeDiff(12,36)=132/5
timeDiff(12,37)=55/2
timeDiff(12,38)=143/5
timeDiff(12,39)=297/10
timeDiff(12,40)=154/5
timeDiff(12,41)=319/10
timeDiff(12,42)=33
timeDiff(12,43)=341/10
timeDiff(12,44)=176/5
timeDiff(12,45)=363/10
timeDiff(12,46)=187/5
timeDiff(12,47)=77/2
timeDiff(12,48)=198/5
timeDiff(12,49)=407/10
timeDiff(12,50)=409/10
timeDiff(13,13)=0
timeDiff(13,14)=11/10
timeDiff(13,15)=11/5
timeDiff(13,16)=33/10
timeDiff(13,17)=22/5
timeDiff(13,18)=11/2
timeDiff(13,19)=33/5
timeDiff(13,20)=77/10
timeDiff(13,21)=44/5
timeDiff(13,22)=99/10
timeDiff(13,23)=11
timeDiff(13,24)=121/10
timeDiff(13,25)=66/5
timeDiff(13,26)=143/10
timeDiff(13,27)=77/5
timeDiff(13,28)=33/2
timeDiff(13,29)=88/5
timeDiff(13,30)=187/10
timeDiff(13,31)=99/5
timeDiff(13,32)=209/10
timeDiff(13,33)=22
timeDiff(13,34)=231/10
timeDiff(13,35)=121/5
timeDiff(13,36)=253/10
timeDiff(13,37)=132/5
timeDiff(13,38)=55/2
timeDiff(13,39)=143/5
timeDiff(13,40)=297/10
timeDiff(13,41)=154/5
timeDiff(13,42)=319/10
timeDiff(13,43)=33
timeDiff(13,44)=341/10
timeDiff(13,45)=176/5
timeDiff(13,46)=363/10
timeDiff(13,47)=187/5
timeDiff(13,48)=77/2
timeDiff(13,49)=198/5
timeDiff(13,50)=199/5
timeDiff(14,14)=0
timeDiff(14,15)=11/10
timeDiff(14,16)=11/5
timeDiff(14,17)=33/10
timeDiff(14,18)=22/5
timeDiff(14,19)=11/2
timeDiff(14,20)=33/5
timeDiff(14,21)=77/10
timeDiff(14,22)=44/5
timeDiff(14,23)=99/10
timeDiff(14,24)=11
timeDiff(14,25)=121/10
timeDiff(14,26)=66/5
timeDiff(14,27)=143/10
timeDiff(14,28)=77/5
timeDiff(14,29)=33/2
timeDiff(14,30)=88/5
timeDiff(14,31)=187/10
timeDiff(14,32)=99/5
timeDiff(14,33)=209/10
timeDiff(14,34)=22
timeDiff(14,35)=231/10
timeDiff(14,36)=121/5
timeDiff(14,37)=253/10
timeDiff(14,38)=132/5
timeDiff(14,39)=55/2
timeDiff(14,40)=143/5
timeDiff(14,41)=297/10
timeDiff(14,42)=154/5
timeDiff(14,43)=319/10
timeDiff(14,44)=33
timeDiff(14,45)=341/10
timeDiff(14,46)=176/5
timeDiff(14,47)=363/10
timeDiff(14,48)=187/5
timeDiff(14,49)=77/2
timeDiff(14,50)=387/10
timeDiff(15,15)=0
timeDiff(15,16)=11/10
timeDiff(15,17)=11/5
timeDiff(15,18)=33/10
timeDiff(15,19)=22/5
timeDiff(15,20)=11/2
timeDiff(15,21)=33/5
timeDiff(15,22)=77/10
timeDiff(15,23)=44/5
timeDiff(15,24)=99/10
timeDiff(15,25)=11
timeDiff(15,26)=121/10
timeDiff(15,27)=66/5
timeDiff(15,28)=143/10
timeDiff(15,29)=77/5
timeDiff(15,30)=33/2
timeDiff(15,31)=88/5
timeDiff(15,32)=187/10
timeDiff(15,33)=99/5
timeDiff(15,34)=209/10
timeDiff(15,35)=22
timeDiff(15,36)=231/10
timeDiff(15,37)=121/5
timeDiff(15,38)=253/10
timeDiff(15,39)=132/5
timeDiff(15,40)=55/2
timeDiff(15,41)=143/5
timeDiff(15,42)=297/10
timeDiff(15,43)=154/5
timeDiff(15,44)=319/10
timeDiff(15,45)=33
timeDiff(15,46)=341/10
timeDiff(15,47)=176/5
timeDiff(15,48)=363/10
timeDiff(15,49)=187/5
timeDiff(15,50)=188/5
timeDiff(16,16)=0
timeDiff(16,17)=11/10
timeDiff(16,18)=11/5
timeDiff(16,19)=33/10
timeDiff(16,20)=22/5
timeDiff(16,21)=11/2
timeDiff(16,22)=33/5
timeDiff(16,23)=77/10
timeDiff(16,24)=44/5
timeDiff(16,25)=99/10
timeDiff(16,26)=11
timeDiff(16,27)=121/10
timeDiff(16,28)=66/5
timeDiff(16,29)=143/10
timeDiff(16,30)=77/5
timeDiff(16,31)=33/2
timeDiff(16,32)=88/5
timeDiff(16,33)=187/10
timeDiff(16,34)=99/5
timeDiff(16,35)=209/10
timeDiff(16,36)=22
timeDiff(16,37)=231/10
timeDiff(16,38)=121/5
timeDiff(16,39)=253/10
timeDiff(16,40)=132/5
timeDiff(16,41)=55/2
timeDiff(16,42)=143/5
timeDiff(16,43)=297/10
timeDiff(16,44)=154/5
timeDiff(16,45)=319/10
timeDiff(16,46)=33
timeDiff(16,47)=341/10
timeDiff(16,48)=176/5
timeDiff(16,49)=363/10
timeDiff(16,50)=73/2
timeDiff(17,17)=0
timeDiff(17,18)=11/10
timeDiff(17,19)=11/5
timeDiff(17,20)=33/10
timeDiff(17,21)=22/5
timeDiff(17,22)=11/2
timeDiff(17,23)=33/5
timeDiff(17,24)=77/10
timeDiff(17,25)=44/5
timeDiff(17,26)=99/10
timeDiff(17,27)=11
timeDiff(17,28)=121/10
timeDiff(17,29)=66/5
timeDiff(17,30)=143/10
timeDiff(17,31)=77/5
timeDiff(17,32)=33/2
timeDiff(17,33)=88/5
timeDiff(17,34)=187/10
timeDiff(17,35)=99/5
timeDiff(17,36)=209/10
timeDiff(17,37)=22
timeDiff(17,38)=231/10
timeDiff(17,39)=121/5
timeDiff(17,40)=253/10
timeDiff(17,41)=132/5
timeDiff(17,42)=55/2
timeDiff(17,43)=143/5
timeDiff(17,44)=297/10
timeDiff(17,45)=154/5
timeDiff(17,46)=319/10
timeDiff(17,47)=33
timeDiff(17,48)=341/10
timeDiff(17,49)=176/5
timeDiff(17,50)=177/5
timeDiff(18,18)=0
timeDiff(18,19)=11/10
timeDiff(18,20)=11/5
timeDiff(18,21)=33/10
timeDiff(18,22)=22/5
timeDiff(18,23)=11/2
timeDiff(18,24)=33/5
timeDiff(18,25)=77/10
timeDiff(18,26)=44/5
timeDiff(18,27)=99/10
timeDiff(18,28)=11
timeDiff(18,29)=121/10
timeDiff(18,30)=66/5
timeDiff(18,31)=143/10
timeDiff(18,32)=77/5
timeDiff(18,33)=33/2
timeDiff(18,34)=88/5
timeDiff(18,35)=187/10
timeDiff(18,36)=99/5
timeDiff(18,37)=209/10
timeDiff(18,38)=22
timeDiff(18,39)=231/10
timeDiff(18,40)=121/5
timeDiff(18,41)=253/10
timeDiff(18,42)=132/5
timeDiff(18,43)=55/2
timeDiff(18,44)=143/5
timeDiff(18,45)=297/10
timeDiff(18,46)=154/5
timeDiff(18,47)=319/10
timeDiff(18,48)=33
timeDiff(18,49)=341/10
timeDiff(18,50)=343/10
timeDiff(19,19)=0
timeDiff(19,20)=11/10
timeDiff(19,21)=11/5
timeDiff(19,22)=33/10
timeDiff(19,23)=22/5
timeDiff(19,24)=11/2
timeDiff(19,25)=33/5
timeDiff(19,26)=77/10
timeDiff(19,27)=44/5
timeDiff(19,28)=99/10
timeDiff(19,29)=11
timeDiff(19,30)=121/10
timeDiff(19,31)=66/5
timeDiff(19,32)=143/10
timeDiff(19,33)=77/5
timeDiff(19,34)=33/2
timeDiff(19,35)=88/5
timeDiff(19,36)=187/10
timeDiff(19,37)=99/5
timeDiff(19,38)=209/10
timeDiff(19,39)=22
timeDiff(19,40)=231/10
timeDiff(19,41)=121/5
timeDiff(19,42)=253/10
timeDiff(19,43)=132/5
timeDiff(19,44)=55/2
timeDiff(19,45)=143/5
timeDiff(19,46)=297/10
timeDiff(19,47)=154/5
timeDiff(19,48)=319/10
timeDiff(19,49)=33
timeDiff(19,50)=166/5
timeDiff(20,20)=0
timeDiff(20,21)=11/10
timeDiff(20,22)=11/5
timeDiff(20,23)=33/10
timeDiff(20,24)=22/5
timeDiff(20,25)=11/2
timeDiff(20,26)=33/5
timeDiff(20,27)=77/10
timeDiff(20,28)=44/5
timeDiff(20,29)=99/10
timeDiff(20,30)=11
timeDiff(20,31)=121/10
timeDiff(20,32)=66/5
timeDiff(20,33)=143/10
timeDiff(20,34)=77/5
timeDiff(20,35)=33/2
timeDiff(20,36)=88/5
timeDiff(20,37)=187/10
timeDiff(20,38)=99/5
timeDiff(20,39)=209/10
timeDiff(20,40)=22
timeDiff(20,41)=231/10
timeDiff(20,42)=121/5
timeDiff(20,43)=253/10
timeDiff(20,44)=132/5
timeDiff(20,45)=55/2
timeDiff(20,46)=143/5
timeDiff(20,47)=297/10
timeDiff(20,48)=154/5
timeDiff(20,49)=319/10
timeDiff(20,50)=321/10
timeDiff(21,21)=0
timeDiff(21,22)=11/10
timeDiff(21,23)=11/5
timeDiff(21,24)=33/10
timeDiff(21,25)=22/5
timeDiff(21,26)=11/2
timeDiff(21,27)=33/5
timeDiff(21,28)=77/10
timeDiff(21,29)=44/5
timeDiff(21,30)=99/10
timeDiff(21,31)=11
timeDiff(21,32)=121/10
timeDiff(21,33)=66/5
timeDiff(21,34)=143/10
timeDiff(21,35)=77/5
timeDiff(21,36)=33/2
timeDiff(21,37)=88/5
timeDiff(21,38)=187/10
timeDiff(21,39)=99/5
timeDiff(21,40)=209/10
timeDiff(21,41)=22
timeDiff(21,42)=231/10
timeDiff(21,43)=121/5
timeDiff(21,44)=253/10
timeDiff(21,45)=132/5
timeDiff(21,46)=55/2
timeDiff(21,47)=143/5
timeDiff(21,48)=297/10
timeDiff(21,49)=154/5
timeDiff(21,50)=31
timeDiff(22,22)=0
timeDiff(22,23)=11/10
timeDiff(22,24)=11/5
timeDiff(22,25)=33/10
timeDiff(22,26)=22/5
timeDiff(22,27)=11/2
timeDiff(22,28)=33/5
timeDiff(22,29)=77/10
timeDiff(22,30)=44/5
timeDiff(22,31)=99/10
timeDiff(22,32)=11
timeDiff(22,33)=121/10
timeDiff(22,34)=66/5
timeDiff(22,35)=143/10
timeDiff(22,36)=77/5
timeDiff(22,37)=33/2
timeDiff(22,38)=88/5
timeDiff(22,39)=187/10
timeDiff(22,40)=99/5
timeDiff(22,41)=209/10
timeDiff(22,42)=22
timeDiff(22,43)=231/10
timeDiff(22,44)=121/5
timeDiff(22,45)=253/10
timeDiff(22,46)=132/5
timeDiff(22,47)=55/2
timeDiff(22,48)=143/5
timeDiff(22,49)=297/10
timeDiff(22,50)=299/10
timeDiff(23,23)=0
timeDiff(23,24)=11/10
timeDiff(23,25)=11/5
timeDiff(23,26)=33/10
timeDiff(23,27)=22/5
timeDiff(23,28)=11/2
timeDiff(23,29)=33/5
timeDiff(23,30)=77/10
timeDiff(23,31)=44/5
timeDiff(23,32)=99/10
timeDiff(23,33)=11
timeDiff(23,34)=121/10
timeDiff(23,35)=66/5
timeDiff(23,36)=143/10
timeDiff(23,37)=77/5
timeDiff(23,38)=33/2
timeDiff(23,39)=88/5
timeDiff(23,40)=187/10
timeDiff(23,41)=99/5
timeDiff(23,42)=209/10
timeDiff(23,43)=22
timeDiff(23,44)=231/10
timeDiff(23,45)=121/5
timeDiff(23,46)=253/10
timeDiff(23,47)=132/5
timeDiff(23,48)=55/2
timeDiff(23,49)=143/5
timeDiff(23,50)=144/5
timeDiff(24,24)=0
timeDiff(24,25)=11/10
timeDiff(24,26)=11/5
timeDiff(24,27)=33/10
timeDiff(24,28)=22/5
timeDiff(24,29)=11/2
timeDiff(24,30)=33/5
timeDiff(24,31)=77/10
timeDiff(24,32)=44/5
timeDiff(24,33)=99/10
timeDiff(24,34)=11
timeDiff(24,35)=121/10
timeDiff(24,36)=66/5
timeDiff(24,37)=143/10
timeDiff(24,38)=77/5
timeDiff(24,39)=33/2
timeDiff(24,40)=88/5
timeDiff(24,41)=187/10
timeDiff(24,42)=99/5
timeDiff(24,43)=209/10
timeDiff(24,44)=22
timeDiff(24,45)=231/10
timeDiff(24,46)=121/5
timeDiff(24,47)=253/10
timeDiff(24,48)=132/5
timeDiff(24,49)=55/2
timeDiff(24,50)=277/10
timeDiff(25,25)=0
timeDiff(25,26)=11/10
timeDiff(25,27)=11/5
timeDiff(25,28)=33/10
timeDiff(25,29)=22/5
timeDiff(25,30)=11/2
timeDiff(25,31)=33/5
timeDiff(25,32)=77/10
timeDiff(25,33)=44/5
timeDiff(25,34)=99/10
timeDiff(25,35)=11
timeDiff(25,36)=121/10
timeDiff(25,37)=66/5
timeDiff(25,38)=143/10
timeDiff(25,39)=77/5
timeDiff(25,40)=33/2
timeDiff(25,41)=88/5
timeDiff(25,42)=187/10
timeDiff(25,43)=99/5
timeDiff(25,44)=209/10
timeDiff(25,45)=22
timeDiff(25,46)=231/10
timeDiff(25,47)=121/5
timeDiff(25,48)=253/10
timeDiff(25,49)=132/5
timeDiff(25,50)=133/5
timeDiff(26,26)=0
timeDiff(26,27)=11/10
timeDiff(26,28)=11/5
timeDiff(26,29)=33/10
timeDiff(26,30)=22/5
timeDiff(26,31)=11/2
timeDiff(26,32)=33/5
timeDiff(26,33)=77/10
timeDiff(26,34)=44/5
timeDiff(26,35)=99/10
timeDiff(26,36)=11
timeDiff(26,37)=121/10
timeDiff(26,38)=66/5
timeDiff(26,39)=143/10
timeDiff(26,40)=77/5
timeDiff(26,41)=33/2
timeDiff(26,42)=88/5
timeDiff(26,43)=187/10
timeDiff(26,44)=99/5
timeDiff(26,45)=209/10
timeDiff(26,46)=22
timeDiff(26,47)=231/10
timeDiff(26,48)=121/5
timeDiff(26,49)=253/10
timeDiff(26,50)=51/2
timeDiff(27,27)=0
timeDiff(27,28)=11/10
timeDiff(27,29)=11/5
timeDiff(27,30)=33/10
timeDiff(27,31)=22/5
timeDiff(27,32)=11/2
timeDiff(27,33)=33/5
timeDiff(27,34)=77/10
timeDiff(27,35)=44/5
timeDiff(27,36)=99/10
timeDiff(27,37)=11
timeDiff(27,38)=121/10
timeDiff(27,39)=66/5
timeDiff(27,40)=143/10
timeDiff(27,41)=77/5
timeDiff(27,42)=33/2
timeDiff(27,43)=88/5
timeDiff(27,44)=187/10
timeDiff(27,45)=99/5
timeDiff(27,46)=209/10
timeDiff(27,47)=22
timeDiff(27,48)=231/10
timeDiff(27,49)=121/5
timeDiff(27,50)=122/5
timeDiff(28,28)=0
timeDiff(28,29)=11/10
timeDiff(28,30)=11/5
timeDiff(28,31)=33/10
timeDiff(28,32)=22/5
timeDiff(28,33)=11/2
timeDiff(28,34)=33/5
timeDiff(28,35)=77/10
timeDiff(28,36)=44/5
timeDiff(28,37)=99/10
timeDiff(28,38)=11
timeDiff(28,39)=121/10
timeDiff(28,40)=66/5
timeDiff(28,41)=143/10
timeDiff(28,42)=77/5
timeDiff(28,43)=33/2
timeDiff(28,44)=88/5
timeDiff(28,45)=187/10
timeDiff(28,46)=99/5
timeDiff(28,47)=209/10
timeDiff(28,48)=22
timeDiff(28,49)=231/10
timeDiff(28,50)=233/10
timeDiff(29,29)=0
timeDiff(29,30)=11/10
timeDiff(29,31)=11/5
timeDiff(29,32)=33/10
timeDiff(29,33)=22/5
timeDiff(29,34)=11/2
timeDiff(29,35)=33/5
timeDiff(29,36)=77/10
timeDiff(29,37)=44/5
timeDiff(29,38)=99/10
timeDiff(29,39)=11
timeDiff(29,40)=121/10
timeDiff(29,41)=66/5
timeDiff(29,42)=143/10
timeDiff(29,43)=77/5
timeDiff(29,44)=33/2
timeDiff(29,45)=88/5
timeDiff(29,46)=187/10
timeDiff(29,47)=99/5
timeDiff(29,48)=209/10
timeDiff(29,49)=22
timeDiff(29,50)=111/5
timeDiff(30,30)=0
timeDiff(30,31)=11/10
timeDiff(30,32)=11/5
timeDiff(30,33)=33/10
timeDiff(30,34)=22/5
timeDiff(30,35)=11/2
timeDiff(30,36)=33/5
timeDiff(30,37)=77/10
timeDiff(30,38)=44/5
timeDiff(30,39)=99/10
timeDiff(30,40)=11
timeDiff(30,41)=121/10
timeDiff(30,42)=66/5
timeDiff(30,43)=143/10
timeDiff(30,44)=77/5
timeDiff(30,45)=33/2
timeDiff(30,46)=88/5
timeDiff(30,47)=187/10
timeDiff(30,48)=99/5
timeDiff(30,49)=209/10
timeDiff(30,50)=211/10
timeDiff(31,31)=0
timeDiff(31,32)=11/10
timeDiff(31,33)=11/5
timeDiff(31,34)=33/10
timeDiff(31,35)=22/5
timeDiff(31,36)=11/2
timeDiff(31,37)=33/5
timeDiff(31,38)=77/10
timeDiff(31,39)=44/5
timeDiff(31,40)=99/10
timeDiff(31,41)=11
timeDiff(31,42)=121/10
timeDiff(31,43)=66/5
timeDiff(31,44)=143/10
timeDiff(31,45)=77/5
timeDiff(31,46)=33/2
timeDiff(31,47)=88/5
timeDiff(31,48)=187/10
timeDiff(31,49)=99/5
timeDiff(31,50)=20
timeDiff(32,32)=0
timeDiff(32,33)=11/10
timeDiff(32,34)=11/5
timeDiff(32,35)=33/10
timeDiff(32,36)=22/5
timeDiff(32,37)=11/2
timeDiff(32,38)=33/5
timeDiff(32,39)=77/10
timeDiff(32,40)=44/5
timeDiff(32,41)=99/10
timeDiff(32,42)=11
timeDiff(32,43)=121/10
timeDiff(32,44)=66/5
timeDiff(32,45)=143/10
timeDiff(32,46)=77/5
timeDiff(32,47)=33/2
timeDiff(32,48)=88/5
timeDiff(32,49)=187/10
timeDiff(32,50)=189/10
timeDiff(33,33)=0
timeDiff(33,34)=11/10
timeDiff(33,35)=11/5
timeDiff(33,36)=33/10
timeDiff(33,37)=22/5
timeDiff(33,38)=11/2
timeDiff(33,39)=33/5
timeDiff(33,40)=77/10
timeDiff(33,41)=44/5
timeDiff(33,42)=99/10
timeDiff(33,43)=11
timeDiff(33,44)=121/10
timeDiff(33,45)=66/5
timeDiff(33,46)=143/10
timeDiff(33,47)=77/5
timeDiff(33,48)=33/2
timeDiff(33,49)=88/5
timeDiff(33,50)=89/5
timeDiff(34,34)=0
timeDiff(34,35)=11/10
timeDiff(34,36)=11/5
timeDiff(34,37)=33/10
timeDiff(34,38)=22/5
timeDiff(34,39)=11/2
timeDiff(34,40)=33/5
timeDiff(34,41)=77/10
timeDiff(34,42)=44/5
timeDiff(34,43)=99/10
timeDiff(34,44)=11
timeDiff(34,45)=121/10
timeDiff(34,46)=66/5
timeDiff(34,47)=143/10
timeDiff(34,48)=77/5
timeDiff(34,49)=33/2
timeDiff(34,50)=167/10
timeDiff(35,35)=0
timeDiff(35,36)=11/10
timeDiff(35,37)=11/5
timeDiff(35,38)=33/10
timeDiff(35,39)=22/5
timeDiff(35,40)=11/2
timeDiff(35,41)=33/5
timeDiff(35,42)=77/10
timeDiff(35,43)=44/5
timeDiff(35,44)=99/10
timeDiff(35,45)=11
timeDiff(35,46)=121/10
timeDiff(35,47)=66/5
timeDiff(35,48)=143/10
timeDiff(35,49)=77/5
timeDiff(35,50)=78/5
timeDiff(36,36)=0
timeDiff(36,37)=11/10
timeDiff(36,38)=11/5
timeDiff(36,39)=33/10
timeDiff(36,40)=22/5
timeDiff(36,41)=11/2
timeDiff(36,42)=33/5
timeDiff(36,43)=77/10
timeDiff(36,44)=44/5
timeDiff(36,45)=99/10
timeDiff(36,46)=11
timeDiff(36,47)=121/10
timeDiff(36,48)=66/5
timeDiff(36,49)=143/10
timeDiff(36,50)=29/2
timeDiff(37,37)=0
timeDiff(37,38)=11/10
timeDiff(37,39)=11/5
timeDiff(37,40)=33/10
timeDiff(37,41)=22/5
timeDiff(37,42)=11/2
timeDiff(37,43)=33/5
timeDiff(37,44)=77/10
timeDiff(37,45)=44/5
timeDiff(37,46)=99/10
timeDiff(37,47)=11
timeDiff(37,48)=121/10
timeDiff(37,49)=66/5
timeDiff(37,50)=67/5
timeDiff(38,38)=0
timeDiff(38,39)=11/10
timeDiff(38,40)=11/5
timeDiff(38,41)=33/10
timeDiff(38,42)=22/5
timeDiff(38,43)=11/2
timeDiff(38,44)=33/5
timeDiff(38,45)=77/10
timeDiff(38,46)=44/5
timeDiff(38,47)=99/10
timeDiff(38,48)=11
timeDiff(38,49)=121/10
timeDiff(38,50)=123/10
timeDiff(39,39)=0
timeDiff(39,40)=11/10
timeDiff(39,41)=11/5
timeDiff(39,42)=33/10
timeDiff(39,43)=22/5
timeDiff(39,44)=11/2
timeDiff(39,45)=33/5
timeDiff(39,46)=77/10
timeDiff(39,47)=44/5
timeDiff(39,48)=99/10
timeDiff(39,49)=11
timeDiff(39,50)=56/5
timeDiff(40,40)=0
timeDiff(40,41)=11/10
timeDiff(40,42)=11/5
timeDiff(40,43)=33/10
timeDiff(40,44)=22/5
timeDiff(40,45)=11/2
timeDiff(40,46)=33/5
timeDiff(40,47)=77/10
timeDiff(40,48)=44/5
timeDiff(40,49)=99/10
timeDiff(40,50)=101/10
timeDiff(41,41)=0
timeDiff(41,42)=11/10
timeDiff(41,43)=11/5
timeDiff(41,44)=33/10
timeDiff(41,45)=22/5
timeDiff(41,46)=11/2
timeDiff(41,47)=33/5
timeDiff(41,48)=77/10
timeDiff(41,49)=44/5
timeDiff(41,50)=9
timeDiff(42,42)=0
timeDiff(42,43)=11/10
timeDiff(42,44)=11/5
timeDiff(42,45)=33/10
timeDiff(42,46)=22/5
timeDiff(42,47)=11/2
timeDiff(42,48)=33/5
timeDiff(42,49)=77/10
timeDiff(42,50)=79/10
timeDiff(43,43)=0
timeDiff(43,44)=11/10
timeDiff(43,45)=11/5
timeDiff(43,46)=33/10
timeDiff(43,47)=22/5
timeDiff(43,48)=11/2
timeDiff(43,49)=33/5
timeDiff(43,50)=34/5
timeDiff(44,44)=0
timeDiff(44,45)=11/10
timeDiff(44,46)=11/5
timeDiff(44,47)=33/10
timeDiff(44,48)=22/5
timeDiff(44,49)=11/2
timeDiff(44,50)=57/10
timeDiff(45,45)=0
timeDiff(45,46)=11/10
timeDiff(45,47)=11/5
timeDiff(45,48)=33/10
timeDiff(45,49)=22/5
timeDiff(45,50)=23/5
timeDiff(46,46)=0
timeDiff(46,47)=11/10
timeDiff(46,48)=11/5
timeDiff(46,49)=33/10
timeDiff(46,50)=7/2
timeDiff(47,47)=0
timeDiff(47,48)=11/10
timeDiff(47,49)=11/5
timeDiff(47,50)=12/5
timeDiff(48,48)=0
timeDiff(48,49)=11/10
timeDiff(48,50)=13/10
timeDiff(49,49)=0
timeDiff(49,50)=1/5
timeDiff(50,50)=0
SATISFIABLE

Models       : 1
Calls        : 1
Time         : 1.357s (Solving: 0.63s 1st Model: 0.61s Unsat: 0.02s)
CPU Time     : 1.342s

Command exited with non-zero status 30

  real      0:01.38
  real [s]  1.38
  user [s]  1.31
  sys  [s]  0.05
  mem  [KB] 35252
  avgm [KB] 0
