$ python ../fdec-incr.py --maxtime 1000 ./model.lp --no_last_step


Looking for the right number of steps: 1 FOUND
clingo-lpx version 1.3.0
Reading from ...omparison/hybrid-clingo/axioms/fdec.lp ...
Solving...
Answer: 1 (Time: 0.037s)
maxStep(1)
happens(turn_light_off,10+e)
happens(turn_light_on,10)
holdsAt(light_on,(10<S=<10+e))
Assignment:
(obs,10)=10 (time,0)=10 (time,1)=10+e
SATISFIABLE

Models       : 1
Calls        : 1
Time         : 0.037s (Solving: 0.00s 1st Model: 0.00s Unsat: 0.00s)
CPU Time     : 0.021s


Command exited with non-zero status 30

  real      0:00.22
  real [s]  0.22
  user [s]  0.12
  sys  [s]  0.04
  mem  [KB] 18048
  avgm [KB] 0
