$ clingo-lpx --strict -n0 ../axioms/fdec-ffholds.lp -c maxstep=50 -c maxtime=1000 ./model-fixed.lp -c disablelaststep=1 | ../utils/replace_assignments.sh | ../utils/make-readable.sh


clingo-lpx version 1.3.0
Reading from ../axioms/fdec-ffholds.lp ...
Solving...
Answer: 1
(Time: 0.103s)
happens(turn_light_off,111/10)
happens(turn_light_off,133/10)
happens(turn_light_off,31/2)
happens(turn_light_off,177/10)
happens(turn_light_off,199/10)
happens(turn_light_off,221/10)
happens(turn_light_off,243/10)
happens(turn_light_off,53/2)
happens(turn_light_off,287/10)
happens(turn_light_off,309/10)
happens(turn_light_off,331/10)
happens(turn_light_off,353/10)
happens(turn_light_off,75/2)
happens(turn_light_off,397/10)
happens(turn_light_off,419/10)
happens(turn_light_off,441/10)
happens(turn_light_off,463/10)
happens(turn_light_off,97/2)
happens(turn_light_off,507/10)
happens(turn_light_off,529/10)
happens(turn_light_off,551/10)
happens(turn_light_off,573/10)
happens(turn_light_off,119/2)
happens(turn_light_off,617/10)
happens(turn_light_off,639/10)
happens(turn_light_on,10)
happens(turn_light_on,61/5)
happens(turn_light_on,72/5)
happens(turn_light_on,83/5)
happens(turn_light_on,94/5)
happens(turn_light_on,21)
happens(turn_light_on,116/5)
happens(turn_light_on,127/5)
happens(turn_light_on,138/5)
happens(turn_light_on,149/5)
happens(turn_light_on,32)
happens(turn_light_on,171/5)
happens(turn_light_on,182/5)
happens(turn_light_on,193/5)
happens(turn_light_on,204/5)
happens(turn_light_on,43)
happens(turn_light_on,226/5)
happens(turn_light_on,237/5)
happens(turn_light_on,248/5)
happens(turn_light_on,259/5)
happens(turn_light_on,54)
happens(turn_light_on,281/5)
happens(turn_light_on,292/5)
happens(turn_light_on,303/5)
happens(turn_light_on,314/5)
holdsAt(light_on,(10,"< T =<",111/10))
holdsAt(light_on,(61/5,"< T =<",133/10))
holdsAt(light_on,(72/5,"< T =<",31/2))
holdsAt(light_on,(83/5,"< T =<",177/10))
holdsAt(light_on,(94/5,"< T =<",199/10))
holdsAt(light_on,(21,"< T =<",221/10))
holdsAt(light_on,(116/5,"< T =<",243/10))
holdsAt(light_on,(127/5,"< T =<",53/2))
holdsAt(light_on,(138/5,"< T =<",287/10))
holdsAt(light_on,(149/5,"< T =<",309/10))
holdsAt(light_on,(32,"< T =<",331/10))
holdsAt(light_on,(171/5,"< T =<",353/10))
holdsAt(light_on,(182/5,"< T =<",75/2))
holdsAt(light_on,(193/5,"< T =<",397/10))
holdsAt(light_on,(204/5,"< T =<",419/10))
holdsAt(light_on,(43,"< T =<",441/10))
holdsAt(light_on,(226/5,"< T =<",463/10))
holdsAt(light_on,(237/5,"< T =<",97/2))
holdsAt(light_on,(248/5,"< T =<",507/10))
holdsAt(light_on,(259/5,"< T =<",529/10))
holdsAt(light_on,(54,"< T =<",551/10))
holdsAt(light_on,(281/5,"< T =<",573/10))
holdsAt(light_on,(292/5,"< T =<",119/2))
holdsAt(light_on,(303/5,"< T =<",617/10))
holdsAt(light_on,(314/5,"< T =<",639/10))
Assignment: [leftovers]
ftimeAtStep(0)=0
SATISFIABLE

Models       : 1
Calls        : 1
Time         : 0.104s (Solving: 0.00s 1st Model: 0.00s Unsat: 0.00s)
CPU Time     : 0.093s

Command exited with non-zero status 30

  real      0:00.11
  real [s]  0.11
  user [s]  0.09
  sys  [s]  0.00
  mem  [KB] 11776
  avgm [KB] 0
