$ clingo-lpx --strict -n0 ../axioms/fdec.lp ../axioms/fdec-show.lp -c maxstep=6 -c maxtime=1000 ./model.lp -c disablelaststep=1 | ../utils/replace_assignments.sh | ../utils/make-readable.sh


clingo-lpx version 1.3.0
Reading from ../axioms/fdec.lp ...
Solving...
Answer: 1
(Time: 0.044s)
happens(turn_light_off,10+e)
happens(turn_light_off,10+3*e)
happens(turn_light_off,10+5*e)
happens(turn_light_on,10)
happens(turn_light_on,10+2*e)
happens(turn_light_on,10+4*e)
holdsAt(light_on,(10,"< S =<",10+e))
holdsAt(light_on,(10+2*e,"< S =<",10+3*e))
holdsAt(light_on,(10+4*e,"< S =<",10+5*e))
Assignment: [leftovers]
time(0)=0
timeDiff(0,0)=0
timeDiff(0,1)=10
timeDiff(0,2)=10+e
timeDiff(0,3)=10+2*e
timeDiff(0,4)=10+3*e
timeDiff(0,5)=10+4*e
timeDiff(0,6)=10+5*e
timeDiff(1,1)=0
timeDiff(1,2)=e
timeDiff(1,3)=2*e
timeDiff(1,4)=3*e
timeDiff(1,5)=4*e
timeDiff(1,6)=5*e
timeDiff(2,2)=0
timeDiff(2,3)=e
timeDiff(2,4)=2*e
timeDiff(2,5)=3*e
timeDiff(2,6)=4*e
timeDiff(3,3)=0
timeDiff(3,4)=e
timeDiff(3,5)=2*e
timeDiff(3,6)=3*e
timeDiff(4,4)=0
timeDiff(4,5)=e
timeDiff(4,6)=2*e
timeDiff(5,5)=0
timeDiff(5,6)=e
timeDiff(6,6)=0
SATISFIABLE

Models       : 1
Calls        : 1
Time         : 0.044s (Solving: 0.00s 1st Model: 0.00s Unsat: 0.00s)
CPU Time     : 0.023s

Command exited with non-zero status 30

  real      0:00.08
  real [s]  0.08
  user [s]  0.01
  sys  [s]  0.01
  mem  [KB] 9600
  avgm [KB] 0
