$ clingcon -n10 ./model.lp ../axioms/fdec.lp ../axioms/fdec-show.lp -c maxstep=3 -c maxtime=1000 		| ../utils/replace_assignments.sh | ../utils/make-readable.sh


clingcon version 5.2.1
Reading from ./model.lp ...
Solving...
Answer: 1
(Time: 0.050s)
happens(land,20)
happens(roll,10)
releasedAt(sideUp,(10,"< S =<",20))
fholdsAt(sideUp,1,(0,"< S =<",10))
fholdsAt(sideUp,1,(10,"< S =<",20))
fholdsAt(sideUp,1,(20,"< S =<",1000))
Assignment: [leftovers]
(sideUp,0)=1
timeDiff(0,0)=0
timeDiff(0,1)=10
timeDiff(0,2)=20
timeDiff(0,3)=1000
timeDiff(1,1)=0
timeDiff(1,2)=10
timeDiff(1,3)=990
timeDiff(2,2)=0
timeDiff(2,3)=980
timeDiff(3,3)=0
Answer: 2
(Time: 0.050s)
happens(land,20)
happens(roll,10)
releasedAt(sideUp,(10,"< S =<",20))
fholdsAt(sideUp,1,(0,"< S =<",10))
fholdsAt(sideUp,2,(10,"< S =<",20))
fholdsAt(sideUp,2,(20,"< S =<",1000))
Assignment: [leftovers]
(sideUp,0)=1
timeDiff(0,0)=0
timeDiff(0,1)=10
timeDiff(0,2)=20
timeDiff(0,3)=1000
timeDiff(1,1)=0
timeDiff(1,2)=10
timeDiff(1,3)=990
timeDiff(2,2)=0
timeDiff(2,3)=980
timeDiff(3,3)=0
Answer: 3
(Time: 0.051s)
happens(land,20)
happens(roll,10)
releasedAt(sideUp,(10,"< S =<",20))
fholdsAt(sideUp,1,(0,"< S =<",10))
fholdsAt(sideUp,5,(10,"< S =<",20))
fholdsAt(sideUp,5,(20,"< S =<",1000))
Assignment: [leftovers]
(sideUp,0)=1
timeDiff(0,0)=0
timeDiff(0,1)=10
timeDiff(0,2)=20
timeDiff(0,3)=1000
timeDiff(1,1)=0
timeDiff(1,2)=10
timeDiff(1,3)=990
timeDiff(2,2)=0
timeDiff(2,3)=980
timeDiff(3,3)=0
Answer: 4
(Time: 0.051s)
happens(land,20)
happens(roll,10)
releasedAt(sideUp,(10,"< S =<",20))
fholdsAt(sideUp,1,(0,"< S =<",10))
fholdsAt(sideUp,6,(10,"< S =<",20))
fholdsAt(sideUp,6,(20,"< S =<",1000))
Assignment: [leftovers]
(sideUp,0)=1
timeDiff(0,0)=0
timeDiff(0,1)=10
timeDiff(0,2)=20
timeDiff(0,3)=1000
timeDiff(1,1)=0
timeDiff(1,2)=10
timeDiff(1,3)=990
timeDiff(2,2)=0
timeDiff(2,3)=980
timeDiff(3,3)=0
Answer: 5
(Time: 0.051s)
happens(land,20)
happens(roll,10)
releasedAt(sideUp,(10,"< S =<",20))
fholdsAt(sideUp,1,(0,"< S =<",10))
fholdsAt(sideUp,3,(10,"< S =<",20))
fholdsAt(sideUp,3,(20,"< S =<",1000))
Assignment: [leftovers]
(sideUp,0)=1
timeDiff(0,0)=0
timeDiff(0,1)=10
timeDiff(0,2)=20
timeDiff(0,3)=1000
timeDiff(1,1)=0
timeDiff(1,2)=10
timeDiff(1,3)=990
timeDiff(2,2)=0
timeDiff(2,3)=980
timeDiff(3,3)=0
Answer: 6
(Time: 0.051s)
happens(land,20)
happens(roll,10)
releasedAt(sideUp,(10,"< S =<",20))
fholdsAt(sideUp,1,(0,"< S =<",10))
fholdsAt(sideUp,4,(10,"< S =<",20))
fholdsAt(sideUp,4,(20,"< S =<",1000))
Assignment: [leftovers]
(sideUp,0)=1
timeDiff(0,0)=0
timeDiff(0,1)=10
timeDiff(0,2)=20
timeDiff(0,3)=1000
timeDiff(1,1)=0
timeDiff(1,2)=10
timeDiff(1,3)=990
timeDiff(2,2)=0
timeDiff(2,3)=980
timeDiff(3,3)=0
SATISFIABLE

Models       : 6
Calls        : 1
Time         : 0.051s (Solving: 0.00s 1st Model: 0.00s Unsat: 0.00s)
CPU Time     : 0.034s

Command exited with non-zero status 30

  real      0:00.06
  real [s]  0.06
  user [s]  0.03
  sys  [s]  0.00
  mem  [KB] 11904
  avgm [KB] 0
