$ clingo-lpx --strict -n0 ./model.lp ../axioms/fdec-ffholds.lp -c maxstep=3 -c maxtime=1000 	| ../utils/replace_assignments.sh | ../utils/make-readable.sh


clingo-lpx version 1.3.0
Reading from ./model.lp ...
Solving...
Answer: 1
(Time: 0.025s)
happens(land,20)
happens(roll,10)
releasedAt(sideUp,(10,"< T =<",20))
fholdsAt(sideUp,1,(0,"< T =<",10))
fholdsAt(sideUp,4,(10,"< T =<",20))
fholdsAt(sideUp,4,(20,"< T =<",1000))
Assignment: [leftovers]
fholdsAt(sideUp,0)=1
Answer: 2
(Time: 0.025s)
happens(land,20)
happens(roll,10)
releasedAt(sideUp,(10,"< T =<",20))
fholdsAt(sideUp,1,(0,"< T =<",10))
fholdsAt(sideUp,1,(10,"< T =<",20))
fholdsAt(sideUp,1,(20,"< T =<",1000))
Assignment: [leftovers]
fholdsAt(sideUp,0)=1
Answer: 3
(Time: 0.025s)
happens(land,20)
happens(roll,10)
releasedAt(sideUp,(10,"< T =<",20))
fholdsAt(sideUp,1,(0,"< T =<",10))
fholdsAt(sideUp,6,(10,"< T =<",20))
fholdsAt(sideUp,6,(20,"< T =<",1000))
Assignment: [leftovers]
fholdsAt(sideUp,0)=1
Answer: 4
(Time: 0.025s)
happens(land,20)
happens(roll,10)
releasedAt(sideUp,(10,"< T =<",20))
fholdsAt(sideUp,1,(0,"< T =<",10))
fholdsAt(sideUp,2,(10,"< T =<",20))
fholdsAt(sideUp,2,(20,"< T =<",1000))
Assignment: [leftovers]
fholdsAt(sideUp,0)=1
Answer: 5
(Time: 0.025s)
happens(land,20)
happens(roll,10)
releasedAt(sideUp,(10,"< T =<",20))
fholdsAt(sideUp,1,(0,"< T =<",10))
fholdsAt(sideUp,3,(10,"< T =<",20))
fholdsAt(sideUp,3,(20,"< T =<",1000))
Assignment: [leftovers]
fholdsAt(sideUp,0)=1
Answer: 6
(Time: 0.025s)
happens(land,20)
happens(roll,10)
releasedAt(sideUp,(10,"< T =<",20))
fholdsAt(sideUp,1,(0,"< T =<",10))
fholdsAt(sideUp,5,(10,"< T =<",20))
fholdsAt(sideUp,5,(20,"< T =<",1000))
Assignment: [leftovers]
fholdsAt(sideUp,0)=1
SATISFIABLE

Models       : 6
Calls        : 1
Time         : 0.026s (Solving: 0.00s 1st Model: 0.00s Unsat: 0.00s)
CPU Time     : 0.015s

Command exited with non-zero status 30

  real      0:00.03
  real [s]  0.03
  user [s]  0.00
  sys  [s]  0.01
  mem  [KB] 9088
  avgm [KB] 0
