$ python ../fdec-incr.py ./model.lp --maxtime 1000


Looking for the right number of steps: 1 2 FOUND
clingo-lpx version 1.3.0
Reading from ...omparison/hybrid-clingo/axioms/fdec.lp ...
Solving...
Answer: 1 (Time: 0.038s)
maxStep(2)
happens(land,20)
happens(roll,10)
fholdsAt(sideUp,4,(10<S=<20))
fholdsAt(sideUp,4,(20<S=<1000))
Assignment:
(obs,10)=10 (obs,20)=20 (sideUp,0)=1 (sideUp,1)=4 (sideUp,2)=4 (time,0)=10 (time,1)=20 (time,2)=1000
Answer: 2 (Time: 0.039s)
maxStep(2)
happens(land,20)
happens(roll,10)
fholdsAt(sideUp,5,(10<S=<20))
fholdsAt(sideUp,5,(20<S=<1000))
Assignment:
(obs,10)=10 (obs,20)=20 (sideUp,0)=1 (sideUp,1)=5 (sideUp,2)=5 (time,0)=10 (time,1)=20 (time,2)=1000
Answer: 3 (Time: 0.039s)
maxStep(2)
happens(land,20)
happens(roll,10)
fholdsAt(sideUp,6,(10<S=<20))
fholdsAt(sideUp,6,(20<S=<1000))
Assignment:
(obs,10)=10 (obs,20)=20 (sideUp,0)=1 (sideUp,1)=6 (sideUp,2)=6 (time,0)=10 (time,1)=20 (time,2)=1000
Answer: 4 (Time: 0.040s)
maxStep(2)
happens(land,20)
happens(roll,10)
fholdsAt(sideUp,1,(10<S=<20))
fholdsAt(sideUp,1,(20<S=<1000))
Assignment:
(obs,10)=10 (obs,20)=20 (sideUp,0)=1 (sideUp,1)=1 (sideUp,2)=1 (time,0)=10 (time,1)=20 (time,2)=1000
Answer: 5 (Time: 0.040s)
maxStep(2)
happens(land,20)
happens(roll,10)
fholdsAt(sideUp,2,(10<S=<20))
fholdsAt(sideUp,2,(20<S=<1000))
Assignment:
(obs,10)=10 (obs,20)=20 (sideUp,0)=1 (sideUp,1)=2 (sideUp,2)=2 (time,0)=10 (time,1)=20 (time,2)=1000
Answer: 6 (Time: 0.040s)
maxStep(2)
happens(land,20)
happens(roll,10)
fholdsAt(sideUp,3,(10<S=<20))
fholdsAt(sideUp,3,(20<S=<1000))
Assignment:
(obs,10)=10 (obs,20)=20 (sideUp,0)=1 (sideUp,1)=3 (sideUp,2)=3 (time,0)=10 (time,1)=20 (time,2)=1000
SATISFIABLE

Models       : 6
Calls        : 1
Time         : 0.041s (Solving: 0.00s 1st Model: 0.00s Unsat: 0.00s)
CPU Time     : 0.025s


Command exited with non-zero status 30

  real      0:00.34
  real [s]  0.34
  user [s]  0.20
  sys  [s]  0.06
  mem  [KB] 18176
  avgm [KB] 0
