$ clingcon -n10 ./model.lp ../axioms/fdec.lp ../axioms/fdec-show.lp -c maxstep=3 -c maxtime=1000 -c paramHeight=40 | ../utils/replace_assignments.sh | ../utils/make-readable.sh


clingcon version 5.2.1
Reading from ./model.lp ...
Solving...
Answer: 1
(Time: 0.078s)
happens(collide(apple,ball),20)
happens(drop(nathan1,apple),10)
happens(throw(nathan2,ball),10)
holdsAt(falling(apple),(10,"< S =<",20))
holdsAt(rising(ball),(10,"< S =<",20))
releasedAt(height(apple),(10,"< S =<",20))
releasedAt(height(ball),(10,"< S =<",20))
fholdsAt(height(apple),40,(0,"< S =<",10))
fholdsAt(height(apple),20,(20,"< S =<",1000))
fholdsAt(height(ball),0,(0,"< S =<",10))
fholdsAt(height(ball),20,(20,"< S =<",1000))
fholdsAtC(height(apple),(40,"->",20),(10,"< S =<",20),eq(off1(0),"*",koef1(1),"+",koef2(1),"*",base(40),"+",inc(-2),"*",dur(20,"-",10)))
fholdsAtC(height(ball),(0,"->",20),(10,"< S =<",20),eq(off1(0),"*",koef1(1),"+",koef2(1),"*",base(0),"+",inc(2),"*",dur(20,"-",10)))
Assignment: [leftovers]
(height(apple),0)=40
(height(ball),0)=0
timeDiff(0,0)=0
timeDiff(0,1)=10
timeDiff(0,2)=20
timeDiff(0,3)=1000
timeDiff(1,1)=0
timeDiff(1,2)=10
timeDiff(1,3)=990
timeDiff(2,2)=0
timeDiff(2,3)=980
timeDiff(3,3)=0
SATISFIABLE

Models       : 1
Calls        : 1
Time         : 0.078s (Solving: 0.01s 1st Model: 0.01s Unsat: 0.00s)
CPU Time     : 0.063s

Command exited with non-zero status 30

  real      0:00.09
  real [s]  0.09
  user [s]  0.06
  sys  [s]  0.00
  mem  [KB] 16348
  avgm [KB] 0
