$ python ../fdec-incr.py ./model.lp --maxtime 1000


Looking for the right number of steps: 1 2 FOUND
clingo-lpx version 1.3.0
Reading from ...omparison/hybrid-clingo/axioms/fdec.lp ...
Solving...
Answer: 1 (Time: 0.049s)
maxStep(2)
happens(collide(apple,ball),35)
happens(drop(nathan1,apple),10)
happens(throw(nathan2,ball),10)
holdsAt(falling(apple),(10<S=<35))
holdsAt(rising(ball),(10<S=<35))
fholdsAt(height(apple),50,(35<S=<1000))
fholdsAt(height(ball),50,(35<S=<1000))
fholdsAtC(height(apple),(100->50),(10<S=<35),((1,100),-2))
fholdsAtC(height(ball),(0->50),(10<S=<35),((1,0),2))
Assignment:
(obs,10)=10 (time,0)=10 (time,1)=35 (time,2)=1000 (height(apple),0)=100 (height(apple),1)=50 (height(apple),2)=50 (height(ball),0)=0 (height(ball),1)=50 (height(ball),2)=50
SATISFIABLE

Models       : 1
Calls        : 1
Time         : 0.050s (Solving: 0.00s 1st Model: 0.00s Unsat: 0.00s)
CPU Time     : 0.030s


Command exited with non-zero status 30

  real      0:00.35
  real [s]  0.35
  user [s]  0.16
  sys  [s]  0.11
  mem  [KB] 18304
  avgm [KB] 0
