$ clingo-lpx --strict -n10 ./model.lp ../axioms/fdec.lp ../axioms/fdec-show.lp -c maxstep=3 -c maxtime=1000 -c paramHeight=3 | ../utils/replace_assignments.sh | ../utils/make-readable.sh


clingo-lpx version 1.3.0
Reading from ./model.lp ...
Solving...
Answer: 1
(Time: 0.039s)
happens(collide(apple,ball),43/4)
happens(drop(nathan1,apple),10)
happens(throw(nathan2,ball),10)
holdsAt(falling(apple),(10,"< S =<",43/4))
holdsAt(rising(ball),(10,"< S =<",43/4))
releasedAt(height(apple),(10,"< S =<",43/4))
releasedAt(height(ball),(10,"< S =<",43/4))
fholdsAt(height(apple),3,(0,"< S =<",10))
fholdsAt(height(apple),3/2,(43/4,"< S =<",1000))
fholdsAt(height(ball),0,(0,"< S =<",10))
fholdsAt(height(ball),3/2,(43/4,"< S =<",1000))
fholdsAtC(height(apple),(3,"->",3/2),(10,"< S =<",43/4),eq(off1(0),"*",koef1(1),"+",koef2(1),"*",base(3),"+",inc(-2),"*",dur(43/4,"-",10)))
fholdsAtC(height(ball),(0,"->",3/2),(10,"< S =<",43/4),eq(off1(0),"*",koef1(1),"+",koef2(1),"*",base(0),"+",inc(2),"*",dur(43/4,"-",10)))
Assignment: [leftovers]
(height(apple),0)=3
(height(ball),0)=0
timeDiff(0,0)=0
timeDiff(0,1)=10
timeDiff(0,2)=43/4
timeDiff(0,3)=1000
timeDiff(1,1)=0
timeDiff(1,2)=3/4
timeDiff(1,3)=990
timeDiff(2,2)=0
timeDiff(2,3)=3957/4
timeDiff(3,3)=0
SATISFIABLE

Models       : 1
Calls        : 1
Time         : 0.039s (Solving: 0.00s 1st Model: 0.00s Unsat: 0.00s)
CPU Time     : 0.026s

Command exited with non-zero status 30

  real      0:00.05
  real [s]  0.05
  user [s]  0.02
  sys  [s]  0.01
  mem  [KB] 9856
  avgm [KB] 0
