$ python ../fdec-incr.py ./model.lp --maxtime 1000 --con


Looking for the right number of steps: 1 2 3 4 FOUND
clingcon version 5.2.1
Reading from ...omparison/hybrid-clingo/axioms/fdec.lp ...
Solving...
Answer: 1 (Time: 0.052s)
maxStep(4)
happens(increment,10)
happens(increment,20)
happens(increment,40)
happens(reset,30)
fholdsAt(value,1,(10<S=<20))
fholdsAt(value,2,(20<S=<30))
fholdsAt(value,0,(30<S=<40))
fholdsAt(value,1,(40<S=<1000))
Assignment:
one=1 (obs,10)=10 (obs,20)=20 (obs,30)=30 (obs,40)=40 (time,0)=10 (time,1)=20 (time,2)=30 (time,3)=40 (time,4)=1000 (value,0)=0 (value,1)=1 (value,2)=2 (value,3)=0 (value,4)=1
SATISFIABLE

Models       : 1
Calls        : 1
Time         : 0.053s (Solving: 0.01s 1st Model: 0.00s Unsat: 0.00s)
CPU Time     : 0.037s


Command exited with non-zero status 30

  real      0:00.65
  real [s]  0.65
  user [s]  0.39
  sys  [s]  0.13
  mem  [KB] 19456
  avgm [KB] 0
