
==========
Answer: 1

0
1
2
3
4
5
6
7
8
9
10
11
12
13
14
15
16
17
18
19
20
21
22
23
24
happens(buy,24)

25
+hasTicket

26
hasTicket

27
hasTicket

28
hasTicket

29
hasTicket

30
hasTicket

31
hasTicket

32
hasTicket

33
hasTicket

34
hasTicket

35
hasTicket
happens(boardRed,35)
happens(board,35)

36
+onRed
hasTicket

37
onRed
hasTicket

38
hasTicket
onRed

39
onRed
hasTicket

40
onRed
hasTicket

41
-onRed
-hasTicket
P
Models       : 1
Calls        : 1
Time         : 0.018s (Solving: 0.00s 1st Model: 0.00s Unsat: 0.00s)
CPU Time     : 0.008s
