
==========
Answer: 1

0
itsBlack
itsWhite

1
-itsWhite
itsBlack
happens(throw,1)

2
+onBlack
+itsWhite
itsBlack

3
-itsBlack
P

==========
Answer: 2

0
itsBlack
itsWhite

1
-itsBlack
itsWhite
happens(throw,1)

2
+onWhite
+itsBlack
itsWhite

3
-itsWhite
P

==========
Answer: 3

0
itsBlack
itsWhite

1
itsBlack
itsWhite
happens(throw,1)

2
+onWhite
+onBlack
itsBlack
itsWhite

3
-itsBlack
-itsWhite
P
Models       : 3
Calls        : 1
Time         : 0.015s (Solving: 0.00s 1st Model: 0.00s Unsat: 0.00s)
CPU Time     : 0.005s
