
==========
Answer: 1

0
itsBlack
itsWhite

1
itsBlack
itsWhite

2
itsBlack
itsWhite

3
itsBlack
itsWhite

4
itsBlack
itsWhite

5
itsBlack
itsWhite

6
itsBlack
itsWhite

7
itsBlack
itsWhite

8
itsBlack
itsWhite

9
itsBlack
itsWhite

10
itsBlack
itsWhite

11
itsBlack
itsWhite

12
itsBlack
itsWhite

13
itsBlack
itsWhite

14
itsBlack
itsWhite

15
itsBlack
itsWhite

16
itsBlack
itsWhite

17
itsBlack
itsWhite

18
itsBlack
itsWhite

19
itsBlack
itsWhite

20
itsBlack
itsWhite

21
itsBlack
itsWhite

22
itsBlack
itsWhite

23
itsBlack
itsWhite

24
itsBlack
itsWhite

25
itsBlack
itsWhite

26
itsBlack
itsWhite

27
itsBlack
itsWhite

28
itsBlack
itsWhite

29
itsBlack
itsWhite

30
itsBlack
itsWhite

31
itsBlack
itsWhite

32
itsBlack
itsWhite

33
itsBlack
itsWhite

34
itsBlack
itsWhite

35
-itsBlack
itsWhite
happens(throw,35)

36
+onWhite
+itsBlack
itsWhite

37
onWhite
itsBlack
itsWhite

38
onWhite
itsBlack
itsWhite

39
onWhite
itsBlack
itsWhite

40
onWhite
itsBlack
itsWhite

41
-onWhite
-itsBlack
-itsWhite
P

==========
Answer: 2

0
itsBlack
itsWhite

1
itsBlack
itsWhite

2
itsBlack
itsWhite

3
itsBlack
itsWhite

4
itsBlack
itsWhite

5
itsBlack
itsWhite

6
itsBlack
itsWhite

7
itsBlack
itsWhite

8
itsBlack
itsWhite

9
itsBlack
itsWhite

10
itsBlack
itsWhite

11
itsBlack
itsWhite

12
itsBlack
itsWhite

13
itsBlack
itsWhite

14
itsBlack
itsWhite

15
itsBlack
itsWhite

16
itsBlack
itsWhite

17
itsBlack
itsWhite

18
itsBlack
itsWhite

19
itsBlack
itsWhite

20
itsBlack
itsWhite

21
itsBlack
itsWhite

22
itsBlack
itsWhite

23
itsBlack
itsWhite

24
itsBlack
itsWhite

25
itsBlack
itsWhite

26
itsBlack
itsWhite

27
itsBlack
itsWhite

28
itsBlack
itsWhite

29
itsBlack
itsWhite

30
itsBlack
itsWhite

31
itsBlack
itsWhite

32
itsBlack
itsWhite

33
itsBlack
itsWhite

34
itsBlack
itsWhite

35
-itsWhite
itsBlack
happens(throw,35)

36
+onBlack
+itsWhite
itsBlack

37
onBlack
itsBlack
itsWhite

38
onBlack
itsBlack
itsWhite

39
onBlack
itsBlack
itsWhite

40
onBlack
itsBlack
itsWhite

41
-onBlack
-itsBlack
-itsWhite
P

==========
Answer: 3

0
itsBlack
itsWhite

1
itsBlack
itsWhite

2
itsBlack
itsWhite

3
itsBlack
itsWhite

4
itsBlack
itsWhite

5
itsBlack
itsWhite

6
itsBlack
itsWhite

7
itsBlack
itsWhite

8
itsBlack
itsWhite

9
itsBlack
itsWhite

10
itsBlack
itsWhite

11
itsBlack
itsWhite

12
itsBlack
itsWhite

13
itsBlack
itsWhite

14
itsBlack
itsWhite

15
itsBlack
itsWhite

16
itsBlack
itsWhite

17
itsBlack
itsWhite

18
itsBlack
itsWhite

19
itsBlack
itsWhite

20
itsBlack
itsWhite

21
itsBlack
itsWhite

22
itsBlack
itsWhite

23
itsBlack
itsWhite

24
itsBlack
itsWhite

25
itsBlack
itsWhite

26
itsBlack
itsWhite

27
itsBlack
itsWhite

28
itsBlack
itsWhite

29
itsBlack
itsWhite

30
itsBlack
itsWhite

31
itsBlack
itsWhite

32
itsBlack
itsWhite

33
itsBlack
itsWhite

34
itsBlack
itsWhite

35
itsBlack
itsWhite
happens(throw,35)

36
+onWhite
+onBlack
itsBlack
itsWhite

37
onWhite
onBlack
itsBlack
itsWhite

38
onWhite
onBlack
itsBlack
itsWhite

39
onWhite
onBlack
itsBlack
itsWhite

40
onWhite
onBlack
itsBlack
itsWhite

41
-onWhite
-onBlack
-itsBlack
-itsWhite
P
Models       : 3
Calls        : 1
Time         : 0.017s (Solving: 0.00s 1st Model: 0.00s Unsat: 0.00s)
CPU Time     : 0.007s
