
==========
Answer: 1

0
itsHeads
heads

1
-itsHeads
heads
happens(toss,1)

2
-heads
happens(toss,2)

3
happens(toss,3)

4
+itsHeads

5
P

==========
Answer: 2

0
itsHeads
heads

1
-itsHeads
heads
happens(toss,1)

2
-heads
happens(toss,2)

3
+itsHeads
happens(toss,3)

4
+heads
itsHeads

5
-itsHeads
P

==========
Answer: 3

0
itsHeads
heads

1
heads
itsHeads
happens(toss,1)

2
-itsHeads
heads
happens(toss,2)

3
-heads
happens(toss,3)

4
+itsHeads

5
P

==========
Answer: 4

0
itsHeads
heads

1
heads
itsHeads
happens(toss,1)

2
-itsHeads
heads
happens(toss,2)

3
-heads
+itsHeads
happens(toss,3)

4
+heads
itsHeads

5
-itsHeads
P

==========
Answer: 5

0
itsHeads
heads

1
-itsHeads
heads
happens(toss,1)

2
-heads
+itsHeads
happens(toss,2)

3
-itsHeads
+heads
happens(toss,3)

4
-heads
+itsHeads

5
-heads
P

==========
Answer: 6

0
itsHeads
heads

1
heads
itsHeads
happens(toss,1)

2
heads
itsHeads
happens(toss,2)

3
-itsHeads
heads
happens(toss,3)

4
-heads
+itsHeads

5
-heads
P

==========
Answer: 7

0
itsHeads
heads

1
-itsHeads
heads
happens(toss,1)

2
-heads
+itsHeads
happens(toss,2)

3
+heads
itsHeads
happens(toss,3)

4
heads
itsHeads

5
-heads
-itsHeads
P

==========
Answer: 8

0
itsHeads
heads

1
heads
itsHeads
happens(toss,1)

2
heads
itsHeads
happens(toss,2)

3
heads
itsHeads
happens(toss,3)

4
heads
itsHeads

5
-heads
-itsHeads
P
Models       : 8
Calls        : 1
Time         : 0.020s (Solving: 0.00s 1st Model: 0.00s Unsat: 0.00s)
CPU Time     : 0.005s
