
==========
Answer: 1

0
itsHeads
heads

1
heads
itsHeads

2
heads
itsHeads

3
heads
itsHeads

4
heads
itsHeads

5
heads
itsHeads

6
heads
itsHeads

7
heads
itsHeads

8
heads
itsHeads

9
heads
itsHeads

10
-itsHeads
heads
happens(toss,10)

11
-heads
+itsHeads

12
itsHeads

13
itsHeads

14
itsHeads

15
itsHeads

16
itsHeads

17
itsHeads

18
itsHeads

19
itsHeads

20
-itsHeads
happens(toss,20)

21
+itsHeads

22
itsHeads

23
itsHeads

24
itsHeads

25
itsHeads

26
itsHeads

27
itsHeads

28
itsHeads

29
itsHeads

30
-itsHeads
happens(toss,30)

31
+itsHeads

32
itsHeads

33
itsHeads

34
itsHeads

35
itsHeads

36
itsHeads

37
itsHeads

38
itsHeads

39
itsHeads

40
itsHeads

41
-itsHeads
P

==========
Answer: 2

0
itsHeads
heads

1
heads
itsHeads

2
heads
itsHeads

3
heads
itsHeads

4
heads
itsHeads

5
heads
itsHeads

6
heads
itsHeads

7
heads
itsHeads

8
heads
itsHeads

9
heads
itsHeads

10
-itsHeads
heads
happens(toss,10)

11
-heads
+itsHeads

12
itsHeads

13
itsHeads

14
itsHeads

15
itsHeads

16
itsHeads

17
itsHeads

18
itsHeads

19
itsHeads

20
-itsHeads
happens(toss,20)

21
+itsHeads

22
itsHeads

23
itsHeads

24
itsHeads

25
itsHeads

26
itsHeads

27
itsHeads

28
itsHeads

29
itsHeads

30
itsHeads
happens(toss,30)

31
+heads
itsHeads

32
heads
itsHeads

33
heads
itsHeads

34
heads
itsHeads

35
heads
itsHeads

36
heads
itsHeads

37
heads
itsHeads

38
heads
itsHeads

39
heads
itsHeads

40
heads
itsHeads

41
-heads
-itsHeads
P

==========
Answer: 3

0
itsHeads
heads

1
heads
itsHeads

2
heads
itsHeads

3
heads
itsHeads

4
heads
itsHeads

5
heads
itsHeads

6
heads
itsHeads

7
heads
itsHeads

8
heads
itsHeads

9
heads
itsHeads

10
heads
itsHeads
happens(toss,10)

11
heads
itsHeads

12
heads
itsHeads

13
heads
itsHeads

14
heads
itsHeads

15
heads
itsHeads

16
heads
itsHeads

17
heads
itsHeads

18
heads
itsHeads

19
heads
itsHeads

20
-itsHeads
heads
happens(toss,20)

21
-heads
+itsHeads

22
itsHeads

23
itsHeads

24
itsHeads

25
itsHeads

26
itsHeads

27
itsHeads

28
itsHeads

29
itsHeads

30
-itsHeads
happens(toss,30)

31
+itsHeads

32
itsHeads

33
itsHeads

34
itsHeads

35
itsHeads

36
itsHeads

37
itsHeads

38
itsHeads

39
itsHeads

40
itsHeads

41
-itsHeads
P

==========
Answer: 4

0
itsHeads
heads

1
heads
itsHeads

2
heads
itsHeads

3
heads
itsHeads

4
heads
itsHeads

5
heads
itsHeads

6
heads
itsHeads

7
heads
itsHeads

8
heads
itsHeads

9
heads
itsHeads

10
heads
itsHeads
happens(toss,10)

11
heads
itsHeads

12
heads
itsHeads

13
heads
itsHeads

14
heads
itsHeads

15
heads
itsHeads

16
heads
itsHeads

17
heads
itsHeads

18
heads
itsHeads

19
heads
itsHeads

20
-itsHeads
heads
happens(toss,20)

21
-heads
+itsHeads

22
itsHeads

23
itsHeads

24
itsHeads

25
itsHeads

26
itsHeads

27
itsHeads

28
itsHeads

29
itsHeads

30
itsHeads
happens(toss,30)

31
+heads
itsHeads

32
heads
itsHeads

33
heads
itsHeads

34
heads
itsHeads

35
heads
itsHeads

36
heads
itsHeads

37
heads
itsHeads

38
heads
itsHeads

39
heads
itsHeads

40
heads
itsHeads

41
-heads
-itsHeads
P

==========
Answer: 5

0
itsHeads
heads

1
heads
itsHeads

2
heads
itsHeads

3
heads
itsHeads

4
heads
itsHeads

5
heads
itsHeads

6
heads
itsHeads

7
heads
itsHeads

8
heads
itsHeads

9
heads
itsHeads

10
-itsHeads
heads
happens(toss,10)

11
-heads
+itsHeads

12
itsHeads

13
itsHeads

14
itsHeads

15
itsHeads

16
itsHeads

17
itsHeads

18
itsHeads

19
itsHeads

20
itsHeads
happens(toss,20)

21
+heads
itsHeads

22
heads
itsHeads

23
heads
itsHeads

24
heads
itsHeads

25
heads
itsHeads

26
heads
itsHeads

27
heads
itsHeads

28
heads
itsHeads

29
heads
itsHeads

30
-itsHeads
heads
happens(toss,30)

31
-heads
+itsHeads

32
itsHeads

33
itsHeads

34
itsHeads

35
itsHeads

36
itsHeads

37
itsHeads

38
itsHeads

39
itsHeads

40
itsHeads

41
-itsHeads
P

==========
Answer: 6

0
itsHeads
heads

1
heads
itsHeads

2
heads
itsHeads

3
heads
itsHeads

4
heads
itsHeads

5
heads
itsHeads

6
heads
itsHeads

7
heads
itsHeads

8
heads
itsHeads

9
heads
itsHeads

10
heads
itsHeads
happens(toss,10)

11
heads
itsHeads

12
heads
itsHeads

13
heads
itsHeads

14
heads
itsHeads

15
heads
itsHeads

16
heads
itsHeads

17
heads
itsHeads

18
heads
itsHeads

19
heads
itsHeads

20
heads
itsHeads
happens(toss,20)

21
heads
itsHeads

22
heads
itsHeads

23
heads
itsHeads

24
heads
itsHeads

25
heads
itsHeads

26
heads
itsHeads

27
heads
itsHeads

28
heads
itsHeads

29
heads
itsHeads

30
-itsHeads
heads
happens(toss,30)

31
-heads
+itsHeads

32
itsHeads

33
itsHeads

34
itsHeads

35
itsHeads

36
itsHeads

37
itsHeads

38
itsHeads

39
itsHeads

40
itsHeads

41
-itsHeads
P

==========
Answer: 7

0
itsHeads
heads

1
heads
itsHeads

2
heads
itsHeads

3
heads
itsHeads

4
heads
itsHeads

5
heads
itsHeads

6
heads
itsHeads

7
heads
itsHeads

8
heads
itsHeads

9
heads
itsHeads

10
-itsHeads
heads
happens(toss,10)

11
-heads
+itsHeads

12
itsHeads

13
itsHeads

14
itsHeads

15
itsHeads

16
itsHeads

17
itsHeads

18
itsHeads

19
itsHeads

20
itsHeads
happens(toss,20)

21
+heads
itsHeads

22
heads
itsHeads

23
heads
itsHeads

24
heads
itsHeads

25
heads
itsHeads

26
heads
itsHeads

27
heads
itsHeads

28
heads
itsHeads

29
heads
itsHeads

30
heads
itsHeads
happens(toss,30)

31
heads
itsHeads

32
heads
itsHeads

33
heads
itsHeads

34
heads
itsHeads

35
heads
itsHeads

36
heads
itsHeads

37
heads
itsHeads

38
heads
itsHeads

39
heads
itsHeads

40
heads
itsHeads

41
-heads
-itsHeads
P

==========
Answer: 8

0
itsHeads
heads

1
heads
itsHeads

2
heads
itsHeads

3
heads
itsHeads

4
heads
itsHeads

5
heads
itsHeads

6
heads
itsHeads

7
heads
itsHeads

8
heads
itsHeads

9
heads
itsHeads

10
heads
itsHeads
happens(toss,10)

11
heads
itsHeads

12
heads
itsHeads

13
heads
itsHeads

14
heads
itsHeads

15
heads
itsHeads

16
heads
itsHeads

17
heads
itsHeads

18
heads
itsHeads

19
heads
itsHeads

20
heads
itsHeads
happens(toss,20)

21
heads
itsHeads

22
heads
itsHeads

23
heads
itsHeads

24
heads
itsHeads

25
heads
itsHeads

26
heads
itsHeads

27
heads
itsHeads

28
heads
itsHeads

29
heads
itsHeads

30
heads
itsHeads
happens(toss,30)

31
heads
itsHeads

32
heads
itsHeads

33
heads
itsHeads

34
heads
itsHeads

35
heads
itsHeads

36
heads
itsHeads

37
heads
itsHeads

38
heads
itsHeads

39
heads
itsHeads

40
heads
itsHeads

41
-heads
-itsHeads
P
Models       : 8
Calls        : 1
Time         : 0.020s (Solving: 0.00s 1st Model: 0.00s Unsat: 0.00s)
CPU Time     : 0.009s
