
==========
Answer: 1

0
train(victoria,southKen)
train(herneHill,victoria)
at(home)

1
at(home)
train(victoria,southKen)
train(herneHill,victoria)
happens3(walkTo(herneHill),1,1)
happens(walkTo(herneHill),1)

2
-at(home)
+at(herneHill)
train(victoria,southKen)
train(herneHill,victoria)

3
at(herneHill)
train(victoria,southKen)
train(herneHill,victoria)

4
at(herneHill)
train(victoria,southKen)
train(herneHill,victoria)

5
at(herneHill)
train(victoria,southKen)
train(herneHill,victoria)

6
at(herneHill)
train(victoria,southKen)
train(herneHill,victoria)
happens3(trainTo(victoria),6,6)
happens(trainTo(victoria),6)

7
-at(herneHill)
+at(victoria)
train(victoria,southKen)
train(herneHill,victoria)

8
at(victoria)
train(victoria,southKen)
train(herneHill,victoria)

9
at(victoria)
train(victoria,southKen)
train(herneHill,victoria)

10
at(victoria)
train(victoria,southKen)
train(herneHill,victoria)
happens3(trainTo(southKen),10,10)
happens(trainTo(southKen),10)

11
-at(victoria)
+at(southKen)
train(victoria,southKen)
train(herneHill,victoria)

12
at(southKen)
train(victoria,southKen)
train(herneHill,victoria)
happens3(goToWork,1,12)
happens3(walkTo(work),12,12)
happens(walkTo(work),12)

13
-at(southKen)
+at(work)
train(victoria,southKen)
train(herneHill,victoria)

14
at(work)
train(victoria,southKen)
train(herneHill,victoria)

15
at(work)
train(victoria,southKen)
train(herneHill,victoria)

16
train(herneHill,victoria)
train(victoria,southKen)
at(work)

17
-at(work)
-train(victoria,southKen)
-train(herneHill,victoria)
P
Models       : 1
Calls        : 1
Time         : 0.024s (Solving: 0.00s 1st Model: 0.00s Unsat: 0.00s)
CPU Time     : 0.014s
