
==========
Answer: 1

0
alive

1
alive

2
alive

3
alive

4
alive

5
alive

6
alive

7
alive

8
alive

9
alive

10
alive
happens(load,10)

11
+loaded
alive

12
alive
loaded

13
alive
loaded

14
alive
loaded

15
alive
loaded

16
alive
loaded

17
alive
loaded

18
alive
loaded

19
alive
loaded

20
alive
loaded
happens(sneeze,20)

21
alive
loaded

22
alive
loaded

23
alive
loaded

24
alive
loaded

25
alive
loaded

26
alive
loaded

27
alive
loaded

28
alive
loaded

29
alive
loaded

30
alive
loaded

31
alive
loaded

32
alive
loaded

33
alive
loaded

34
alive
loaded

35
alive
loaded
happens(shoot,35)

36
-alive
-loaded
+dead

37
dead

38
dead

39
dead

40
dead

41
-dead
P
Models       : 1
Calls        : 1
Time         : 0.017s (Solving: 0.00s 1st Model: 0.00s Unsat: 0.00s)
CPU Time     : 0.007s
