
==========
Answer: 1

0
height(apple,3)

1
height(apple,3)

2
height(apple,3)

3
height(apple,3)

4
height(apple,3)

5
height(apple,3)

6
height(apple,3)

7
height(apple,3)

8
height(apple,3)

9
height(apple,3)

10
height(apple,3)

11
height(apple,3)

12
height(apple,3)

13
height(apple,3)

14
height(apple,3)

15
height(apple,3)

16
height(apple,3)

17
height(apple,3)

18
height(apple,3)
happens(drop(nathan,apple),18)

19
-height(apple,3)
+height(apple,2)
+falling(apple)

20
-height(apple,2)
+height(apple,1)
falling(apple)

21
-height(apple,1)
+height(apple,0)
falling(apple)
happens(hitGround(apple),21)

22
-falling(apple)
height(apple,0)

23
height(apple,0)

24
height(apple,0)

25
height(apple,0)

26
-height(apple,0)
P
Models       : 1
Calls        : 1
Time         : 0.158s (Solving: 0.00s 1st Model: 0.00s Unsat: 0.00s)
CPU Time     : 0.148s
