
==========
Answer: 1

0
height(apple,3)

1
height(apple,3)

2
height(apple,3)

3
height(apple,3)

4
height(apple,3)

5
height(apple,3)

6
height(apple,3)

7
height(apple,3)

8
height(apple,3)

9
height(apple,3)

10
height(apple,3)

11
height(apple,3)

12
height(apple,3)
happens(drop(nathan,apple),12)

13
-height(apple,3)
+height(apple,2)
+falling(apple)

14
-height(apple,2)
+height(apple,1)
falling(apple)

15
-height(apple,1)
+height(apple,0)
falling(apple)
happens(hitGround(apple),15)

16
-falling(apple)
height(apple,0)

17
height(apple,0)

18
height(apple,0)

19
height(apple,0)

20
height(apple,0)

21
-height(apple,0)
P
Models       : 1
Calls        : 1
Time         : 0.071s (Solving: 0.00s 1st Model: 0.00s Unsat: 0.00s)
CPU Time     : 0.060s
