
==========
Answer: 1

0
height(apple,35)
happens(drop(nathan,apple),0)

1
-height(apple,35)
+height(apple,34)
+falling(apple)

2
-height(apple,34)
+height(apple,33)
falling(apple)

3
-height(apple,33)
+height(apple,32)
falling(apple)

4
-height(apple,32)
+height(apple,31)
falling(apple)

5
-height(apple,31)
+height(apple,30)
falling(apple)

6
-height(apple,30)
+height(apple,29)
falling(apple)

7
-height(apple,29)
+height(apple,28)
falling(apple)

8
-height(apple,28)
+height(apple,27)
falling(apple)

9
-height(apple,27)
+height(apple,26)
falling(apple)

10
-height(apple,26)
+height(apple,25)
falling(apple)

11
-height(apple,25)
+height(apple,24)
falling(apple)

12
-height(apple,24)
+height(apple,23)
falling(apple)

13
-height(apple,23)
+height(apple,22)
falling(apple)

14
-height(apple,22)
+height(apple,21)
falling(apple)

15
-height(apple,21)
+height(apple,20)
falling(apple)

16
-height(apple,20)
+height(apple,19)
falling(apple)

17
-height(apple,19)
+height(apple,18)
falling(apple)

18
-height(apple,18)
+height(apple,17)
falling(apple)

19
-height(apple,17)
+height(apple,16)
falling(apple)

20
-height(apple,16)
+height(apple,15)
falling(apple)

21
-height(apple,15)
+height(apple,14)
falling(apple)

22
-height(apple,14)
+height(apple,13)
falling(apple)

23
-height(apple,13)
+height(apple,12)
falling(apple)

24
-height(apple,12)
+height(apple,11)
falling(apple)

25
-height(apple,11)
+height(apple,10)
falling(apple)

26
-height(apple,10)
+height(apple,9)
falling(apple)

27
-height(apple,9)
+height(apple,8)
falling(apple)

28
-height(apple,8)
+height(apple,7)
falling(apple)

29
-height(apple,7)
+height(apple,6)
falling(apple)

30
-height(apple,6)
+height(apple,5)
falling(apple)

31
-height(apple,5)
+height(apple,4)
falling(apple)

32
-height(apple,4)
+height(apple,3)
falling(apple)

33
-height(apple,3)
+height(apple,2)
falling(apple)

34
-height(apple,2)
+height(apple,1)
falling(apple)

35
-height(apple,1)
+height(apple,0)
falling(apple)
happens(hitGround(apple),35)

36
-falling(apple)
height(apple,0)

37
height(apple,0)

38
height(apple,0)

39
height(apple,0)

40
height(apple,0)

41
-height(apple,0)
P
Models       : 1
Calls        : 1
Time         : 1.041s (Solving: 0.00s 1st Model: 0.00s Unsat: 0.00s)
CPU Time     : 1.030s
