
==========
Answer: 1

0
hungry(fred)

1
hungry(fred)

2
hungry(fred)

3
hungry(fred)

4
hungry(fred)

5
hungry(fred)

6
hungry(fred)

7
hungry(fred)

8
hungry(fred)

9
hungry(fred)

10
hungry(fred)

11
hungry(fred)

12
hungry(fred)

13
hungry(fred)

14
hungry(fred)

15
hungry(fred)

16
hungry(fred)

17
hungry(fred)

18
hungry(fred)

19
hungry(fred)

20
hungry(fred)

21
hungry(fred)

22
hungry(fred)

23
hungry(fred)

24
hungry(fred)

25
hungry(fred)
happens(feed(fred),25)

26
-hungry(fred)
+happy(fred)

27
happy(fred)

28
happy(fred)

29
happy(fred)

30
happy(fred)

31
happy(fred)

32
happy(fred)

33
happy(fred)

34
happy(fred)

35
happy(fred)

36
happy(fred)

37
happy(fred)

38
happy(fred)

39
happy(fred)

40
happy(fred)

41
-happy(fred)
P
Models       : 1
Calls        : 1
Time         : 0.018s (Solving: 0.00s 1st Model: 0.00s Unsat: 0.00s)
CPU Time     : 0.007s
