
==========
Answer: 1

0
height(balloon,0)
happens(turnOnHeater(nathan,balloon),0)

1
-height(balloon,0)
+height(balloon,1)
+heaterOn(balloon)

2
-height(balloon,1)
+height(balloon,2)
heaterOn(balloon)

3
-height(balloon,2)
+height(balloon,3)
heaterOn(balloon)

4
-height(balloon,3)
+height(balloon,4)
heaterOn(balloon)

5
-height(balloon,4)
+height(balloon,5)
heaterOn(balloon)

6
-height(balloon,5)
+height(balloon,6)
heaterOn(balloon)

7
-height(balloon,6)
+height(balloon,7)
heaterOn(balloon)

8
-height(balloon,7)
+height(balloon,8)
heaterOn(balloon)

9
-height(balloon,8)
+height(balloon,9)
heaterOn(balloon)

10
-height(balloon,9)
+height(balloon,10)
heaterOn(balloon)

11
-height(balloon,10)
+height(balloon,11)
heaterOn(balloon)

12
-height(balloon,11)
+height(balloon,12)
heaterOn(balloon)

13
-height(balloon,12)
+height(balloon,13)
heaterOn(balloon)

14
-height(balloon,13)
+height(balloon,14)
heaterOn(balloon)

15
-height(balloon,14)
+height(balloon,15)
heaterOn(balloon)

16
-height(balloon,15)
+height(balloon,16)
heaterOn(balloon)

17
-height(balloon,16)
+height(balloon,17)
heaterOn(balloon)

18
-height(balloon,17)
+height(balloon,18)
heaterOn(balloon)

19
-height(balloon,18)
+height(balloon,19)
heaterOn(balloon)

20
-height(balloon,19)
+height(balloon,20)
heaterOn(balloon)
happens(turnOffHeater(nathan,balloon),20)

21
-heaterOn(balloon)
-height(balloon,20)
+height(balloon,19)

22
-height(balloon,19)
+height(balloon,18)

23
-height(balloon,18)
+height(balloon,17)

24
-height(balloon,17)
+height(balloon,16)

25
-height(balloon,16)
+height(balloon,15)

26
-height(balloon,15)
+height(balloon,14)

27
-height(balloon,14)
+height(balloon,13)

28
-height(balloon,13)
+height(balloon,12)

29
-height(balloon,12)
+height(balloon,11)

30
-height(balloon,11)
+height(balloon,10)

31
-height(balloon,10)
+height(balloon,9)

32
-height(balloon,9)
+height(balloon,8)

33
-height(balloon,8)
+height(balloon,7)

34
-height(balloon,7)
+height(balloon,6)

35
-height(balloon,6)
+height(balloon,5)

36
-height(balloon,5)
+height(balloon,4)

37
-height(balloon,4)
+height(balloon,3)

38
-height(balloon,3)
+height(balloon,2)

39
-height(balloon,2)
+height(balloon,1)

40
-height(balloon,1)
+height(balloon,0)

41
-height(balloon,1)
P
Models       : 1
Calls        : 1
Time         : 0.192s (Solving: 0.00s 1st Model: 0.00s Unsat: 0.00s)
CPU Time     : 0.182s
