
==========
Answer: 1

0
height(balloon,0)
happens(turnOnHeater(nathan,balloon),0)

1
-height(balloon,0)
+height(balloon,1)
+heaterOn(balloon)

2
-height(balloon,1)
+height(balloon,2)
heaterOn(balloon)

3
-height(balloon,2)
+height(balloon,3)
heaterOn(balloon)

4
-height(balloon,3)
+height(balloon,4)
heaterOn(balloon)

5
-height(balloon,4)
+height(balloon,5)
heaterOn(balloon)

6
-height(balloon,5)
+height(balloon,6)
heaterOn(balloon)
happens(turnOffHeater(nathan,balloon),6)

7
-heaterOn(balloon)
-height(balloon,6)
+height(balloon,5)

8
-height(balloon,5)
+height(balloon,4)

9
-height(balloon,4)
+height(balloon,3)

10
-height(balloon,3)
+height(balloon,2)

11
-height(balloon,2)
+height(balloon,1)

12
-height(balloon,1)
+height(balloon,0)

13
-height(balloon,0)
+height(balloon,-1)

14
-height(balloon,-1)
+height(balloon,-2)

15
-height(balloon,-2)
+height(balloon,-3)

16
-height(balloon,-2)
P
Models       : 1
Calls        : 1
Time         : 0.029s (Solving: 0.00s 1st Model: 0.00s Unsat: 0.00s)
CPU Time     : 0.018s
