
==========
Answer: 1

0
height(balloon,0)
happens(turnOnHeater(nathan,balloon),0)

1
-height(balloon,0)
+height(balloon,1)
+heaterOn(balloon)

2
-height(balloon,1)
+height(balloon,2)
heaterOn(balloon)

3
-height(balloon,2)
+height(balloon,3)
heaterOn(balloon)

4
-height(balloon,3)
+height(balloon,4)
heaterOn(balloon)

5
-height(balloon,4)
+height(balloon,5)
heaterOn(balloon)

6
-height(balloon,5)
+height(balloon,6)
heaterOn(balloon)

7
-height(balloon,6)
+height(balloon,7)
heaterOn(balloon)

8
-height(balloon,7)
+height(balloon,8)
heaterOn(balloon)
happens(turnOffHeater(nathan,balloon),8)

9
-heaterOn(balloon)
-height(balloon,8)
+height(balloon,7)

10
-height(balloon,7)
+height(balloon,6)

11
-height(balloon,6)
+height(balloon,5)

12
-height(balloon,5)
+height(balloon,4)

13
-height(balloon,4)
+height(balloon,3)

14
-height(balloon,3)
+height(balloon,2)

15
-height(balloon,2)
+height(balloon,1)

16
-height(balloon,1)
+height(balloon,0)

17
-height(balloon,0)
+height(balloon,-1)

18
-height(balloon,-1)
+height(balloon,-2)

19
-height(balloon,-2)
+height(balloon,-3)

20
-height(balloon,-3)
+height(balloon,-4)

21
-height(balloon,-3)
P
Models       : 1
Calls        : 1
Time         : 0.046s (Solving: 0.00s 1st Model: 0.00s Unsat: 0.00s)
CPU Time     : 0.034s
