
==========
Answer: 1

0
height(0)

1
height(0)

2
height(0)

3
height(0)

4
height(0)

5
height(0)
happens(tapOn,5)

6
-height(0)
+height(1)
+filling

7
-height(1)
+height(2)
filling

8
-height(2)
+height(3)
filling

9
-height(3)
+height(4)
filling

10
-height(4)
+height(5)
filling

11
-height(5)
+height(6)
filling

12
-height(6)
+height(7)
filling

13
-height(7)
+height(8)
filling

14
-height(8)
+height(9)
filling

15
-height(9)
+height(10)
filling

16
-height(10)
+height(11)
filling

17
-height(11)
+height(12)
filling

18
-height(12)
+height(13)
filling

19
-height(13)
+height(14)
filling

20
-height(14)
+height(15)
filling
happens(overflow,20)

21
-filling
+spilling
height(15)

22
height(15)
spilling

23
height(15)
spilling

24
height(15)
spilling

25
height(15)
spilling

26
-height(15)
-spilling
P
Models       : 1
Calls        : 1
Time         : 0.138s (Solving: 0.00s 1st Model: 0.00s Unsat: 0.00s)
CPU Time     : 0.128s
