
==========
Answer: 1

0
height(0)

1
height(0)

2
height(0)

3
height(0)

4
height(0)

5
height(0)

6
height(0)

7
height(0)

8
height(0)

9
height(0)

10
height(0)
happens(tapOn,10)

11
-height(0)
+height(1)
+filling

12
-height(1)
+height(2)
filling

13
-height(2)
+height(3)
filling

14
-height(3)
+height(4)
filling

15
-height(4)
+height(5)
filling

16
-height(5)
+height(6)
filling

17
-height(6)
+height(7)
filling

18
-height(7)
+height(8)
filling

19
-height(8)
+height(9)
filling

20
-height(9)
+height(10)
filling

21
-height(10)
+height(11)
filling

22
-height(11)
+height(12)
filling

23
-height(12)
+height(13)
filling

24
-height(13)
+height(14)
filling

25
-height(14)
+height(15)
filling

26
-height(15)
+height(16)
filling

27
-height(16)
+height(17)
filling

28
-height(17)
+height(18)
filling

29
-height(18)
+height(19)
filling

30
-height(19)
+height(20)
filling

31
-height(20)
+height(21)
filling

32
-height(21)
+height(22)
filling

33
-height(22)
+height(23)
filling

34
-height(23)
+height(24)
filling

35
-height(24)
+height(25)
filling
happens(overflow,35)

36
-filling
+spilling
height(25)

37
height(25)
spilling

38
height(25)
spilling

39
height(25)
spilling

40
height(25)
spilling

41
-height(25)
-spilling
P
Models       : 1
Calls        : 1
Time         : 0.718s (Solving: 0.00s 1st Model: 0.00s Unsat: 0.00s)
CPU Time     : 0.708s
