
==========
Answer: 1

0
alive

1
alive

2
alive

3
alive

4
alive

5
alive

6
alive

7
alive

8
alive

9
alive

10
alive
happens(load,10)

11
+loaded
alive

12
alive
loaded

13
alive
loaded

14
alive
loaded

15
alive
loaded

16
alive
loaded

17
alive
loaded

18
alive
loaded

19
alive
loaded

20
alive
loaded
happens(spin,20)

21
-loaded
alive

22
alive

23
alive

24
alive

25
alive

26
alive

27
alive

28
alive

29
alive

30
alive
happens(shoot,30)

31
alive

32
alive

33
alive

34
alive

35
alive

36
alive

37
alive

38
alive

39
alive

40
alive

41
-alive
P

==========
Answer: 2

0
alive

1
alive

2
alive

3
alive

4
alive

5
alive

6
alive

7
alive

8
alive

9
alive

10
alive
happens(load,10)

11
+loaded
alive

12
alive
loaded

13
alive
loaded

14
alive
loaded

15
alive
loaded

16
alive
loaded

17
alive
loaded

18
alive
loaded

19
alive
loaded

20
alive
loaded
happens(spin,20)

21
alive
loaded

22
alive
loaded

23
alive
loaded

24
alive
loaded

25
alive
loaded

26
alive
loaded

27
alive
loaded

28
alive
loaded

29
alive
loaded

30
alive
loaded
happens(shoot,30)

31
-alive
-loaded
P
Models       : 2
Calls        : 1
Time         : 0.017s (Solving: 0.00s 1st Model: 0.00s Unsat: 0.00s)
CPU Time     : 0.007s
