
==========
Answer: 1

0
1
2
3
4
5
6
7
8
9
10
happens(start,10)

11
+blocked1

12
blocked1

13
blocked1

14
blocked1

15
blocked1

16
blocked1

17
blocked1

18
blocked1

19
blocked1

20
blocked1
happens(close2,20)

21
+stuffy
+blocked2
blocked1

22
stuffy
blocked2
blocked1

23
stuffy
blocked2
blocked1

24
stuffy
blocked2
blocked1

25
stuffy
blocked2
blocked1

26
stuffy
blocked2
blocked1

27
stuffy
blocked2
blocked1

28
stuffy
blocked2
blocked1

29
stuffy
blocked2
blocked1

30
stuffy
blocked2
blocked1

31
stuffy
blocked2
blocked1

32
stuffy
blocked2
blocked1

33
stuffy
blocked2
blocked1

34
stuffy
blocked2
blocked1

35
stuffy
blocked2
blocked1

36
stuffy
blocked2
blocked1

37
stuffy
blocked2
blocked1

38
stuffy
blocked2
blocked1

39
stuffy
blocked2
blocked1

40
stuffy
blocked2
blocked1

41
-stuffy
-blocked2
-blocked1
P
Models       : 1
Calls        : 1
Time         : 0.019s (Solving: 0.00s 1st Model: 0.00s Unsat: 0.00s)
CPU Time     : 0.007s
