
==========
Answer: 1

0
1
2
3
4
5
6
7
8
9
10
11
12
13
14
15
happens(pull,15)
happens(push,15)

16
+spinning

17
spinning

18
spinning

19
spinning

20
spinning

21
spinning

22
spinning

23
spinning

24
spinning

25
spinning

26
spinning

27
spinning

28
spinning

29
spinning

30
spinning

31
spinning

32
spinning

33
spinning

34
spinning

35
spinning
happens(push,35)
happens(pull,35)

36
spinning

37
spinning

38
spinning

39
spinning

40
spinning

41
-spinning
P
Models       : 1
Calls        : 1
Time         : 0.021s (Solving: 0.00s 1st Model: 0.00s Unsat: 0.00s)
CPU Time     : 0.009s
