
==========
Answer: 1

0
idle(phone2)
idle(phone1)
happens(pickUp(agent1,phone1),0)

1
-idle(phone1)
+dialTone(phone1)
idle(phone2)

2
idle(phone2)
dialTone(phone1)

3
idle(phone2)
dialTone(phone1)

4
idle(phone2)
dialTone(phone1)

5
idle(phone2)
dialTone(phone1)

6
idle(phone2)
dialTone(phone1)

7
idle(phone2)
dialTone(phone1)

8
idle(phone2)
dialTone(phone1)
happens(dial(agent1,phone1,phone2),8)

9
-idle(phone2)
-dialTone(phone1)
+ringing(phone1,phone2)

10
ringing(phone1,phone2)

11
ringing(phone1,phone2)

12
ringing(phone1,phone2)

13
ringing(phone1,phone2)

14
ringing(phone1,phone2)

15
ringing(phone1,phone2)

16
ringing(phone1,phone2)

17
ringing(phone1,phone2)

18
ringing(phone1,phone2)

19
ringing(phone1,phone2)

20
ringing(phone1,phone2)

21
ringing(phone1,phone2)

22
ringing(phone1,phone2)

23
ringing(phone1,phone2)

24
ringing(phone1,phone2)

25
ringing(phone1,phone2)

26
ringing(phone1,phone2)

27
ringing(phone1,phone2)

28
ringing(phone1,phone2)

29
ringing(phone1,phone2)

30
ringing(phone1,phone2)

31
ringing(phone1,phone2)

32
ringing(phone1,phone2)
happens(pickUp(agent2,phone2),32)

33
-ringing(phone1,phone2)
+connected(phone1,phone2)

34
connected(phone1,phone2)

35
connected(phone1,phone2)

36
connected(phone1,phone2)

37
connected(phone1,phone2)

38
connected(phone1,phone2)

39
connected(phone1,phone2)

40
connected(phone1,phone2)

41
-connected(phone1,phone2)
P
Models       : 1
Calls        : 1
Time         : 0.046s (Solving: 0.00s 1st Model: 0.00s Unsat: 0.00s)
CPU Time     : 0.037s
