
==========
Answer: 1

0
switch3
switch2

1
switch3
switch2

2
switch3
switch2

3
switch3
switch2

4
switch3
switch2

5
switch3
switch2

6
switch3
switch2

7
switch3
switch2

8
switch3
switch2

9
switch3
switch2

10
switch3
switch2

11
switch3
switch2

12
switch3
switch2

13
switch3
switch2

14
switch3
switch2

15
switch3
switch2

16
switch3
switch2

17
switch3
switch2

18
switch3
switch2

19
switch3
switch2

20
switch3
switch2

21
switch3
switch2

22
switch3
switch2

23
switch3
switch2

24
switch3
switch2

25
switch3
switch2
happens(open2,25)
happens(closeRelay,25)
happens(close1,25)

26
-switch2
+relay
+switch1
switch3

27
relay
switch3
switch1

28
relay
switch3
switch1

29
relay
switch3
switch1

30
relay
switch3
switch1

31
relay
switch3
switch1

32
relay
switch3
switch1

33
relay
switch3
switch1

34
relay
switch3
switch1

35
relay
switch3
switch1

36
relay
switch3
switch1

37
relay
switch3
switch1

38
relay
switch3
switch1

39
relay
switch3
switch1

40
relay
switch3
switch1

41
-relay
-switch3
-switch1
P
Models       : 1
Calls        : 1
Time         : 0.074s (Solving: 0.00s 1st Model: 0.00s Unsat: 0.00s)
CPU Time     : 0.058s
