
==========
Answer: 1

0
switch3
switch2

1
switch3
switch2

2
switch3
switch2

3
switch3
switch2

4
switch3
switch2

5
switch3
switch2

6
switch3
switch2

7
switch3
switch2

8
switch3
switch2

9
switch3
switch2

10
switch3
switch2

11
switch3
switch2

12
switch3
switch2
happens(open2,12)
happens(closeRelay,12)
happens(close1,12)

13
-switch2
+relay
+switch1
switch3

14
relay
switch3
switch1

15
relay
switch3
switch1

16
relay
switch3
switch1

17
relay
switch3
switch1

18
relay
switch3
switch1

19
relay
switch3
switch1

20
relay
switch3
switch1

21
-relay
-switch3
-switch1
P
Models       : 1
Calls        : 1
Time         : 0.032s (Solving: 0.00s 1st Model: 0.00s Unsat: 0.00s)
CPU Time     : 0.016s
