
==========
Answer: 1

0
walking
loaded
alive

1
walking
alive
loaded

2
walking
alive
loaded

3
walking
alive
loaded

4
walking
alive
loaded

5
walking
alive
loaded

6
walking
alive
loaded

7
walking
alive
loaded

8
walking
alive
loaded

9
walking
alive
loaded

10
walking
alive
loaded

11
walking
alive
loaded

12
walking
alive
loaded

13
walking
alive
loaded

14
walking
alive
loaded

15
walking
alive
loaded

16
walking
alive
loaded

17
walking
alive
loaded

18
walking
alive
loaded

19
walking
alive
loaded

20
walking
alive
loaded

21
walking
alive
loaded

22
walking
alive
loaded

23
walking
alive
loaded

24
walking
alive
loaded

25
walking
alive
loaded
happens(shoot,25)

26
-walking
-alive
loaded

27
loaded

28
loaded

29
loaded

30
loaded

31
loaded

32
loaded

33
loaded

34
loaded

35
loaded

36
loaded

37
loaded

38
loaded

39
loaded

40
loaded

41
-loaded
P
Models       : 1
Calls        : 1
Time         : 0.017s (Solving: 0.00s 1st Model: 0.00s Unsat: 0.00s)
CPU Time     : 0.008s
