$ clingcon -n10 ./model.lp ../axioms/fdec.lp ../axioms/fdec-show.lp -c maxstep=5 -c maxtime=1000 		| ../utils/replace_assignments.sh | ../utils/make-readable.sh


clingcon version 5.2.1
Reading from ./model.lp ...
Solving...
Answer: 1
(Time: 0.072s)
happens(turn_off,25)
happens(turn_on,5)
happens(add(5),10)
happens(add(1000000),20)
holdsAt(powered_on,(5,"< S =<",10))
holdsAt(powered_on,(10,"< S =<",20))
holdsAt(powered_on,(20,"< S =<",25))
fholdsAt(result,0,(0,"< S =<",5))
fholdsAt(result,0,(5,"< S =<",10))
fholdsAt(result,5,(10,"< S =<",20))
fholdsAt(result,1000005,(20,"< S =<",25))
fholdsAt(result,0,(25,"< S =<",1000))
-fholdsAt(result,(0,"< S =<",5))
-fholdsAt(result,(5,"< S =<",10))
-fholdsAt(result,(10,"< S =<",20))
-fholdsAt(result,(20,"< S =<",25))
-fholdsAt(result,(25,"< S =<",1000))
-holdsAt(powered_on,(0,"< S =<",5))
-holdsAt(powered_on,(25,"< S =<",1000))
-releasedAt(powered_on,(0,"< S =<",5))
-releasedAt(powered_on,(5,"< S =<",10))
-releasedAt(powered_on,(10,"< S =<",20))
-releasedAt(powered_on,(20,"< S =<",25))
-releasedAt(powered_on,(25,"< S =<",1000))
-releasedAt(result,(0,"< S =<",5))
-releasedAt(result,(5,"< S =<",10))
-releasedAt(result,(10,"< S =<",20))
-releasedAt(result,(20,"< S =<",25))
-releasedAt(result,(25,"< S =<",1000))
Assignment: [leftovers]
(result,0)=0
timeDiff(0,0)=0
timeDiff(0,1)=5
timeDiff(0,2)=10
timeDiff(0,3)=20
timeDiff(0,4)=25
timeDiff(0,5)=1000
timeDiff(1,1)=0
timeDiff(1,2)=5
timeDiff(1,3)=15
timeDiff(1,4)=20
timeDiff(1,5)=995
timeDiff(2,2)=0
timeDiff(2,3)=10
timeDiff(2,4)=15
timeDiff(2,5)=990
timeDiff(3,3)=0
timeDiff(3,4)=5
timeDiff(3,5)=980
timeDiff(4,4)=0
timeDiff(4,5)=975
timeDiff(5,5)=0
SATISFIABLE

Models       : 1
Calls        : 1
Time         : 0.072s (Solving: 0.01s 1st Model: 0.01s Unsat: 0.00s)
CPU Time     : 0.056s

Command exited with non-zero status 30

  real      0:00.09
  real [s]  0.09
  user [s]  0.04
  sys  [s]  0.02
  mem  [KB] 14716
  avgm [KB] 0
