$ clingcon -n10 ./model-con.lp ../axioms/fdec.lp ../axioms/fdec-show.lp -c maxstep=6 -c maxtime=1000 		| ../utils/replace_assignments.sh | ../utils/make-readable.sh


clingcon version 5.2.1
Reading from ./model-con.lp ...
Solving...
Answer: 1
(Time: 0.104s)
happens(chargeServiceFee(account1),21)
happens(chargeServiceFee(account1),51)
happens(monthlyReset(account1),50)
happens(monthlyReset(account2),50)
happens(transfer(account1,account2,2),10)
happens(transfer(account1,account2,4),20)
holdsAt(serviceFeeCharged(account1),(21,"< S =<",50))
holdsAt(serviceFeeCharged(account1),(51,"< S =<",1000))
fholdsAt(balance(account1),10,(0,"< S =<",10))
fholdsAt(balance(account1),8,(10,"< S =<",20))
fholdsAt(balance(account1),4,(20,"< S =<",21))
fholdsAt(balance(account1),3,(21,"< S =<",50))
fholdsAt(balance(account1),3,(50,"< S =<",51))
fholdsAt(balance(account1),2,(51,"< S =<",1000))
fholdsAt(balance(account2),10,(0,"< S =<",10))
fholdsAt(balance(account2),12,(10,"< S =<",20))
fholdsAt(balance(account2),16,(20,"< S =<",21))
fholdsAt(balance(account2),16,(21,"< S =<",50))
fholdsAt(balance(account2),16,(50,"< S =<",51))
fholdsAt(balance(account2),16,(51,"< S =<",1000))
fholdsAt(minimumBalance(account1),5,(0,"< S =<",10))
fholdsAt(minimumBalance(account1),5,(10,"< S =<",20))
fholdsAt(minimumBalance(account1),5,(20,"< S =<",21))
fholdsAt(minimumBalance(account1),5,(21,"< S =<",50))
fholdsAt(minimumBalance(account1),5,(50,"< S =<",51))
fholdsAt(minimumBalance(account1),5,(51,"< S =<",1000))
fholdsAt(minimumBalance(account2),5,(0,"< S =<",10))
fholdsAt(minimumBalance(account2),5,(10,"< S =<",20))
fholdsAt(minimumBalance(account2),5,(20,"< S =<",21))
fholdsAt(minimumBalance(account2),5,(21,"< S =<",50))
fholdsAt(minimumBalance(account2),5,(50,"< S =<",51))
fholdsAt(minimumBalance(account2),5,(51,"< S =<",1000))
fholdsAt(serviceFee(account1),1,(0,"< S =<",10))
fholdsAt(serviceFee(account1),1,(10,"< S =<",20))
fholdsAt(serviceFee(account1),1,(20,"< S =<",21))
fholdsAt(serviceFee(account1),1,(21,"< S =<",50))
fholdsAt(serviceFee(account1),1,(50,"< S =<",51))
fholdsAt(serviceFee(account1),1,(51,"< S =<",1000))
fholdsAt(serviceFee(account2),1,(0,"< S =<",10))
fholdsAt(serviceFee(account2),1,(10,"< S =<",20))
fholdsAt(serviceFee(account2),1,(20,"< S =<",21))
fholdsAt(serviceFee(account2),1,(21,"< S =<",50))
fholdsAt(serviceFee(account2),1,(50,"< S =<",51))
fholdsAt(serviceFee(account2),1,(51,"< S =<",1000))
Assignment: [leftovers]
(balance(account1),0)=10
(balance(account2),0)=10
(minimumBalance(account1),0)=5
(minimumBalance(account2),0)=5
(serviceFee(account1),0)=1
(serviceFee(account2),0)=1
timeDiff(0,0)=0
timeDiff(0,1)=10
timeDiff(0,2)=20
timeDiff(0,3)=21
timeDiff(0,4)=50
timeDiff(0,5)=51
timeDiff(0,6)=1000
timeDiff(1,1)=0
timeDiff(1,2)=10
timeDiff(1,3)=11
timeDiff(1,4)=40
timeDiff(1,5)=41
timeDiff(1,6)=990
timeDiff(2,2)=0
timeDiff(2,3)=1
timeDiff(2,4)=30
timeDiff(2,5)=31
timeDiff(2,6)=980
timeDiff(3,3)=0
timeDiff(3,4)=29
timeDiff(3,5)=30
timeDiff(3,6)=979
timeDiff(4,4)=0
timeDiff(4,5)=1
timeDiff(4,6)=950
timeDiff(5,5)=0
timeDiff(5,6)=949
timeDiff(6,6)=0
SATISFIABLE

Models       : 1
Calls        : 1
Time         : 0.105s (Solving: 0.02s 1st Model: 0.02s Unsat: 0.00s)
CPU Time     : 0.091s

Command exited with non-zero status 30

  real      0:00.12
  real [s]  0.12
  user [s]  0.08
  sys  [s]  0.02
  mem  [KB] 16952
  avgm [KB] 0
