$ clingo-lpx --strict -n10 ./model-efficient.lp ../axioms/clingo_lpx-efficient.lp -c maxstep=6 	| ../utils/make-readable.sh


clingo-lpx version 1.3.0
Reading from ./model-efficient.lp ...
Solving...
Answer: 1
(Time: 0.030s)
happens_state(chargeServiceFee(account1),6)
happens_state(transfer(account1,account2,2),2)
happens_state(transfer(account1,account2,4),5)
holdsAt(serviceFeeCharged(account1),6)
Assignment:
step(0)=5
step(1)=5+e
step(2)=5+e
step(3)=5+e
step(4)=5+e
step(5)=59/10
step(6)=7
time(0)=0
time(1)=1+-1*e
time(2)=1
time(3)=2+-2*e
time(4)=2+-1*e
time(5)=2
time(6)=2+e
(balance(account1),0)=10
(balance(account1),1)=10
(balance(account1),2)=8
(balance(account1),3)=8
(balance(account1),4)=8
(balance(account1),5)=4
(balance(account1),6)=3
(balance(account2),0)=10
(balance(account2),1)=10
(balance(account2),2)=12
(balance(account2),3)=12
(balance(account2),4)=12
(balance(account2),5)=16
(balance(account2),6)=16
(minimumBalance(account1),0)=5
(minimumBalance(account1),1)=5
(minimumBalance(account1),2)=5
(minimumBalance(account1),3)=5
(minimumBalance(account1),4)=5
(minimumBalance(account1),5)=5
(minimumBalance(account1),6)=5
(minimumBalance(account2),0)=5
(minimumBalance(account2),1)=5
(minimumBalance(account2),2)=5
(minimumBalance(account2),3)=5
(minimumBalance(account2),4)=5
(minimumBalance(account2),5)=5
(minimumBalance(account2),6)=5
(serviceFee(account1),0)=1
(serviceFee(account1),1)=1
(serviceFee(account1),2)=1
(serviceFee(account1),3)=1
(serviceFee(account1),4)=1
(serviceFee(account1),5)=1
(serviceFee(account1),6)=1
(serviceFee(account2),0)=1
(serviceFee(account2),1)=1
(serviceFee(account2),2)=1
(serviceFee(account2),3)=1
(serviceFee(account2),4)=1
(serviceFee(account2),5)=1
(serviceFee(account2),6)=1
Answer: 2
(Time: 0.031s)
happens_state(chargeServiceFee(account1),6)
happens_state(transfer(account1,account2,2),2)
happens_state(transfer(account1,account2,4),5)
holdsAt(serviceFeeCharged(account1),6)
Assignment:
step(0)=5+e
step(1)=5+e
step(2)=5+e
step(3)=5+e
step(4)=5+e
step(5)=59/10
step(6)=7
time(0)=0
time(1)=1+-1*e
time(2)=1
time(3)=2+-2*e
time(4)=2+-1*e
time(5)=2
time(6)=2+e
(balance(account1),0)=10
(balance(account1),1)=10
(balance(account1),2)=8
(balance(account1),3)=8
(balance(account1),4)=8
(balance(account1),5)=4
(balance(account1),6)=3
(balance(account2),0)=10
(balance(account2),1)=10
(balance(account2),2)=12
(balance(account2),3)=12
(balance(account2),4)=12
(balance(account2),5)=16
(balance(account2),6)=16
(minimumBalance(account1),0)=5
(minimumBalance(account1),1)=5
(minimumBalance(account1),2)=5
(minimumBalance(account1),3)=5
(minimumBalance(account1),4)=5
(minimumBalance(account1),5)=5
(minimumBalance(account1),6)=5
(minimumBalance(account2),0)=5
(minimumBalance(account2),1)=5
(minimumBalance(account2),2)=5
(minimumBalance(account2),3)=5
(minimumBalance(account2),4)=5
(minimumBalance(account2),5)=5
(minimumBalance(account2),6)=5
(serviceFee(account1),0)=1
(serviceFee(account1),1)=1
(serviceFee(account1),2)=1
(serviceFee(account1),3)=1
(serviceFee(account1),4)=1
(serviceFee(account1),5)=1
(serviceFee(account1),6)=1
(serviceFee(account2),0)=1
(serviceFee(account2),1)=1
(serviceFee(account2),2)=1
(serviceFee(account2),3)=1
(serviceFee(account2),4)=1
(serviceFee(account2),5)=1
(serviceFee(account2),6)=1
Answer: 3
(Time: 0.031s)
happens_state(chargeServiceFee(account1),6)
happens_state(monthlyReset(account1),1)
happens_state(monthlyReset(account2),1)
happens_state(transfer(account1,account2,2),2)
happens_state(transfer(account1,account2,4),5)
holdsAt(serviceFeeCharged(account1),6)
Assignment:
step(0)=5
step(1)=5
step(2)=5+e
step(3)=5+e
step(4)=5+e
step(5)=59/10
step(6)=7
time(0)=0
time(1)=1+-1*e
time(2)=1
time(3)=2+-2*e
time(4)=2+-1*e
time(5)=2
time(6)=2+e
(balance(account1),0)=10
(balance(account1),1)=10
(balance(account1),2)=8
(balance(account1),3)=8
(balance(account1),4)=8
(balance(account1),5)=4
(balance(account1),6)=3
(balance(account2),0)=10
(balance(account2),1)=10
(balance(account2),2)=12
(balance(account2),3)=12
(balance(account2),4)=12
(balance(account2),5)=16
(balance(account2),6)=16
(minimumBalance(account1),0)=5
(minimumBalance(account1),1)=5
(minimumBalance(account1),2)=5
(minimumBalance(account1),3)=5
(minimumBalance(account1),4)=5
(minimumBalance(account1),5)=5
(minimumBalance(account1),6)=5
(minimumBalance(account2),0)=5
(minimumBalance(account2),1)=5
(minimumBalance(account2),2)=5
(minimumBalance(account2),3)=5
(minimumBalance(account2),4)=5
(minimumBalance(account2),5)=5
(minimumBalance(account2),6)=5
(serviceFee(account1),0)=1
(serviceFee(account1),1)=1
(serviceFee(account1),2)=1
(serviceFee(account1),3)=1
(serviceFee(account1),4)=1
(serviceFee(account1),5)=1
(serviceFee(account1),6)=1
(serviceFee(account2),0)=1
(serviceFee(account2),1)=1
(serviceFee(account2),2)=1
(serviceFee(account2),3)=1
(serviceFee(account2),4)=1
(serviceFee(account2),5)=1
(serviceFee(account2),6)=1
Answer: 4
(Time: 0.031s)
happens_state(chargeServiceFee(account1),6)
happens_state(monthlyReset(account1),1)
happens_state(monthlyReset(account2),1)
happens_state(transfer(account1,account2,2),2)
happens_state(transfer(account1,account2,4),5)
holdsAt(serviceFeeCharged(account1),6)
Assignment:
step(0)=5+e
step(1)=5
step(2)=5+e
step(3)=5+e
step(4)=5+e
step(5)=59/10
step(6)=7
time(0)=0
time(1)=1+-1*e
time(2)=1
time(3)=2+-2*e
time(4)=2+-1*e
time(5)=2
time(6)=2+e
(balance(account1),0)=10
(balance(account1),1)=10
(balance(account1),2)=8
(balance(account1),3)=8
(balance(account1),4)=8
(balance(account1),5)=4
(balance(account1),6)=3
(balance(account2),0)=10
(balance(account2),1)=10
(balance(account2),2)=12
(balance(account2),3)=12
(balance(account2),4)=12
(balance(account2),5)=16
(balance(account2),6)=16
(minimumBalance(account1),0)=5
(minimumBalance(account1),1)=5
(minimumBalance(account1),2)=5
(minimumBalance(account1),3)=5
(minimumBalance(account1),4)=5
(minimumBalance(account1),5)=5
(minimumBalance(account1),6)=5
(minimumBalance(account2),0)=5
(minimumBalance(account2),1)=5
(minimumBalance(account2),2)=5
(minimumBalance(account2),3)=5
(minimumBalance(account2),4)=5
(minimumBalance(account2),5)=5
(minimumBalance(account2),6)=5
(serviceFee(account1),0)=1
(serviceFee(account1),1)=1
(serviceFee(account1),2)=1
(serviceFee(account1),3)=1
(serviceFee(account1),4)=1
(serviceFee(account1),5)=1
(serviceFee(account1),6)=1
(serviceFee(account2),0)=1
(serviceFee(account2),1)=1
(serviceFee(account2),2)=1
(serviceFee(account2),3)=1
(serviceFee(account2),4)=1
(serviceFee(account2),5)=1
(serviceFee(account2),6)=1
Answer: 5
(Time: 0.032s)
happens_state(chargeServiceFee(account1),6)
happens_state(monthlyReset(account1),1)
happens_state(monthlyReset(account2),1)
happens_state(transfer(account1,account2,2),2)
happens_state(transfer(account1,account2,4),5)
holdsAt(serviceFeeCharged(account1),6)
Assignment:
step(0)=0
step(1)=5
step(2)=5+e
step(3)=5+e
step(4)=5+e
step(5)=59/10
step(6)=7
time(0)=0
time(1)=1+-1*e
time(2)=1
time(3)=2+-2*e
time(4)=2+-1*e
time(5)=2
time(6)=2+e
(balance(account1),0)=10
(balance(account1),1)=10
(balance(account1),2)=8
(balance(account1),3)=8
(balance(account1),4)=8
(balance(account1),5)=4
(balance(account1),6)=3
(balance(account2),0)=10
(balance(account2),1)=10
(balance(account2),2)=12
(balance(account2),3)=12
(balance(account2),4)=12
(balance(account2),5)=16
(balance(account2),6)=16
(minimumBalance(account1),0)=5
(minimumBalance(account1),1)=5
(minimumBalance(account1),2)=5
(minimumBalance(account1),3)=5
(minimumBalance(account1),4)=5
(minimumBalance(account1),5)=5
(minimumBalance(account1),6)=5
(minimumBalance(account2),0)=5
(minimumBalance(account2),1)=5
(minimumBalance(account2),2)=5
(minimumBalance(account2),3)=5
(minimumBalance(account2),4)=5
(minimumBalance(account2),5)=5
(minimumBalance(account2),6)=5
(serviceFee(account1),0)=1
(serviceFee(account1),1)=1
(serviceFee(account1),2)=1
(serviceFee(account1),3)=1
(serviceFee(account1),4)=1
(serviceFee(account1),5)=1
(serviceFee(account1),6)=1
(serviceFee(account2),0)=1
(serviceFee(account2),1)=1
(serviceFee(account2),2)=1
(serviceFee(account2),3)=1
(serviceFee(account2),4)=1
(serviceFee(account2),5)=1
(serviceFee(account2),6)=1
Answer: 6
(Time: 0.032s)
happens_state(chargeServiceFee(account1),6)
happens_state(monthlyReset(account1),3)
happens_state(monthlyReset(account2),3)
happens_state(transfer(account1,account2,2),2)
happens_state(transfer(account1,account2,4),5)
holdsAt(serviceFeeCharged(account1),6)
Assignment:
step(0)=5
step(1)=5+-1*e
step(2)=5+-1*e
step(3)=5
step(4)=5+e
step(5)=59/10
step(6)=7
time(0)=0
time(1)=1+-1*e
time(2)=1
time(3)=2+-2*e
time(4)=2+-1*e
time(5)=2
time(6)=2+e
(balance(account1),0)=10
(balance(account1),1)=10
(balance(account1),2)=8
(balance(account1),3)=8
(balance(account1),4)=8
(balance(account1),5)=4
(balance(account1),6)=3
(balance(account2),0)=10
(balance(account2),1)=10
(balance(account2),2)=12
(balance(account2),3)=12
(balance(account2),4)=12
(balance(account2),5)=16
(balance(account2),6)=16
(minimumBalance(account1),0)=5
(minimumBalance(account1),1)=5
(minimumBalance(account1),2)=5
(minimumBalance(account1),3)=5
(minimumBalance(account1),4)=5
(minimumBalance(account1),5)=5
(minimumBalance(account1),6)=5
(minimumBalance(account2),0)=5
(minimumBalance(account2),1)=5
(minimumBalance(account2),2)=5
(minimumBalance(account2),3)=5
(minimumBalance(account2),4)=5
(minimumBalance(account2),5)=5
(minimumBalance(account2),6)=5
(serviceFee(account1),0)=1
(serviceFee(account1),1)=1
(serviceFee(account1),2)=1
(serviceFee(account1),3)=1
(serviceFee(account1),4)=1
(serviceFee(account1),5)=1
(serviceFee(account1),6)=1
(serviceFee(account2),0)=1
(serviceFee(account2),1)=1
(serviceFee(account2),2)=1
(serviceFee(account2),3)=1
(serviceFee(account2),4)=1
(serviceFee(account2),5)=1
(serviceFee(account2),6)=1
Answer: 7
(Time: 0.032s)
happens_state(chargeServiceFee(account1),6)
happens_state(monthlyReset(account1),3)
happens_state(monthlyReset(account2),3)
happens_state(transfer(account1,account2,2),2)
happens_state(transfer(account1,account2,4),5)
holdsAt(serviceFeeCharged(account1),6)
Assignment:
step(0)=0
step(1)=5+-1*e
step(2)=5+-1*e
step(3)=5
step(4)=5+e
step(5)=59/10
step(6)=7
time(0)=0
time(1)=1+-1*e
time(2)=1
time(3)=2+-2*e
time(4)=2+-1*e
time(5)=2
time(6)=2+e
(balance(account1),0)=10
(balance(account1),1)=10
(balance(account1),2)=8
(balance(account1),3)=8
(balance(account1),4)=8
(balance(account1),5)=4
(balance(account1),6)=3
(balance(account2),0)=10
(balance(account2),1)=10
(balance(account2),2)=12
(balance(account2),3)=12
(balance(account2),4)=12
(balance(account2),5)=16
(balance(account2),6)=16
(minimumBalance(account1),0)=5
(minimumBalance(account1),1)=5
(minimumBalance(account1),2)=5
(minimumBalance(account1),3)=5
(minimumBalance(account1),4)=5
(minimumBalance(account1),5)=5
(minimumBalance(account1),6)=5
(minimumBalance(account2),0)=5
(minimumBalance(account2),1)=5
(minimumBalance(account2),2)=5
(minimumBalance(account2),3)=5
(minimumBalance(account2),4)=5
(minimumBalance(account2),5)=5
(minimumBalance(account2),6)=5
(serviceFee(account1),0)=1
(serviceFee(account1),1)=1
(serviceFee(account1),2)=1
(serviceFee(account1),3)=1
(serviceFee(account1),4)=1
(serviceFee(account1),5)=1
(serviceFee(account1),6)=1
(serviceFee(account2),0)=1
(serviceFee(account2),1)=1
(serviceFee(account2),2)=1
(serviceFee(account2),3)=1
(serviceFee(account2),4)=1
(serviceFee(account2),5)=1
(serviceFee(account2),6)=1
Answer: 8
(Time: 0.033s)
happens_state(chargeServiceFee(account1),6)
happens_state(monthlyReset(account1),3)
happens_state(monthlyReset(account2),3)
happens_state(transfer(account1,account2,2),2)
happens_state(transfer(account1,account2,4),5)
holdsAt(serviceFeeCharged(account1),6)
Assignment:
step(0)=5
step(1)=5+e
step(2)=5+e
step(3)=5
step(4)=5+e
step(5)=59/10
step(6)=7
time(0)=0
time(1)=1+-1*e
time(2)=1
time(3)=2+-2*e
time(4)=2+-1*e
time(5)=2
time(6)=2+e
(balance(account1),0)=10
(balance(account1),1)=10
(balance(account1),2)=8
(balance(account1),3)=8
(balance(account1),4)=8
(balance(account1),5)=4
(balance(account1),6)=3
(balance(account2),0)=10
(balance(account2),1)=10
(balance(account2),2)=12
(balance(account2),3)=12
(balance(account2),4)=12
(balance(account2),5)=16
(balance(account2),6)=16
(minimumBalance(account1),0)=5
(minimumBalance(account1),1)=5
(minimumBalance(account1),2)=5
(minimumBalance(account1),3)=5
(minimumBalance(account1),4)=5
(minimumBalance(account1),5)=5
(minimumBalance(account1),6)=5
(minimumBalance(account2),0)=5
(minimumBalance(account2),1)=5
(minimumBalance(account2),2)=5
(minimumBalance(account2),3)=5
(minimumBalance(account2),4)=5
(minimumBalance(account2),5)=5
(minimumBalance(account2),6)=5
(serviceFee(account1),0)=1
(serviceFee(account1),1)=1
(serviceFee(account1),2)=1
(serviceFee(account1),3)=1
(serviceFee(account1),4)=1
(serviceFee(account1),5)=1
(serviceFee(account1),6)=1
(serviceFee(account2),0)=1
(serviceFee(account2),1)=1
(serviceFee(account2),2)=1
(serviceFee(account2),3)=1
(serviceFee(account2),4)=1
(serviceFee(account2),5)=1
(serviceFee(account2),6)=1
Answer: 9
(Time: 0.033s)
happens_state(chargeServiceFee(account1),6)
happens_state(monthlyReset(account1),3)
happens_state(monthlyReset(account2),3)
happens_state(transfer(account1,account2,2),2)
happens_state(transfer(account1,account2,4),5)
holdsAt(serviceFeeCharged(account1),6)
Assignment:
step(0)=5+e
step(1)=5+e
step(2)=5+e
step(3)=5
step(4)=5+e
step(5)=59/10
step(6)=7
time(0)=0
time(1)=1+-1*e
time(2)=1
time(3)=2+-2*e
time(4)=2+-1*e
time(5)=2
time(6)=2+e
(balance(account1),0)=10
(balance(account1),1)=10
(balance(account1),2)=8
(balance(account1),3)=8
(balance(account1),4)=8
(balance(account1),5)=4
(balance(account1),6)=3
(balance(account2),0)=10
(balance(account2),1)=10
(balance(account2),2)=12
(balance(account2),3)=12
(balance(account2),4)=12
(balance(account2),5)=16
(balance(account2),6)=16
(minimumBalance(account1),0)=5
(minimumBalance(account1),1)=5
(minimumBalance(account1),2)=5
(minimumBalance(account1),3)=5
(minimumBalance(account1),4)=5
(minimumBalance(account1),5)=5
(minimumBalance(account1),6)=5
(minimumBalance(account2),0)=5
(minimumBalance(account2),1)=5
(minimumBalance(account2),2)=5
(minimumBalance(account2),3)=5
(minimumBalance(account2),4)=5
(minimumBalance(account2),5)=5
(minimumBalance(account2),6)=5
(serviceFee(account1),0)=1
(serviceFee(account1),1)=1
(serviceFee(account1),2)=1
(serviceFee(account1),3)=1
(serviceFee(account1),4)=1
(serviceFee(account1),5)=1
(serviceFee(account1),6)=1
(serviceFee(account2),0)=1
(serviceFee(account2),1)=1
(serviceFee(account2),2)=1
(serviceFee(account2),3)=1
(serviceFee(account2),4)=1
(serviceFee(account2),5)=1
(serviceFee(account2),6)=1
Answer: 10
(Time: 0.033s)
happens_state(chargeServiceFee(account1),6)
happens_state(monthlyReset(account1),1)
happens_state(monthlyReset(account1),3)
happens_state(monthlyReset(account2),1)
happens_state(monthlyReset(account2),3)
happens_state(transfer(account1,account2,2),2)
happens_state(transfer(account1,account2,4),5)
holdsAt(serviceFeeCharged(account1),6)
Assignment:
step(0)=5+e
step(1)=5
step(2)=5+e
step(3)=5
step(4)=5+e
step(5)=59/10
step(6)=7
time(0)=0
time(1)=1+-1*e
time(2)=1
time(3)=2+-2*e
time(4)=2+-1*e
time(5)=2
time(6)=2+e
(balance(account1),0)=10
(balance(account1),1)=10
(balance(account1),2)=8
(balance(account1),3)=8
(balance(account1),4)=8
(balance(account1),5)=4
(balance(account1),6)=3
(balance(account2),0)=10
(balance(account2),1)=10
(balance(account2),2)=12
(balance(account2),3)=12
(balance(account2),4)=12
(balance(account2),5)=16
(balance(account2),6)=16
(minimumBalance(account1),0)=5
(minimumBalance(account1),1)=5
(minimumBalance(account1),2)=5
(minimumBalance(account1),3)=5
(minimumBalance(account1),4)=5
(minimumBalance(account1),5)=5
(minimumBalance(account1),6)=5
(minimumBalance(account2),0)=5
(minimumBalance(account2),1)=5
(minimumBalance(account2),2)=5
(minimumBalance(account2),3)=5
(minimumBalance(account2),4)=5
(minimumBalance(account2),5)=5
(minimumBalance(account2),6)=5
(serviceFee(account1),0)=1
(serviceFee(account1),1)=1
(serviceFee(account1),2)=1
(serviceFee(account1),3)=1
(serviceFee(account1),4)=1
(serviceFee(account1),5)=1
(serviceFee(account1),6)=1
(serviceFee(account2),0)=1
(serviceFee(account2),1)=1
(serviceFee(account2),2)=1
(serviceFee(account2),3)=1
(serviceFee(account2),4)=1
(serviceFee(account2),5)=1
(serviceFee(account2),6)=1
SATISFIABLE

Models       : 10+
Calls        : 1
Time         : 0.033s (Solving: 0.01s 1st Model: 0.00s Unsat: 0.00s)
CPU Time     : 0.023s

Command exited with non-zero status 10

  real      0:00.04
  real [s]  0.04
  user [s]  0.02
  sys  [s]  0.00
  mem  [KB] 8704
  avgm [KB] 0
