$ clingo-lpx --strict -n10 ./model-zeno.lp ../axioms/fdec.lp ../axioms/fdec-show.lp -c maxstep=6 -c maxtime=1000 	| ../utils/replace_assignments.sh | ../utils/make-readable.sh


clingo-lpx version 1.3.0
Reading from ./model-zeno.lp ...
Solving...
Answer: 1
(Time: 0.049s)
happens(chargeServiceFee(account1),50+-1*e)
happens(chargeServiceFee(account1),1000+-1*e)
happens(monthlyReset(account1),50)
happens(monthlyReset(account2),50)
happens(transfer(account1,account2,2),10)
happens(transfer(account1,account2,4),20)
holdsAt(serviceFeeCharged(account1),(50+-1*e,"< S =<",50))
holdsAt(serviceFeeCharged(account1),(1000+-1*e,"< S =<",1000))
fholdsAt(balance(account1),10,(0,"< S =<",10))
fholdsAt(balance(account1),8,(10,"< S =<",20))
fholdsAt(balance(account1),4,(20,"< S =<",50+-1*e))
fholdsAt(balance(account1),3,(50+-1*e,"< S =<",50))
fholdsAt(balance(account1),3,(50,"< S =<",1000+-1*e))
fholdsAt(balance(account1),2,(1000+-1*e,"< S =<",1000))
fholdsAt(balance(account2),10,(0,"< S =<",10))
fholdsAt(balance(account2),12,(10,"< S =<",20))
fholdsAt(balance(account2),16,(20,"< S =<",50+-1*e))
fholdsAt(balance(account2),16,(50+-1*e,"< S =<",50))
fholdsAt(balance(account2),16,(50,"< S =<",1000+-1*e))
fholdsAt(balance(account2),16,(1000+-1*e,"< S =<",1000))
fholdsAt(minimumBalance(account1),5,(0,"< S =<",10))
fholdsAt(minimumBalance(account1),5,(10,"< S =<",20))
fholdsAt(minimumBalance(account1),5,(20,"< S =<",50+-1*e))
fholdsAt(minimumBalance(account1),5,(50+-1*e,"< S =<",50))
fholdsAt(minimumBalance(account1),5,(50,"< S =<",1000+-1*e))
fholdsAt(minimumBalance(account1),5,(1000+-1*e,"< S =<",1000))
fholdsAt(minimumBalance(account2),5,(0,"< S =<",10))
fholdsAt(minimumBalance(account2),5,(10,"< S =<",20))
fholdsAt(minimumBalance(account2),5,(20,"< S =<",50+-1*e))
fholdsAt(minimumBalance(account2),5,(50+-1*e,"< S =<",50))
fholdsAt(minimumBalance(account2),5,(50,"< S =<",1000+-1*e))
fholdsAt(minimumBalance(account2),5,(1000+-1*e,"< S =<",1000))
fholdsAt(serviceFee(account1),1,(0,"< S =<",10))
fholdsAt(serviceFee(account1),1,(10,"< S =<",20))
fholdsAt(serviceFee(account1),1,(20,"< S =<",50+-1*e))
fholdsAt(serviceFee(account1),1,(50+-1*e,"< S =<",50))
fholdsAt(serviceFee(account1),1,(50,"< S =<",1000+-1*e))
fholdsAt(serviceFee(account1),1,(1000+-1*e,"< S =<",1000))
fholdsAt(serviceFee(account2),1,(0,"< S =<",10))
fholdsAt(serviceFee(account2),1,(10,"< S =<",20))
fholdsAt(serviceFee(account2),1,(20,"< S =<",50+-1*e))
fholdsAt(serviceFee(account2),1,(50+-1*e,"< S =<",50))
fholdsAt(serviceFee(account2),1,(50,"< S =<",1000+-1*e))
fholdsAt(serviceFee(account2),1,(1000+-1*e,"< S =<",1000))
Assignment: [leftovers]
(balance(account1),0)=10
(balance(account2),0)=10
(minimumBalance(account1),0)=5
(minimumBalance(account2),0)=5
(serviceFee(account1),0)=1
(serviceFee(account2),0)=1
timeDiff(0,0)=0
timeDiff(0,1)=10
timeDiff(0,2)=20
timeDiff(0,3)=50+-1*e
timeDiff(0,4)=50
timeDiff(0,5)=1000+-1*e
timeDiff(0,6)=1000
timeDiff(1,1)=0
timeDiff(1,2)=10
timeDiff(1,3)=40+-1*e
timeDiff(1,4)=40
timeDiff(1,5)=990+-1*e
timeDiff(1,6)=990
timeDiff(2,2)=0
timeDiff(2,3)=30+-1*e
timeDiff(2,4)=30
timeDiff(2,5)=980+-1*e
timeDiff(2,6)=980
timeDiff(3,3)=0
timeDiff(3,4)=e
timeDiff(3,5)=950
timeDiff(3,6)=950+e
timeDiff(4,4)=0
timeDiff(4,5)=950+-1*e
timeDiff(4,6)=950
timeDiff(5,5)=0
timeDiff(5,6)=e
timeDiff(6,6)=0
SATISFIABLE

Models       : 1
Calls        : 1
Time         : 0.049s (Solving: 0.01s 1st Model: 0.00s Unsat: 0.00s)
CPU Time     : 0.035s

Command exited with non-zero status 30

  real      0:00.06
  real [s]  0.06
  user [s]  0.03
  sys  [s]  0.00
  mem  [KB] 9984
  avgm [KB] 0
