$ clingo-lpx --strict -n10 ./model.lp ../axioms/fdec.lp ../axioms/fdec-show.lp -c maxstep=6 -c maxtime=1000 		| ../utils/replace_assignments.sh | ../utils/make-readable.sh


clingo-lpx version 1.3.0
Reading from ./model.lp ...
Solving...
Answer: 1
(Time: 0.066s)
happens(chargeServiceFee(account1),211/10)
happens(chargeServiceFee(account1),511/10)
happens(monthlyReset(account1),50)
happens(monthlyReset(account2),50)
happens(transfer(account1,account2,2),10)
happens(transfer(account1,account2,4),20)
holdsAt(serviceFeeCharged(account1),(211/10,"< S =<",50))
holdsAt(serviceFeeCharged(account1),(511/10,"< S =<",1000))
fholdsAt(balance(account1),10,(0,"< S =<",10))
fholdsAt(balance(account1),8,(10,"< S =<",20))
fholdsAt(balance(account1),4,(20,"< S =<",211/10))
fholdsAt(balance(account1),3,(211/10,"< S =<",50))
fholdsAt(balance(account1),3,(50,"< S =<",511/10))
fholdsAt(balance(account1),2,(511/10,"< S =<",1000))
fholdsAt(balance(account2),10,(0,"< S =<",10))
fholdsAt(balance(account2),12,(10,"< S =<",20))
fholdsAt(balance(account2),16,(20,"< S =<",211/10))
fholdsAt(balance(account2),16,(211/10,"< S =<",50))
fholdsAt(balance(account2),16,(50,"< S =<",511/10))
fholdsAt(balance(account2),16,(511/10,"< S =<",1000))
fholdsAt(minimumBalance(account1),5,(0,"< S =<",10))
fholdsAt(minimumBalance(account1),5,(10,"< S =<",20))
fholdsAt(minimumBalance(account1),5,(20,"< S =<",211/10))
fholdsAt(minimumBalance(account1),5,(211/10,"< S =<",50))
fholdsAt(minimumBalance(account1),5,(50,"< S =<",511/10))
fholdsAt(minimumBalance(account1),5,(511/10,"< S =<",1000))
fholdsAt(minimumBalance(account2),5,(0,"< S =<",10))
fholdsAt(minimumBalance(account2),5,(10,"< S =<",20))
fholdsAt(minimumBalance(account2),5,(20,"< S =<",211/10))
fholdsAt(minimumBalance(account2),5,(211/10,"< S =<",50))
fholdsAt(minimumBalance(account2),5,(50,"< S =<",511/10))
fholdsAt(minimumBalance(account2),5,(511/10,"< S =<",1000))
fholdsAt(serviceFee(account1),1,(0,"< S =<",10))
fholdsAt(serviceFee(account1),1,(10,"< S =<",20))
fholdsAt(serviceFee(account1),1,(20,"< S =<",211/10))
fholdsAt(serviceFee(account1),1,(211/10,"< S =<",50))
fholdsAt(serviceFee(account1),1,(50,"< S =<",511/10))
fholdsAt(serviceFee(account1),1,(511/10,"< S =<",1000))
fholdsAt(serviceFee(account2),1,(0,"< S =<",10))
fholdsAt(serviceFee(account2),1,(10,"< S =<",20))
fholdsAt(serviceFee(account2),1,(20,"< S =<",211/10))
fholdsAt(serviceFee(account2),1,(211/10,"< S =<",50))
fholdsAt(serviceFee(account2),1,(50,"< S =<",511/10))
fholdsAt(serviceFee(account2),1,(511/10,"< S =<",1000))
Assignment: [leftovers]
(balance(account1),0)=10
(balance(account2),0)=10
(minimumBalance(account1),0)=5
(minimumBalance(account2),0)=5
(serviceFee(account1),0)=1
(serviceFee(account2),0)=1
timeDiff(0,0)=0
timeDiff(0,1)=10
timeDiff(0,2)=20
timeDiff(0,3)=211/10
timeDiff(0,4)=50
timeDiff(0,5)=511/10
timeDiff(0,6)=1000
timeDiff(1,1)=0
timeDiff(1,2)=10
timeDiff(1,3)=111/10
timeDiff(1,4)=40
timeDiff(1,5)=411/10
timeDiff(1,6)=990
timeDiff(2,2)=0
timeDiff(2,3)=11/10
timeDiff(2,4)=30
timeDiff(2,5)=311/10
timeDiff(2,6)=980
timeDiff(3,3)=0
timeDiff(3,4)=289/10
timeDiff(3,5)=30
timeDiff(3,6)=9789/10
timeDiff(4,4)=0
timeDiff(4,5)=11/10
timeDiff(4,6)=950
timeDiff(5,5)=0
timeDiff(5,6)=9489/10
timeDiff(6,6)=0
SATISFIABLE

Models       : 1
Calls        : 1
Time         : 0.067s (Solving: 0.01s 1st Model: 0.01s Unsat: 0.00s)
CPU Time     : 0.049s

Command exited with non-zero status 30

  real      0:00.08
  real [s]  0.08
  user [s]  0.04
  sys  [s]  0.01
  mem  [KB] 10624
  avgm [KB] 0
