$ python ../fdec-incr.py ./model.lp --maxtime 1000 		


Looking for the right number of steps: 1 2 3 4 5 FOUND
clingo-lpx version 1.3.0
Reading from ...omparison/hybrid-clingo/axioms/fdec.lp ...
Solving...
Answer: 1 (Time: 0.078s)
maxStep(5)
happens(chargeServiceFee(account1),211/10)
happens(chargeServiceFee(account1),511/10)
happens(monthlyReset(account1),50)
happens(monthlyReset(account2),50)
happens(transfer(account1,account2,2),10)
happens(transfer(account1,account2,4),20)
holdsAt(serviceFeeCharged(account1),(211/10<S=<50))
holdsAt(serviceFeeCharged(account1),(511/10<S=<1000))
fholdsAt(balance(account1),8,(10<S=<20))
fholdsAt(balance(account1),4,(20<S=<211/10))
fholdsAt(balance(account1),3,(211/10<S=<50))
fholdsAt(balance(account1),3,(50<S=<511/10))
fholdsAt(balance(account1),2,(511/10<S=<1000))
fholdsAt(balance(account2),12,(10<S=<20))
fholdsAt(balance(account2),16,(20<S=<211/10))
fholdsAt(balance(account2),16,(211/10<S=<50))
fholdsAt(balance(account2),16,(50<S=<511/10))
fholdsAt(balance(account2),16,(511/10<S=<1000))
fholdsAt(minimumBalance(account1),5,(10<S=<20))
fholdsAt(minimumBalance(account1),5,(20<S=<211/10))
fholdsAt(minimumBalance(account1),5,(211/10<S=<50))
fholdsAt(minimumBalance(account1),5,(50<S=<511/10))
fholdsAt(minimumBalance(account1),5,(511/10<S=<1000))
fholdsAt(minimumBalance(account2),5,(10<S=<20))
fholdsAt(minimumBalance(account2),5,(20<S=<211/10))
fholdsAt(minimumBalance(account2),5,(211/10<S=<50))
fholdsAt(minimumBalance(account2),5,(50<S=<511/10))
fholdsAt(minimumBalance(account2),5,(511/10<S=<1000))
fholdsAt(serviceFee(account1),1,(10<S=<20))
fholdsAt(serviceFee(account1),1,(20<S=<211/10))
fholdsAt(serviceFee(account1),1,(211/10<S=<50))
fholdsAt(serviceFee(account1),1,(50<S=<511/10))
fholdsAt(serviceFee(account1),1,(511/10<S=<1000))
fholdsAt(serviceFee(account2),1,(10<S=<20))
fholdsAt(serviceFee(account2),1,(20<S=<211/10))
fholdsAt(serviceFee(account2),1,(211/10<S=<50))
fholdsAt(serviceFee(account2),1,(50<S=<511/10))
fholdsAt(serviceFee(account2),1,(511/10<S=<1000))
Assignment:
one=1 (obs,10)=10 (obs,20)=20 (time,0)=10 (time,1)=20 (time,2)=211/10 (time,3)=50 (time,4)=511/10 (time,5)=1000 (balance(account1),0)=10 (balance(account1),1)=8 (balance(account1),2)=4 (balance(account1),3)=3 (balance(account1),4)=3 (balance(account1),5)=2 (balance(account2),0)=10 (balance(account2),1)=12 (balance(account2),2)=16 (balance(account2),3)=16 (balance(account2),4)=16 (balance(account2),5)=16 (minimumBalance(account1),0)=5 (minimumBalance(account1),1)=5 (minimumBalance(account1),2)=5 (minimumBalance(account1),3)=5 (minimumBalance(account1),4)=5 (minimumBalance(account1),5)=5 (minimumBalance(account2),0)=5 (minimumBalance(account2),1)=5 (minimumBalance(account2),2)=5 (minimumBalance(account2),3)=5 (minimumBalance(account2),4)=5 (minimumBalance(account2),5)=5 (serviceFee(account1),0)=1 (serviceFee(account1),1)=1 (serviceFee(account1),2)=1 (serviceFee(account1),3)=1 (serviceFee(account1),4)=1 (serviceFee(account1),5)=1 (serviceFee(account2),0)=1 (serviceFee(account2),1)=1 (serviceFee(account2),2)=1 (serviceFee(account2),3)=1 (serviceFee(account2),4)=1 (serviceFee(account2),5)=1 (timeDiff,0,0)=0 (timeDiff,0,1)=10 (timeDiff,0,2)=111/10 (timeDiff,0,3)=40 (timeDiff,0,4)=411/10 (timeDiff,0,5)=990 (timeDiff,1,1)=0 (timeDiff,1,2)=11/10 (timeDiff,1,3)=30 (timeDiff,1,4)=311/10 (timeDiff,1,5)=980 (timeDiff,2,2)=0 (timeDiff,2,3)=289/10 (timeDiff,2,4)=30 (timeDiff,2,5)=9789/10 (timeDiff,3,3)=0 (timeDiff,3,4)=11/10 (timeDiff,3,5)=950 (timeDiff,4,4)=0 (timeDiff,4,5)=9489/10 (timeDiff,5,5)=0
SATISFIABLE

Models       : 1
Calls        : 1
Time         : 0.081s (Solving: 0.01s 1st Model: 0.01s Unsat: 0.00s)
CPU Time     : 0.062s


Command exited with non-zero status 30

  real      0:00.88
  real [s]  0.88
  user [s]  0.54
  sys  [s]  0.16
  mem  [KB] 19200
  avgm [KB] 0
