$ python ../fdec-incr.py --maxtime 1000 --con -c paramHeight=40 ./model.lp


Looking for the right number of steps: 1 2 FOUND
clingcon version 5.2.1
Reading from ...omparison/hybrid-clingo/axioms/fdec.lp ...
Solving...
Answer: 1 (Time: 0.042s)
maxStep(2)
happens(hitGround(apple),30)
happens(drop(nathan,apple),10)
holdsAt(falling(apple),(10<T=<30))
releasedAt(height(apple),(10<T=<30))
fholdsAt(height(apple)=40,(0<T=<10))
fholdsAt(height(apple)=0,(30<T=<1000))
fholdsAtC(height(apple)=(40->0),(10<T=<30),eq(((1,40),-2)))
Assignment:
(obs,10)=10 (time,0)=10 (time,1)=30 (time,2)=1000 (height(apple),0)=40 (height(apple),1)=0 (height(apple),2)=0
SATISFIABLE

Models       : 1
Calls        : 1
Time         : 0.043s (Solving: 0.00s 1st Model: 0.00s Unsat: 0.00s)
CPU Time     : 0.028s


Command exited with non-zero status 30

  real      0:00.37
  real [s]  0.37
  user [s]  0.24
  sys  [s]  0.04
  mem  [KB] 18432
  avgm [KB] 0
