$ clingcon -n10 ./model.lp ../axioms/fdec.lp ../axioms/fdec-show.lp -c maxstep=3 -c maxtime=1000 -c paramHeight=20 | ../utils/replace_assignments.sh | ../utils/make-readable.sh


clingcon version 5.2.1
Reading from ./model.lp ...
Solving...
Answer: 1
(Time: 0.065s)
happens(hitGround(apple),20)
happens(drop(nathan,apple),10)
holdsAt(falling(apple),(10,"< S =<",20))
releasedAt(height(apple),(10,"< S =<",20))
fholdsAt(height(apple),20,(0,"< S =<",10))
fholdsAt(height(apple),0,(20,"< S =<",1000))
fholdsAtC(height(apple),(20,"->",0),(10,"< S =<",20),eq(off1(0),"*",koef1(1),"+",koef2(1),"*",base(20),"+",inc(-2),"*",dur(20,"-",10)))
Assignment: [leftovers]
(height(apple),0)=20
timeDiff(0,0)=0
timeDiff(0,1)=10
timeDiff(0,2)=20
timeDiff(0,3)=1000
timeDiff(1,1)=0
timeDiff(1,2)=10
timeDiff(1,3)=990
timeDiff(2,2)=0
timeDiff(2,3)=980
timeDiff(3,3)=0
SATISFIABLE

Models       : 1
Calls        : 1
Time         : 0.065s (Solving: 0.01s 1st Model: 0.01s Unsat: 0.00s)
CPU Time     : 0.050s

Command exited with non-zero status 30

  real      0:00.08
  real [s]  0.08
  user [s]  0.04
  sys  [s]  0.01
  mem  [KB] 13948
  avgm [KB] 0
