$ python ../fdec-incr.py --maxtime 1000 -c paramHeight=4 ./model.lp


Looking for the right number of steps: 1 2 FOUND
clingo-lpx version 1.3.0
Reading from ...omparison/hybrid-clingo/axioms/fdec.lp ...
Solving...
Answer: 1 (Time: 0.040s)
maxStep(2)
happens(hitGround(apple),12)
happens(drop(nathan,apple),10)
holdsAt(falling(apple),(10<S=<12))
fholdsAt(height(apple),0,(12<S=<1000))
fholdsAtC(height(apple),(4->0),(10<S=<12),((1,4),-2))
Assignment:
(obs,10)=10 (time,0)=10 (time,1)=12 (time,2)=1000 (height(apple),0)=4 (height(apple),1)=0 (height(apple),2)=0
SATISFIABLE

Models       : 1
Calls        : 1
Time         : 0.040s (Solving: 0.00s 1st Model: 0.00s Unsat: 0.00s)
CPU Time     : 0.024s


Command exited with non-zero status 30

  real      0:00.35
  real [s]  0.35
  user [s]  0.19
  sys  [s]  0.07
  mem  [KB] 18304
  avgm [KB] 0
