$ clingo-lpx --strict -n10 ./model.lp ../axioms/fdec.lp ../axioms/fdec-show.lp -c maxstep=3 -c maxtime=1000 -c paramHeight=4 | ../utils/replace_assignments.sh | ../utils/make-readable.sh


clingo-lpx version 1.3.0
Reading from ./model.lp ...
Solving...
Answer: 1
(Time: 0.032s)
happens(hitGround(apple),12)
happens(drop(nathan,apple),10)
holdsAt(falling(apple),(10,"< T =<",12))
releasedAt(height(apple),(10,"< T =<",12))
fholdsAt(height(apple),4,(0,"< T =<",10))
fholdsAt(height(apple),0,(12,"< T =<",1000))
fholdsAtC(height(apple),(4,"->",0),(10,"< T =<",12),eq(off1(0),"*",koef1(1),"+",koef2(1),"*",base(4),"+",inc(-2),"*",dur(12,"-",10)))
Assignment: [leftovers]
fholdsAt(height(apple),0)=4
SATISFIABLE

Models       : 1
Calls        : 1
Time         : 0.032s (Solving: 0.00s 1st Model: 0.00s Unsat: 0.00s)
CPU Time     : 0.017s

Command exited with non-zero status 30

  real      0:00.04
  real [s]  0.04
  user [s]  0.01
  sys  [s]  0.00
  mem  [KB] 9088
  avgm [KB] 0
