$ clingo-lpx --strict -n10 ./model.lp ../axioms/fdec.lp ../axioms/fdec-show.lp -c maxstep=6 -c maxtime=1000 -c paramHeight=20 ./extra-queries.lp | ../utils/replace_assignments.sh | ../utils/make-readable.sh


clingo-lpx version 1.3.0
Reading from ./model.lp ...
Solving...
Answer: 1
(Time: 0.051s)
happens(checkAtDur,12)
happens(checkAtH,19)
happens(checkAtT,15)
happens(hitGround(apple),20)
happens(drop(nathan,apple),10)
holdsAt(falling(apple),(10,"< S =<",12))
holdsAt(falling(apple),(12,"< S =<",15))
holdsAt(falling(apple),(15,"< S =<",19))
holdsAt(falling(apple),(19,"< S =<",20))
releasedAt(height(apple),(10,"< S =<",12))
releasedAt(height(apple),(12,"< S =<",15))
releasedAt(height(apple),(15,"< S =<",19))
releasedAt(height(apple),(19,"< S =<",20))
fholdsAt(height(apple),20,(0,"< S =<",10))
fholdsAt(height(apple),0,(20,"< S =<",1000))
fholdsAtC(height(apple),(20,"->",16),(10,"< S =<",12),eq(off1(0),"*",koef1(1),"+",koef2(1),"*",base(20),"+",inc(-2),"*",dur(12,"-",10)))
fholdsAtC(height(apple),(16,"->",10),(12,"< S =<",15),eq(off1(0),"*",koef1(1),"+",koef2(1),"*",base(20),"+",inc(-2),"*",dur(15,"-",10)))
fholdsAtC(height(apple),(10,"->",2),(15,"< S =<",19),eq(off1(0),"*",koef1(1),"+",koef2(1),"*",base(20),"+",inc(-2),"*",dur(19,"-",10)))
fholdsAtC(height(apple),(2,"->",0),(19,"< S =<",20),eq(off1(0),"*",koef1(1),"+",koef2(1),"*",base(20),"+",inc(-2),"*",dur(20,"-",10)))
Assignment: [leftovers]
(height(apple),0)=20
timeDiff(0,0)=0
timeDiff(0,1)=10
timeDiff(0,2)=12
timeDiff(0,3)=15
timeDiff(0,4)=19
timeDiff(0,5)=20
timeDiff(0,6)=1000
timeDiff(1,1)=0
timeDiff(1,2)=2
timeDiff(1,3)=5
timeDiff(1,4)=9
timeDiff(1,5)=10
timeDiff(1,6)=990
timeDiff(2,2)=0
timeDiff(2,3)=3
timeDiff(2,4)=7
timeDiff(2,5)=8
timeDiff(2,6)=988
timeDiff(3,3)=0
timeDiff(3,4)=4
timeDiff(3,5)=5
timeDiff(3,6)=985
timeDiff(4,4)=0
timeDiff(4,5)=1
timeDiff(4,6)=981
timeDiff(5,5)=0
timeDiff(5,6)=980
timeDiff(6,6)=0
SATISFIABLE

Models       : 1
Calls        : 1
Time         : 0.051s (Solving: 0.01s 1st Model: 0.01s Unsat: 0.00s)
CPU Time     : 0.034s

Command exited with non-zero status 30

  real      0:00.06
  real [s]  0.06
  user [s]  0.03
  sys  [s]  0.01
  mem  [KB] 9984
  avgm [KB] 0
