$ clingo-lpx --strict -n10 ./model.lp ../axioms/fdec.lp ../axioms/fdec-show.lp -c maxstep=3 -c maxtime=1000 -c paramHeight=80 | ../utils/replace_assignments.sh | ../utils/make-readable.sh


clingo-lpx version 1.3.0
Reading from ./model.lp ...
Solving...
Answer: 1
(Time: 0.034s)
happens(hitGround(apple),50)
happens(drop(nathan,apple),10)
holdsAt(falling(apple),(10,"< S =<",50))
releasedAt(height(apple),(10,"< S =<",50))
fholdsAt(height(apple),80,(0,"< S =<",10))
fholdsAt(height(apple),0,(50,"< S =<",1000))
fholdsAtC(height(apple),(80,"->",0),(10,"< S =<",50),eq(off1(0),"*",koef1(1),"+",koef2(1),"*",base(80),"+",inc(-2),"*",dur(50,"-",10)))
Assignment: [leftovers]
(height(apple),0)=80
timeDiff(0,0)=0
timeDiff(0,1)=10
timeDiff(0,2)=50
timeDiff(0,3)=1000
timeDiff(1,1)=0
timeDiff(1,2)=40
timeDiff(1,3)=990
timeDiff(2,2)=0
timeDiff(2,3)=950
timeDiff(3,3)=0
SATISFIABLE

Models       : 1
Calls        : 1
Time         : 0.034s (Solving: 0.00s 1st Model: 0.00s Unsat: 0.00s)
CPU Time     : 0.021s

Command exited with non-zero status 30

  real      0:00.04
  real [s]  0.04
  user [s]  0.01
  sys  [s]  0.01
  mem  [KB] 9728
  avgm [KB] 0
