$ python ../fdec-incr.py --maxtime 1000 -c paramHeight=20 ./model.lp ./extra-queries.lp


Looking for the right number of steps: 1 2 3 4 5 FOUND
clingo-lpx version 1.3.0
Reading from ...omparison/hybrid-clingo/axioms/fdec.lp ...
Solving...
Answer: 1 (Time: 0.059s)
maxStep(5)
happens(checkAtDur,12)
happens(checkAtH,19)
happens(checkAtT,15)
happens(hitGround(apple),20)
happens(drop(nathan,apple),10)
holdsAt(falling(apple),(10<S=<12))
holdsAt(falling(apple),(12<S=<15))
holdsAt(falling(apple),(15<S=<19))
holdsAt(falling(apple),(19<S=<20))
fholdsAt(height(apple),0,(20<S=<1000))
fholdsAtC(height(apple),(20->16),(10<S=<12),((1,20),-2))
fholdsAtC(height(apple),(16->10),(12<S=<15),((1,20),-2))
fholdsAtC(height(apple),(10->2),(15<S=<19),((1,20),-2))
fholdsAtC(height(apple),(2->0),(19<S=<20),((1,20),-2))
Assignment:
(obs,10)=10 (obs,15)=15 (time,0)=10 (time,1)=12 (time,2)=15 (time,3)=19 (time,4)=20 (time,5)=1000 (height(apple),0)=20 (height(apple),1)=16 (height(apple),2)=10 (height(apple),3)=2 (height(apple),4)=0 (height(apple),5)=0 (timeDiff,0,0)=0 (timeDiff,0,1)=2 (timeDiff,0,2)=5 (timeDiff,0,3)=9 (timeDiff,0,4)=10 (timeDiff,0,5)=990 (timeDiff,1,1)=0 (timeDiff,1,2)=3 (timeDiff,1,3)=7 (timeDiff,1,4)=8 (timeDiff,1,5)=988 (timeDiff,2,2)=0 (timeDiff,2,3)=4 (timeDiff,2,4)=5 (timeDiff,2,5)=985 (timeDiff,3,3)=0 (timeDiff,3,4)=1 (timeDiff,3,5)=981 (timeDiff,4,4)=0 (timeDiff,4,5)=980 (timeDiff,5,5)=0
SATISFIABLE

Models       : 1
Calls        : 1
Time         : 0.060s (Solving: 0.01s 1st Model: 0.00s Unsat: 0.00s)
CPU Time     : 0.040s


Command exited with non-zero status 30

  real      0:00.87
  real [s]  0.87
  user [s]  0.50
  sys  [s]  0.15
  mem  [KB] 18688
  avgm [KB] 0
