$ python ../fdec-incr.py --maxtime 1000 -c paramHeight=40 ./model.lp


Looking for the right number of steps: 1 2 FOUND
clingo-lpx version 1.3.0
Reading from ...omparison/hybrid-clingo/axioms/fdec.lp ...
Solving...
Answer: 1 (Time: 0.037s)
maxStep(2)
happens(hitGround(apple),30)
happens(drop(nathan,apple),10)
holdsAt(falling(apple),(10<T=<30))
releasedAt(height(apple),(10<T=<30))
fholdsAt(height(apple)=40,(0<T=<10))
fholdsAt(height(apple)=0,(30<T=<1000))
fholdsAtC(height(apple)=(40->0),(10<T=<30),eq(((1,40),-2)))
Assignment:
(obs,10)=10 (time,0)=10 (time,1)=30 (time,2)=1000 (height(apple),0)=40 (height(apple),1)=0 (height(apple),2)=0
SATISFIABLE

Models       : 1
Calls        : 1
Time         : 0.037s (Solving: 0.00s 1st Model: 0.00s Unsat: 0.00s)
CPU Time     : 0.023s


Command exited with non-zero status 30

  real      0:00.34
  real [s]  0.34
  user [s]  0.20
  sys  [s]  0.07
  mem  [KB] 18304
  avgm [KB] 0
