$ python ../fdec-incr.py --maxtime 1000 ./fix-min_dur.lp ./narrative2.lp


Looking for the right number of steps: 1 2 3 4 5 6 FOUND
clingo-lpx version 1.3.0
Reading from ...omparison/hybrid-clingo/axioms/fdec.lp ...
Solving...
Answer: 1 (Time: 0.089s)
maxStep(6)
happens(bounce_up,20)
happens(bounce_up,25)
happens(drop,10)
happens(fall_down,10)
happens(fall_down,45/2)
happens(fall_down,205/8)
happens(hit_ground,20)
happens(hit_ground,25)
happens(hit_ground,105/4)
happens(reach_apex,45/2)
happens(reach_apex,205/8)
happens(stop_bouncing,105/4)
holdsAt(falling,(10<S=<20))
holdsAt(falling,(45/2<S=<25))
holdsAt(falling,(205/8<S=<105/4))
holdsAt(rising,(20<S=<45/2))
holdsAt(rising,(25<S=<205/8))
holdsAt(constant_fall_rate(1),(10<S=<20))
holdsAt(constant_fall_rate(1),(20<S=<45/2))
holdsAt(constant_fall_rate(1),(45/2<S=<25))
holdsAt(constant_fall_rate(1),(25<S=<205/8))
holdsAt(constant_fall_rate(1),(205/8<S=<105/4))
holdsAt(constant_fall_rate(1),(105/4<S=<1000))
holdsAt(velocity_loss_portion("0.75"),(10<S=<20))
holdsAt(velocity_loss_portion("0.75"),(20<S=<45/2))
holdsAt(velocity_loss_portion("0.75"),(45/2<S=<25))
holdsAt(velocity_loss_portion("0.75"),(25<S=<205/8))
holdsAt(velocity_loss_portion("0.75"),(205/8<S=<105/4))
holdsAt(velocity_loss_portion("0.75"),(105/4<S=<1000))
fholdsAt(height,0,(105/4<S=<1000))
fholdsAt(velocity,0,(105/4<S=<1000))
fholdsAtC(height,(10->0),(10<S=<20),((1,10),-1))
fholdsAtC(height,(0->5/2),(20<S=<45/2),((1,0),1))
fholdsAtC(height,(5/2->0),(45/2<S=<25),((1,5/2),-1))
fholdsAtC(height,(0->5/8),(25<S=<205/8),((1,0),1))
fholdsAtC(height,(5/8->0),(205/8<S=<105/4),((1,5/8),-1))
fholdsAtC(velocity,(0->10),(10<S=<20),((1,0),1))
fholdsAtC(velocity,(10->0),(20<S=<45/2),(("0.25",10),-1))
fholdsAtC(velocity,(0->5/2),(45/2<S=<25),((1,0),1))
fholdsAtC(velocity,(5/2->0),(25<S=<205/8),(("0.25",5/2),-1))
fholdsAtC(velocity,(0->5/8),(205/8<S=<105/4),((1,0),1))
Assignment:
(height,0)=10 (height,1)=0 (height,2)=5/2 (height,3)=0 (height,4)=5/8 (height,5)=0 (height,6)=0 (obs,10)=10 (time,0)=10 (time,1)=20 (time,2)=45/2 (time,3)=25 (time,4)=205/8 (time,5)=105/4 (time,6)=1000 (velocity,0)=0 (velocity,1)=10 (velocity,2)=0 (velocity,3)=5/2 (velocity,4)=0 (velocity,5)=5/8 (velocity,6)=0 (timeDiff,0,0)=0 (timeDiff,0,1)=10 (timeDiff,0,2)=25/2 (timeDiff,0,3)=15 (timeDiff,0,4)=125/8 (timeDiff,0,5)=65/4 (timeDiff,0,6)=990 (timeDiff,1,1)=0 (timeDiff,1,2)=5/2 (timeDiff,1,3)=5 (timeDiff,1,4)=45/8 (timeDiff,1,5)=25/4 (timeDiff,1,6)=980 (timeDiff,2,2)=0 (timeDiff,2,3)=5/2 (timeDiff,2,4)=25/8 (timeDiff,2,5)=15/4 (timeDiff,2,6)=1955/2 (timeDiff,3,3)=0 (timeDiff,3,4)=5/8 (timeDiff,3,5)=5/4 (timeDiff,3,6)=975 (timeDiff,4,4)=0 (timeDiff,4,5)=5/8 (timeDiff,4,6)=7795/8 (timeDiff,5,5)=0 (timeDiff,5,6)=3895/4 (timeDiff,6,6)=0
SATISFIABLE

Models       : 1
Calls        : 1
Time         : 0.091s (Solving: 0.01s 1st Model: 0.01s Unsat: 0.00s)
CPU Time     : 0.066s


Command exited with non-zero status 30

  real      0:01.05
  real [s]  1.05
  user [s]  0.57
  sys  [s]  0.24
  mem  [KB] 19200
  avgm [KB] 0
