$ clingo-lpx --strict -n0 ../axioms/fdec.lp ../axioms/fdec-show.lp -c maxstep=7 -c maxtime=1000 ./fix-min_dur.lp ./narrative2.lp | ../utils/replace_assignments.sh | ../utils/make-readable.sh


clingo-lpx version 1.3.0
Reading from ../axioms/fdec.lp ...
Solving...
Answer: 1
(Time: 0.064s)
happens(bounce_up,20)
happens(bounce_up,25)
happens(drop,10)
happens(fall_down,10)
happens(fall_down,45/2)
happens(fall_down,205/8)
happens(hit_ground,20)
happens(hit_ground,25)
happens(hit_ground,105/4)
happens(reach_apex,45/2)
happens(reach_apex,205/8)
happens(stop_bouncing,105/4)
holdsAt(falling,(10,"< S =<",20))
holdsAt(falling,(45/2,"< S =<",25))
holdsAt(falling,(205/8,"< S =<",105/4))
holdsAt(rising,(20,"< S =<",45/2))
holdsAt(rising,(25,"< S =<",205/8))
holdsAt(constant_fall_rate(1),(0,"< S =<",10))
holdsAt(constant_fall_rate(1),(10,"< S =<",20))
holdsAt(constant_fall_rate(1),(20,"< S =<",45/2))
holdsAt(constant_fall_rate(1),(45/2,"< S =<",25))
holdsAt(constant_fall_rate(1),(25,"< S =<",205/8))
holdsAt(constant_fall_rate(1),(205/8,"< S =<",105/4))
holdsAt(constant_fall_rate(1),(105/4,"< S =<",1000))
holdsAt(velocity_loss_portion("0.75"),(0,"< S =<",10))
holdsAt(velocity_loss_portion("0.75"),(10,"< S =<",20))
holdsAt(velocity_loss_portion("0.75"),(20,"< S =<",45/2))
holdsAt(velocity_loss_portion("0.75"),(45/2,"< S =<",25))
holdsAt(velocity_loss_portion("0.75"),(25,"< S =<",205/8))
holdsAt(velocity_loss_portion("0.75"),(205/8,"< S =<",105/4))
holdsAt(velocity_loss_portion("0.75"),(105/4,"< S =<",1000))
releasedAt(height,(10,"< S =<",20))
releasedAt(height,(20,"< S =<",45/2))
releasedAt(height,(45/2,"< S =<",25))
releasedAt(height,(25,"< S =<",205/8))
releasedAt(height,(205/8,"< S =<",105/4))
releasedAt(velocity,(10,"< S =<",20))
releasedAt(velocity,(20,"< S =<",45/2))
releasedAt(velocity,(45/2,"< S =<",25))
releasedAt(velocity,(25,"< S =<",205/8))
releasedAt(velocity,(205/8,"< S =<",105/4))
fholdsAt(height,10,(0,"< S =<",10))
fholdsAt(height,0,(105/4,"< S =<",1000))
fholdsAt(velocity,0,(0,"< S =<",10))
fholdsAt(velocity,0,(105/4,"< S =<",1000))
fholdsAtC(height,(10,"->",0),(10,"< S =<",20),eq(off1(0),"*",koef1(0),"+",koef2(1),"*",base(10),"+",inc(-1),"*",dur(20,"-",10)))
fholdsAtC(height,(0,"->",5/2),(20,"< S =<",45/2),eq(off1(0),"*",koef1(0),"+",koef2(1),"*",base(0),"+",inc(1),"*",dur(45/2,"-",20)))
fholdsAtC(height,(5/2,"->",0),(45/2,"< S =<",25),eq(off1(0),"*",koef1(0),"+",koef2(1),"*",base(5/2),"+",inc(-1),"*",dur(25,"-",45/2)))
fholdsAtC(height,(0,"->",5/8),(25,"< S =<",205/8),eq(off1(0),"*",koef1(0),"+",koef2(1),"*",base(0),"+",inc(1),"*",dur(205/8,"-",25)))
fholdsAtC(height,(5/8,"->",0),(205/8,"< S =<",105/4),eq(off1(0),"*",koef1(0),"+",koef2(1),"*",base(5/8),"+",inc(-1),"*",dur(105/4,"-",205/8)))
fholdsAtC(velocity,(0,"->",10),(10,"< S =<",20),eq(off1(0),"*",koef1(0),"+",koef2(1),"*",base(0),"+",inc(1),"*",dur(20,"-",10)))
fholdsAtC(velocity,(10,"->",0),(20,"< S =<",45/2),eq(off1(0),"*",koef1(0),"+",koef2("0.25"),"*",base(10),"+",inc(-1),"*",dur(45/2,"-",20)))
fholdsAtC(velocity,(0,"->",5/2),(45/2,"< S =<",25),eq(off1(0),"*",koef1(0),"+",koef2(1),"*",base(0),"+",inc(1),"*",dur(25,"-",45/2)))
fholdsAtC(velocity,(5/2,"->",0),(25,"< S =<",205/8),eq(off1(0),"*",koef1(0),"+",koef2("0.25"),"*",base(5/2),"+",inc(-1),"*",dur(205/8,"-",25)))
fholdsAtC(velocity,(0,"->",5/8),(205/8,"< S =<",105/4),eq(off1(0),"*",koef1(0),"+",koef2(1),"*",base(0),"+",inc(1),"*",dur(105/4,"-",205/8)))
Assignment: [leftovers]
(height,0)=10
(velocity,0)=0
timeDiff(0,0)=0
timeDiff(0,1)=10
timeDiff(0,2)=20
timeDiff(0,3)=45/2
timeDiff(0,4)=25
timeDiff(0,5)=205/8
timeDiff(0,6)=105/4
timeDiff(0,7)=1000
timeDiff(1,1)=0
timeDiff(1,2)=10
timeDiff(1,3)=25/2
timeDiff(1,4)=15
timeDiff(1,5)=125/8
timeDiff(1,6)=65/4
timeDiff(1,7)=990
timeDiff(2,2)=0
timeDiff(2,3)=5/2
timeDiff(2,4)=5
timeDiff(2,5)=45/8
timeDiff(2,6)=25/4
timeDiff(2,7)=980
timeDiff(3,3)=0
timeDiff(3,4)=5/2
timeDiff(3,5)=25/8
timeDiff(3,6)=15/4
timeDiff(3,7)=1955/2
timeDiff(4,4)=0
timeDiff(4,5)=5/8
timeDiff(4,6)=5/4
timeDiff(4,7)=975
timeDiff(5,5)=0
timeDiff(5,6)=5/8
timeDiff(5,7)=7795/8
timeDiff(6,6)=0
timeDiff(6,7)=3895/4
timeDiff(7,7)=0
SATISFIABLE

Models       : 1
Calls        : 1
Time         : 0.064s (Solving: 0.01s 1st Model: 0.01s Unsat: 0.00s)
CPU Time     : 0.046s

Command exited with non-zero status 30

  real      0:00.07
  real [s]  0.07
  user [s]  0.05
  sys  [s]  0.00
  mem  [KB] 10688
  avgm [KB] 0
