$ clingo-lpx --strict -n0 ../axioms/fdec-tdur.lp ../axioms/fdec-show.lp -c maxstep=7 -c maxtime=1000 ./model-tdur.lp ./narrative1.lp | ../utils/replace_assignments.sh | ../utils/make-readable.sh


clingo-lpx version 1.3.0
Reading from ../axioms/fdec-tdur.lp ...
Solving...
Answer: 1
(Time: 0.056s)
happens(bounce_up,20)
happens(bounce_up,25)
happens(catch,26)
happens(drop,10)
happens(fall_down,10)
happens(fall_down,45/2)
happens(fall_down,205/8)
happens(hit_ground,20)
happens(hit_ground,25)
happens(reach_apex,45/2)
happens(reach_apex,205/8)
holdsAt(falling,(10,"< S =<",20))
holdsAt(falling,(45/2,"< S =<",25))
holdsAt(falling,(205/8,"< S =<",26))
holdsAt(rising,(20,"< S =<",45/2))
holdsAt(rising,(25,"< S =<",205/8))
holdsAt(constant_fall_rate(1),(0,"< S =<",10))
holdsAt(constant_fall_rate(1),(10,"< S =<",20))
holdsAt(constant_fall_rate(1),(20,"< S =<",45/2))
holdsAt(constant_fall_rate(1),(45/2,"< S =<",25))
holdsAt(constant_fall_rate(1),(25,"< S =<",205/8))
holdsAt(constant_fall_rate(1),(205/8,"< S =<",26))
holdsAt(constant_fall_rate(1),(26,"< S =<",1000))
holdsAt(velocity_loss_portion("0.75"),(0,"< S =<",10))
holdsAt(velocity_loss_portion("0.75"),(10,"< S =<",20))
holdsAt(velocity_loss_portion("0.75"),(20,"< S =<",45/2))
holdsAt(velocity_loss_portion("0.75"),(45/2,"< S =<",25))
holdsAt(velocity_loss_portion("0.75"),(25,"< S =<",205/8))
holdsAt(velocity_loss_portion("0.75"),(205/8,"< S =<",26))
holdsAt(velocity_loss_portion("0.75"),(26,"< S =<",1000))
releasedAt(height,(10,"< S =<",20))
releasedAt(height,(20,"< S =<",45/2))
releasedAt(height,(45/2,"< S =<",25))
releasedAt(height,(25,"< S =<",205/8))
releasedAt(height,(205/8,"< S =<",26))
releasedAt(velocity,(10,"< S =<",20))
releasedAt(velocity,(20,"< S =<",45/2))
releasedAt(velocity,(45/2,"< S =<",25))
releasedAt(velocity,(25,"< S =<",205/8))
releasedAt(velocity,(205/8,"< S =<",26))
fholdsAt(height,10,(0,"< S =<",10))
fholdsAt(height,0,(10,"< S =<",20))
fholdsAt(height,5/2,(20,"< S =<",45/2))
fholdsAt(height,0,(45/2,"< S =<",25))
fholdsAt(height,5/8,(25,"< S =<",205/8))
fholdsAt(height,1/4,(205/8,"< S =<",26))
fholdsAt(height,1/4,(26,"< S =<",1000))
fholdsAt(velocity,0,(0,"< S =<",10))
fholdsAt(velocity,10,(10,"< S =<",20))
fholdsAt(velocity,0,(20,"< S =<",45/2))
fholdsAt(velocity,5/2,(45/2,"< S =<",25))
fholdsAt(velocity,0,(25,"< S =<",205/8))
fholdsAt(velocity,3/8,(205/8,"< S =<",26))
fholdsAt(velocity,0,(26,"< S =<",1000))
Assignment: [leftovers]
(height,0)=10
(velocity,0)=0
timeDiff(0,0)=0
timeDiff(0,1)=10
timeDiff(0,2)=20
timeDiff(0,3)=45/2
timeDiff(0,4)=25
timeDiff(0,5)=205/8
timeDiff(0,6)=26
timeDiff(0,7)=1000
timeDiff(1,1)=0
timeDiff(1,2)=10
timeDiff(1,3)=25/2
timeDiff(1,4)=15
timeDiff(1,5)=125/8
timeDiff(1,6)=16
timeDiff(1,7)=990
timeDiff(2,2)=0
timeDiff(2,3)=5/2
timeDiff(2,4)=5
timeDiff(2,5)=45/8
timeDiff(2,6)=6
timeDiff(2,7)=980
timeDiff(3,3)=0
timeDiff(3,4)=5/2
timeDiff(3,5)=25/8
timeDiff(3,6)=7/2
timeDiff(3,7)=1955/2
timeDiff(4,4)=0
timeDiff(4,5)=5/8
timeDiff(4,6)=1
timeDiff(4,7)=975
timeDiff(5,5)=0
timeDiff(5,6)=3/8
timeDiff(5,7)=7795/8
timeDiff(6,6)=0
timeDiff(6,7)=974
timeDiff(7,7)=0
SATISFIABLE

Models       : 1
Calls        : 1
Time         : 0.057s (Solving: 0.01s 1st Model: 0.01s Unsat: 0.00s)
CPU Time     : 0.040s

Command exited with non-zero status 30

  real      0:00.07
  real [s]  0.07
  user [s]  0.03
  sys  [s]  0.00
  mem  [KB] 9472
  avgm [KB] 0
