$ python ../fdec-incr.py --maxtime 1000 ./model.lp ./narrative1.lp


Looking for the right number of steps: 1 2 3 4 5 6 FOUND
clingo-lpx version 1.3.0
Reading from ...omparison/hybrid-clingo/axioms/fdec.lp ...
Solving...
Answer: 1 (Time: 0.085s)
maxStep(6)
happens(bounce_up,20)
happens(bounce_up,25)
happens(catch,26)
happens(drop,10)
happens(fall_down,10)
happens(fall_down,45/2)
happens(fall_down,205/8)
happens(hit_ground,20)
happens(hit_ground,25)
happens(reach_apex,45/2)
happens(reach_apex,205/8)
holdsAt(falling,(10<S=<20))
holdsAt(falling,(45/2<S=<25))
holdsAt(falling,(205/8<S=<26))
holdsAt(rising,(20<S=<45/2))
holdsAt(rising,(25<S=<205/8))
holdsAt(constant_fall_rate(1),(10<S=<20))
holdsAt(constant_fall_rate(1),(20<S=<45/2))
holdsAt(constant_fall_rate(1),(45/2<S=<25))
holdsAt(constant_fall_rate(1),(25<S=<205/8))
holdsAt(constant_fall_rate(1),(205/8<S=<26))
holdsAt(constant_fall_rate(1),(26<S=<1000))
holdsAt(velocity_loss_portion("0.75"),(10<S=<20))
holdsAt(velocity_loss_portion("0.75"),(20<S=<45/2))
holdsAt(velocity_loss_portion("0.75"),(45/2<S=<25))
holdsAt(velocity_loss_portion("0.75"),(25<S=<205/8))
holdsAt(velocity_loss_portion("0.75"),(205/8<S=<26))
holdsAt(velocity_loss_portion("0.75"),(26<S=<1000))
fholdsAt(height,1/4,(26<S=<1000))
fholdsAt(velocity,0,(26<S=<1000))
fholdsAtC(height,(10->0),(10<S=<20),((1,10),-1))
fholdsAtC(height,(0->5/2),(20<S=<45/2),((1,0),1))
fholdsAtC(height,(5/2->0),(45/2<S=<25),((1,5/2),-1))
fholdsAtC(height,(0->5/8),(25<S=<205/8),((1,0),1))
fholdsAtC(height,(5/8->1/4),(205/8<S=<26),((1,5/8),-1))
fholdsAtC(velocity,(0->10),(10<S=<20),((1,0),1))
fholdsAtC(velocity,(10->0),(20<S=<45/2),(("0.25",10),-1))
fholdsAtC(velocity,(0->5/2),(45/2<S=<25),((1,0),1))
fholdsAtC(velocity,(5/2->0),(25<S=<205/8),(("0.25",5/2),-1))
fholdsAtC(velocity,(0->3/8),(205/8<S=<26),((1,0),1))
Assignment:
(height,0)=10 (height,1)=0 (height,2)=5/2 (height,3)=0 (height,4)=5/8 (height,5)=1/4 (height,6)=1/4 (obs,10)=10 (obs,26)=26 (time,0)=10 (time,1)=20 (time,2)=45/2 (time,3)=25 (time,4)=205/8 (time,5)=26 (time,6)=1000 (velocity,0)=0 (velocity,1)=10 (velocity,2)=0 (velocity,3)=5/2 (velocity,4)=0 (velocity,5)=3/8 (velocity,6)=0
SATISFIABLE

Models       : 1
Calls        : 1
Time         : 0.086s (Solving: 0.02s 1st Model: 0.02s Unsat: 0.00s)
CPU Time     : 0.067s


Command exited with non-zero status 30

  real      0:01.06
  real [s]  1.06
  user [s]  0.63
  sys  [s]  0.18
  mem  [KB] 19072
  avgm [KB] 0
