$ clingo-lpx --strict -n0 ../axioms/fdec.lp ../axioms/fdec-show.lp -c maxstep=7 -c maxtime=1000 ./fix-flat_loss.lp ./narrative2.lp | ../utils/replace_assignments.sh | ../utils/make-readable.sh


clingo-lpx version 1.3.0
Reading from ../axioms/fdec.lp ...
Solving...
Answer: 1
(Time: 0.072s)
happens(bounce_up,20)
happens(bounce_up,49/2)
happens(drop,10)
happens(fall_down,10)
happens(fall_down,89/4)
happens(fall_down,397/16)
happens(hit_ground,20)
happens(hit_ground,49/2)
happens(hit_ground,201/8)
happens(reach_apex,89/4)
happens(reach_apex,397/16)
happens(stop_bouncing,201/8)
holdsAt(falling,(10,"< S =<",20))
holdsAt(falling,(89/4,"< S =<",49/2))
holdsAt(falling,(397/16,"< S =<",201/8))
holdsAt(rising,(20,"< S =<",89/4))
holdsAt(rising,(49/2,"< S =<",397/16))
holdsAt(constant_fall_rate(1),(0,"< S =<",10))
holdsAt(constant_fall_rate(1),(10,"< S =<",20))
holdsAt(constant_fall_rate(1),(20,"< S =<",89/4))
holdsAt(constant_fall_rate(1),(89/4,"< S =<",49/2))
holdsAt(constant_fall_rate(1),(49/2,"< S =<",397/16))
holdsAt(constant_fall_rate(1),(397/16,"< S =<",201/8))
holdsAt(constant_fall_rate(1),(201/8,"< S =<",1000))
holdsAt(constant_velocity_loss_bounce(1),(0,"< S =<",10))
holdsAt(constant_velocity_loss_bounce(1),(10,"< S =<",20))
holdsAt(constant_velocity_loss_bounce(1),(20,"< S =<",89/4))
holdsAt(constant_velocity_loss_bounce(1),(89/4,"< S =<",49/2))
holdsAt(constant_velocity_loss_bounce(1),(49/2,"< S =<",397/16))
holdsAt(constant_velocity_loss_bounce(1),(397/16,"< S =<",201/8))
holdsAt(constant_velocity_loss_bounce(1),(201/8,"< S =<",1000))
holdsAt(velocity_loss_portion("0.75"),(0,"< S =<",10))
holdsAt(velocity_loss_portion("0.75"),(10,"< S =<",20))
holdsAt(velocity_loss_portion("0.75"),(20,"< S =<",89/4))
holdsAt(velocity_loss_portion("0.75"),(89/4,"< S =<",49/2))
holdsAt(velocity_loss_portion("0.75"),(49/2,"< S =<",397/16))
holdsAt(velocity_loss_portion("0.75"),(397/16,"< S =<",201/8))
holdsAt(velocity_loss_portion("0.75"),(201/8,"< S =<",1000))
releasedAt(height,(10,"< S =<",20))
releasedAt(height,(20,"< S =<",89/4))
releasedAt(height,(89/4,"< S =<",49/2))
releasedAt(height,(49/2,"< S =<",397/16))
releasedAt(height,(397/16,"< S =<",201/8))
releasedAt(velocity,(10,"< S =<",20))
releasedAt(velocity,(20,"< S =<",89/4))
releasedAt(velocity,(89/4,"< S =<",49/2))
releasedAt(velocity,(49/2,"< S =<",397/16))
releasedAt(velocity,(397/16,"< S =<",201/8))
fholdsAt(height,10,(0,"< S =<",10))
fholdsAt(height,0,(201/8,"< S =<",1000))
fholdsAt(velocity,0,(0,"< S =<",10))
fholdsAt(velocity,0,(201/8,"< S =<",1000))
fholdsAtC(height,(10,"->",0),(10,"< S =<",20),eq(off1(0),"*",koef1(0),"+",koef2(1),"*",base(10),"+",inc(-1),"*",dur(20,"-",10)))
fholdsAtC(height,(0,"->",9/4),(20,"< S =<",89/4),eq(off1(0),"*",koef1(0),"+",koef2(1),"*",base(0),"+",inc(1),"*",dur(89/4,"-",20)))
fholdsAtC(height,(9/4,"->",0),(89/4,"< S =<",49/2),eq(off1(0),"*",koef1(0),"+",koef2(1),"*",base(9/4),"+",inc(-1),"*",dur(49/2,"-",89/4)))
fholdsAtC(height,(0,"->",5/16),(49/2,"< S =<",397/16),eq(off1(0),"*",koef1(0),"+",koef2(1),"*",base(0),"+",inc(1),"*",dur(397/16,"-",49/2)))
fholdsAtC(height,(5/16,"->",0),(397/16,"< S =<",201/8),eq(off1(0),"*",koef1(0),"+",koef2(1),"*",base(5/16),"+",inc(-1),"*",dur(201/8,"-",397/16)))
fholdsAtC(velocity,(0,"->",10),(10,"< S =<",20),eq(off1(0),"*",koef1(0),"+",koef2(1),"*",base(0),"+",inc(1),"*",dur(20,"-",10)))
fholdsAtC(velocity,(10,"->",0),(20,"< S =<",89/4),eq(off1("0.25"),"*",koef1(-1),"+",koef2("0.25"),"*",base(10),"+",inc(-1),"*",dur(89/4,"-",20)))
fholdsAtC(velocity,(0,"->",9/4),(89/4,"< S =<",49/2),eq(off1(0),"*",koef1(0),"+",koef2(1),"*",base(0),"+",inc(1),"*",dur(49/2,"-",89/4)))
fholdsAtC(velocity,(9/4,"->",0),(49/2,"< S =<",397/16),eq(off1("0.25"),"*",koef1(-1),"+",koef2("0.25"),"*",base(9/4),"+",inc(-1),"*",dur(397/16,"-",49/2)))
fholdsAtC(velocity,(0,"->",5/16),(397/16,"< S =<",201/8),eq(off1(0),"*",koef1(0),"+",koef2(1),"*",base(0),"+",inc(1),"*",dur(201/8,"-",397/16)))
Assignment: [leftovers]
(height,0)=10
(velocity,0)=0
timeDiff(0,0)=0
timeDiff(0,1)=10
timeDiff(0,2)=20
timeDiff(0,3)=89/4
timeDiff(0,4)=49/2
timeDiff(0,5)=397/16
timeDiff(0,6)=201/8
timeDiff(0,7)=1000
timeDiff(1,1)=0
timeDiff(1,2)=10
timeDiff(1,3)=49/4
timeDiff(1,4)=29/2
timeDiff(1,5)=237/16
timeDiff(1,6)=121/8
timeDiff(1,7)=990
timeDiff(2,2)=0
timeDiff(2,3)=9/4
timeDiff(2,4)=9/2
timeDiff(2,5)=77/16
timeDiff(2,6)=41/8
timeDiff(2,7)=980
timeDiff(3,3)=0
timeDiff(3,4)=9/4
timeDiff(3,5)=41/16
timeDiff(3,6)=23/8
timeDiff(3,7)=3911/4
timeDiff(4,4)=0
timeDiff(4,5)=5/16
timeDiff(4,6)=5/8
timeDiff(4,7)=1951/2
timeDiff(5,5)=0
timeDiff(5,6)=5/16
timeDiff(5,7)=15603/16
timeDiff(6,6)=0
timeDiff(6,7)=7799/8
timeDiff(7,7)=0
SATISFIABLE

Models       : 1
Calls        : 1
Time         : 0.072s (Solving: 0.02s 1st Model: 0.01s Unsat: 0.00s)
CPU Time     : 0.054s

Command exited with non-zero status 30

  real      0:00.08
  real [s]  0.08
  user [s]  0.05
  sys  [s]  0.00
  mem  [KB] 10368
  avgm [KB] 0
