$ clingo-lpx --strict -n0 ../axioms/fdec.lp ../axioms/fdec-show.lp -c maxstep=50 -c maxtime=1000 ./model.lp ./narrative2.lp -c disablelaststep=1 | ../utils/replace_assignments.sh | ../utils/make-readable.sh


clingo-lpx version 1.3.0
Reading from ../axioms/fdec.lp ...
Solving...
Answer: 1
(Time: 45.673s)
happens(bounce_up,20)
happens(bounce_up,25)
happens(bounce_up,105/4)
happens(bounce_up,425/16)
happens(bounce_up,1705/64)
happens(bounce_up,6825/256)
happens(bounce_up,27305/1024)
happens(bounce_up,109225/4096)
happens(bounce_up,436905/16384)
happens(bounce_up,1747625/65536)
happens(bounce_up,6990505/262144)
happens(bounce_up,27962025/1048576)
happens(bounce_up,111848105/4194304)
happens(bounce_up,447392425/16777216)
happens(bounce_up,1789569705/67108864)
happens(bounce_up,7158278825/268435456)
happens(bounce_up,28633115305/1073741824)
happens(bounce_up,114532461225/4294967296)
happens(bounce_up,458129844905/17179869184)
happens(bounce_up,1832519379625/68719476736)
happens(bounce_up,7330077518505/274877906944)
happens(bounce_up,29320310074025/1099511627776)
happens(bounce_up,117281240296105/4398046511104)
happens(bounce_up,469124961184425/17592186044416)
happens(bounce_up,1876499844737705/70368744177664)
happens(drop,10)
happens(fall_down,10)
happens(fall_down,45/2)
happens(fall_down,205/8)
happens(fall_down,845/32)
happens(fall_down,3405/128)
happens(fall_down,13645/512)
happens(fall_down,54605/2048)
happens(fall_down,218445/8192)
happens(fall_down,873805/32768)
happens(fall_down,3495245/131072)
happens(fall_down,13981005/524288)
happens(fall_down,55924045/2097152)
happens(fall_down,223696205/8388608)
happens(fall_down,894784845/33554432)
happens(fall_down,3579139405/134217728)
happens(fall_down,14316557645/536870912)
happens(fall_down,57266230605/2147483648)
happens(fall_down,229064922445/8589934592)
happens(fall_down,916259689805/34359738368)
happens(fall_down,3665038759245/137438953472)
happens(fall_down,14660155037005/549755813888)
happens(fall_down,58640620148045/2199023255552)
happens(fall_down,234562480592205/8796093022208)
happens(fall_down,938249922368845/35184372088832)
happens(fall_down,3752999689475405/140737488355328)
happens(hit_ground,20)
happens(hit_ground,25)
happens(hit_ground,105/4)
happens(hit_ground,425/16)
happens(hit_ground,1705/64)
happens(hit_ground,6825/256)
happens(hit_ground,27305/1024)
happens(hit_ground,109225/4096)
happens(hit_ground,436905/16384)
happens(hit_ground,1747625/65536)
happens(hit_ground,6990505/262144)
happens(hit_ground,27962025/1048576)
happens(hit_ground,111848105/4194304)
happens(hit_ground,447392425/16777216)
happens(hit_ground,1789569705/67108864)
happens(hit_ground,7158278825/268435456)
happens(hit_ground,28633115305/1073741824)
happens(hit_ground,114532461225/4294967296)
happens(hit_ground,458129844905/17179869184)
happens(hit_ground,1832519379625/68719476736)
happens(hit_ground,7330077518505/274877906944)
happens(hit_ground,29320310074025/1099511627776)
happens(hit_ground,117281240296105/4398046511104)
happens(hit_ground,469124961184425/17592186044416)
happens(hit_ground,1876499844737705/70368744177664)
happens(reach_apex,45/2)
happens(reach_apex,205/8)
happens(reach_apex,845/32)
happens(reach_apex,3405/128)
happens(reach_apex,13645/512)
happens(reach_apex,54605/2048)
happens(reach_apex,218445/8192)
happens(reach_apex,873805/32768)
happens(reach_apex,3495245/131072)
happens(reach_apex,13981005/524288)
happens(reach_apex,55924045/2097152)
happens(reach_apex,223696205/8388608)
happens(reach_apex,894784845/33554432)
happens(reach_apex,3579139405/134217728)
happens(reach_apex,14316557645/536870912)
happens(reach_apex,57266230605/2147483648)
happens(reach_apex,229064922445/8589934592)
happens(reach_apex,916259689805/34359738368)
happens(reach_apex,3665038759245/137438953472)
happens(reach_apex,14660155037005/549755813888)
happens(reach_apex,58640620148045/2199023255552)
happens(reach_apex,234562480592205/8796093022208)
happens(reach_apex,938249922368845/35184372088832)
happens(reach_apex,3752999689475405/140737488355328)
holdsAt(falling,(10,"< T =<",20))
holdsAt(falling,(45/2,"< T =<",25))
holdsAt(falling,(205/8,"< T =<",105/4))
holdsAt(falling,(845/32,"< T =<",425/16))
holdsAt(falling,(3405/128,"< T =<",1705/64))
holdsAt(falling,(13645/512,"< T =<",6825/256))
holdsAt(falling,(54605/2048,"< T =<",27305/1024))
holdsAt(falling,(218445/8192,"< T =<",109225/4096))
holdsAt(falling,(873805/32768,"< T =<",436905/16384))
holdsAt(falling,(3495245/131072,"< T =<",1747625/65536))
holdsAt(falling,(13981005/524288,"< T =<",6990505/262144))
holdsAt(falling,(55924045/2097152,"< T =<",27962025/1048576))
holdsAt(falling,(223696205/8388608,"< T =<",111848105/4194304))
holdsAt(falling,(894784845/33554432,"< T =<",447392425/16777216))
holdsAt(falling,(3579139405/134217728,"< T =<",1789569705/67108864))
holdsAt(falling,(14316557645/536870912,"< T =<",7158278825/268435456))
holdsAt(falling,(57266230605/2147483648,"< T =<",28633115305/1073741824))
holdsAt(falling,(229064922445/8589934592,"< T =<",114532461225/4294967296))
holdsAt(falling,(916259689805/34359738368,"< T =<",458129844905/17179869184))
holdsAt(falling,(3665038759245/137438953472,"< T =<",1832519379625/68719476736))
holdsAt(falling,(14660155037005/549755813888,"< T =<",7330077518505/274877906944))
holdsAt(falling,(58640620148045/2199023255552,"< T =<",29320310074025/1099511627776))
holdsAt(falling,(234562480592205/8796093022208,"< T =<",117281240296105/4398046511104))
holdsAt(falling,(938249922368845/35184372088832,"< T =<",469124961184425/17592186044416))
holdsAt(falling,(3752999689475405/140737488355328,"< T =<",1876499844737705/70368744177664))
holdsAt(rising,(20,"< T =<",45/2))
holdsAt(rising,(25,"< T =<",205/8))
holdsAt(rising,(105/4,"< T =<",845/32))
holdsAt(rising,(425/16,"< T =<",3405/128))
holdsAt(rising,(1705/64,"< T =<",13645/512))
holdsAt(rising,(6825/256,"< T =<",54605/2048))
holdsAt(rising,(27305/1024,"< T =<",218445/8192))
holdsAt(rising,(109225/4096,"< T =<",873805/32768))
holdsAt(rising,(436905/16384,"< T =<",3495245/131072))
holdsAt(rising,(1747625/65536,"< T =<",13981005/524288))
holdsAt(rising,(6990505/262144,"< T =<",55924045/2097152))
holdsAt(rising,(27962025/1048576,"< T =<",223696205/8388608))
holdsAt(rising,(111848105/4194304,"< T =<",894784845/33554432))
holdsAt(rising,(447392425/16777216,"< T =<",3579139405/134217728))
holdsAt(rising,(1789569705/67108864,"< T =<",14316557645/536870912))
holdsAt(rising,(7158278825/268435456,"< T =<",57266230605/2147483648))
holdsAt(rising,(28633115305/1073741824,"< T =<",229064922445/8589934592))
holdsAt(rising,(114532461225/4294967296,"< T =<",916259689805/34359738368))
holdsAt(rising,(458129844905/17179869184,"< T =<",3665038759245/137438953472))
holdsAt(rising,(1832519379625/68719476736,"< T =<",14660155037005/549755813888))
holdsAt(rising,(7330077518505/274877906944,"< T =<",58640620148045/2199023255552))
holdsAt(rising,(29320310074025/1099511627776,"< T =<",234562480592205/8796093022208))
holdsAt(rising,(117281240296105/4398046511104,"< T =<",938249922368845/35184372088832))
holdsAt(rising,(469124961184425/17592186044416,"< T =<",3752999689475405/140737488355328))
holdsAt(constant_fall_rate(1),(0,"< T =<",10))
holdsAt(constant_fall_rate(1),(10,"< T =<",20))
holdsAt(constant_fall_rate(1),(20,"< T =<",45/2))
holdsAt(constant_fall_rate(1),(45/2,"< T =<",25))
holdsAt(constant_fall_rate(1),(25,"< T =<",205/8))
holdsAt(constant_fall_rate(1),(205/8,"< T =<",105/4))
holdsAt(constant_fall_rate(1),(105/4,"< T =<",845/32))
holdsAt(constant_fall_rate(1),(845/32,"< T =<",425/16))
holdsAt(constant_fall_rate(1),(425/16,"< T =<",3405/128))
holdsAt(constant_fall_rate(1),(3405/128,"< T =<",1705/64))
holdsAt(constant_fall_rate(1),(1705/64,"< T =<",13645/512))
holdsAt(constant_fall_rate(1),(13645/512,"< T =<",6825/256))
holdsAt(constant_fall_rate(1),(6825/256,"< T =<",54605/2048))
holdsAt(constant_fall_rate(1),(54605/2048,"< T =<",27305/1024))
holdsAt(constant_fall_rate(1),(27305/1024,"< T =<",218445/8192))
holdsAt(constant_fall_rate(1),(218445/8192,"< T =<",109225/4096))
holdsAt(constant_fall_rate(1),(109225/4096,"< T =<",873805/32768))
holdsAt(constant_fall_rate(1),(873805/32768,"< T =<",436905/16384))
holdsAt(constant_fall_rate(1),(436905/16384,"< T =<",3495245/131072))
holdsAt(constant_fall_rate(1),(3495245/131072,"< T =<",1747625/65536))
holdsAt(constant_fall_rate(1),(1747625/65536,"< T =<",13981005/524288))
holdsAt(constant_fall_rate(1),(13981005/524288,"< T =<",6990505/262144))
holdsAt(constant_fall_rate(1),(6990505/262144,"< T =<",55924045/2097152))
holdsAt(constant_fall_rate(1),(55924045/2097152,"< T =<",27962025/1048576))
holdsAt(constant_fall_rate(1),(27962025/1048576,"< T =<",223696205/8388608))
holdsAt(constant_fall_rate(1),(223696205/8388608,"< T =<",111848105/4194304))
holdsAt(constant_fall_rate(1),(111848105/4194304,"< T =<",894784845/33554432))
holdsAt(constant_fall_rate(1),(894784845/33554432,"< T =<",447392425/16777216))
holdsAt(constant_fall_rate(1),(447392425/16777216,"< T =<",3579139405/134217728))
holdsAt(constant_fall_rate(1),(3579139405/134217728,"< T =<",1789569705/67108864))
holdsAt(constant_fall_rate(1),(1789569705/67108864,"< T =<",14316557645/536870912))
holdsAt(constant_fall_rate(1),(14316557645/536870912,"< T =<",7158278825/268435456))
holdsAt(constant_fall_rate(1),(7158278825/268435456,"< T =<",57266230605/2147483648))
holdsAt(constant_fall_rate(1),(57266230605/2147483648,"< T =<",28633115305/1073741824))
holdsAt(constant_fall_rate(1),(28633115305/1073741824,"< T =<",229064922445/8589934592))
holdsAt(constant_fall_rate(1),(229064922445/8589934592,"< T =<",114532461225/4294967296))
holdsAt(constant_fall_rate(1),(114532461225/4294967296,"< T =<",916259689805/34359738368))
holdsAt(constant_fall_rate(1),(916259689805/34359738368,"< T =<",458129844905/17179869184))
holdsAt(constant_fall_rate(1),(458129844905/17179869184,"< T =<",3665038759245/137438953472))
holdsAt(constant_fall_rate(1),(3665038759245/137438953472,"< T =<",1832519379625/68719476736))
holdsAt(constant_fall_rate(1),(1832519379625/68719476736,"< T =<",14660155037005/549755813888))
holdsAt(constant_fall_rate(1),(14660155037005/549755813888,"< T =<",7330077518505/274877906944))
holdsAt(constant_fall_rate(1),(7330077518505/274877906944,"< T =<",58640620148045/2199023255552))
holdsAt(constant_fall_rate(1),(58640620148045/2199023255552,"< T =<",29320310074025/1099511627776))
holdsAt(constant_fall_rate(1),(29320310074025/1099511627776,"< T =<",234562480592205/8796093022208))
holdsAt(constant_fall_rate(1),(234562480592205/8796093022208,"< T =<",117281240296105/4398046511104))
holdsAt(constant_fall_rate(1),(117281240296105/4398046511104,"< T =<",938249922368845/35184372088832))
holdsAt(constant_fall_rate(1),(938249922368845/35184372088832,"< T =<",469124961184425/17592186044416))
holdsAt(constant_fall_rate(1),(469124961184425/17592186044416,"< T =<",3752999689475405/140737488355328))
holdsAt(constant_fall_rate(1),(3752999689475405/140737488355328,"< T =<",1876499844737705/70368744177664))
holdsAt(velocity_loss_portion("0.75"),(0,"< T =<",10))
holdsAt(velocity_loss_portion("0.75"),(10,"< T =<",20))
holdsAt(velocity_loss_portion("0.75"),(20,"< T =<",45/2))
holdsAt(velocity_loss_portion("0.75"),(45/2,"< T =<",25))
holdsAt(velocity_loss_portion("0.75"),(25,"< T =<",205/8))
holdsAt(velocity_loss_portion("0.75"),(205/8,"< T =<",105/4))
holdsAt(velocity_loss_portion("0.75"),(105/4,"< T =<",845/32))
holdsAt(velocity_loss_portion("0.75"),(845/32,"< T =<",425/16))
holdsAt(velocity_loss_portion("0.75"),(425/16,"< T =<",3405/128))
holdsAt(velocity_loss_portion("0.75"),(3405/128,"< T =<",1705/64))
holdsAt(velocity_loss_portion("0.75"),(1705/64,"< T =<",13645/512))
holdsAt(velocity_loss_portion("0.75"),(13645/512,"< T =<",6825/256))
holdsAt(velocity_loss_portion("0.75"),(6825/256,"< T =<",54605/2048))
holdsAt(velocity_loss_portion("0.75"),(54605/2048,"< T =<",27305/1024))
holdsAt(velocity_loss_portion("0.75"),(27305/1024,"< T =<",218445/8192))
holdsAt(velocity_loss_portion("0.75"),(218445/8192,"< T =<",109225/4096))
holdsAt(velocity_loss_portion("0.75"),(109225/4096,"< T =<",873805/32768))
holdsAt(velocity_loss_portion("0.75"),(873805/32768,"< T =<",436905/16384))
holdsAt(velocity_loss_portion("0.75"),(436905/16384,"< T =<",3495245/131072))
holdsAt(velocity_loss_portion("0.75"),(3495245/131072,"< T =<",1747625/65536))
holdsAt(velocity_loss_portion("0.75"),(1747625/65536,"< T =<",13981005/524288))
holdsAt(velocity_loss_portion("0.75"),(13981005/524288,"< T =<",6990505/262144))
holdsAt(velocity_loss_portion("0.75"),(6990505/262144,"< T =<",55924045/2097152))
holdsAt(velocity_loss_portion("0.75"),(55924045/2097152,"< T =<",27962025/1048576))
holdsAt(velocity_loss_portion("0.75"),(27962025/1048576,"< T =<",223696205/8388608))
holdsAt(velocity_loss_portion("0.75"),(223696205/8388608,"< T =<",111848105/4194304))
holdsAt(velocity_loss_portion("0.75"),(111848105/4194304,"< T =<",894784845/33554432))
holdsAt(velocity_loss_portion("0.75"),(894784845/33554432,"< T =<",447392425/16777216))
holdsAt(velocity_loss_portion("0.75"),(447392425/16777216,"< T =<",3579139405/134217728))
holdsAt(velocity_loss_portion("0.75"),(3579139405/134217728,"< T =<",1789569705/67108864))
holdsAt(velocity_loss_portion("0.75"),(1789569705/67108864,"< T =<",14316557645/536870912))
holdsAt(velocity_loss_portion("0.75"),(14316557645/536870912,"< T =<",7158278825/268435456))
holdsAt(velocity_loss_portion("0.75"),(7158278825/268435456,"< T =<",57266230605/2147483648))
holdsAt(velocity_loss_portion("0.75"),(57266230605/2147483648,"< T =<",28633115305/1073741824))
holdsAt(velocity_loss_portion("0.75"),(28633115305/1073741824,"< T =<",229064922445/8589934592))
holdsAt(velocity_loss_portion("0.75"),(229064922445/8589934592,"< T =<",114532461225/4294967296))
holdsAt(velocity_loss_portion("0.75"),(114532461225/4294967296,"< T =<",916259689805/34359738368))
holdsAt(velocity_loss_portion("0.75"),(916259689805/34359738368,"< T =<",458129844905/17179869184))
holdsAt(velocity_loss_portion("0.75"),(458129844905/17179869184,"< T =<",3665038759245/137438953472))
holdsAt(velocity_loss_portion("0.75"),(3665038759245/137438953472,"< T =<",1832519379625/68719476736))
holdsAt(velocity_loss_portion("0.75"),(1832519379625/68719476736,"< T =<",14660155037005/549755813888))
holdsAt(velocity_loss_portion("0.75"),(14660155037005/549755813888,"< T =<",7330077518505/274877906944))
holdsAt(velocity_loss_portion("0.75"),(7330077518505/274877906944,"< T =<",58640620148045/2199023255552))
holdsAt(velocity_loss_portion("0.75"),(58640620148045/2199023255552,"< T =<",29320310074025/1099511627776))
holdsAt(velocity_loss_portion("0.75"),(29320310074025/1099511627776,"< T =<",234562480592205/8796093022208))
holdsAt(velocity_loss_portion("0.75"),(234562480592205/8796093022208,"< T =<",117281240296105/4398046511104))
holdsAt(velocity_loss_portion("0.75"),(117281240296105/4398046511104,"< T =<",938249922368845/35184372088832))
holdsAt(velocity_loss_portion("0.75"),(938249922368845/35184372088832,"< T =<",469124961184425/17592186044416))
holdsAt(velocity_loss_portion("0.75"),(469124961184425/17592186044416,"< T =<",3752999689475405/140737488355328))
holdsAt(velocity_loss_portion("0.75"),(3752999689475405/140737488355328,"< T =<",1876499844737705/70368744177664))
releasedAt(height,(10,"< T =<",20))
releasedAt(height,(20,"< T =<",45/2))
releasedAt(height,(45/2,"< T =<",25))
releasedAt(height,(25,"< T =<",205/8))
releasedAt(height,(205/8,"< T =<",105/4))
releasedAt(height,(105/4,"< T =<",845/32))
releasedAt(height,(845/32,"< T =<",425/16))
releasedAt(height,(425/16,"< T =<",3405/128))
releasedAt(height,(3405/128,"< T =<",1705/64))
releasedAt(height,(1705/64,"< T =<",13645/512))
releasedAt(height,(13645/512,"< T =<",6825/256))
releasedAt(height,(6825/256,"< T =<",54605/2048))
releasedAt(height,(54605/2048,"< T =<",27305/1024))
releasedAt(height,(27305/1024,"< T =<",218445/8192))
releasedAt(height,(218445/8192,"< T =<",109225/4096))
releasedAt(height,(109225/4096,"< T =<",873805/32768))
releasedAt(height,(873805/32768,"< T =<",436905/16384))
releasedAt(height,(436905/16384,"< T =<",3495245/131072))
releasedAt(height,(3495245/131072,"< T =<",1747625/65536))
releasedAt(height,(1747625/65536,"< T =<",13981005/524288))
releasedAt(height,(13981005/524288,"< T =<",6990505/262144))
releasedAt(height,(6990505/262144,"< T =<",55924045/2097152))
releasedAt(height,(55924045/2097152,"< T =<",27962025/1048576))
releasedAt(height,(27962025/1048576,"< T =<",223696205/8388608))
releasedAt(height,(223696205/8388608,"< T =<",111848105/4194304))
releasedAt(height,(111848105/4194304,"< T =<",894784845/33554432))
releasedAt(height,(894784845/33554432,"< T =<",447392425/16777216))
releasedAt(height,(447392425/16777216,"< T =<",3579139405/134217728))
releasedAt(height,(3579139405/134217728,"< T =<",1789569705/67108864))
releasedAt(height,(1789569705/67108864,"< T =<",14316557645/536870912))
releasedAt(height,(14316557645/536870912,"< T =<",7158278825/268435456))
releasedAt(height,(7158278825/268435456,"< T =<",57266230605/2147483648))
releasedAt(height,(57266230605/2147483648,"< T =<",28633115305/1073741824))
releasedAt(height,(28633115305/1073741824,"< T =<",229064922445/8589934592))
releasedAt(height,(229064922445/8589934592,"< T =<",114532461225/4294967296))
releasedAt(height,(114532461225/4294967296,"< T =<",916259689805/34359738368))
releasedAt(height,(916259689805/34359738368,"< T =<",458129844905/17179869184))
releasedAt(height,(458129844905/17179869184,"< T =<",3665038759245/137438953472))
releasedAt(height,(3665038759245/137438953472,"< T =<",1832519379625/68719476736))
releasedAt(height,(1832519379625/68719476736,"< T =<",14660155037005/549755813888))
releasedAt(height,(14660155037005/549755813888,"< T =<",7330077518505/274877906944))
releasedAt(height,(7330077518505/274877906944,"< T =<",58640620148045/2199023255552))
releasedAt(height,(58640620148045/2199023255552,"< T =<",29320310074025/1099511627776))
releasedAt(height,(29320310074025/1099511627776,"< T =<",234562480592205/8796093022208))
releasedAt(height,(234562480592205/8796093022208,"< T =<",117281240296105/4398046511104))
releasedAt(height,(117281240296105/4398046511104,"< T =<",938249922368845/35184372088832))
releasedAt(height,(938249922368845/35184372088832,"< T =<",469124961184425/17592186044416))
releasedAt(height,(469124961184425/17592186044416,"< T =<",3752999689475405/140737488355328))
releasedAt(height,(3752999689475405/140737488355328,"< T =<",1876499844737705/70368744177664))
releasedAt(velocity,(10,"< T =<",20))
releasedAt(velocity,(20,"< T =<",45/2))
releasedAt(velocity,(45/2,"< T =<",25))
releasedAt(velocity,(25,"< T =<",205/8))
releasedAt(velocity,(205/8,"< T =<",105/4))
releasedAt(velocity,(105/4,"< T =<",845/32))
releasedAt(velocity,(845/32,"< T =<",425/16))
releasedAt(velocity,(425/16,"< T =<",3405/128))
releasedAt(velocity,(3405/128,"< T =<",1705/64))
releasedAt(velocity,(1705/64,"< T =<",13645/512))
releasedAt(velocity,(13645/512,"< T =<",6825/256))
releasedAt(velocity,(6825/256,"< T =<",54605/2048))
releasedAt(velocity,(54605/2048,"< T =<",27305/1024))
releasedAt(velocity,(27305/1024,"< T =<",218445/8192))
releasedAt(velocity,(218445/8192,"< T =<",109225/4096))
releasedAt(velocity,(109225/4096,"< T =<",873805/32768))
releasedAt(velocity,(873805/32768,"< T =<",436905/16384))
releasedAt(velocity,(436905/16384,"< T =<",3495245/131072))
releasedAt(velocity,(3495245/131072,"< T =<",1747625/65536))
releasedAt(velocity,(1747625/65536,"< T =<",13981005/524288))
releasedAt(velocity,(13981005/524288,"< T =<",6990505/262144))
releasedAt(velocity,(6990505/262144,"< T =<",55924045/2097152))
releasedAt(velocity,(55924045/2097152,"< T =<",27962025/1048576))
releasedAt(velocity,(27962025/1048576,"< T =<",223696205/8388608))
releasedAt(velocity,(223696205/8388608,"< T =<",111848105/4194304))
releasedAt(velocity,(111848105/4194304,"< T =<",894784845/33554432))
releasedAt(velocity,(894784845/33554432,"< T =<",447392425/16777216))
releasedAt(velocity,(447392425/16777216,"< T =<",3579139405/134217728))
releasedAt(velocity,(3579139405/134217728,"< T =<",1789569705/67108864))
releasedAt(velocity,(1789569705/67108864,"< T =<",14316557645/536870912))
releasedAt(velocity,(14316557645/536870912,"< T =<",7158278825/268435456))
releasedAt(velocity,(7158278825/268435456,"< T =<",57266230605/2147483648))
releasedAt(velocity,(57266230605/2147483648,"< T =<",28633115305/1073741824))
releasedAt(velocity,(28633115305/1073741824,"< T =<",229064922445/8589934592))
releasedAt(velocity,(229064922445/8589934592,"< T =<",114532461225/4294967296))
releasedAt(velocity,(114532461225/4294967296,"< T =<",916259689805/34359738368))
releasedAt(velocity,(916259689805/34359738368,"< T =<",458129844905/17179869184))
releasedAt(velocity,(458129844905/17179869184,"< T =<",3665038759245/137438953472))
releasedAt(velocity,(3665038759245/137438953472,"< T =<",1832519379625/68719476736))
releasedAt(velocity,(1832519379625/68719476736,"< T =<",14660155037005/549755813888))
releasedAt(velocity,(14660155037005/549755813888,"< T =<",7330077518505/274877906944))
releasedAt(velocity,(7330077518505/274877906944,"< T =<",58640620148045/2199023255552))
releasedAt(velocity,(58640620148045/2199023255552,"< T =<",29320310074025/1099511627776))
releasedAt(velocity,(29320310074025/1099511627776,"< T =<",234562480592205/8796093022208))
releasedAt(velocity,(234562480592205/8796093022208,"< T =<",117281240296105/4398046511104))
releasedAt(velocity,(117281240296105/4398046511104,"< T =<",938249922368845/35184372088832))
releasedAt(velocity,(938249922368845/35184372088832,"< T =<",469124961184425/17592186044416))
releasedAt(velocity,(469124961184425/17592186044416,"< T =<",3752999689475405/140737488355328))
releasedAt(velocity,(3752999689475405/140737488355328,"< T =<",1876499844737705/70368744177664))
fholdsAt(height,10,(0,"< T =<",10))
fholdsAt(velocity,0,(0,"< T =<",10))
fholdsAtC(height,(10,"->",0),(10,"< T =<",20),eq(off1(0),"*",koef1(0),"+",koef2(1),"*",base(10),"+",inc(-1),"*",dur(20,"-",10)))
fholdsAtC(height,(0,"->",5/2),(20,"< T =<",45/2),eq(off1(0),"*",koef1(0),"+",koef2(1),"*",base(0),"+",inc(1),"*",dur(45/2,"-",20)))
fholdsAtC(height,(5/2,"->",0),(45/2,"< T =<",25),eq(off1(0),"*",koef1(0),"+",koef2(1),"*",base(5/2),"+",inc(-1),"*",dur(25,"-",45/2)))
fholdsAtC(height,(0,"->",5/8),(25,"< T =<",205/8),eq(off1(0),"*",koef1(0),"+",koef2(1),"*",base(0),"+",inc(1),"*",dur(205/8,"-",25)))
fholdsAtC(height,(5/8,"->",0),(205/8,"< T =<",105/4),eq(off1(0),"*",koef1(0),"+",koef2(1),"*",base(5/8),"+",inc(-1),"*",dur(105/4,"-",205/8)))
fholdsAtC(height,(0,"->",5/32),(105/4,"< T =<",845/32),eq(off1(0),"*",koef1(0),"+",koef2(1),"*",base(0),"+",inc(1),"*",dur(845/32,"-",105/4)))
fholdsAtC(height,(5/32,"->",0),(845/32,"< T =<",425/16),eq(off1(0),"*",koef1(0),"+",koef2(1),"*",base(5/32),"+",inc(-1),"*",dur(425/16,"-",845/32)))
fholdsAtC(height,(0,"->",5/128),(425/16,"< T =<",3405/128),eq(off1(0),"*",koef1(0),"+",koef2(1),"*",base(0),"+",inc(1),"*",dur(3405/128,"-",425/16)))
fholdsAtC(height,(5/128,"->",0),(3405/128,"< T =<",1705/64),eq(off1(0),"*",koef1(0),"+",koef2(1),"*",base(5/128),"+",inc(-1),"*",dur(1705/64,"-",3405/128)))
fholdsAtC(height,(0,"->",5/512),(1705/64,"< T =<",13645/512),eq(off1(0),"*",koef1(0),"+",koef2(1),"*",base(0),"+",inc(1),"*",dur(13645/512,"-",1705/64)))
fholdsAtC(height,(5/512,"->",0),(13645/512,"< T =<",6825/256),eq(off1(0),"*",koef1(0),"+",koef2(1),"*",base(5/512),"+",inc(-1),"*",dur(6825/256,"-",13645/512)))
fholdsAtC(height,(0,"->",5/2048),(6825/256,"< T =<",54605/2048),eq(off1(0),"*",koef1(0),"+",koef2(1),"*",base(0),"+",inc(1),"*",dur(54605/2048,"-",6825/256)))
fholdsAtC(height,(5/2048,"->",0),(54605/2048,"< T =<",27305/1024),eq(off1(0),"*",koef1(0),"+",koef2(1),"*",base(5/2048),"+",inc(-1),"*",dur(27305/1024,"-",54605/2048)))
fholdsAtC(height,(0,"->",5/8192),(27305/1024,"< T =<",218445/8192),eq(off1(0),"*",koef1(0),"+",koef2(1),"*",base(0),"+",inc(1),"*",dur(218445/8192,"-",27305/1024)))
fholdsAtC(height,(5/8192,"->",0),(218445/8192,"< T =<",109225/4096),eq(off1(0),"*",koef1(0),"+",koef2(1),"*",base(5/8192),"+",inc(-1),"*",dur(109225/4096,"-",218445/8192)))
fholdsAtC(height,(0,"->",5/32768),(109225/4096,"< T =<",873805/32768),eq(off1(0),"*",koef1(0),"+",koef2(1),"*",base(0),"+",inc(1),"*",dur(873805/32768,"-",109225/4096)))
fholdsAtC(height,(5/32768,"->",0),(873805/32768,"< T =<",436905/16384),eq(off1(0),"*",koef1(0),"+",koef2(1),"*",base(5/32768),"+",inc(-1),"*",dur(436905/16384,"-",873805/32768)))
fholdsAtC(height,(0,"->",5/131072),(436905/16384,"< T =<",3495245/131072),eq(off1(0),"*",koef1(0),"+",koef2(1),"*",base(0),"+",inc(1),"*",dur(3495245/131072,"-",436905/16384)))
fholdsAtC(height,(5/131072,"->",0),(3495245/131072,"< T =<",1747625/65536),eq(off1(0),"*",koef1(0),"+",koef2(1),"*",base(5/131072),"+",inc(-1),"*",dur(1747625/65536,"-",3495245/131072)))
fholdsAtC(height,(0,"->",5/524288),(1747625/65536,"< T =<",13981005/524288),eq(off1(0),"*",koef1(0),"+",koef2(1),"*",base(0),"+",inc(1),"*",dur(13981005/524288,"-",1747625/65536)))
fholdsAtC(height,(5/524288,"->",0),(13981005/524288,"< T =<",6990505/262144),eq(off1(0),"*",koef1(0),"+",koef2(1),"*",base(5/524288),"+",inc(-1),"*",dur(6990505/262144,"-",13981005/524288)))
fholdsAtC(height,(0,"->",5/2097152),(6990505/262144,"< T =<",55924045/2097152),eq(off1(0),"*",koef1(0),"+",koef2(1),"*",base(0),"+",inc(1),"*",dur(55924045/2097152,"-",6990505/262144)))
fholdsAtC(height,(5/2097152,"->",0),(55924045/2097152,"< T =<",27962025/1048576),eq(off1(0),"*",koef1(0),"+",koef2(1),"*",base(5/2097152),"+",inc(-1),"*",dur(27962025/1048576,"-",55924045/2097152)))
fholdsAtC(height,(0,"->",5/8388608),(27962025/1048576,"< T =<",223696205/8388608),eq(off1(0),"*",koef1(0),"+",koef2(1),"*",base(0),"+",inc(1),"*",dur(223696205/8388608,"-",27962025/1048576)))
fholdsAtC(height,(5/8388608,"->",0),(223696205/8388608,"< T =<",111848105/4194304),eq(off1(0),"*",koef1(0),"+",koef2(1),"*",base(5/8388608),"+",inc(-1),"*",dur(111848105/4194304,"-",223696205/8388608)))
fholdsAtC(height,(0,"->",5/33554432),(111848105/4194304,"< T =<",894784845/33554432),eq(off1(0),"*",koef1(0),"+",koef2(1),"*",base(0),"+",inc(1),"*",dur(894784845/33554432,"-",111848105/4194304)))
fholdsAtC(height,(5/33554432,"->",0),(894784845/33554432,"< T =<",447392425/16777216),eq(off1(0),"*",koef1(0),"+",koef2(1),"*",base(5/33554432),"+",inc(-1),"*",dur(447392425/16777216,"-",894784845/33554432)))
fholdsAtC(height,(0,"->",5/134217728),(447392425/16777216,"< T =<",3579139405/134217728),eq(off1(0),"*",koef1(0),"+",koef2(1),"*",base(0),"+",inc(1),"*",dur(3579139405/134217728,"-",447392425/16777216)))
fholdsAtC(height,(5/134217728,"->",0),(3579139405/134217728,"< T =<",1789569705/67108864),eq(off1(0),"*",koef1(0),"+",koef2(1),"*",base(5/134217728),"+",inc(-1),"*",dur(1789569705/67108864,"-",3579139405/134217728)))
fholdsAtC(height,(0,"->",5/536870912),(1789569705/67108864,"< T =<",14316557645/536870912),eq(off1(0),"*",koef1(0),"+",koef2(1),"*",base(0),"+",inc(1),"*",dur(14316557645/536870912,"-",1789569705/67108864)))
fholdsAtC(height,(5/536870912,"->",0),(14316557645/536870912,"< T =<",7158278825/268435456),eq(off1(0),"*",koef1(0),"+",koef2(1),"*",base(5/536870912),"+",inc(-1),"*",dur(7158278825/268435456,"-",14316557645/536870912)))
fholdsAtC(height,(0,"->",5/2147483648),(7158278825/268435456,"< T =<",57266230605/2147483648),eq(off1(0),"*",koef1(0),"+",koef2(1),"*",base(0),"+",inc(1),"*",dur(57266230605/2147483648,"-",7158278825/268435456)))
fholdsAtC(height,(5/2147483648,"->",0),(57266230605/2147483648,"< T =<",28633115305/1073741824),eq(off1(0),"*",koef1(0),"+",koef2(1),"*",base(5/2147483648),"+",inc(-1),"*",dur(28633115305/1073741824,"-",57266230605/2147483648)))
fholdsAtC(height,(0,"->",5/8589934592),(28633115305/1073741824,"< T =<",229064922445/8589934592),eq(off1(0),"*",koef1(0),"+",koef2(1),"*",base(0),"+",inc(1),"*",dur(229064922445/8589934592,"-",28633115305/1073741824)))
fholdsAtC(height,(5/8589934592,"->",0),(229064922445/8589934592,"< T =<",114532461225/4294967296),eq(off1(0),"*",koef1(0),"+",koef2(1),"*",base(5/8589934592),"+",inc(-1),"*",dur(114532461225/4294967296,"-",229064922445/8589934592)))
fholdsAtC(height,(0,"->",5/34359738368),(114532461225/4294967296,"< T =<",916259689805/34359738368),eq(off1(0),"*",koef1(0),"+",koef2(1),"*",base(0),"+",inc(1),"*",dur(916259689805/34359738368,"-",114532461225/4294967296)))
fholdsAtC(height,(5/34359738368,"->",0),(916259689805/34359738368,"< T =<",458129844905/17179869184),eq(off1(0),"*",koef1(0),"+",koef2(1),"*",base(5/34359738368),"+",inc(-1),"*",dur(458129844905/17179869184,"-",916259689805/34359738368)))
fholdsAtC(height,(0,"->",5/137438953472),(458129844905/17179869184,"< T =<",3665038759245/137438953472),eq(off1(0),"*",koef1(0),"+",koef2(1),"*",base(0),"+",inc(1),"*",dur(3665038759245/137438953472,"-",458129844905/17179869184)))
fholdsAtC(height,(5/137438953472,"->",0),(3665038759245/137438953472,"< T =<",1832519379625/68719476736),eq(off1(0),"*",koef1(0),"+",koef2(1),"*",base(5/137438953472),"+",inc(-1),"*",dur(1832519379625/68719476736,"-",3665038759245/137438953472)))
fholdsAtC(height,(0,"->",5/549755813888),(1832519379625/68719476736,"< T =<",14660155037005/549755813888),eq(off1(0),"*",koef1(0),"+",koef2(1),"*",base(0),"+",inc(1),"*",dur(14660155037005/549755813888,"-",1832519379625/68719476736)))
fholdsAtC(height,(5/549755813888,"->",0),(14660155037005/549755813888,"< T =<",7330077518505/274877906944),eq(off1(0),"*",koef1(0),"+",koef2(1),"*",base(5/549755813888),"+",inc(-1),"*",dur(7330077518505/274877906944,"-",14660155037005/549755813888)))
fholdsAtC(height,(0,"->",5/2199023255552),(7330077518505/274877906944,"< T =<",58640620148045/2199023255552),eq(off1(0),"*",koef1(0),"+",koef2(1),"*",base(0),"+",inc(1),"*",dur(58640620148045/2199023255552,"-",7330077518505/274877906944)))
fholdsAtC(height,(5/2199023255552,"->",0),(58640620148045/2199023255552,"< T =<",29320310074025/1099511627776),eq(off1(0),"*",koef1(0),"+",koef2(1),"*",base(5/2199023255552),"+",inc(-1),"*",dur(29320310074025/1099511627776,"-",58640620148045/2199023255552)))
fholdsAtC(height,(0,"->",5/8796093022208),(29320310074025/1099511627776,"< T =<",234562480592205/8796093022208),eq(off1(0),"*",koef1(0),"+",koef2(1),"*",base(0),"+",inc(1),"*",dur(234562480592205/8796093022208,"-",29320310074025/1099511627776)))
fholdsAtC(height,(5/8796093022208,"->",0),(234562480592205/8796093022208,"< T =<",117281240296105/4398046511104),eq(off1(0),"*",koef1(0),"+",koef2(1),"*",base(5/8796093022208),"+",inc(-1),"*",dur(117281240296105/4398046511104,"-",234562480592205/8796093022208)))
fholdsAtC(height,(0,"->",5/35184372088832),(117281240296105/4398046511104,"< T =<",938249922368845/35184372088832),eq(off1(0),"*",koef1(0),"+",koef2(1),"*",base(0),"+",inc(1),"*",dur(938249922368845/35184372088832,"-",117281240296105/4398046511104)))
fholdsAtC(height,(5/35184372088832,"->",0),(938249922368845/35184372088832,"< T =<",469124961184425/17592186044416),eq(off1(0),"*",koef1(0),"+",koef2(1),"*",base(5/35184372088832),"+",inc(-1),"*",dur(469124961184425/17592186044416,"-",938249922368845/35184372088832)))
fholdsAtC(height,(0,"->",5/140737488355328),(469124961184425/17592186044416,"< T =<",3752999689475405/140737488355328),eq(off1(0),"*",koef1(0),"+",koef2(1),"*",base(0),"+",inc(1),"*",dur(3752999689475405/140737488355328,"-",469124961184425/17592186044416)))
fholdsAtC(height,(5/140737488355328,"->",0),(3752999689475405/140737488355328,"< T =<",1876499844737705/70368744177664),eq(off1(0),"*",koef1(0),"+",koef2(1),"*",base(5/140737488355328),"+",inc(-1),"*",dur(1876499844737705/70368744177664,"-",3752999689475405/140737488355328)))
fholdsAtC(velocity,(0,"->",10),(10,"< T =<",20),eq(off1(0),"*",koef1(0),"+",koef2(1),"*",base(0),"+",inc(1),"*",dur(20,"-",10)))
fholdsAtC(velocity,(10,"->",0),(20,"< T =<",45/2),eq(off1(0),"*",koef1(0),"+",koef2("0.25"),"*",base(10),"+",inc(-1),"*",dur(45/2,"-",20)))
fholdsAtC(velocity,(0,"->",5/2),(45/2,"< T =<",25),eq(off1(0),"*",koef1(0),"+",koef2(1),"*",base(0),"+",inc(1),"*",dur(25,"-",45/2)))
fholdsAtC(velocity,(5/2,"->",0),(25,"< T =<",205/8),eq(off1(0),"*",koef1(0),"+",koef2("0.25"),"*",base(5/2),"+",inc(-1),"*",dur(205/8,"-",25)))
fholdsAtC(velocity,(0,"->",5/8),(205/8,"< T =<",105/4),eq(off1(0),"*",koef1(0),"+",koef2(1),"*",base(0),"+",inc(1),"*",dur(105/4,"-",205/8)))
fholdsAtC(velocity,(5/8,"->",0),(105/4,"< T =<",845/32),eq(off1(0),"*",koef1(0),"+",koef2("0.25"),"*",base(5/8),"+",inc(-1),"*",dur(845/32,"-",105/4)))
fholdsAtC(velocity,(0,"->",5/32),(845/32,"< T =<",425/16),eq(off1(0),"*",koef1(0),"+",koef2(1),"*",base(0),"+",inc(1),"*",dur(425/16,"-",845/32)))
fholdsAtC(velocity,(5/32,"->",0),(425/16,"< T =<",3405/128),eq(off1(0),"*",koef1(0),"+",koef2("0.25"),"*",base(5/32),"+",inc(-1),"*",dur(3405/128,"-",425/16)))
fholdsAtC(velocity,(0,"->",5/128),(3405/128,"< T =<",1705/64),eq(off1(0),"*",koef1(0),"+",koef2(1),"*",base(0),"+",inc(1),"*",dur(1705/64,"-",3405/128)))
fholdsAtC(velocity,(5/128,"->",0),(1705/64,"< T =<",13645/512),eq(off1(0),"*",koef1(0),"+",koef2("0.25"),"*",base(5/128),"+",inc(-1),"*",dur(13645/512,"-",1705/64)))
fholdsAtC(velocity,(0,"->",5/512),(13645/512,"< T =<",6825/256),eq(off1(0),"*",koef1(0),"+",koef2(1),"*",base(0),"+",inc(1),"*",dur(6825/256,"-",13645/512)))
fholdsAtC(velocity,(5/512,"->",0),(6825/256,"< T =<",54605/2048),eq(off1(0),"*",koef1(0),"+",koef2("0.25"),"*",base(5/512),"+",inc(-1),"*",dur(54605/2048,"-",6825/256)))
fholdsAtC(velocity,(0,"->",5/2048),(54605/2048,"< T =<",27305/1024),eq(off1(0),"*",koef1(0),"+",koef2(1),"*",base(0),"+",inc(1),"*",dur(27305/1024,"-",54605/2048)))
fholdsAtC(velocity,(5/2048,"->",0),(27305/1024,"< T =<",218445/8192),eq(off1(0),"*",koef1(0),"+",koef2("0.25"),"*",base(5/2048),"+",inc(-1),"*",dur(218445/8192,"-",27305/1024)))
fholdsAtC(velocity,(0,"->",5/8192),(218445/8192,"< T =<",109225/4096),eq(off1(0),"*",koef1(0),"+",koef2(1),"*",base(0),"+",inc(1),"*",dur(109225/4096,"-",218445/8192)))
fholdsAtC(velocity,(5/8192,"->",0),(109225/4096,"< T =<",873805/32768),eq(off1(0),"*",koef1(0),"+",koef2("0.25"),"*",base(5/8192),"+",inc(-1),"*",dur(873805/32768,"-",109225/4096)))
fholdsAtC(velocity,(0,"->",5/32768),(873805/32768,"< T =<",436905/16384),eq(off1(0),"*",koef1(0),"+",koef2(1),"*",base(0),"+",inc(1),"*",dur(436905/16384,"-",873805/32768)))
fholdsAtC(velocity,(5/32768,"->",0),(436905/16384,"< T =<",3495245/131072),eq(off1(0),"*",koef1(0),"+",koef2("0.25"),"*",base(5/32768),"+",inc(-1),"*",dur(3495245/131072,"-",436905/16384)))
fholdsAtC(velocity,(0,"->",5/131072),(3495245/131072,"< T =<",1747625/65536),eq(off1(0),"*",koef1(0),"+",koef2(1),"*",base(0),"+",inc(1),"*",dur(1747625/65536,"-",3495245/131072)))
fholdsAtC(velocity,(5/131072,"->",0),(1747625/65536,"< T =<",13981005/524288),eq(off1(0),"*",koef1(0),"+",koef2("0.25"),"*",base(5/131072),"+",inc(-1),"*",dur(13981005/524288,"-",1747625/65536)))
fholdsAtC(velocity,(0,"->",5/524288),(13981005/524288,"< T =<",6990505/262144),eq(off1(0),"*",koef1(0),"+",koef2(1),"*",base(0),"+",inc(1),"*",dur(6990505/262144,"-",13981005/524288)))
fholdsAtC(velocity,(5/524288,"->",0),(6990505/262144,"< T =<",55924045/2097152),eq(off1(0),"*",koef1(0),"+",koef2("0.25"),"*",base(5/524288),"+",inc(-1),"*",dur(55924045/2097152,"-",6990505/262144)))
fholdsAtC(velocity,(0,"->",5/2097152),(55924045/2097152,"< T =<",27962025/1048576),eq(off1(0),"*",koef1(0),"+",koef2(1),"*",base(0),"+",inc(1),"*",dur(27962025/1048576,"-",55924045/2097152)))
fholdsAtC(velocity,(5/2097152,"->",0),(27962025/1048576,"< T =<",223696205/8388608),eq(off1(0),"*",koef1(0),"+",koef2("0.25"),"*",base(5/2097152),"+",inc(-1),"*",dur(223696205/8388608,"-",27962025/1048576)))
fholdsAtC(velocity,(0,"->",5/8388608),(223696205/8388608,"< T =<",111848105/4194304),eq(off1(0),"*",koef1(0),"+",koef2(1),"*",base(0),"+",inc(1),"*",dur(111848105/4194304,"-",223696205/8388608)))
fholdsAtC(velocity,(5/8388608,"->",0),(111848105/4194304,"< T =<",894784845/33554432),eq(off1(0),"*",koef1(0),"+",koef2("0.25"),"*",base(5/8388608),"+",inc(-1),"*",dur(894784845/33554432,"-",111848105/4194304)))
fholdsAtC(velocity,(0,"->",5/33554432),(894784845/33554432,"< T =<",447392425/16777216),eq(off1(0),"*",koef1(0),"+",koef2(1),"*",base(0),"+",inc(1),"*",dur(447392425/16777216,"-",894784845/33554432)))
fholdsAtC(velocity,(5/33554432,"->",0),(447392425/16777216,"< T =<",3579139405/134217728),eq(off1(0),"*",koef1(0),"+",koef2("0.25"),"*",base(5/33554432),"+",inc(-1),"*",dur(3579139405/134217728,"-",447392425/16777216)))
fholdsAtC(velocity,(0,"->",5/134217728),(3579139405/134217728,"< T =<",1789569705/67108864),eq(off1(0),"*",koef1(0),"+",koef2(1),"*",base(0),"+",inc(1),"*",dur(1789569705/67108864,"-",3579139405/134217728)))
fholdsAtC(velocity,(5/134217728,"->",0),(1789569705/67108864,"< T =<",14316557645/536870912),eq(off1(0),"*",koef1(0),"+",koef2("0.25"),"*",base(5/134217728),"+",inc(-1),"*",dur(14316557645/536870912,"-",1789569705/67108864)))
fholdsAtC(velocity,(0,"->",5/536870912),(14316557645/536870912,"< T =<",7158278825/268435456),eq(off1(0),"*",koef1(0),"+",koef2(1),"*",base(0),"+",inc(1),"*",dur(7158278825/268435456,"-",14316557645/536870912)))
fholdsAtC(velocity,(5/536870912,"->",0),(7158278825/268435456,"< T =<",57266230605/2147483648),eq(off1(0),"*",koef1(0),"+",koef2("0.25"),"*",base(5/536870912),"+",inc(-1),"*",dur(57266230605/2147483648,"-",7158278825/268435456)))
fholdsAtC(velocity,(0,"->",5/2147483648),(57266230605/2147483648,"< T =<",28633115305/1073741824),eq(off1(0),"*",koef1(0),"+",koef2(1),"*",base(0),"+",inc(1),"*",dur(28633115305/1073741824,"-",57266230605/2147483648)))
fholdsAtC(velocity,(5/2147483648,"->",0),(28633115305/1073741824,"< T =<",229064922445/8589934592),eq(off1(0),"*",koef1(0),"+",koef2("0.25"),"*",base(5/2147483648),"+",inc(-1),"*",dur(229064922445/8589934592,"-",28633115305/1073741824)))
fholdsAtC(velocity,(0,"->",5/8589934592),(229064922445/8589934592,"< T =<",114532461225/4294967296),eq(off1(0),"*",koef1(0),"+",koef2(1),"*",base(0),"+",inc(1),"*",dur(114532461225/4294967296,"-",229064922445/8589934592)))
fholdsAtC(velocity,(5/8589934592,"->",0),(114532461225/4294967296,"< T =<",916259689805/34359738368),eq(off1(0),"*",koef1(0),"+",koef2("0.25"),"*",base(5/8589934592),"+",inc(-1),"*",dur(916259689805/34359738368,"-",114532461225/4294967296)))
fholdsAtC(velocity,(0,"->",5/34359738368),(916259689805/34359738368,"< T =<",458129844905/17179869184),eq(off1(0),"*",koef1(0),"+",koef2(1),"*",base(0),"+",inc(1),"*",dur(458129844905/17179869184,"-",916259689805/34359738368)))
fholdsAtC(velocity,(5/34359738368,"->",0),(458129844905/17179869184,"< T =<",3665038759245/137438953472),eq(off1(0),"*",koef1(0),"+",koef2("0.25"),"*",base(5/34359738368),"+",inc(-1),"*",dur(3665038759245/137438953472,"-",458129844905/17179869184)))
fholdsAtC(velocity,(0,"->",5/137438953472),(3665038759245/137438953472,"< T =<",1832519379625/68719476736),eq(off1(0),"*",koef1(0),"+",koef2(1),"*",base(0),"+",inc(1),"*",dur(1832519379625/68719476736,"-",3665038759245/137438953472)))
fholdsAtC(velocity,(5/137438953472,"->",0),(1832519379625/68719476736,"< T =<",14660155037005/549755813888),eq(off1(0),"*",koef1(0),"+",koef2("0.25"),"*",base(5/137438953472),"+",inc(-1),"*",dur(14660155037005/549755813888,"-",1832519379625/68719476736)))
fholdsAtC(velocity,(0,"->",5/549755813888),(14660155037005/549755813888,"< T =<",7330077518505/274877906944),eq(off1(0),"*",koef1(0),"+",koef2(1),"*",base(0),"+",inc(1),"*",dur(7330077518505/274877906944,"-",14660155037005/549755813888)))
fholdsAtC(velocity,(5/549755813888,"->",0),(7330077518505/274877906944,"< T =<",58640620148045/2199023255552),eq(off1(0),"*",koef1(0),"+",koef2("0.25"),"*",base(5/549755813888),"+",inc(-1),"*",dur(58640620148045/2199023255552,"-",7330077518505/274877906944)))
fholdsAtC(velocity,(0,"->",5/2199023255552),(58640620148045/2199023255552,"< T =<",29320310074025/1099511627776),eq(off1(0),"*",koef1(0),"+",koef2(1),"*",base(0),"+",inc(1),"*",dur(29320310074025/1099511627776,"-",58640620148045/2199023255552)))
fholdsAtC(velocity,(5/2199023255552,"->",0),(29320310074025/1099511627776,"< T =<",234562480592205/8796093022208),eq(off1(0),"*",koef1(0),"+",koef2("0.25"),"*",base(5/2199023255552),"+",inc(-1),"*",dur(234562480592205/8796093022208,"-",29320310074025/1099511627776)))
fholdsAtC(velocity,(0,"->",5/8796093022208),(234562480592205/8796093022208,"< T =<",117281240296105/4398046511104),eq(off1(0),"*",koef1(0),"+",koef2(1),"*",base(0),"+",inc(1),"*",dur(117281240296105/4398046511104,"-",234562480592205/8796093022208)))
fholdsAtC(velocity,(5/8796093022208,"->",0),(117281240296105/4398046511104,"< T =<",938249922368845/35184372088832),eq(off1(0),"*",koef1(0),"+",koef2("0.25"),"*",base(5/8796093022208),"+",inc(-1),"*",dur(938249922368845/35184372088832,"-",117281240296105/4398046511104)))
fholdsAtC(velocity,(0,"->",5/35184372088832),(938249922368845/35184372088832,"< T =<",469124961184425/17592186044416),eq(off1(0),"*",koef1(0),"+",koef2(1),"*",base(0),"+",inc(1),"*",dur(469124961184425/17592186044416,"-",938249922368845/35184372088832)))
fholdsAtC(velocity,(5/35184372088832,"->",0),(469124961184425/17592186044416,"< T =<",3752999689475405/140737488355328),eq(off1(0),"*",koef1(0),"+",koef2("0.25"),"*",base(5/35184372088832),"+",inc(-1),"*",dur(3752999689475405/140737488355328,"-",469124961184425/17592186044416)))
fholdsAtC(velocity,(0,"->",5/140737488355328),(3752999689475405/140737488355328,"< T =<",1876499844737705/70368744177664),eq(off1(0),"*",koef1(0),"+",koef2(1),"*",base(0),"+",inc(1),"*",dur(1876499844737705/70368744177664,"-",3752999689475405/140737488355328)))
Assignment: [leftovers]
fholdsAt(height,0)=10
fholdsAt(velocity,0)=0
timeDiff(0,0)=0
timeDiff(0,1)=10
timeDiff(0,2)=20
timeDiff(0,3)=45/2
timeDiff(0,4)=25
timeDiff(0,5)=205/8
timeDiff(0,6)=105/4
timeDiff(0,7)=845/32
timeDiff(0,8)=425/16
timeDiff(0,9)=3405/128
timeDiff(0,10)=1705/64
timeDiff(0,11)=13645/512
timeDiff(0,12)=6825/256
timeDiff(0,13)=54605/2048
timeDiff(0,14)=27305/1024
timeDiff(0,15)=218445/8192
timeDiff(0,16)=109225/4096
timeDiff(0,17)=873805/32768
timeDiff(0,18)=436905/16384
timeDiff(0,19)=3495245/131072
timeDiff(0,20)=1747625/65536
timeDiff(0,21)=13981005/524288
timeDiff(0,22)=6990505/262144
timeDiff(0,23)=55924045/2097152
timeDiff(0,24)=27962025/1048576
timeDiff(0,25)=223696205/8388608
timeDiff(0,26)=111848105/4194304
timeDiff(0,27)=894784845/33554432
timeDiff(0,28)=447392425/16777216
timeDiff(0,29)=3579139405/134217728
timeDiff(0,30)=1789569705/67108864
timeDiff(0,31)=14316557645/536870912
timeDiff(0,32)=7158278825/268435456
timeDiff(0,33)=57266230605/2147483648
timeDiff(0,34)=28633115305/1073741824
timeDiff(0,35)=229064922445/8589934592
timeDiff(0,36)=114532461225/4294967296
timeDiff(0,37)=916259689805/34359738368
timeDiff(0,38)=458129844905/17179869184
timeDiff(0,39)=3665038759245/137438953472
timeDiff(0,40)=1832519379625/68719476736
timeDiff(0,41)=14660155037005/549755813888
timeDiff(0,42)=7330077518505/274877906944
timeDiff(0,43)=58640620148045/2199023255552
timeDiff(0,44)=29320310074025/1099511627776
timeDiff(0,45)=234562480592205/8796093022208
timeDiff(0,46)=117281240296105/4398046511104
timeDiff(0,47)=938249922368845/35184372088832
timeDiff(0,48)=469124961184425/17592186044416
timeDiff(0,49)=3752999689475405/140737488355328
timeDiff(0,50)=1876499844737705/70368744177664
timeDiff(1,1)=0
timeDiff(1,2)=10
timeDiff(1,3)=25/2
timeDiff(1,4)=15
timeDiff(1,5)=125/8
timeDiff(1,6)=65/4
timeDiff(1,7)=525/32
timeDiff(1,8)=265/16
timeDiff(1,9)=2125/128
timeDiff(1,10)=1065/64
timeDiff(1,11)=8525/512
timeDiff(1,12)=4265/256
timeDiff(1,13)=34125/2048
timeDiff(1,14)=17065/1024
timeDiff(1,15)=136525/8192
timeDiff(1,16)=68265/4096
timeDiff(1,17)=546125/32768
timeDiff(1,18)=273065/16384
timeDiff(1,19)=2184525/131072
timeDiff(1,20)=1092265/65536
timeDiff(1,21)=8738125/524288
timeDiff(1,22)=4369065/262144
timeDiff(1,23)=34952525/2097152
timeDiff(1,24)=17476265/1048576
timeDiff(1,25)=139810125/8388608
timeDiff(1,26)=69905065/4194304
timeDiff(1,27)=559240525/33554432
timeDiff(1,28)=279620265/16777216
timeDiff(1,29)=2236962125/134217728
timeDiff(1,30)=1118481065/67108864
timeDiff(1,31)=8947848525/536870912
timeDiff(1,32)=4473924265/268435456
timeDiff(1,33)=35791394125/2147483648
timeDiff(1,34)=17895697065/1073741824
timeDiff(1,35)=143165576525/8589934592
timeDiff(1,36)=71582788265/4294967296
timeDiff(1,37)=572662306125/34359738368
timeDiff(1,38)=286331153065/17179869184
timeDiff(1,39)=2290649224525/137438953472
timeDiff(1,40)=1145324612265/68719476736
timeDiff(1,41)=9162596898125/549755813888
timeDiff(1,42)=4581298449065/274877906944
timeDiff(1,43)=36650387592525/2199023255552
timeDiff(1,44)=18325193796265/1099511627776
timeDiff(1,45)=146601550370125/8796093022208
timeDiff(1,46)=73300775185065/4398046511104
timeDiff(1,47)=586406201480525/35184372088832
timeDiff(1,48)=293203100740265/17592186044416
timeDiff(1,49)=2345624805922125/140737488355328
timeDiff(1,50)=1172812402961065/70368744177664
timeDiff(2,2)=0
timeDiff(2,3)=5/2
timeDiff(2,4)=5
timeDiff(2,5)=45/8
timeDiff(2,6)=25/4
timeDiff(2,7)=205/32
timeDiff(2,8)=105/16
timeDiff(2,9)=845/128
timeDiff(2,10)=425/64
timeDiff(2,11)=3405/512
timeDiff(2,12)=1705/256
timeDiff(2,13)=13645/2048
timeDiff(2,14)=6825/1024
timeDiff(2,15)=54605/8192
timeDiff(2,16)=27305/4096
timeDiff(2,17)=218445/32768
timeDiff(2,18)=109225/16384
timeDiff(2,19)=873805/131072
timeDiff(2,20)=436905/65536
timeDiff(2,21)=3495245/524288
timeDiff(2,22)=1747625/262144
timeDiff(2,23)=13981005/2097152
timeDiff(2,24)=6990505/1048576
timeDiff(2,25)=55924045/8388608
timeDiff(2,26)=27962025/4194304
timeDiff(2,27)=223696205/33554432
timeDiff(2,28)=111848105/16777216
timeDiff(2,29)=894784845/134217728
timeDiff(2,30)=447392425/67108864
timeDiff(2,31)=3579139405/536870912
timeDiff(2,32)=1789569705/268435456
timeDiff(2,33)=14316557645/2147483648
timeDiff(2,34)=7158278825/1073741824
timeDiff(2,35)=57266230605/8589934592
timeDiff(2,36)=28633115305/4294967296
timeDiff(2,37)=229064922445/34359738368
timeDiff(2,38)=114532461225/17179869184
timeDiff(2,39)=916259689805/137438953472
timeDiff(2,40)=458129844905/68719476736
timeDiff(2,41)=3665038759245/549755813888
timeDiff(2,42)=1832519379625/274877906944
timeDiff(2,43)=14660155037005/2199023255552
timeDiff(2,44)=7330077518505/1099511627776
timeDiff(2,45)=58640620148045/8796093022208
timeDiff(2,46)=29320310074025/4398046511104
timeDiff(2,47)=234562480592205/35184372088832
timeDiff(2,48)=117281240296105/17592186044416
timeDiff(2,49)=938249922368845/140737488355328
timeDiff(2,50)=469124961184425/70368744177664
timeDiff(3,3)=0
timeDiff(3,4)=5/2
timeDiff(3,5)=25/8
timeDiff(3,6)=15/4
timeDiff(3,7)=125/32
timeDiff(3,8)=65/16
timeDiff(3,9)=525/128
timeDiff(3,10)=265/64
timeDiff(3,11)=2125/512
timeDiff(3,12)=1065/256
timeDiff(3,13)=8525/2048
timeDiff(3,14)=4265/1024
timeDiff(3,15)=34125/8192
timeDiff(3,16)=17065/4096
timeDiff(3,17)=136525/32768
timeDiff(3,18)=68265/16384
timeDiff(3,19)=546125/131072
timeDiff(3,20)=273065/65536
timeDiff(3,21)=2184525/524288
timeDiff(3,22)=1092265/262144
timeDiff(3,23)=8738125/2097152
timeDiff(3,24)=4369065/1048576
timeDiff(3,25)=34952525/8388608
timeDiff(3,26)=17476265/4194304
timeDiff(3,27)=139810125/33554432
timeDiff(3,28)=69905065/16777216
timeDiff(3,29)=559240525/134217728
timeDiff(3,30)=279620265/67108864
timeDiff(3,31)=2236962125/536870912
timeDiff(3,32)=1118481065/268435456
timeDiff(3,33)=8947848525/2147483648
timeDiff(3,34)=4473924265/1073741824
timeDiff(3,35)=35791394125/8589934592
timeDiff(3,36)=17895697065/4294967296
timeDiff(3,37)=143165576525/34359738368
timeDiff(3,38)=71582788265/17179869184
timeDiff(3,39)=572662306125/137438953472
timeDiff(3,40)=286331153065/68719476736
timeDiff(3,41)=2290649224525/549755813888
timeDiff(3,42)=1145324612265/274877906944
timeDiff(3,43)=9162596898125/2199023255552
timeDiff(3,44)=4581298449065/1099511627776
timeDiff(3,45)=36650387592525/8796093022208
timeDiff(3,46)=18325193796265/4398046511104
timeDiff(3,47)=146601550370125/35184372088832
timeDiff(3,48)=73300775185065/17592186044416
timeDiff(3,49)=586406201480525/140737488355328
timeDiff(3,50)=293203100740265/70368744177664
timeDiff(4,4)=0
timeDiff(4,5)=5/8
timeDiff(4,6)=5/4
timeDiff(4,7)=45/32
timeDiff(4,8)=25/16
timeDiff(4,9)=205/128
timeDiff(4,10)=105/64
timeDiff(4,11)=845/512
timeDiff(4,12)=425/256
timeDiff(4,13)=3405/2048
timeDiff(4,14)=1705/1024
timeDiff(4,15)=13645/8192
timeDiff(4,16)=6825/4096
timeDiff(4,17)=54605/32768
timeDiff(4,18)=27305/16384
timeDiff(4,19)=218445/131072
timeDiff(4,20)=109225/65536
timeDiff(4,21)=873805/524288
timeDiff(4,22)=436905/262144
timeDiff(4,23)=3495245/2097152
timeDiff(4,24)=1747625/1048576
timeDiff(4,25)=13981005/8388608
timeDiff(4,26)=6990505/4194304
timeDiff(4,27)=55924045/33554432
timeDiff(4,28)=27962025/16777216
timeDiff(4,29)=223696205/134217728
timeDiff(4,30)=111848105/67108864
timeDiff(4,31)=894784845/536870912
timeDiff(4,32)=447392425/268435456
timeDiff(4,33)=3579139405/2147483648
timeDiff(4,34)=1789569705/1073741824
timeDiff(4,35)=14316557645/8589934592
timeDiff(4,36)=7158278825/4294967296
timeDiff(4,37)=57266230605/34359738368
timeDiff(4,38)=28633115305/17179869184
timeDiff(4,39)=229064922445/137438953472
timeDiff(4,40)=114532461225/68719476736
timeDiff(4,41)=916259689805/549755813888
timeDiff(4,42)=458129844905/274877906944
timeDiff(4,43)=3665038759245/2199023255552
timeDiff(4,44)=1832519379625/1099511627776
timeDiff(4,45)=14660155037005/8796093022208
timeDiff(4,46)=7330077518505/4398046511104
timeDiff(4,47)=58640620148045/35184372088832
timeDiff(4,48)=29320310074025/17592186044416
timeDiff(4,49)=234562480592205/140737488355328
timeDiff(4,50)=117281240296105/70368744177664
timeDiff(5,5)=0
timeDiff(5,6)=5/8
timeDiff(5,7)=25/32
timeDiff(5,8)=15/16
timeDiff(5,9)=125/128
timeDiff(5,10)=65/64
timeDiff(5,11)=525/512
timeDiff(5,12)=265/256
timeDiff(5,13)=2125/2048
timeDiff(5,14)=1065/1024
timeDiff(5,15)=8525/8192
timeDiff(5,16)=4265/4096
timeDiff(5,17)=34125/32768
timeDiff(5,18)=17065/16384
timeDiff(5,19)=136525/131072
timeDiff(5,20)=68265/65536
timeDiff(5,21)=546125/524288
timeDiff(5,22)=273065/262144
timeDiff(5,23)=2184525/2097152
timeDiff(5,24)=1092265/1048576
timeDiff(5,25)=8738125/8388608
timeDiff(5,26)=4369065/4194304
timeDiff(5,27)=34952525/33554432
timeDiff(5,28)=17476265/16777216
timeDiff(5,29)=139810125/134217728
timeDiff(5,30)=69905065/67108864
timeDiff(5,31)=559240525/536870912
timeDiff(5,32)=279620265/268435456
timeDiff(5,33)=2236962125/2147483648
timeDiff(5,34)=1118481065/1073741824
timeDiff(5,35)=8947848525/8589934592
timeDiff(5,36)=4473924265/4294967296
timeDiff(5,37)=35791394125/34359738368
timeDiff(5,38)=17895697065/17179869184
timeDiff(5,39)=143165576525/137438953472
timeDiff(5,40)=71582788265/68719476736
timeDiff(5,41)=572662306125/549755813888
timeDiff(5,42)=286331153065/274877906944
timeDiff(5,43)=2290649224525/2199023255552
timeDiff(5,44)=1145324612265/1099511627776
timeDiff(5,45)=9162596898125/8796093022208
timeDiff(5,46)=4581298449065/4398046511104
timeDiff(5,47)=36650387592525/35184372088832
timeDiff(5,48)=18325193796265/17592186044416
timeDiff(5,49)=146601550370125/140737488355328
timeDiff(5,50)=73300775185065/70368744177664
timeDiff(6,6)=0
timeDiff(6,7)=5/32
timeDiff(6,8)=5/16
timeDiff(6,9)=45/128
timeDiff(6,10)=25/64
timeDiff(6,11)=205/512
timeDiff(6,12)=105/256
timeDiff(6,13)=845/2048
timeDiff(6,14)=425/1024
timeDiff(6,15)=3405/8192
timeDiff(6,16)=1705/4096
timeDiff(6,17)=13645/32768
timeDiff(6,18)=6825/16384
timeDiff(6,19)=54605/131072
timeDiff(6,20)=27305/65536
timeDiff(6,21)=218445/524288
timeDiff(6,22)=109225/262144
timeDiff(6,23)=873805/2097152
timeDiff(6,24)=436905/1048576
timeDiff(6,25)=3495245/8388608
timeDiff(6,26)=1747625/4194304
timeDiff(6,27)=13981005/33554432
timeDiff(6,28)=6990505/16777216
timeDiff(6,29)=55924045/134217728
timeDiff(6,30)=27962025/67108864
timeDiff(6,31)=223696205/536870912
timeDiff(6,32)=111848105/268435456
timeDiff(6,33)=894784845/2147483648
timeDiff(6,34)=447392425/1073741824
timeDiff(6,35)=3579139405/8589934592
timeDiff(6,36)=1789569705/4294967296
timeDiff(6,37)=14316557645/34359738368
timeDiff(6,38)=7158278825/17179869184
timeDiff(6,39)=57266230605/137438953472
timeDiff(6,40)=28633115305/68719476736
timeDiff(6,41)=229064922445/549755813888
timeDiff(6,42)=114532461225/274877906944
timeDiff(6,43)=916259689805/2199023255552
timeDiff(6,44)=458129844905/1099511627776
timeDiff(6,45)=3665038759245/8796093022208
timeDiff(6,46)=1832519379625/4398046511104
timeDiff(6,47)=14660155037005/35184372088832
timeDiff(6,48)=7330077518505/17592186044416
timeDiff(6,49)=58640620148045/140737488355328
timeDiff(6,50)=29320310074025/70368744177664
timeDiff(7,7)=0
timeDiff(7,8)=5/32
timeDiff(7,9)=25/128
timeDiff(7,10)=15/64
timeDiff(7,11)=125/512
timeDiff(7,12)=65/256
timeDiff(7,13)=525/2048
timeDiff(7,14)=265/1024
timeDiff(7,15)=2125/8192
timeDiff(7,16)=1065/4096
timeDiff(7,17)=8525/32768
timeDiff(7,18)=4265/16384
timeDiff(7,19)=34125/131072
timeDiff(7,20)=17065/65536
timeDiff(7,21)=136525/524288
timeDiff(7,22)=68265/262144
timeDiff(7,23)=546125/2097152
timeDiff(7,24)=273065/1048576
timeDiff(7,25)=2184525/8388608
timeDiff(7,26)=1092265/4194304
timeDiff(7,27)=8738125/33554432
timeDiff(7,28)=4369065/16777216
timeDiff(7,29)=34952525/134217728
timeDiff(7,30)=17476265/67108864
timeDiff(7,31)=139810125/536870912
timeDiff(7,32)=69905065/268435456
timeDiff(7,33)=559240525/2147483648
timeDiff(7,34)=279620265/1073741824
timeDiff(7,35)=2236962125/8589934592
timeDiff(7,36)=1118481065/4294967296
timeDiff(7,37)=8947848525/34359738368
timeDiff(7,38)=4473924265/17179869184
timeDiff(7,39)=35791394125/137438953472
timeDiff(7,40)=17895697065/68719476736
timeDiff(7,41)=143165576525/549755813888
timeDiff(7,42)=71582788265/274877906944
timeDiff(7,43)=572662306125/2199023255552
timeDiff(7,44)=286331153065/1099511627776
timeDiff(7,45)=2290649224525/8796093022208
timeDiff(7,46)=1145324612265/4398046511104
timeDiff(7,47)=9162596898125/35184372088832
timeDiff(7,48)=4581298449065/17592186044416
timeDiff(7,49)=36650387592525/140737488355328
timeDiff(7,50)=18325193796265/70368744177664
timeDiff(8,8)=0
timeDiff(8,9)=5/128
timeDiff(8,10)=5/64
timeDiff(8,11)=45/512
timeDiff(8,12)=25/256
timeDiff(8,13)=205/2048
timeDiff(8,14)=105/1024
timeDiff(8,15)=845/8192
timeDiff(8,16)=425/4096
timeDiff(8,17)=3405/32768
timeDiff(8,18)=1705/16384
timeDiff(8,19)=13645/131072
timeDiff(8,20)=6825/65536
timeDiff(8,21)=54605/524288
timeDiff(8,22)=27305/262144
timeDiff(8,23)=218445/2097152
timeDiff(8,24)=109225/1048576
timeDiff(8,25)=873805/8388608
timeDiff(8,26)=436905/4194304
timeDiff(8,27)=3495245/33554432
timeDiff(8,28)=1747625/16777216
timeDiff(8,29)=13981005/134217728
timeDiff(8,30)=6990505/67108864
timeDiff(8,31)=55924045/536870912
timeDiff(8,32)=27962025/268435456
timeDiff(8,33)=223696205/2147483648
timeDiff(8,34)=111848105/1073741824
timeDiff(8,35)=894784845/8589934592
timeDiff(8,36)=447392425/4294967296
timeDiff(8,37)=3579139405/34359738368
timeDiff(8,38)=1789569705/17179869184
timeDiff(8,39)=14316557645/137438953472
timeDiff(8,40)=7158278825/68719476736
timeDiff(8,41)=57266230605/549755813888
timeDiff(8,42)=28633115305/274877906944
timeDiff(8,43)=229064922445/2199023255552
timeDiff(8,44)=114532461225/1099511627776
timeDiff(8,45)=916259689805/8796093022208
timeDiff(8,46)=458129844905/4398046511104
timeDiff(8,47)=3665038759245/35184372088832
timeDiff(8,48)=1832519379625/17592186044416
timeDiff(8,49)=14660155037005/140737488355328
timeDiff(8,50)=7330077518505/70368744177664
timeDiff(9,9)=0
timeDiff(9,10)=5/128
timeDiff(9,11)=25/512
timeDiff(9,12)=15/256
timeDiff(9,13)=125/2048
timeDiff(9,14)=65/1024
timeDiff(9,15)=525/8192
timeDiff(9,16)=265/4096
timeDiff(9,17)=2125/32768
timeDiff(9,18)=1065/16384
timeDiff(9,19)=8525/131072
timeDiff(9,20)=4265/65536
timeDiff(9,21)=34125/524288
timeDiff(9,22)=17065/262144
timeDiff(9,23)=136525/2097152
timeDiff(9,24)=68265/1048576
timeDiff(9,25)=546125/8388608
timeDiff(9,26)=273065/4194304
timeDiff(9,27)=2184525/33554432
timeDiff(9,28)=1092265/16777216
timeDiff(9,29)=8738125/134217728
timeDiff(9,30)=4369065/67108864
timeDiff(9,31)=34952525/536870912
timeDiff(9,32)=17476265/268435456
timeDiff(9,33)=139810125/2147483648
timeDiff(9,34)=69905065/1073741824
timeDiff(9,35)=559240525/8589934592
timeDiff(9,36)=279620265/4294967296
timeDiff(9,37)=2236962125/34359738368
timeDiff(9,38)=1118481065/17179869184
timeDiff(9,39)=8947848525/137438953472
timeDiff(9,40)=4473924265/68719476736
timeDiff(9,41)=35791394125/549755813888
timeDiff(9,42)=17895697065/274877906944
timeDiff(9,43)=143165576525/2199023255552
timeDiff(9,44)=71582788265/1099511627776
timeDiff(9,45)=572662306125/8796093022208
timeDiff(9,46)=286331153065/4398046511104
timeDiff(9,47)=2290649224525/35184372088832
timeDiff(9,48)=1145324612265/17592186044416
timeDiff(9,49)=9162596898125/140737488355328
timeDiff(9,50)=4581298449065/70368744177664
timeDiff(10,10)=0
timeDiff(10,11)=5/512
timeDiff(10,12)=5/256
timeDiff(10,13)=45/2048
timeDiff(10,14)=25/1024
timeDiff(10,15)=205/8192
timeDiff(10,16)=105/4096
timeDiff(10,17)=845/32768
timeDiff(10,18)=425/16384
timeDiff(10,19)=3405/131072
timeDiff(10,20)=1705/65536
timeDiff(10,21)=13645/524288
timeDiff(10,22)=6825/262144
timeDiff(10,23)=54605/2097152
timeDiff(10,24)=27305/1048576
timeDiff(10,25)=218445/8388608
timeDiff(10,26)=109225/4194304
timeDiff(10,27)=873805/33554432
timeDiff(10,28)=436905/16777216
timeDiff(10,29)=3495245/134217728
timeDiff(10,30)=1747625/67108864
timeDiff(10,31)=13981005/536870912
timeDiff(10,32)=6990505/268435456
timeDiff(10,33)=55924045/2147483648
timeDiff(10,34)=27962025/1073741824
timeDiff(10,35)=223696205/8589934592
timeDiff(10,36)=111848105/4294967296
timeDiff(10,37)=894784845/34359738368
timeDiff(10,38)=447392425/17179869184
timeDiff(10,39)=3579139405/137438953472
timeDiff(10,40)=1789569705/68719476736
timeDiff(10,41)=14316557645/549755813888
timeDiff(10,42)=7158278825/274877906944
timeDiff(10,43)=57266230605/2199023255552
timeDiff(10,44)=28633115305/1099511627776
timeDiff(10,45)=229064922445/8796093022208
timeDiff(10,46)=114532461225/4398046511104
timeDiff(10,47)=916259689805/35184372088832
timeDiff(10,48)=458129844905/17592186044416
timeDiff(10,49)=3665038759245/140737488355328
timeDiff(10,50)=1832519379625/70368744177664
timeDiff(11,11)=0
timeDiff(11,12)=5/512
timeDiff(11,13)=25/2048
timeDiff(11,14)=15/1024
timeDiff(11,15)=125/8192
timeDiff(11,16)=65/4096
timeDiff(11,17)=525/32768
timeDiff(11,18)=265/16384
timeDiff(11,19)=2125/131072
timeDiff(11,20)=1065/65536
timeDiff(11,21)=8525/524288
timeDiff(11,22)=4265/262144
timeDiff(11,23)=34125/2097152
timeDiff(11,24)=17065/1048576
timeDiff(11,25)=136525/8388608
timeDiff(11,26)=68265/4194304
timeDiff(11,27)=546125/33554432
timeDiff(11,28)=273065/16777216
timeDiff(11,29)=2184525/134217728
timeDiff(11,30)=1092265/67108864
timeDiff(11,31)=8738125/536870912
timeDiff(11,32)=4369065/268435456
timeDiff(11,33)=34952525/2147483648
timeDiff(11,34)=17476265/1073741824
timeDiff(11,35)=139810125/8589934592
timeDiff(11,36)=69905065/4294967296
timeDiff(11,37)=559240525/34359738368
timeDiff(11,38)=279620265/17179869184
timeDiff(11,39)=2236962125/137438953472
timeDiff(11,40)=1118481065/68719476736
timeDiff(11,41)=8947848525/549755813888
timeDiff(11,42)=4473924265/274877906944
timeDiff(11,43)=35791394125/2199023255552
timeDiff(11,44)=17895697065/1099511627776
timeDiff(11,45)=143165576525/8796093022208
timeDiff(11,46)=71582788265/4398046511104
timeDiff(11,47)=572662306125/35184372088832
timeDiff(11,48)=286331153065/17592186044416
timeDiff(11,49)=2290649224525/140737488355328
timeDiff(11,50)=1145324612265/70368744177664
timeDiff(12,12)=0
timeDiff(12,13)=5/2048
timeDiff(12,14)=5/1024
timeDiff(12,15)=45/8192
timeDiff(12,16)=25/4096
timeDiff(12,17)=205/32768
timeDiff(12,18)=105/16384
timeDiff(12,19)=845/131072
timeDiff(12,20)=425/65536
timeDiff(12,21)=3405/524288
timeDiff(12,22)=1705/262144
timeDiff(12,23)=13645/2097152
timeDiff(12,24)=6825/1048576
timeDiff(12,25)=54605/8388608
timeDiff(12,26)=27305/4194304
timeDiff(12,27)=218445/33554432
timeDiff(12,28)=109225/16777216
timeDiff(12,29)=873805/134217728
timeDiff(12,30)=436905/67108864
timeDiff(12,31)=3495245/536870912
timeDiff(12,32)=1747625/268435456
timeDiff(12,33)=13981005/2147483648
timeDiff(12,34)=6990505/1073741824
timeDiff(12,35)=55924045/8589934592
timeDiff(12,36)=27962025/4294967296
timeDiff(12,37)=223696205/34359738368
timeDiff(12,38)=111848105/17179869184
timeDiff(12,39)=894784845/137438953472
timeDiff(12,40)=447392425/68719476736
timeDiff(12,41)=3579139405/549755813888
timeDiff(12,42)=1789569705/274877906944
timeDiff(12,43)=14316557645/2199023255552
timeDiff(12,44)=7158278825/1099511627776
timeDiff(12,45)=57266230605/8796093022208
timeDiff(12,46)=28633115305/4398046511104
timeDiff(12,47)=229064922445/35184372088832
timeDiff(12,48)=114532461225/17592186044416
timeDiff(12,49)=916259689805/140737488355328
timeDiff(12,50)=458129844905/70368744177664
timeDiff(13,13)=0
timeDiff(13,14)=5/2048
timeDiff(13,15)=25/8192
timeDiff(13,16)=15/4096
timeDiff(13,17)=125/32768
timeDiff(13,18)=65/16384
timeDiff(13,19)=525/131072
timeDiff(13,20)=265/65536
timeDiff(13,21)=2125/524288
timeDiff(13,22)=1065/262144
timeDiff(13,23)=8525/2097152
timeDiff(13,24)=4265/1048576
timeDiff(13,25)=34125/8388608
timeDiff(13,26)=17065/4194304
timeDiff(13,27)=136525/33554432
timeDiff(13,28)=68265/16777216
timeDiff(13,29)=546125/134217728
timeDiff(13,30)=273065/67108864
timeDiff(13,31)=2184525/536870912
timeDiff(13,32)=1092265/268435456
timeDiff(13,33)=8738125/2147483648
timeDiff(13,34)=4369065/1073741824
timeDiff(13,35)=34952525/8589934592
timeDiff(13,36)=17476265/4294967296
timeDiff(13,37)=139810125/34359738368
timeDiff(13,38)=69905065/17179869184
timeDiff(13,39)=559240525/137438953472
timeDiff(13,40)=279620265/68719476736
timeDiff(13,41)=2236962125/549755813888
timeDiff(13,42)=1118481065/274877906944
timeDiff(13,43)=8947848525/2199023255552
timeDiff(13,44)=4473924265/1099511627776
timeDiff(13,45)=35791394125/8796093022208
timeDiff(13,46)=17895697065/4398046511104
timeDiff(13,47)=143165576525/35184372088832
timeDiff(13,48)=71582788265/17592186044416
timeDiff(13,49)=572662306125/140737488355328
timeDiff(13,50)=286331153065/70368744177664
timeDiff(14,14)=0
timeDiff(14,15)=5/8192
timeDiff(14,16)=5/4096
timeDiff(14,17)=45/32768
timeDiff(14,18)=25/16384
timeDiff(14,19)=205/131072
timeDiff(14,20)=105/65536
timeDiff(14,21)=845/524288
timeDiff(14,22)=425/262144
timeDiff(14,23)=3405/2097152
timeDiff(14,24)=1705/1048576
timeDiff(14,25)=13645/8388608
timeDiff(14,26)=6825/4194304
timeDiff(14,27)=54605/33554432
timeDiff(14,28)=27305/16777216
timeDiff(14,29)=218445/134217728
timeDiff(14,30)=109225/67108864
timeDiff(14,31)=873805/536870912
timeDiff(14,32)=436905/268435456
timeDiff(14,33)=3495245/2147483648
timeDiff(14,34)=1747625/1073741824
timeDiff(14,35)=13981005/8589934592
timeDiff(14,36)=6990505/4294967296
timeDiff(14,37)=55924045/34359738368
timeDiff(14,38)=27962025/17179869184
timeDiff(14,39)=223696205/137438953472
timeDiff(14,40)=111848105/68719476736
timeDiff(14,41)=894784845/549755813888
timeDiff(14,42)=447392425/274877906944
timeDiff(14,43)=3579139405/2199023255552
timeDiff(14,44)=1789569705/1099511627776
timeDiff(14,45)=14316557645/8796093022208
timeDiff(14,46)=7158278825/4398046511104
timeDiff(14,47)=57266230605/35184372088832
timeDiff(14,48)=28633115305/17592186044416
timeDiff(14,49)=229064922445/140737488355328
timeDiff(14,50)=114532461225/70368744177664
timeDiff(15,15)=0
timeDiff(15,16)=5/8192
timeDiff(15,17)=25/32768
timeDiff(15,18)=15/16384
timeDiff(15,19)=125/131072
timeDiff(15,20)=65/65536
timeDiff(15,21)=525/524288
timeDiff(15,22)=265/262144
timeDiff(15,23)=2125/2097152
timeDiff(15,24)=1065/1048576
timeDiff(15,25)=8525/8388608
timeDiff(15,26)=4265/4194304
timeDiff(15,27)=34125/33554432
timeDiff(15,28)=17065/16777216
timeDiff(15,29)=136525/134217728
timeDiff(15,30)=68265/67108864
timeDiff(15,31)=546125/536870912
timeDiff(15,32)=273065/268435456
timeDiff(15,33)=2184525/2147483648
timeDiff(15,34)=1092265/1073741824
timeDiff(15,35)=8738125/8589934592
timeDiff(15,36)=4369065/4294967296
timeDiff(15,37)=34952525/34359738368
timeDiff(15,38)=17476265/17179869184
timeDiff(15,39)=139810125/137438953472
timeDiff(15,40)=69905065/68719476736
timeDiff(15,41)=559240525/549755813888
timeDiff(15,42)=279620265/274877906944
timeDiff(15,43)=2236962125/2199023255552
timeDiff(15,44)=1118481065/1099511627776
timeDiff(15,45)=8947848525/8796093022208
timeDiff(15,46)=4473924265/4398046511104
timeDiff(15,47)=35791394125/35184372088832
timeDiff(15,48)=17895697065/17592186044416
timeDiff(15,49)=143165576525/140737488355328
timeDiff(15,50)=71582788265/70368744177664
timeDiff(16,16)=0
timeDiff(16,17)=5/32768
timeDiff(16,18)=5/16384
timeDiff(16,19)=45/131072
timeDiff(16,20)=25/65536
timeDiff(16,21)=205/524288
timeDiff(16,22)=105/262144
timeDiff(16,23)=845/2097152
timeDiff(16,24)=425/1048576
timeDiff(16,25)=3405/8388608
timeDiff(16,26)=1705/4194304
timeDiff(16,27)=13645/33554432
timeDiff(16,28)=6825/16777216
timeDiff(16,29)=54605/134217728
timeDiff(16,30)=27305/67108864
timeDiff(16,31)=218445/536870912
timeDiff(16,32)=109225/268435456
timeDiff(16,33)=873805/2147483648
timeDiff(16,34)=436905/1073741824
timeDiff(16,35)=3495245/8589934592
timeDiff(16,36)=1747625/4294967296
timeDiff(16,37)=13981005/34359738368
timeDiff(16,38)=6990505/17179869184
timeDiff(16,39)=55924045/137438953472
timeDiff(16,40)=27962025/68719476736
timeDiff(16,41)=223696205/549755813888
timeDiff(16,42)=111848105/274877906944
timeDiff(16,43)=894784845/2199023255552
timeDiff(16,44)=447392425/1099511627776
timeDiff(16,45)=3579139405/8796093022208
timeDiff(16,46)=1789569705/4398046511104
timeDiff(16,47)=14316557645/35184372088832
timeDiff(16,48)=7158278825/17592186044416
timeDiff(16,49)=57266230605/140737488355328
timeDiff(16,50)=28633115305/70368744177664
timeDiff(17,17)=0
timeDiff(17,18)=5/32768
timeDiff(17,19)=25/131072
timeDiff(17,20)=15/65536
timeDiff(17,21)=125/524288
timeDiff(17,22)=65/262144
timeDiff(17,23)=525/2097152
timeDiff(17,24)=265/1048576
timeDiff(17,25)=2125/8388608
timeDiff(17,26)=1065/4194304
timeDiff(17,27)=8525/33554432
timeDiff(17,28)=4265/16777216
timeDiff(17,29)=34125/134217728
timeDiff(17,30)=17065/67108864
timeDiff(17,31)=136525/536870912
timeDiff(17,32)=68265/268435456
timeDiff(17,33)=546125/2147483648
timeDiff(17,34)=273065/1073741824
timeDiff(17,35)=2184525/8589934592
timeDiff(17,36)=1092265/4294967296
timeDiff(17,37)=8738125/34359738368
timeDiff(17,38)=4369065/17179869184
timeDiff(17,39)=34952525/137438953472
timeDiff(17,40)=17476265/68719476736
timeDiff(17,41)=139810125/549755813888
timeDiff(17,42)=69905065/274877906944
timeDiff(17,43)=559240525/2199023255552
timeDiff(17,44)=279620265/1099511627776
timeDiff(17,45)=2236962125/8796093022208
timeDiff(17,46)=1118481065/4398046511104
timeDiff(17,47)=8947848525/35184372088832
timeDiff(17,48)=4473924265/17592186044416
timeDiff(17,49)=35791394125/140737488355328
timeDiff(17,50)=17895697065/70368744177664
timeDiff(18,18)=0
timeDiff(18,19)=5/131072
timeDiff(18,20)=5/65536
timeDiff(18,21)=45/524288
timeDiff(18,22)=25/262144
timeDiff(18,23)=205/2097152
timeDiff(18,24)=105/1048576
timeDiff(18,25)=845/8388608
timeDiff(18,26)=425/4194304
timeDiff(18,27)=3405/33554432
timeDiff(18,28)=1705/16777216
timeDiff(18,29)=13645/134217728
timeDiff(18,30)=6825/67108864
timeDiff(18,31)=54605/536870912
timeDiff(18,32)=27305/268435456
timeDiff(18,33)=218445/2147483648
timeDiff(18,34)=109225/1073741824
timeDiff(18,35)=873805/8589934592
timeDiff(18,36)=436905/4294967296
timeDiff(18,37)=3495245/34359738368
timeDiff(18,38)=1747625/17179869184
timeDiff(18,39)=13981005/137438953472
timeDiff(18,40)=6990505/68719476736
timeDiff(18,41)=55924045/549755813888
timeDiff(18,42)=27962025/274877906944
timeDiff(18,43)=223696205/2199023255552
timeDiff(18,44)=111848105/1099511627776
timeDiff(18,45)=894784845/8796093022208
timeDiff(18,46)=447392425/4398046511104
timeDiff(18,47)=3579139405/35184372088832
timeDiff(18,48)=1789569705/17592186044416
timeDiff(18,49)=14316557645/140737488355328
timeDiff(18,50)=7158278825/70368744177664
timeDiff(19,19)=0
timeDiff(19,20)=5/131072
timeDiff(19,21)=25/524288
timeDiff(19,22)=15/262144
timeDiff(19,23)=125/2097152
timeDiff(19,24)=65/1048576
timeDiff(19,25)=525/8388608
timeDiff(19,26)=265/4194304
timeDiff(19,27)=2125/33554432
timeDiff(19,28)=1065/16777216
timeDiff(19,29)=8525/134217728
timeDiff(19,30)=4265/67108864
timeDiff(19,31)=34125/536870912
timeDiff(19,32)=17065/268435456
timeDiff(19,33)=136525/2147483648
timeDiff(19,34)=68265/1073741824
timeDiff(19,35)=546125/8589934592
timeDiff(19,36)=273065/4294967296
timeDiff(19,37)=2184525/34359738368
timeDiff(19,38)=1092265/17179869184
timeDiff(19,39)=8738125/137438953472
timeDiff(19,40)=4369065/68719476736
timeDiff(19,41)=34952525/549755813888
timeDiff(19,42)=17476265/274877906944
timeDiff(19,43)=139810125/2199023255552
timeDiff(19,44)=69905065/1099511627776
timeDiff(19,45)=559240525/8796093022208
timeDiff(19,46)=279620265/4398046511104
timeDiff(19,47)=2236962125/35184372088832
timeDiff(19,48)=1118481065/17592186044416
timeDiff(19,49)=8947848525/140737488355328
timeDiff(19,50)=4473924265/70368744177664
timeDiff(20,20)=0
timeDiff(20,21)=5/524288
timeDiff(20,22)=5/262144
timeDiff(20,23)=45/2097152
timeDiff(20,24)=25/1048576
timeDiff(20,25)=205/8388608
timeDiff(20,26)=105/4194304
timeDiff(20,27)=845/33554432
timeDiff(20,28)=425/16777216
timeDiff(20,29)=3405/134217728
timeDiff(20,30)=1705/67108864
timeDiff(20,31)=13645/536870912
timeDiff(20,32)=6825/268435456
timeDiff(20,33)=54605/2147483648
timeDiff(20,34)=27305/1073741824
timeDiff(20,35)=218445/8589934592
timeDiff(20,36)=109225/4294967296
timeDiff(20,37)=873805/34359738368
timeDiff(20,38)=436905/17179869184
timeDiff(20,39)=3495245/137438953472
timeDiff(20,40)=1747625/68719476736
timeDiff(20,41)=13981005/549755813888
timeDiff(20,42)=6990505/274877906944
timeDiff(20,43)=55924045/2199023255552
timeDiff(20,44)=27962025/1099511627776
timeDiff(20,45)=223696205/8796093022208
timeDiff(20,46)=111848105/4398046511104
timeDiff(20,47)=894784845/35184372088832
timeDiff(20,48)=447392425/17592186044416
timeDiff(20,49)=3579139405/140737488355328
timeDiff(20,50)=1789569705/70368744177664
timeDiff(21,21)=0
timeDiff(21,22)=5/524288
timeDiff(21,23)=25/2097152
timeDiff(21,24)=15/1048576
timeDiff(21,25)=125/8388608
timeDiff(21,26)=65/4194304
timeDiff(21,27)=525/33554432
timeDiff(21,28)=265/16777216
timeDiff(21,29)=2125/134217728
timeDiff(21,30)=1065/67108864
timeDiff(21,31)=8525/536870912
timeDiff(21,32)=4265/268435456
timeDiff(21,33)=34125/2147483648
timeDiff(21,34)=17065/1073741824
timeDiff(21,35)=136525/8589934592
timeDiff(21,36)=68265/4294967296
timeDiff(21,37)=546125/34359738368
timeDiff(21,38)=273065/17179869184
timeDiff(21,39)=2184525/137438953472
timeDiff(21,40)=1092265/68719476736
timeDiff(21,41)=8738125/549755813888
timeDiff(21,42)=4369065/274877906944
timeDiff(21,43)=34952525/2199023255552
timeDiff(21,44)=17476265/1099511627776
timeDiff(21,45)=139810125/8796093022208
timeDiff(21,46)=69905065/4398046511104
timeDiff(21,47)=559240525/35184372088832
timeDiff(21,48)=279620265/17592186044416
timeDiff(21,49)=2236962125/140737488355328
timeDiff(21,50)=1118481065/70368744177664
timeDiff(22,22)=0
timeDiff(22,23)=5/2097152
timeDiff(22,24)=5/1048576
timeDiff(22,25)=45/8388608
timeDiff(22,26)=25/4194304
timeDiff(22,27)=205/33554432
timeDiff(22,28)=105/16777216
timeDiff(22,29)=845/134217728
timeDiff(22,30)=425/67108864
timeDiff(22,31)=3405/536870912
timeDiff(22,32)=1705/268435456
timeDiff(22,33)=13645/2147483648
timeDiff(22,34)=6825/1073741824
timeDiff(22,35)=54605/8589934592
timeDiff(22,36)=27305/4294967296
timeDiff(22,37)=218445/34359738368
timeDiff(22,38)=109225/17179869184
timeDiff(22,39)=873805/137438953472
timeDiff(22,40)=436905/68719476736
timeDiff(22,41)=3495245/549755813888
timeDiff(22,42)=1747625/274877906944
timeDiff(22,43)=13981005/2199023255552
timeDiff(22,44)=6990505/1099511627776
timeDiff(22,45)=55924045/8796093022208
timeDiff(22,46)=27962025/4398046511104
timeDiff(22,47)=223696205/35184372088832
timeDiff(22,48)=111848105/17592186044416
timeDiff(22,49)=894784845/140737488355328
timeDiff(22,50)=447392425/70368744177664
timeDiff(23,23)=0
timeDiff(23,24)=5/2097152
timeDiff(23,25)=25/8388608
timeDiff(23,26)=15/4194304
timeDiff(23,27)=125/33554432
timeDiff(23,28)=65/16777216
timeDiff(23,29)=525/134217728
timeDiff(23,30)=265/67108864
timeDiff(23,31)=2125/536870912
timeDiff(23,32)=1065/268435456
timeDiff(23,33)=8525/2147483648
timeDiff(23,34)=4265/1073741824
timeDiff(23,35)=34125/8589934592
timeDiff(23,36)=17065/4294967296
timeDiff(23,37)=136525/34359738368
timeDiff(23,38)=68265/17179869184
timeDiff(23,39)=546125/137438953472
timeDiff(23,40)=273065/68719476736
timeDiff(23,41)=2184525/549755813888
timeDiff(23,42)=1092265/274877906944
timeDiff(23,43)=8738125/2199023255552
timeDiff(23,44)=4369065/1099511627776
timeDiff(23,45)=34952525/8796093022208
timeDiff(23,46)=17476265/4398046511104
timeDiff(23,47)=139810125/35184372088832
timeDiff(23,48)=69905065/17592186044416
timeDiff(23,49)=559240525/140737488355328
timeDiff(23,50)=279620265/70368744177664
timeDiff(24,24)=0
timeDiff(24,25)=5/8388608
timeDiff(24,26)=5/4194304
timeDiff(24,27)=45/33554432
timeDiff(24,28)=25/16777216
timeDiff(24,29)=205/134217728
timeDiff(24,30)=105/67108864
timeDiff(24,31)=845/536870912
timeDiff(24,32)=425/268435456
timeDiff(24,33)=3405/2147483648
timeDiff(24,34)=1705/1073741824
timeDiff(24,35)=13645/8589934592
timeDiff(24,36)=6825/4294967296
timeDiff(24,37)=54605/34359738368
timeDiff(24,38)=27305/17179869184
timeDiff(24,39)=218445/137438953472
timeDiff(24,40)=109225/68719476736
timeDiff(24,41)=873805/549755813888
timeDiff(24,42)=436905/274877906944
timeDiff(24,43)=3495245/2199023255552
timeDiff(24,44)=1747625/1099511627776
timeDiff(24,45)=13981005/8796093022208
timeDiff(24,46)=6990505/4398046511104
timeDiff(24,47)=55924045/35184372088832
timeDiff(24,48)=27962025/17592186044416
timeDiff(24,49)=223696205/140737488355328
timeDiff(24,50)=111848105/70368744177664
timeDiff(25,25)=0
timeDiff(25,26)=5/8388608
timeDiff(25,27)=25/33554432
timeDiff(25,28)=15/16777216
timeDiff(25,29)=125/134217728
timeDiff(25,30)=65/67108864
timeDiff(25,31)=525/536870912
timeDiff(25,32)=265/268435456
timeDiff(25,33)=2125/2147483648
timeDiff(25,34)=1065/1073741824
timeDiff(25,35)=8525/8589934592
timeDiff(25,36)=4265/4294967296
timeDiff(25,37)=34125/34359738368
timeDiff(25,38)=17065/17179869184
timeDiff(25,39)=136525/137438953472
timeDiff(25,40)=68265/68719476736
timeDiff(25,41)=546125/549755813888
timeDiff(25,42)=273065/274877906944
timeDiff(25,43)=2184525/2199023255552
timeDiff(25,44)=1092265/1099511627776
timeDiff(25,45)=8738125/8796093022208
timeDiff(25,46)=4369065/4398046511104
timeDiff(25,47)=34952525/35184372088832
timeDiff(25,48)=17476265/17592186044416
timeDiff(25,49)=139810125/140737488355328
timeDiff(25,50)=69905065/70368744177664
timeDiff(26,26)=0
timeDiff(26,27)=5/33554432
timeDiff(26,28)=5/16777216
timeDiff(26,29)=45/134217728
timeDiff(26,30)=25/67108864
timeDiff(26,31)=205/536870912
timeDiff(26,32)=105/268435456
timeDiff(26,33)=845/2147483648
timeDiff(26,34)=425/1073741824
timeDiff(26,35)=3405/8589934592
timeDiff(26,36)=1705/4294967296
timeDiff(26,37)=13645/34359738368
timeDiff(26,38)=6825/17179869184
timeDiff(26,39)=54605/137438953472
timeDiff(26,40)=27305/68719476736
timeDiff(26,41)=218445/549755813888
timeDiff(26,42)=109225/274877906944
timeDiff(26,43)=873805/2199023255552
timeDiff(26,44)=436905/1099511627776
timeDiff(26,45)=3495245/8796093022208
timeDiff(26,46)=1747625/4398046511104
timeDiff(26,47)=13981005/35184372088832
timeDiff(26,48)=6990505/17592186044416
timeDiff(26,49)=55924045/140737488355328
timeDiff(26,50)=27962025/70368744177664
timeDiff(27,27)=0
timeDiff(27,28)=5/33554432
timeDiff(27,29)=25/134217728
timeDiff(27,30)=15/67108864
timeDiff(27,31)=125/536870912
timeDiff(27,32)=65/268435456
timeDiff(27,33)=525/2147483648
timeDiff(27,34)=265/1073741824
timeDiff(27,35)=2125/8589934592
timeDiff(27,36)=1065/4294967296
timeDiff(27,37)=8525/34359738368
timeDiff(27,38)=4265/17179869184
timeDiff(27,39)=34125/137438953472
timeDiff(27,40)=17065/68719476736
timeDiff(27,41)=136525/549755813888
timeDiff(27,42)=68265/274877906944
timeDiff(27,43)=546125/2199023255552
timeDiff(27,44)=273065/1099511627776
timeDiff(27,45)=2184525/8796093022208
timeDiff(27,46)=1092265/4398046511104
timeDiff(27,47)=8738125/35184372088832
timeDiff(27,48)=4369065/17592186044416
timeDiff(27,49)=34952525/140737488355328
timeDiff(27,50)=17476265/70368744177664
timeDiff(28,28)=0
timeDiff(28,29)=5/134217728
timeDiff(28,30)=5/67108864
timeDiff(28,31)=45/536870912
timeDiff(28,32)=25/268435456
timeDiff(28,33)=205/2147483648
timeDiff(28,34)=105/1073741824
timeDiff(28,35)=845/8589934592
timeDiff(28,36)=425/4294967296
timeDiff(28,37)=3405/34359738368
timeDiff(28,38)=1705/17179869184
timeDiff(28,39)=13645/137438953472
timeDiff(28,40)=6825/68719476736
timeDiff(28,41)=54605/549755813888
timeDiff(28,42)=27305/274877906944
timeDiff(28,43)=218445/2199023255552
timeDiff(28,44)=109225/1099511627776
timeDiff(28,45)=873805/8796093022208
timeDiff(28,46)=436905/4398046511104
timeDiff(28,47)=3495245/35184372088832
timeDiff(28,48)=1747625/17592186044416
timeDiff(28,49)=13981005/140737488355328
timeDiff(28,50)=6990505/70368744177664
timeDiff(29,29)=0
timeDiff(29,30)=5/134217728
timeDiff(29,31)=25/536870912
timeDiff(29,32)=15/268435456
timeDiff(29,33)=125/2147483648
timeDiff(29,34)=65/1073741824
timeDiff(29,35)=525/8589934592
timeDiff(29,36)=265/4294967296
timeDiff(29,37)=2125/34359738368
timeDiff(29,38)=1065/17179869184
timeDiff(29,39)=8525/137438953472
timeDiff(29,40)=4265/68719476736
timeDiff(29,41)=34125/549755813888
timeDiff(29,42)=17065/274877906944
timeDiff(29,43)=136525/2199023255552
timeDiff(29,44)=68265/1099511627776
timeDiff(29,45)=546125/8796093022208
timeDiff(29,46)=273065/4398046511104
timeDiff(29,47)=2184525/35184372088832
timeDiff(29,48)=1092265/17592186044416
timeDiff(29,49)=8738125/140737488355328
timeDiff(29,50)=4369065/70368744177664
timeDiff(30,30)=0
timeDiff(30,31)=5/536870912
timeDiff(30,32)=5/268435456
timeDiff(30,33)=45/2147483648
timeDiff(30,34)=25/1073741824
timeDiff(30,35)=205/8589934592
timeDiff(30,36)=105/4294967296
timeDiff(30,37)=845/34359738368
timeDiff(30,38)=425/17179869184
timeDiff(30,39)=3405/137438953472
timeDiff(30,40)=1705/68719476736
timeDiff(30,41)=13645/549755813888
timeDiff(30,42)=6825/274877906944
timeDiff(30,43)=54605/2199023255552
timeDiff(30,44)=27305/1099511627776
timeDiff(30,45)=218445/8796093022208
timeDiff(30,46)=109225/4398046511104
timeDiff(30,47)=873805/35184372088832
timeDiff(30,48)=436905/17592186044416
timeDiff(30,49)=3495245/140737488355328
timeDiff(30,50)=1747625/70368744177664
timeDiff(31,31)=0
timeDiff(31,32)=5/536870912
timeDiff(31,33)=25/2147483648
timeDiff(31,34)=15/1073741824
timeDiff(31,35)=125/8589934592
timeDiff(31,36)=65/4294967296
timeDiff(31,37)=525/34359738368
timeDiff(31,38)=265/17179869184
timeDiff(31,39)=2125/137438953472
timeDiff(31,40)=1065/68719476736
timeDiff(31,41)=8525/549755813888
timeDiff(31,42)=4265/274877906944
timeDiff(31,43)=34125/2199023255552
timeDiff(31,44)=17065/1099511627776
timeDiff(31,45)=136525/8796093022208
timeDiff(31,46)=68265/4398046511104
timeDiff(31,47)=546125/35184372088832
timeDiff(31,48)=273065/17592186044416
timeDiff(31,49)=2184525/140737488355328
timeDiff(31,50)=1092265/70368744177664
timeDiff(32,32)=0
timeDiff(32,33)=5/2147483648
timeDiff(32,34)=5/1073741824
timeDiff(32,35)=45/8589934592
timeDiff(32,36)=25/4294967296
timeDiff(32,37)=205/34359738368
timeDiff(32,38)=105/17179869184
timeDiff(32,39)=845/137438953472
timeDiff(32,40)=425/68719476736
timeDiff(32,41)=3405/549755813888
timeDiff(32,42)=1705/274877906944
timeDiff(32,43)=13645/2199023255552
timeDiff(32,44)=6825/1099511627776
timeDiff(32,45)=54605/8796093022208
timeDiff(32,46)=27305/4398046511104
timeDiff(32,47)=218445/35184372088832
timeDiff(32,48)=109225/17592186044416
timeDiff(32,49)=873805/140737488355328
timeDiff(32,50)=436905/70368744177664
timeDiff(33,33)=0
timeDiff(33,34)=5/2147483648
timeDiff(33,35)=25/8589934592
timeDiff(33,36)=15/4294967296
timeDiff(33,37)=125/34359738368
timeDiff(33,38)=65/17179869184
timeDiff(33,39)=525/137438953472
timeDiff(33,40)=265/68719476736
timeDiff(33,41)=2125/549755813888
timeDiff(33,42)=1065/274877906944
timeDiff(33,43)=8525/2199023255552
timeDiff(33,44)=4265/1099511627776
timeDiff(33,45)=34125/8796093022208
timeDiff(33,46)=17065/4398046511104
timeDiff(33,47)=136525/35184372088832
timeDiff(33,48)=68265/17592186044416
timeDiff(33,49)=546125/140737488355328
timeDiff(33,50)=273065/70368744177664
timeDiff(34,34)=0
timeDiff(34,35)=5/8589934592
timeDiff(34,36)=5/4294967296
timeDiff(34,37)=45/34359738368
timeDiff(34,38)=25/17179869184
timeDiff(34,39)=205/137438953472
timeDiff(34,40)=105/68719476736
timeDiff(34,41)=845/549755813888
timeDiff(34,42)=425/274877906944
timeDiff(34,43)=3405/2199023255552
timeDiff(34,44)=1705/1099511627776
timeDiff(34,45)=13645/8796093022208
timeDiff(34,46)=6825/4398046511104
timeDiff(34,47)=54605/35184372088832
timeDiff(34,48)=27305/17592186044416
timeDiff(34,49)=218445/140737488355328
timeDiff(34,50)=109225/70368744177664
timeDiff(35,35)=0
timeDiff(35,36)=5/8589934592
timeDiff(35,37)=25/34359738368
timeDiff(35,38)=15/17179869184
timeDiff(35,39)=125/137438953472
timeDiff(35,40)=65/68719476736
timeDiff(35,41)=525/549755813888
timeDiff(35,42)=265/274877906944
timeDiff(35,43)=2125/2199023255552
timeDiff(35,44)=1065/1099511627776
timeDiff(35,45)=8525/8796093022208
timeDiff(35,46)=4265/4398046511104
timeDiff(35,47)=34125/35184372088832
timeDiff(35,48)=17065/17592186044416
timeDiff(35,49)=136525/140737488355328
timeDiff(35,50)=68265/70368744177664
timeDiff(36,36)=0
timeDiff(36,37)=5/34359738368
timeDiff(36,38)=5/17179869184
timeDiff(36,39)=45/137438953472
timeDiff(36,40)=25/68719476736
timeDiff(36,41)=205/549755813888
timeDiff(36,42)=105/274877906944
timeDiff(36,43)=845/2199023255552
timeDiff(36,44)=425/1099511627776
timeDiff(36,45)=3405/8796093022208
timeDiff(36,46)=1705/4398046511104
timeDiff(36,47)=13645/35184372088832
timeDiff(36,48)=6825/17592186044416
timeDiff(36,49)=54605/140737488355328
timeDiff(36,50)=27305/70368744177664
timeDiff(37,37)=0
timeDiff(37,38)=5/34359738368
timeDiff(37,39)=25/137438953472
timeDiff(37,40)=15/68719476736
timeDiff(37,41)=125/549755813888
timeDiff(37,42)=65/274877906944
timeDiff(37,43)=525/2199023255552
timeDiff(37,44)=265/1099511627776
timeDiff(37,45)=2125/8796093022208
timeDiff(37,46)=1065/4398046511104
timeDiff(37,47)=8525/35184372088832
timeDiff(37,48)=4265/17592186044416
timeDiff(37,49)=34125/140737488355328
timeDiff(37,50)=17065/70368744177664
timeDiff(38,38)=0
timeDiff(38,39)=5/137438953472
timeDiff(38,40)=5/68719476736
timeDiff(38,41)=45/549755813888
timeDiff(38,42)=25/274877906944
timeDiff(38,43)=205/2199023255552
timeDiff(38,44)=105/1099511627776
timeDiff(38,45)=845/8796093022208
timeDiff(38,46)=425/4398046511104
timeDiff(38,47)=3405/35184372088832
timeDiff(38,48)=1705/17592186044416
timeDiff(38,49)=13645/140737488355328
timeDiff(38,50)=6825/70368744177664
timeDiff(39,39)=0
timeDiff(39,40)=5/137438953472
timeDiff(39,41)=25/549755813888
timeDiff(39,42)=15/274877906944
timeDiff(39,43)=125/2199023255552
timeDiff(39,44)=65/1099511627776
timeDiff(39,45)=525/8796093022208
timeDiff(39,46)=265/4398046511104
timeDiff(39,47)=2125/35184372088832
timeDiff(39,48)=1065/17592186044416
timeDiff(39,49)=8525/140737488355328
timeDiff(39,50)=4265/70368744177664
timeDiff(40,40)=0
timeDiff(40,41)=5/549755813888
timeDiff(40,42)=5/274877906944
timeDiff(40,43)=45/2199023255552
timeDiff(40,44)=25/1099511627776
timeDiff(40,45)=205/8796093022208
timeDiff(40,46)=105/4398046511104
timeDiff(40,47)=845/35184372088832
timeDiff(40,48)=425/17592186044416
timeDiff(40,49)=3405/140737488355328
timeDiff(40,50)=1705/70368744177664
timeDiff(41,41)=0
timeDiff(41,42)=5/549755813888
timeDiff(41,43)=25/2199023255552
timeDiff(41,44)=15/1099511627776
timeDiff(41,45)=125/8796093022208
timeDiff(41,46)=65/4398046511104
timeDiff(41,47)=525/35184372088832
timeDiff(41,48)=265/17592186044416
timeDiff(41,49)=2125/140737488355328
timeDiff(41,50)=1065/70368744177664
timeDiff(42,42)=0
timeDiff(42,43)=5/2199023255552
timeDiff(42,44)=5/1099511627776
timeDiff(42,45)=45/8796093022208
timeDiff(42,46)=25/4398046511104
timeDiff(42,47)=205/35184372088832
timeDiff(42,48)=105/17592186044416
timeDiff(42,49)=845/140737488355328
timeDiff(42,50)=425/70368744177664
timeDiff(43,43)=0
timeDiff(43,44)=5/2199023255552
timeDiff(43,45)=25/8796093022208
timeDiff(43,46)=15/4398046511104
timeDiff(43,47)=125/35184372088832
timeDiff(43,48)=65/17592186044416
timeDiff(43,49)=525/140737488355328
timeDiff(43,50)=265/70368744177664
timeDiff(44,44)=0
timeDiff(44,45)=5/8796093022208
timeDiff(44,46)=5/4398046511104
timeDiff(44,47)=45/35184372088832
timeDiff(44,48)=25/17592186044416
timeDiff(44,49)=205/140737488355328
timeDiff(44,50)=105/70368744177664
timeDiff(45,45)=0
timeDiff(45,46)=5/8796093022208
timeDiff(45,47)=25/35184372088832
timeDiff(45,48)=15/17592186044416
timeDiff(45,49)=125/140737488355328
timeDiff(45,50)=65/70368744177664
timeDiff(46,46)=0
timeDiff(46,47)=5/35184372088832
timeDiff(46,48)=5/17592186044416
timeDiff(46,49)=45/140737488355328
timeDiff(46,50)=25/70368744177664
timeDiff(47,47)=0
timeDiff(47,48)=5/35184372088832
timeDiff(47,49)=25/140737488355328
timeDiff(47,50)=15/70368744177664
timeDiff(48,48)=0
timeDiff(48,49)=5/140737488355328
timeDiff(48,50)=5/70368744177664
timeDiff(49,49)=0
timeDiff(49,50)=5/140737488355328
timeDiff(50,50)=0
SATISFIABLE

Models       : 1
Calls        : 1
Time         : 45.732s (Solving: 44.21s 1st Model: 44.15s Unsat: 0.06s)
CPU Time     : 45.679s

Command exited with non-zero status 30

  real      0:45.89
  real [s]  45.89
  user [s]  45.47
  sys  [s]  0.36
  mem  [KB] 157572
  avgm [KB] 0
