$ clingo-lpx --strict -n0 ../axioms/fdec-tdur.lp ../axioms/fdec-show.lp -c maxstep=7 -c maxtime=1000 ./fix-flat_loss-tdur.lp ./narrative2.lp | ../utils/replace_assignments.sh | ../utils/make-readable.sh


clingo-lpx version 1.3.0
Reading from ../axioms/fdec-tdur.lp ...
Solving...
Answer: 1
(Time: 0.072s)
happens(bounce_up,20)
happens(bounce_up,49/2)
happens(drop,10)
happens(fall_down,10)
happens(fall_down,89/4)
happens(fall_down,397/16)
happens(hit_ground,20)
happens(hit_ground,49/2)
happens(hit_ground,201/8)
happens(reach_apex,89/4)
happens(reach_apex,397/16)
happens(stop_bouncing,201/8)
holdsAt(falling,(10,"< T =<",20))
holdsAt(falling,(89/4,"< T =<",49/2))
holdsAt(falling,(397/16,"< T =<",201/8))
holdsAt(rising,(20,"< T =<",89/4))
holdsAt(rising,(49/2,"< T =<",397/16))
holdsAt(constant_fall_rate(1),(0,"< T =<",10))
holdsAt(constant_fall_rate(1),(10,"< T =<",20))
holdsAt(constant_fall_rate(1),(20,"< T =<",89/4))
holdsAt(constant_fall_rate(1),(89/4,"< T =<",49/2))
holdsAt(constant_fall_rate(1),(49/2,"< T =<",397/16))
holdsAt(constant_fall_rate(1),(397/16,"< T =<",201/8))
holdsAt(constant_fall_rate(1),(201/8,"< T =<",1000))
holdsAt(constant_velocity_loss_bounce(1),(0,"< T =<",10))
holdsAt(constant_velocity_loss_bounce(1),(10,"< T =<",20))
holdsAt(constant_velocity_loss_bounce(1),(20,"< T =<",89/4))
holdsAt(constant_velocity_loss_bounce(1),(89/4,"< T =<",49/2))
holdsAt(constant_velocity_loss_bounce(1),(49/2,"< T =<",397/16))
holdsAt(constant_velocity_loss_bounce(1),(397/16,"< T =<",201/8))
holdsAt(constant_velocity_loss_bounce(1),(201/8,"< T =<",1000))
holdsAt(velocity_loss_portion("0.75"),(0,"< T =<",10))
holdsAt(velocity_loss_portion("0.75"),(10,"< T =<",20))
holdsAt(velocity_loss_portion("0.75"),(20,"< T =<",89/4))
holdsAt(velocity_loss_portion("0.75"),(89/4,"< T =<",49/2))
holdsAt(velocity_loss_portion("0.75"),(49/2,"< T =<",397/16))
holdsAt(velocity_loss_portion("0.75"),(397/16,"< T =<",201/8))
holdsAt(velocity_loss_portion("0.75"),(201/8,"< T =<",1000))
releasedAt(height,(10,"< T =<",20))
releasedAt(height,(20,"< T =<",89/4))
releasedAt(height,(89/4,"< T =<",49/2))
releasedAt(height,(49/2,"< T =<",397/16))
releasedAt(height,(397/16,"< T =<",201/8))
releasedAt(velocity,(10,"< T =<",20))
releasedAt(velocity,(20,"< T =<",89/4))
releasedAt(velocity,(89/4,"< T =<",49/2))
releasedAt(velocity,(49/2,"< T =<",397/16))
releasedAt(velocity,(397/16,"< T =<",201/8))
fholdsAt(height,10,(0,"< T =<",10))
fholdsAt(height,0,(10,"< T =<",20))
fholdsAt(height,9/4,(20,"< T =<",89/4))
fholdsAt(height,0,(89/4,"< T =<",49/2))
fholdsAt(height,5/16,(49/2,"< T =<",397/16))
fholdsAt(height,0,(397/16,"< T =<",201/8))
fholdsAt(height,0,(201/8,"< T =<",1000))
fholdsAt(velocity,0,(0,"< T =<",10))
fholdsAt(velocity,10,(10,"< T =<",20))
fholdsAt(velocity,0,(20,"< T =<",89/4))
fholdsAt(velocity,9/4,(89/4,"< T =<",49/2))
fholdsAt(velocity,0,(49/2,"< T =<",397/16))
fholdsAt(velocity,5/16,(397/16,"< T =<",201/8))
fholdsAt(velocity,0,(201/8,"< T =<",1000))
Assignment: [leftovers]
fholdsAt(height,0)=10
fholdsAt(velocity,0)=0
timeDiff(0,0)=0
timeDiff(0,1)=10
timeDiff(0,2)=20
timeDiff(0,3)=89/4
timeDiff(0,4)=49/2
timeDiff(0,5)=397/16
timeDiff(0,6)=201/8
timeDiff(0,7)=1000
timeDiff(1,1)=0
timeDiff(1,2)=10
timeDiff(1,3)=49/4
timeDiff(1,4)=29/2
timeDiff(1,5)=237/16
timeDiff(1,6)=121/8
timeDiff(1,7)=990
timeDiff(2,2)=0
timeDiff(2,3)=9/4
timeDiff(2,4)=9/2
timeDiff(2,5)=77/16
timeDiff(2,6)=41/8
timeDiff(2,7)=980
timeDiff(3,3)=0
timeDiff(3,4)=9/4
timeDiff(3,5)=41/16
timeDiff(3,6)=23/8
timeDiff(3,7)=3911/4
timeDiff(4,4)=0
timeDiff(4,5)=5/16
timeDiff(4,6)=5/8
timeDiff(4,7)=1951/2
timeDiff(5,5)=0
timeDiff(5,6)=5/16
timeDiff(5,7)=15603/16
timeDiff(6,6)=0
timeDiff(6,7)=7799/8
timeDiff(7,7)=0
SATISFIABLE

Models       : 1
Calls        : 1
Time         : 0.073s (Solving: 0.02s 1st Model: 0.02s Unsat: 0.00s)
CPU Time     : 0.056s

Command exited with non-zero status 30

  real      0:00.08
  real [s]  0.08
  user [s]  0.05
  sys  [s]  0.00
  mem  [KB] 9984
  avgm [KB] 0
