$ clingcon -n10 ../axioms/fdec.lp ../axioms/fdec-show.lp -c maxstep=5 -c maxtime=1000 ./model-state_constr.lp		| ../utils/replace_assignments.sh | ../utils/make-readable.sh


clingcon version 5.2.1
Reading from ../axioms/fdec.lp ...
Solving...
Answer: 1
(Time: 0.087s)
happens(letGoOf(nathan,book),30)
happens(pickUp(nathan,book),10)
happens(walk(nathan,100),20)
happens(walk(nathan,200),40)
holdsAt(holding(nathan,book),(10,"< S =<",20))
holdsAt(holding(nathan,book),(20,"< S =<",30))
releasedAt(location(book),(10,"< S =<",20))
releasedAt(location(book),(20,"< S =<",30))
fholdsAt(location(book),0,(0,"< S =<",10))
fholdsAt(location(book),0,(10,"< S =<",20))
fholdsAt(location(book),100,(20,"< S =<",30))
fholdsAt(location(book),100,(30,"< S =<",40))
fholdsAt(location(book),100,(40,"< S =<",1000))
fholdsAt(location(nathan),0,(0,"< S =<",10))
fholdsAt(location(nathan),0,(10,"< S =<",20))
fholdsAt(location(nathan),100,(20,"< S =<",30))
fholdsAt(location(nathan),100,(30,"< S =<",40))
fholdsAt(location(nathan),200,(40,"< S =<",1000))
Assignment: [leftovers]
(location(book),0)=0
(location(nathan),0)=0
timeDiff(0,0)=0
timeDiff(0,1)=10
timeDiff(0,2)=20
timeDiff(0,3)=30
timeDiff(0,4)=40
timeDiff(0,5)=1000
timeDiff(1,1)=0
timeDiff(1,2)=10
timeDiff(1,3)=20
timeDiff(1,4)=30
timeDiff(1,5)=990
timeDiff(2,2)=0
timeDiff(2,3)=10
timeDiff(2,4)=20
timeDiff(2,5)=980
timeDiff(3,3)=0
timeDiff(3,4)=10
timeDiff(3,5)=970
timeDiff(4,4)=0
timeDiff(4,5)=960
timeDiff(5,5)=0
SATISFIABLE

Models       : 1
Calls        : 1
Time         : 0.088s (Solving: 0.01s 1st Model: 0.01s Unsat: 0.00s)
CPU Time     : 0.068s

Command exited with non-zero status 30

  real      0:00.10
  real [s]  0.10
  user [s]  0.05
  sys  [s]  0.02
  mem  [KB] 14788
  avgm [KB] 0
