$ clingo-lpx --strict -n0 ../axioms/fdec-ffholds.lp -c maxstep=9 -c maxtime=1000 ./model-state_constr-continuous-fh.lp		| ../utils/replace_assignments.sh | ../utils/make-readable.sh


clingo-lpx version 1.3.0
Reading from ../axioms/fdec-ffholds.lp ...
Solving...
Answer: 1
(Time: 0.068s)
happens(check,25)
happens(check,55)
happens(arrive(nathan),30)
happens(arrive(nathan),60)
happens(walk(nathan),20)
happens(walk(nathan),50)
happens(letGoOf(nathan,book),40)
happens(pickUp(nathan,book),10)
holdsAt(holding(nathan,book),(10,"< T =<",20))
holdsAt(holding(nathan,book),(20,"< T =<",25))
holdsAt(holding(nathan,book),(25,"< T =<",30))
holdsAt(holding(nathan,book),(30,"< T =<",40))
releasedAt(location(book),(10,"< T =<",20))
releasedAt(location(book),(20,"< T =<",25))
releasedAt(location(book),(25,"< T =<",30))
releasedAt(location(book),(30,"< T =<",40))
releasedAt(location(nathan),(20,"< T =<",25))
releasedAt(location(nathan),(25,"< T =<",30))
releasedAt(location(nathan),(50,"< T =<",55))
releasedAt(location(nathan),(55,"< T =<",60))
fholdsAt(location(book),0,(0,"< T =<",10))
fholdsAt(location(book),0,(10,"< T =<",20))
fholdsAt(location(book),50,(20,"< T =<",25))
fholdsAt(location(book),100,(25,"< T =<",30))
fholdsAt(location(book),100,(30,"< T =<",40))
fholdsAt(location(book),100,(40,"< T =<",50))
fholdsAt(location(book),100,(50,"< T =<",55))
fholdsAt(location(book),100,(55,"< T =<",60))
fholdsAt(location(book),100,(60,"< T =<",1000))
fholdsAt(location(nathan),0,(0,"< T =<",10))
fholdsAt(location(nathan),0,(10,"< T =<",20))
fholdsAt(location(nathan),100,(30,"< T =<",40))
fholdsAt(location(nathan),100,(40,"< T =<",50))
fholdsAt(location(nathan),200,(60,"< T =<",1000))
fholdsAt(walkingTo(nathan),100,(20,"< T =<",25))
fholdsAt(walkingTo(nathan),100,(25,"< T =<",30))
fholdsAt(walkingTo(nathan),200,(50,"< T =<",55))
fholdsAt(walkingTo(nathan),200,(55,"< T =<",60))
fholdsAtC(location(nathan),(0,"->",50),(20,"< T =<",25),eq(off2(0),"+",koef(1),"*",(base(0),"+",off1(0)),"+",inc(10),"*",dur(25,"-",20)))
fholdsAtC(location(nathan),(50,"->",100),(25,"< T =<",30),eq(off2(0),"+",koef(1),"*",(base(0),"+",off1(0)),"+",inc(10),"*",dur(30,"-",20)))
fholdsAtC(location(nathan),(100,"->",150),(50,"< T =<",55),eq(off2(0),"+",koef(1),"*",(base(100),"+",off1(0)),"+",inc(10),"*",dur(55,"-",50)))
fholdsAtC(location(nathan),(150,"->",200),(55,"< T =<",60),eq(off2(0),"+",koef(1),"*",(base(100),"+",off1(0)),"+",inc(10),"*",dur(60,"-",50)))
Assignment: [leftovers]
fhappens(walk(nathan),0)=0
fhappens(walk(nathan),1)=0
fhappens(walk(nathan),2)=100
fhappens(walk(nathan),3)=0
fhappens(walk(nathan),4)=0
fhappens(walk(nathan),5)=0
fhappens(walk(nathan),6)=200
fhappens(walk(nathan),7)=0
fhappens(walk(nathan),8)=0
fhappens(walk(nathan),9)=0
fholdsAt(location(book),0)=0
fholdsAt(location(nathan),0)=0
fholdsAt(walkingTo(nathan),0)=0
fholdsAt(walkingTo(nathan),1)=0
fholdsAt(walkingTo(nathan),2)=0
fholdsAt(walkingTo(nathan),5)=0
fholdsAt(walkingTo(nathan),6)=0
fholdsAt(walkingTo(nathan),9)=0
SATISFIABLE

Models       : 1
Calls        : 1
Time         : 0.068s (Solving: 0.02s 1st Model: 0.02s Unsat: 0.00s)
CPU Time     : 0.056s

Command exited with non-zero status 30

  real      0:00.07
  real [s]  0.07
  user [s]  0.04
  sys  [s]  0.02
  mem  [KB] 9984
  avgm [KB] 0
