$ clingo-lpx --strict -n10 ../axioms/fdec.lp ../axioms/fdec-show.lp -c maxstep=9 -c maxtime=1000 ./model-state_constr-continuous.lp		| ../utils/replace_assignments.sh | ../utils/make-readable.sh


clingo-lpx version 1.3.0
Reading from ../axioms/fdec.lp ...
Solving...
Answer: 1
(Time: 0.178s)
happens(check,25)
happens(check,55)
happens(arrive(nathan),30)
happens(arrive(nathan),60)
happens(letGoOf(nathan,book),40)
happens(pickUp(nathan,book),10)
happens(walk(nathan,100),20)
happens(walk(nathan,200),50)
holdsAt(walking(nathan),(20,"< S =<",25))
holdsAt(walking(nathan),(25,"< S =<",30))
holdsAt(walking(nathan),(50,"< S =<",55))
holdsAt(walking(nathan),(55,"< S =<",60))
holdsAt(holding(nathan,book),(10,"< S =<",20))
holdsAt(holding(nathan,book),(20,"< S =<",25))
holdsAt(holding(nathan,book),(25,"< S =<",30))
holdsAt(holding(nathan,book),(30,"< S =<",40))
releasedAt(location(book),(10,"< S =<",20))
releasedAt(location(book),(20,"< S =<",25))
releasedAt(location(book),(25,"< S =<",30))
releasedAt(location(book),(30,"< S =<",40))
releasedAt(location(nathan),(20,"< S =<",25))
releasedAt(location(nathan),(25,"< S =<",30))
releasedAt(location(nathan),(50,"< S =<",55))
releasedAt(location(nathan),(55,"< S =<",60))
fholdsAt(location(book),0,(0,"< S =<",10))
fholdsAt(location(book),0,(10,"< S =<",20))
fholdsAt(location(book),50,(20,"< S =<",25))
fholdsAt(location(book),100,(25,"< S =<",30))
fholdsAt(location(book),100,(30,"< S =<",40))
fholdsAt(location(book),100,(40,"< S =<",50))
fholdsAt(location(book),100,(50,"< S =<",55))
fholdsAt(location(book),100,(55,"< S =<",60))
fholdsAt(location(book),100,(60,"< S =<",1000))
fholdsAt(location(nathan),0,(0,"< S =<",10))
fholdsAt(location(nathan),0,(10,"< S =<",20))
fholdsAt(location(nathan),100,(30,"< S =<",40))
fholdsAt(location(nathan),100,(40,"< S =<",50))
fholdsAt(location(nathan),200,(60,"< S =<",1000))
fholdsAt(walkingTo(nathan),0,(0,"< S =<",10))
fholdsAt(walkingTo(nathan),0,(10,"< S =<",20))
fholdsAt(walkingTo(nathan),100,(20,"< S =<",25))
fholdsAt(walkingTo(nathan),100,(25,"< S =<",30))
fholdsAt(walkingTo(nathan),0,(30,"< S =<",40))
fholdsAt(walkingTo(nathan),0,(40,"< S =<",50))
fholdsAt(walkingTo(nathan),200,(50,"< S =<",55))
fholdsAt(walkingTo(nathan),200,(55,"< S =<",60))
fholdsAt(walkingTo(nathan),0,(60,"< S =<",1000))
fholdsAtC(location(nathan),(0,"->",50),(20,"< S =<",25),eq(off1(0),"*",koef1(0),"+",koef2(1),"*",base(0),"+",inc(10),"*",dur(25,"-",20)))
fholdsAtC(location(nathan),(50,"->",100),(25,"< S =<",30),eq(off1(0),"*",koef1(0),"+",koef2(1),"*",base(0),"+",inc(10),"*",dur(30,"-",20)))
fholdsAtC(location(nathan),(100,"->",150),(50,"< S =<",55),eq(off1(0),"*",koef1(0),"+",koef2(1),"*",base(100),"+",inc(10),"*",dur(55,"-",50)))
fholdsAtC(location(nathan),(150,"->",200),(55,"< S =<",60),eq(off1(0),"*",koef1(0),"+",koef2(1),"*",base(100),"+",inc(10),"*",dur(60,"-",50)))
Assignment: [leftovers]
(location(book),0)=0
(location(nathan),0)=0
(walkingTo(nathan),0)=0
timeDiff(0,0)=0
timeDiff(0,1)=10
timeDiff(0,2)=20
timeDiff(0,3)=25
timeDiff(0,4)=30
timeDiff(0,5)=40
timeDiff(0,6)=50
timeDiff(0,7)=55
timeDiff(0,8)=60
timeDiff(0,9)=1000
timeDiff(1,1)=0
timeDiff(1,2)=10
timeDiff(1,3)=15
timeDiff(1,4)=20
timeDiff(1,5)=30
timeDiff(1,6)=40
timeDiff(1,7)=45
timeDiff(1,8)=50
timeDiff(1,9)=990
timeDiff(2,2)=0
timeDiff(2,3)=5
timeDiff(2,4)=10
timeDiff(2,5)=20
timeDiff(2,6)=30
timeDiff(2,7)=35
timeDiff(2,8)=40
timeDiff(2,9)=980
timeDiff(3,3)=0
timeDiff(3,4)=5
timeDiff(3,5)=15
timeDiff(3,6)=25
timeDiff(3,7)=30
timeDiff(3,8)=35
timeDiff(3,9)=975
timeDiff(4,4)=0
timeDiff(4,5)=10
timeDiff(4,6)=20
timeDiff(4,7)=25
timeDiff(4,8)=30
timeDiff(4,9)=970
timeDiff(5,5)=0
timeDiff(5,6)=10
timeDiff(5,7)=15
timeDiff(5,8)=20
timeDiff(5,9)=960
timeDiff(6,6)=0
timeDiff(6,7)=5
timeDiff(6,8)=10
timeDiff(6,9)=950
timeDiff(7,7)=0
timeDiff(7,8)=5
timeDiff(7,9)=945
timeDiff(8,8)=0
timeDiff(8,9)=940
timeDiff(9,9)=0
SATISFIABLE

Models       : 1
Calls        : 1
Time         : 0.179s (Solving: 0.12s 1st Model: 0.12s Unsat: 0.00s)
CPU Time     : 0.161s

Command exited with non-zero status 30

  real      0:00.19
  real [s]  0.19
  user [s]  0.16
  sys  [s]  0.00
  mem  [KB] 10752
  avgm [KB] 0
