$ clingcon -n10 ./model.lp ../axioms/fdec.lp ../axioms/fdec-show.lp -c maxstep=3 -c maxtime=1000 		| ../utils/replace_assignments.sh | ../utils/make-readable.sh


clingcon version 5.2.1
Reading from ./model.lp ...
Solving...
Answer: 1
(Time: 0.049s)
happens(land,20)
happens(toss,10)
holdsAt(up(heads),(0,"< S =<",10))
holdsAt(up(tails),(10,"< S =<",20))
holdsAt(up(tails),(20,"< S =<",1000))
releasedAt(up(heads),(10,"< S =<",20))
releasedAt(up(tails),(10,"< S =<",20))
Assignment: [leftovers]
timeDiff(0,0)=0
timeDiff(0,1)=10
timeDiff(0,2)=20
timeDiff(0,3)=1000
timeDiff(1,1)=0
timeDiff(1,2)=10
timeDiff(1,3)=990
timeDiff(2,2)=0
timeDiff(2,3)=980
timeDiff(3,3)=0
Answer: 2
(Time: 0.050s)
happens(land,20)
happens(toss,10)
holdsAt(up(heads),(0,"< S =<",10))
holdsAt(up(heads),(10,"< S =<",20))
holdsAt(up(heads),(20,"< S =<",1000))
releasedAt(up(heads),(10,"< S =<",20))
releasedAt(up(tails),(10,"< S =<",20))
Assignment: [leftovers]
timeDiff(0,0)=0
timeDiff(0,1)=10
timeDiff(0,2)=20
timeDiff(0,3)=1000
timeDiff(1,1)=0
timeDiff(1,2)=10
timeDiff(1,3)=990
timeDiff(2,2)=0
timeDiff(2,3)=980
timeDiff(3,3)=0
SATISFIABLE

Models       : 2
Calls        : 1
Time         : 0.050s (Solving: 0.00s 1st Model: 0.00s Unsat: 0.00s)
CPU Time     : 0.035s

Command exited with non-zero status 30

  real      0:00.06
  real [s]  0.06
  user [s]  0.04
  sys  [s]  0.00
  mem  [KB] 11776
  avgm [KB] 0
