$ clingo-lpx --strict -n0 ./model.lp ../axioms/fdec-ffholds.lp -c maxstep=3 -c maxtime=1000 	| ../utils/replace_assignments.sh | ../utils/make-readable.sh


clingo-lpx version 1.3.0
Reading from ./model.lp ...
Solving...
Answer: 1
(Time: 0.025s)
happens(land,20)
happens(toss,10)
holdsAt(up(heads),(0,"< T =<",10))
holdsAt(up(heads),(10,"< T =<",20))
holdsAt(up(heads),(20,"< T =<",1000))
releasedAt(up(heads),(10,"< T =<",20))
releasedAt(up(tails),(10,"< T =<",20))
Answer: 2
(Time: 0.025s)
happens(land,20)
happens(toss,10)
holdsAt(up(heads),(0,"< T =<",10))
holdsAt(up(tails),(10,"< T =<",20))
holdsAt(up(tails),(20,"< T =<",1000))
releasedAt(up(heads),(10,"< T =<",20))
releasedAt(up(tails),(10,"< T =<",20))
SATISFIABLE

Models       : 2
Calls        : 1
Time         : 0.025s (Solving: 0.00s 1st Model: 0.00s Unsat: 0.00s)
CPU Time     : 0.015s

Command exited with non-zero status 30

  real      0:00.03
  real [s]  0.03
  user [s]  0.01
  sys  [s]  0.00
  mem  [KB] 8960
  avgm [KB] 0
